
----------------------------------------

 DEVSIM

 Version: Beta 0.01

 Copyright 2009-2017 Devsim LLC

----------------------------------------


Physical group name body_contact has 0 Tetrahedra.
Physical group name body_contact has 0 Triangles.
Physical group name body_contact has 49 Lines.
Physical group name body_contact has 50 Points.
Physical group name bulk has 0 Tetrahedra.
Physical group name bulk has 4255 Triangles.
Physical group name bulk has 6503 Lines.
Physical group name bulk has 2249 Points.
Physical group name bulk_oxide_interface has 0 Tetrahedra.
Physical group name bulk_oxide_interface has 0 Triangles.
Physical group name bulk_oxide_interface has 100 Lines.
Physical group name bulk_oxide_interface has 101 Points.
Physical group name drain_contact has 0 Tetrahedra.
Physical group name drain_contact has 0 Triangles.
Physical group name drain_contact has 27 Lines.
Physical group name drain_contact has 28 Points.
Physical group name gate has 0 Tetrahedra.
Physical group name gate has 57 Triangles.
Physical group name gate has 95 Lines.
Physical group name gate has 39 Points.
Physical group name gate_contact has 0 Tetrahedra.
Physical group name gate_contact has 0 Triangles.
Physical group name gate_contact has 4 Lines.
Physical group name gate_contact has 5 Points.
Physical group name gate_oxide_interface has 0 Tetrahedra.
Physical group name gate_oxide_interface has 0 Triangles.
Physical group name gate_oxide_interface has 5 Lines.
Physical group name gate_oxide_interface has 6 Points.
Physical group name oxide has 0 Tetrahedra.
Physical group name oxide has 1207 Triangles.
Physical group name oxide has 1872 Lines.
Physical group name oxide has 666 Points.
Physical group name source_contact has 0 Tetrahedra.
Physical group name source_contact has 0 Triangles.
Physical group name source_contact has 27 Lines.
Physical group name source_contact has 28 Points.
Device mos2d has 2847 coordinates with max index 2847
Region bulk has 2249 nodes.
Region gate has 39 nodes.
Region oxide has 666 nodes.
Contact body in region bulk with 50 nodes
Contact drain in region bulk with 28 nodes
Contact gate in region gate with 5 nodes
Contact source in region bulk with 28 nodes
Warning, contact "drain" shares a node with interface "bulk_oxide"
Warning, contact "source" shares a node with interface "bulk_oxide"
Adding interface bulk_oxide with 101, 101 nodes
Adding interface gate_oxide with 6, 6 nodes
bulk body
bulk drain
gate gate
bulk source
Region "bulk" on device "mos2d" has equations 0:2248
Region "gate" on device "mos2d" has equations 2249:2287
Region "oxide" on device "mos2d" has equations 2288:2953
Device "mos2d" has equations 0:2953
number of equations 2954
Iteration: 0
  Device: "mos2d"	RelError: 3.00000e+00	AbsError: 2.62036e-01
    Region: "bulk"	RelError: 1.00000e+00	AbsError: 2.16506e-01
      Equation: "PotentialEquation"	RelError: 1.00000e+00	AbsError: 2.16506e-01
    Region: "gate"	RelError: 1.00000e+00	AbsError: 2.62036e-01
      Equation: "PotentialEquation"	RelError: 1.00000e+00	AbsError: 2.62036e-01
    Region: "oxide"	RelError: 1.00000e+00	AbsError: 2.61759e-01
      Equation: "PotentialEquation"	RelError: 1.00000e+00	AbsError: 2.61759e-01
Iteration: 1
  Device: "mos2d"	RelError: 1.49678e+00	AbsError: 2.60794e-01
    Region: "bulk"	RelError: 4.99017e-01	AbsError: 2.15184e-01
      Equation: "PotentialEquation"	RelError: 4.99017e-01	AbsError: 2.15184e-01
    Region: "gate"	RelError: 4.98961e-01	AbsError: 2.60794e-01
      Equation: "PotentialEquation"	RelError: 4.98961e-01	AbsError: 2.60794e-01
    Region: "oxide"	RelError: 4.98806e-01	AbsError: 2.60510e-01
      Equation: "PotentialEquation"	RelError: 4.98806e-01	AbsError: 2.60510e-01
Iteration: 2
  Device: "mos2d"	RelError: 2.03767e+00	AbsError: 1.41145e-01
    Region: "bulk"	RelError: 1.54317e+00	AbsError: 1.41145e-01
      Equation: "PotentialEquation"	RelError: 1.54317e+00	AbsError: 1.41145e-01
    Region: "gate"	RelError: 3.16582e-01	AbsError: 1.32573e-01
      Equation: "PotentialEquation"	RelError: 3.16582e-01	AbsError: 1.32573e-01
    Region: "oxide"	RelError: 1.77912e-01	AbsError: 8.41315e-02
      Equation: "PotentialEquation"	RelError: 1.77912e-01	AbsError: 8.41315e-02
Iteration: 3
  Device: "mos2d"	RelError: 3.59034e+01	AbsError: 8.14632e-02
    Region: "bulk"	RelError: 3.55941e+01	AbsError: 8.14632e-02
      Equation: "PotentialEquation"	RelError: 3.55941e+01	AbsError: 8.14632e-02
    Region: "gate"	RelError: 2.29097e-01	AbsError: 7.00000e-02
      Equation: "PotentialEquation"	RelError: 2.29097e-01	AbsError: 7.00000e-02
    Region: "oxide"	RelError: 8.02775e-02	AbsError: 3.83267e-02
      Equation: "PotentialEquation"	RelError: 8.02775e-02	AbsError: 3.83267e-02
Iteration: 4
  Device: "mos2d"	RelError: 2.09787e+02	AbsError: 7.89892e-02
    Region: "bulk"	RelError: 2.09561e+02	AbsError: 7.89892e-02
      Equation: "PotentialEquation"	RelError: 2.09561e+02	AbsError: 7.89892e-02
    Region: "gate"	RelError: 1.75024e-01	AbsError: 6.48239e-02
      Equation: "PotentialEquation"	RelError: 1.75024e-01	AbsError: 6.48239e-02
    Region: "oxide"	RelError: 5.11762e-02	AbsError: 2.57255e-02
      Equation: "PotentialEquation"	RelError: 5.11762e-02	AbsError: 2.57255e-02
Iteration: 5
  Device: "mos2d"	RelError: 7.55103e+02	AbsError: 7.62739e-02
    Region: "bulk"	RelError: 7.54906e+02	AbsError: 7.62739e-02
      Equation: "PotentialEquation"	RelError: 7.54906e+02	AbsError: 7.62739e-02
    Region: "gate"	RelError: 1.37182e-01	AbsError: 5.88866e-02
      Equation: "PotentialEquation"	RelError: 1.37182e-01	AbsError: 5.88866e-02
    Region: "oxide"	RelError: 5.94071e-02	AbsError: 2.50078e-02
      Equation: "PotentialEquation"	RelError: 5.94071e-02	AbsError: 2.50078e-02
Iteration: 6
  Device: "mos2d"	RelError: 5.49166e+02	AbsError: 7.37326e-02
    Region: "bulk"	RelError: 5.49040e+02	AbsError: 7.37326e-02
      Equation: "PotentialEquation"	RelError: 5.49040e+02	AbsError: 7.37326e-02
    Region: "gate"	RelError: 1.08015e-01	AbsError: 5.19808e-02
      Equation: "PotentialEquation"	RelError: 1.08015e-01	AbsError: 5.19808e-02
    Region: "oxide"	RelError: 1.83498e-02	AbsError: 7.57495e-03
      Equation: "PotentialEquation"	RelError: 1.83498e-02	AbsError: 7.57495e-03
Iteration: 7
  Device: "mos2d"	RelError: 1.07919e+02	AbsError: 7.20741e-02
    Region: "bulk"	RelError: 1.07831e+02	AbsError: 7.20741e-02
      Equation: "PotentialEquation"	RelError: 1.07831e+02	AbsError: 7.20741e-02
    Region: "gate"	RelError: 8.34915e-02	AbsError: 4.38395e-02
      Equation: "PotentialEquation"	RelError: 8.34915e-02	AbsError: 4.38395e-02
    Region: "oxide"	RelError: 4.03919e-03	AbsError: 1.62077e-03
      Equation: "PotentialEquation"	RelError: 4.03919e-03	AbsError: 1.62077e-03
Iteration: 8
  Device: "mos2d"	RelError: 1.57319e+02	AbsError: 6.95787e-02
    Region: "bulk"	RelError: 1.57258e+02	AbsError: 6.95787e-02
      Equation: "PotentialEquation"	RelError: 1.57258e+02	AbsError: 6.95787e-02
    Region: "gate"	RelError: 6.11043e-02	AbsError: 3.41726e-02
      Equation: "PotentialEquation"	RelError: 6.11043e-02	AbsError: 3.41726e-02
    Region: "oxide"	RelError: 2.02066e-04	AbsError: 8.09974e-05
      Equation: "PotentialEquation"	RelError: 2.02066e-04	AbsError: 8.09974e-05
Iteration: 9
  Device: "mos2d"	RelError: 7.72935e+01	AbsError: 6.34838e-02
    Region: "bulk"	RelError: 7.72541e+01	AbsError: 6.34838e-02
      Equation: "PotentialEquation"	RelError: 7.72541e+01	AbsError: 6.34838e-02
    Region: "gate"	RelError: 3.93513e-02	AbsError: 2.29087e-02
      Equation: "PotentialEquation"	RelError: 3.93513e-02	AbsError: 2.29087e-02
    Region: "oxide"	RelError: 1.29932e-05	AbsError: 5.20780e-06
      Equation: "PotentialEquation"	RelError: 1.29932e-05	AbsError: 5.20780e-06
Iteration: 10
  Device: "mos2d"	RelError: 1.13531e+02	AbsError: 5.08625e-02
    Region: "bulk"	RelError: 1.13508e+02	AbsError: 5.08625e-02
      Equation: "PotentialEquation"	RelError: 1.13508e+02	AbsError: 5.08625e-02
    Region: "gate"	RelError: 2.33454e-02	AbsError: 1.39156e-02
      Equation: "PotentialEquation"	RelError: 2.33454e-02	AbsError: 1.39156e-02
    Region: "oxide"	RelError: 7.09330e-06	AbsError: 2.84308e-06
      Equation: "PotentialEquation"	RelError: 7.09330e-06	AbsError: 2.84308e-06
Iteration: 11
  Device: "mos2d"	RelError: 3.02414e+01	AbsError: 3.64285e-02
    Region: "bulk"	RelError: 3.02414e+01	AbsError: 3.64285e-02
      Equation: "PotentialEquation"	RelError: 3.02414e+01	AbsError: 3.64285e-02
    Region: "gate"	RelError: 1.39459e-10	AbsError: 8.31260e-11
      Equation: "PotentialEquation"	RelError: 1.39459e-10	AbsError: 8.31260e-11
    Region: "oxide"	RelError: 4.32072e-06	AbsError: 1.73180e-06
      Equation: "PotentialEquation"	RelError: 4.32072e-06	AbsError: 1.73180e-06
Iteration: 12
  Device: "mos2d"	RelError: 1.23226e+01	AbsError: 2.58341e-02
    Region: "bulk"	RelError: 1.23226e+01	AbsError: 2.58341e-02
      Equation: "PotentialEquation"	RelError: 1.23226e+01	AbsError: 2.58341e-02
    Region: "gate"	RelError: 2.10091e-11	AbsError: 1.25227e-11
      Equation: "PotentialEquation"	RelError: 2.10091e-11	AbsError: 1.25227e-11
    Region: "oxide"	RelError: 6.50908e-07	AbsError: 2.60892e-07
      Equation: "PotentialEquation"	RelError: 6.50908e-07	AbsError: 2.60892e-07
Iteration: 13
  Device: "mos2d"	RelError: 9.81225e-01	AbsError: 1.40640e-02
    Region: "bulk"	RelError: 9.81225e-01	AbsError: 1.40640e-02
      Equation: "PotentialEquation"	RelError: 9.81225e-01	AbsError: 1.40640e-02
    Region: "gate"	RelError: 5.13947e-12	AbsError: 3.06343e-12
      Equation: "PotentialEquation"	RelError: 5.13947e-12	AbsError: 3.06343e-12
    Region: "oxide"	RelError: 1.59231e-07	AbsError: 6.38218e-08
      Equation: "PotentialEquation"	RelError: 1.59231e-07	AbsError: 6.38218e-08
Iteration: 14
  Device: "mos2d"	RelError: 7.35892e-02	AbsError: 8.48754e-05
    Region: "bulk"	RelError: 7.35892e-02	AbsError: 8.48754e-05
      Equation: "PotentialEquation"	RelError: 7.35892e-02	AbsError: 8.48754e-05
    Region: "gate"	RelError: 3.91834e-13	AbsError: 2.33556e-13
      Equation: "PotentialEquation"	RelError: 3.91834e-13	AbsError: 2.33556e-13
    Region: "oxide"	RelError: 1.21399e-08	AbsError: 4.86585e-09
      Equation: "PotentialEquation"	RelError: 1.21399e-08	AbsError: 4.86585e-09
Iteration: 15
  Device: "mos2d"	RelError: 1.12419e-05	AbsError: 1.63450e-08
    Region: "bulk"	RelError: 1.12419e-05	AbsError: 1.63450e-08
      Equation: "PotentialEquation"	RelError: 1.12419e-05	AbsError: 1.63450e-08
    Region: "gate"	RelError: 2.52578e-16	AbsError: 1.50553e-16
      Equation: "PotentialEquation"	RelError: 2.52578e-16	AbsError: 1.50553e-16
    Region: "oxide"	RelError: 1.40636e-12	AbsError: 5.63687e-13
      Equation: "PotentialEquation"	RelError: 1.40636e-12	AbsError: 5.63687e-13
Iteration: 16
  Device: "mos2d"	RelError: 6.99595e-13	AbsError: 1.21085e-15
    Region: "bulk"	RelError: 6.99298e-13	AbsError: 1.21085e-15
      Equation: "PotentialEquation"	RelError: 6.99298e-13	AbsError: 1.21085e-15
    Region: "gate"	RelError: 1.69579e-16	AbsError: 1.01082e-16
      Equation: "PotentialEquation"	RelError: 1.69579e-16	AbsError: 1.01082e-16
    Region: "oxide"	RelError: 1.27348e-16	AbsError: 7.59077e-17
      Equation: "PotentialEquation"	RelError: 1.27348e-16	AbsError: 7.59077e-17
Region "bulk" on device "mos2d" has equations 0:2248
Region "gate" on device "mos2d" has equations 2249:2287
Region "oxide" on device "mos2d" has equations 2288:2953
Device "mos2d" has equations 0:2953
number of equations 2954
Iteration: 0
  Device: "mos2d"	RelError: 8.65905e-15	AbsError: 1.24435e-16
    Region: "bulk"	RelError: 8.30203e-15	AbsError: 1.24435e-16
      Equation: "PotentialEquation"	RelError: 8.30203e-15	AbsError: 1.24435e-16
    Region: "gate"	RelError: 1.78509e-16	AbsError: 1.06403e-16
      Equation: "PotentialEquation"	RelError: 1.78509e-16	AbsError: 1.06403e-16
    Region: "oxide"	RelError: 1.78509e-16	AbsError: 1.06403e-16
      Equation: "PotentialEquation"	RelError: 1.78509e-16	AbsError: 1.06403e-16
Warning: Replacing equation with equation of the same name.
Region: gate, Equation: PotentialEquation, Variable: Potential
Warning: Replacing equation with equation of the same name.
Region: bulk, Equation: PotentialEquation, Variable: Potential
Region "bulk" on device "mos2d" has equations 0:6746
Region "gate" on device "mos2d" has equations 6747:6863
Region "oxide" on device "mos2d" has equations 6864:7529
Device "mos2d" has equations 0:7529
number of equations 7530
Iteration: 0
  Device: "mos2d"	RelError: 4.72285e-14	AbsError: 3.90712e+05
    Region: "bulk"	RelError: 3.91686e-14	AbsError: 7.13013e+04
      Equation: "ElectronContinuityEquation"	RelError: 1.06747e-14	AbsError: 4.97973e+04
      Equation: "HoleContinuityEquation"	RelError: 1.21859e-14	AbsError: 2.15040e+04
      Equation: "PotentialEquation"	RelError: 1.63080e-14	AbsError: 8.30160e-16
    Region: "gate"	RelError: 7.84284e-15	AbsError: 3.90712e+05
      Equation: "ElectronContinuityEquation"	RelError: 3.90712e-15	AbsError: 3.90712e+05
      Equation: "HoleContinuityEquation"	RelError: 3.79641e-15	AbsError: 3.79641e-15
      Equation: "PotentialEquation"	RelError: 1.39311e-16	AbsError: 8.30400e-17
    Region: "oxide"	RelError: 2.17019e-16	AbsError: 1.00125e-16
      Equation: "PotentialEquation"	RelError: 2.17019e-16	AbsError: 1.00125e-16
last end 0.000000e+00 5.000000e-01
setting to last bias 5.000000e-01
setting next bias 5.000000e-01
Region "bulk" on device "mos2d" has equations 0:6746
Region "gate" on device "mos2d" has equations 6747:6863
Region "oxide" on device "mos2d" has equations 6864:7529
Device "mos2d" has equations 0:7529
number of equations 7530
Iteration: 0
  Device: "mos2d"	RelError: 7.70658e+01	AbsError: 4.06129e+17
    Region: "bulk"	RelError: 7.68311e+01	AbsError: 4.06129e+17
      Equation: "ElectronContinuityEquation"	RelError: 4.96878e-01	AbsError: 4.06129e+17
      Equation: "HoleContinuityEquation"	RelError: 7.62743e+01	AbsError: 7.84781e+10
      Equation: "PotentialEquation"	RelError: 5.99101e-02	AbsError: 2.55454e-02
    Region: "gate"	RelError: 1.18952e-01	AbsError: 1.62984e+17
      Equation: "ElectronContinuityEquation"	RelError: 1.63346e-03	AbsError: 1.62984e+17
      Equation: "HoleContinuityEquation"	RelError: 1.62815e-03	AbsError: 1.63176e-03
      Equation: "PotentialEquation"	RelError: 1.15690e-01	AbsError: 7.79815e-02
    Region: "oxide"	RelError: 1.15690e-01	AbsError: 7.79804e-02
      Equation: "PotentialEquation"	RelError: 1.15690e-01	AbsError: 7.79804e-02
Iteration: 1
  Device: "mos2d"	RelError: 1.49296e+00	AbsError: 5.61391e+18
    Region: "bulk"	RelError: 1.18280e+00	AbsError: 1.97936e+17
      Equation: "ElectronContinuityEquation"	RelError: 1.75143e-01	AbsError: 1.97936e+17
      Equation: "HoleContinuityEquation"	RelError: 9.68258e-01	AbsError: 8.79573e+10
      Equation: "PotentialEquation"	RelError: 3.93994e-02	AbsError: 2.11364e-02
    Region: "gate"	RelError: 2.11446e-01	AbsError: 5.61391e+18
      Equation: "ElectronContinuityEquation"	RelError: 5.31551e-02	AbsError: 5.61391e+18
      Equation: "HoleContinuityEquation"	RelError: 5.94782e-02	AbsError: 5.61391e-02
      Equation: "PotentialEquation"	RelError: 9.88128e-02	AbsError: 7.39084e-02
    Region: "oxide"	RelError: 9.87114e-02	AbsError: 7.38233e-02
      Equation: "PotentialEquation"	RelError: 9.87114e-02	AbsError: 7.38233e-02
Iteration: 2
  Device: "mos2d"	RelError: 3.08082e-01	AbsError: 5.61393e+18
    Region: "bulk"	RelError: 2.66737e-02	AbsError: 3.79181e+16
      Equation: "ElectronContinuityEquation"	RelError: 6.24575e-03	AbsError: 3.79181e+16
      Equation: "HoleContinuityEquation"	RelError: 1.94641e-02	AbsError: 2.71011e+09
      Equation: "PotentialEquation"	RelError: 9.63871e-04	AbsError: 6.95480e-05
    Region: "gate"	RelError: 1.96762e-01	AbsError: 5.61393e+18
      Equation: "ElectronContinuityEquation"	RelError: 5.61393e-02	AbsError: 5.61393e+18
      Equation: "HoleContinuityEquation"	RelError: 5.59723e-02	AbsError: 5.59624e-02
      Equation: "PotentialEquation"	RelError: 8.46503e-02	AbsError: 6.91612e-02
    Region: "oxide"	RelError: 8.46463e-02	AbsError: 6.91584e-02
      Equation: "PotentialEquation"	RelError: 8.46463e-02	AbsError: 6.91584e-02
Iteration: 3
  Device: "mos2d"	RelError: 1.45191e-01	AbsError: 3.88885e+14
    Region: "bulk"	RelError: 8.93926e-06	AbsError: 1.90246e+13
      Equation: "ElectronContinuityEquation"	RelError: 3.13368e-06	AbsError: 1.90246e+13
      Equation: "HoleContinuityEquation"	RelError: 5.25745e-06	AbsError: 2.95172e+06
      Equation: "PotentialEquation"	RelError: 5.48136e-07	AbsError: 4.41558e-08
    Region: "gate"	RelError: 7.26834e-02	AbsError: 3.88885e+14
      Equation: "ElectronContinuityEquation"	RelError: 3.88887e-06	AbsError: 3.88885e+14
      Equation: "HoleContinuityEquation"	RelError: 1.76483e-04	AbsError: 1.76483e-04
      Equation: "PotentialEquation"	RelError: 7.25030e-02	AbsError: 6.38671e-02
    Region: "oxide"	RelError: 7.24992e-02	AbsError: 6.38640e-02
      Equation: "PotentialEquation"	RelError: 7.24992e-02	AbsError: 6.38640e-02
Iteration: 4
  Device: "mos2d"	RelError: 1.23116e-01	AbsError: 4.16329e+14
    Region: "bulk"	RelError: 2.43980e-09	AbsError: 6.30344e+08
      Equation: "ElectronContinuityEquation"	RelError: 8.07287e-10	AbsError: 6.30343e+08
      Equation: "HoleContinuityEquation"	RelError: 1.34433e-09	AbsError: 1.63486e+03
      Equation: "PotentialEquation"	RelError: 2.88181e-10	AbsError: 4.51401e-11
    Region: "gate"	RelError: 6.15640e-02	AbsError: 4.16329e+14
      Equation: "ElectronContinuityEquation"	RelError: 4.16329e-06	AbsError: 4.16329e+14
      Equation: "HoleContinuityEquation"	RelError: 4.16117e-06	AbsError: 4.16117e-06
      Equation: "PotentialEquation"	RelError: 6.15557e-02	AbsError: 5.77805e-02
    Region: "oxide"	RelError: 6.15519e-02	AbsError: 5.77769e-02
      Equation: "PotentialEquation"	RelError: 6.15519e-02	AbsError: 5.77769e-02
Iteration: 5
  Device: "mos2d"	RelError: 1.02471e-01	AbsError: 8.24418e+14
    Region: "bulk"	RelError: 9.28475e-11	AbsError: 3.71239e+07
      Equation: "ElectronContinuityEquation"	RelError: 3.97249e-11	AbsError: 3.71234e+07
      Equation: "HoleContinuityEquation"	RelError: 4.19077e-11	AbsError: 5.18289e+02
      Equation: "PotentialEquation"	RelError: 1.12149e-11	AbsError: 6.01641e-12
    Region: "gate"	RelError: 5.12458e-02	AbsError: 8.24418e+14
      Equation: "ElectronContinuityEquation"	RelError: 8.24424e-06	AbsError: 8.24418e+14
      Equation: "HoleContinuityEquation"	RelError: 8.24858e-06	AbsError: 8.24865e-06
      Equation: "PotentialEquation"	RelError: 5.12293e-02	AbsError: 5.06839e-02
    Region: "oxide"	RelError: 5.12252e-02	AbsError: 5.06796e-02
      Equation: "PotentialEquation"	RelError: 5.12252e-02	AbsError: 5.06796e-02
Iteration: 6
  Device: "mos2d"	RelError: 8.20204e-02	AbsError: 9.22942e+14
    Region: "bulk"	RelError: 1.52173e-10	AbsError: 4.12111e+07
      Equation: "ElectronContinuityEquation"	RelError: 7.16375e-11	AbsError: 4.12106e+07
      Equation: "HoleContinuityEquation"	RelError: 6.99370e-11	AbsError: 4.93139e+02
      Equation: "PotentialEquation"	RelError: 1.05985e-11	AbsError: 5.68572e-12
    Region: "gate"	RelError: 4.10217e-02	AbsError: 9.22942e+14
      Equation: "ElectronContinuityEquation"	RelError: 9.22941e-06	AbsError: 9.22942e+14
      Equation: "HoleContinuityEquation"	RelError: 9.23574e-06	AbsError: 9.23573e-06
      Equation: "PotentialEquation"	RelError: 4.10032e-02	AbsError: 4.23012e-02
    Region: "oxide"	RelError: 4.09987e-02	AbsError: 4.22961e-02
      Equation: "PotentialEquation"	RelError: 4.09987e-02	AbsError: 4.22961e-02
Iteration: 7
  Device: "mos2d"	RelError: 6.08086e-02	AbsError: 1.07649e+14
    Region: "bulk"	RelError: 8.93980e-11	AbsError: 3.21450e+07
      Equation: "ElectronContinuityEquation"	RelError: 4.20105e-11	AbsError: 3.21446e+07
      Equation: "HoleContinuityEquation"	RelError: 3.98142e-11	AbsError: 3.08268e+02
      Equation: "PotentialEquation"	RelError: 7.57330e-12	AbsError: 4.06281e-12
    Region: "gate"	RelError: 3.04079e-02	AbsError: 1.07649e+14
      Equation: "ElectronContinuityEquation"	RelError: 1.07649e-06	AbsError: 1.07649e+14
      Equation: "HoleContinuityEquation"	RelError: 1.08046e-06	AbsError: 1.08046e-06
      Equation: "PotentialEquation"	RelError: 3.04058e-02	AbsError: 3.23520e-02
    Region: "oxide"	RelError: 3.04006e-02	AbsError: 3.23460e-02
      Equation: "PotentialEquation"	RelError: 3.04006e-02	AbsError: 3.23460e-02
Iteration: 8
  Device: "mos2d"	RelError: 3.84629e-02	AbsError: 6.27628e+13
    Region: "bulk"	RelError: 8.59475e-12	AbsError: 4.58373e+06
      Equation: "ElectronContinuityEquation"	RelError: 1.83159e-12	AbsError: 4.58323e+06
      Equation: "HoleContinuityEquation"	RelError: 3.59667e-12	AbsError: 5.00201e+02
      Equation: "PotentialEquation"	RelError: 3.16650e-12	AbsError: 1.69871e-12
    Region: "gate"	RelError: 1.92349e-02	AbsError: 6.27628e+13
      Equation: "ElectronContinuityEquation"	RelError: 6.27628e-07	AbsError: 6.27628e+13
      Equation: "HoleContinuityEquation"	RelError: 6.27970e-07	AbsError: 6.27970e-07
      Equation: "PotentialEquation"	RelError: 1.92337e-02	AbsError: 2.08661e-02
    Region: "oxide"	RelError: 1.92279e-02	AbsError: 2.08595e-02
      Equation: "PotentialEquation"	RelError: 1.92279e-02	AbsError: 2.08595e-02
Iteration: 9
  Device: "mos2d"	RelError: 2.04330e-02	AbsError: 4.76966e+13
    Region: "bulk"	RelError: 4.79723e-12	AbsError: 6.23748e+06
      Equation: "ElectronContinuityEquation"	RelError: 2.25862e-12	AbsError: 6.23696e+06
      Equation: "HoleContinuityEquation"	RelError: 2.29436e-12	AbsError: 5.13207e+02
      Equation: "PotentialEquation"	RelError: 2.44254e-13	AbsError: 1.31034e-13
    Region: "gate"	RelError: 1.02206e-02	AbsError: 4.76966e+13
      Equation: "ElectronContinuityEquation"	RelError: 4.76966e-07	AbsError: 4.76966e+13
      Equation: "HoleContinuityEquation"	RelError: 4.76905e-07	AbsError: 4.76905e-07
      Equation: "PotentialEquation"	RelError: 1.02196e-02	AbsError: 1.12015e-02
    Region: "oxide"	RelError: 1.02124e-02	AbsError: 1.11933e-02
      Equation: "PotentialEquation"	RelError: 1.02124e-02	AbsError: 1.11933e-02
Iteration: 10
  Device: "mos2d"	RelError: 1.07794e-06	AbsError: 5.32679e+13
    Region: "bulk"	RelError: 2.59789e-12	AbsError: 1.23949e+06
      Equation: "ElectronContinuityEquation"	RelError: 1.18506e-12	AbsError: 1.23908e+06
      Equation: "HoleContinuityEquation"	RelError: 1.19579e-12	AbsError: 4.11171e+02
      Equation: "PotentialEquation"	RelError: 2.17037e-13	AbsError: 1.16433e-13
    Region: "gate"	RelError: 1.07794e-06	AbsError: 5.32679e+13
      Equation: "ElectronContinuityEquation"	RelError: 5.32679e-07	AbsError: 5.32679e+13
      Equation: "HoleContinuityEquation"	RelError: 5.32680e-07	AbsError: 5.32680e-07
      Equation: "PotentialEquation"	RelError: 1.25812e-08	AbsError: 1.37899e-08
    Region: "oxide"	RelError: 9.22517e-13	AbsError: 1.01109e-12
      Equation: "PotentialEquation"	RelError: 9.22517e-13	AbsError: 1.01109e-12
Iteration: 11
  Device: "mos2d"	RelError: 7.37345e-10	AbsError: 3.64182e+10
    Region: "bulk"	RelError: 3.70656e-13	AbsError: 8.19201e+05
      Equation: "ElectronContinuityEquation"	RelError: 8.71685e-14	AbsError: 8.18866e+05
      Equation: "HoleContinuityEquation"	RelError: 1.76306e-13	AbsError: 3.35405e+02
      Equation: "PotentialEquation"	RelError: 1.07181e-13	AbsError: 2.52956e-14
    Region: "gate"	RelError: 7.36966e-10	AbsError: 3.64182e+10
      Equation: "ElectronContinuityEquation"	RelError: 3.64182e-10	AbsError: 3.64182e+10
      Equation: "HoleContinuityEquation"	RelError: 3.64182e-10	AbsError: 3.64182e-10
      Equation: "PotentialEquation"	RelError: 8.60131e-12	AbsError: 9.42768e-12
    Region: "oxide"	RelError: 7.75733e-15	AbsError: 3.72340e-15
      Equation: "PotentialEquation"	RelError: 7.75733e-15	AbsError: 3.72340e-15
Iteration: 12
  Device: "mos2d"	RelError: 9.52586e-14	AbsError: 1.14361e+05
    Region: "bulk"	RelError: 9.44107e-14	AbsError: 1.14361e+05
      Equation: "ElectronContinuityEquation"	RelError: 2.27324e-14	AbsError: 1.13901e+05
      Equation: "HoleContinuityEquation"	RelError: 2.13190e-14	AbsError: 4.59367e+02
      Equation: "PotentialEquation"	RelError: 5.03593e-14	AbsError: 2.13544e-15
    Region: "gate"	RelError: 3.62243e-16	AbsError: 7.80633e+03
      Equation: "ElectronContinuityEquation"	RelError: 7.80633e-17	AbsError: 7.80633e+03
      Equation: "HoleContinuityEquation"	RelError: 1.82305e-16	AbsError: 1.82306e-16
      Equation: "PotentialEquation"	RelError: 1.01874e-16	AbsError: 1.11661e-16
    Region: "oxide"	RelError: 4.85689e-16	AbsError: 2.39536e-16
      Equation: "PotentialEquation"	RelError: 4.85689e-16	AbsError: 2.39536e-16
Succeeded
body	0.0	-4.01904450512e-29	-1.15816744693e-14	-1.15816744693e-14
drain	0.0	1.33588832028e-13	3.73837923235e-31	1.33588832028e-13
gate	0.5	4.29822387815e-12	2.14911193907e-32	4.29822387815e-12
source	0.0	-2.67071395942e-13	3.87690687013e-32	-2.67071395942e-13
last end 0.000000e+00 5.000000e-01
Region "bulk" on device "mos2d" has equations 0:6746
Region "gate" on device "mos2d" has equations 6747:6863
Region "oxide" on device "mos2d" has equations 6864:7529
Device "mos2d" has equations 0:7529
number of equations 7530
Iteration: 0
  Device: "mos2d"	RelError: 9.16916e+03	AbsError: 5.21544e+17
    Region: "bulk"	RelError: 9.16908e+03	AbsError: 5.21544e+17
      Equation: "ElectronContinuityEquation"	RelError: 8.16398e+03	AbsError: 5.21161e+17
      Equation: "HoleContinuityEquation"	RelError: 9.99000e+02	AbsError: 3.82978e+14
      Equation: "PotentialEquation"	RelError: 6.10268e+00	AbsError: 4.22069e-02
    Region: "gate"	RelError: 3.74603e-04	AbsError: 1.84704e+16
      Equation: "ElectronContinuityEquation"	RelError: 1.85081e-04	AbsError: 1.84704e+16
      Equation: "HoleContinuityEquation"	RelError: 1.85150e-04	AbsError: 1.85528e-04
      Equation: "PotentialEquation"	RelError: 4.37228e-06	AbsError: 4.79211e-06
    Region: "oxide"	RelError: 7.72859e-02	AbsError: 3.91970e-02
      Equation: "PotentialEquation"	RelError: 7.72859e-02	AbsError: 3.91970e-02
Iteration: 1
  Device: "mos2d"	RelError: 1.16259e+01	AbsError: 5.79908e+17
    Region: "bulk"	RelError: 1.15702e+01	AbsError: 5.79908e+17
      Equation: "ElectronContinuityEquation"	RelError: 9.99852e-01	AbsError: 5.79749e+17
      Equation: "HoleContinuityEquation"	RelError: 9.98728e-01	AbsError: 1.58704e+14
      Equation: "PotentialEquation"	RelError: 9.57166e+00	AbsError: 3.74115e-02
    Region: "gate"	RelError: 4.76431e-06	AbsError: 2.36386e+14
      Equation: "ElectronContinuityEquation"	RelError: 2.36802e-06	AbsError: 2.36386e+14
      Equation: "HoleContinuityEquation"	RelError: 2.34068e-06	AbsError: 2.34480e-06
      Equation: "PotentialEquation"	RelError: 5.56076e-08	AbsError: 6.09476e-08
    Region: "oxide"	RelError: 5.56195e-02	AbsError: 3.05247e-02
      Equation: "PotentialEquation"	RelError: 5.56195e-02	AbsError: 3.05247e-02
Iteration: 2
  Device: "mos2d"	RelError: 1.00766e+03	AbsError: 8.17716e+15
    Region: "bulk"	RelError: 1.00761e+03	AbsError: 8.17716e+15
      Equation: "ElectronContinuityEquation"	RelError: 8.52303e+00	AbsError: 8.17551e+15
      Equation: "HoleContinuityEquation"	RelError: 9.99000e+02	AbsError: 1.65192e+12
      Equation: "PotentialEquation"	RelError: 8.70110e-02	AbsError: 2.66217e-02
    Region: "gate"	RelError: 8.87056e-07	AbsError: 4.37456e+13
      Equation: "ElectronContinuityEquation"	RelError: 4.38349e-07	AbsError: 4.37456e+13
      Equation: "HoleContinuityEquation"	RelError: 4.38354e-07	AbsError: 4.39248e-07
      Equation: "PotentialEquation"	RelError: 1.03535e-08	AbsError: 1.13477e-08
    Region: "oxide"	RelError: 4.57861e-02	AbsError: 2.57149e-02
      Equation: "PotentialEquation"	RelError: 4.57861e-02	AbsError: 2.57149e-02
Iteration: 3
  Device: "mos2d"	RelError: 1.62453e+00	AbsError: 3.76163e+15
    Region: "bulk"	RelError: 1.60964e+00	AbsError: 3.76163e+15
      Equation: "ElectronContinuityEquation"	RelError: 5.80568e-01	AbsError: 3.76138e+15
      Equation: "HoleContinuityEquation"	RelError: 9.97855e-01	AbsError: 2.46690e+11
      Equation: "PotentialEquation"	RelError: 3.12213e-02	AbsError: 1.98712e-02
    Region: "gate"	RelError: 3.97279e-07	AbsError: 1.95921e+13
      Equation: "ElectronContinuityEquation"	RelError: 1.96321e-07	AbsError: 1.95921e+13
      Equation: "HoleContinuityEquation"	RelError: 1.96321e-07	AbsError: 1.96721e-07
      Equation: "PotentialEquation"	RelError: 4.63695e-09	AbsError: 5.08220e-09
    Region: "oxide"	RelError: 1.48848e-02	AbsError: 8.84095e-03
      Equation: "PotentialEquation"	RelError: 1.48848e-02	AbsError: 8.84095e-03
Iteration: 4
  Device: "mos2d"	RelError: 4.56724e-01	AbsError: 3.40639e+15
    Region: "bulk"	RelError: 4.56599e-01	AbsError: 3.40639e+15
      Equation: "ElectronContinuityEquation"	RelError: 1.80251e-02	AbsError: 3.40608e+15
      Equation: "HoleContinuityEquation"	RelError: 4.00838e-01	AbsError: 3.16265e+11
      Equation: "PotentialEquation"	RelError: 3.77357e-02	AbsError: 4.22559e-04
    Region: "gate"	RelError: 2.64759e-07	AbsError: 1.30568e+13
      Equation: "ElectronContinuityEquation"	RelError: 1.30834e-07	AbsError: 1.30568e+13
      Equation: "HoleContinuityEquation"	RelError: 1.30834e-07	AbsError: 1.31101e-07
      Equation: "PotentialEquation"	RelError: 3.09020e-09	AbsError: 3.38693e-09
    Region: "oxide"	RelError: 1.24818e-04	AbsError: 6.16546e-05
      Equation: "PotentialEquation"	RelError: 1.24818e-04	AbsError: 6.16546e-05
Iteration: 5
  Device: "mos2d"	RelError: 1.86935e-03	AbsError: 3.43747e+12
    Region: "bulk"	RelError: 1.86930e-03	AbsError: 3.43747e+12
      Equation: "ElectronContinuityEquation"	RelError: 2.06676e-05	AbsError: 3.43735e+12
      Equation: "HoleContinuityEquation"	RelError: 1.83425e-03	AbsError: 1.14484e+08
      Equation: "PotentialEquation"	RelError: 1.43822e-05	AbsError: 2.78232e-07
    Region: "gate"	RelError: 9.63655e-11	AbsError: 4.75148e+09
      Equation: "ElectronContinuityEquation"	RelError: 4.76117e-11	AbsError: 4.75148e+09
      Equation: "HoleContinuityEquation"	RelError: 4.76291e-11	AbsError: 4.77263e-11
      Equation: "PotentialEquation"	RelError: 1.12470e-12	AbsError: 1.23270e-12
    Region: "oxide"	RelError: 4.75613e-08	AbsError: 2.26097e-08
      Equation: "PotentialEquation"	RelError: 4.75613e-08	AbsError: 2.26097e-08
Iteration: 6
  Device: "mos2d"	RelError: 5.08366e-09	AbsError: 3.22022e+06
    Region: "bulk"	RelError: 5.08362e-09	AbsError: 3.22022e+06
      Equation: "ElectronContinuityEquation"	RelError: 2.82159e-11	AbsError: 3.18347e+06
      Equation: "HoleContinuityEquation"	RelError: 4.97228e-09	AbsError: 3.67501e+04
      Equation: "PotentialEquation"	RelError: 8.31277e-11	AbsError: 3.38316e-13
    Region: "gate"	RelError: 4.50197e-16	AbsError: 9.51945e+03
      Equation: "ElectronContinuityEquation"	RelError: 9.53566e-17	AbsError: 9.51945e+03
      Equation: "HoleContinuityEquation"	RelError: 2.53528e-16	AbsError: 2.54045e-16
      Equation: "PotentialEquation"	RelError: 1.01313e-16	AbsError: 1.11047e-16
    Region: "oxide"	RelError: 3.98108e-14	AbsError: 1.89542e-14
      Equation: "PotentialEquation"	RelError: 3.98108e-14	AbsError: 1.89542e-14
Iteration: 7
  Device: "mos2d"	RelError: 1.28884e-13	AbsError: 8.11410e+03
    Region: "bulk"	RelError: 1.28463e-13	AbsError: 2.02469e+03
      Equation: "ElectronContinuityEquation"	RelError: 1.27387e-14	AbsError: 1.46545e+03
      Equation: "HoleContinuityEquation"	RelError: 1.05289e-13	AbsError: 5.59246e+02
      Equation: "PotentialEquation"	RelError: 1.04352e-14	AbsError: 3.32881e-16
    Region: "gate"	RelError: 2.92135e-16	AbsError: 8.11410e+03
      Equation: "ElectronContinuityEquation"	RelError: 8.11410e-17	AbsError: 8.11410e+03
      Equation: "HoleContinuityEquation"	RelError: 1.09703e-16	AbsError: 1.09703e-16
      Equation: "PotentialEquation"	RelError: 1.01291e-16	AbsError: 1.11022e-16
    Region: "oxide"	RelError: 1.28777e-16	AbsError: 1.01188e-16
      Equation: "PotentialEquation"	RelError: 1.28777e-16	AbsError: 1.01188e-16
Succeeded
body	0.0	-3.53273167814e-15	-6.92904412228e-14	-7.2823172901e-14
drain	0.1	0.437587029736	7.50825545302e-17	0.437587029736
gate	0.5	4.29822387815e-12	2.14911193907e-32	4.29822387815e-12
source	0.0	-0.437587029736	-1.94097060632e-18	-0.437587029736
last end 1.000000e-01 5.000000e-01
Region "bulk" on device "mos2d" has equations 0:6746
Region "gate" on device "mos2d" has equations 6747:6863
Region "oxide" on device "mos2d" has equations 6864:7529
Device "mos2d" has equations 0:7529
number of equations 7530
Iteration: 0
  Device: "mos2d"	RelError: 7.42154e+03	AbsError: 2.12886e+17
    Region: "bulk"	RelError: 7.42147e+03	AbsError: 2.12886e+17
      Equation: "ElectronContinuityEquation"	RelError: 9.99000e+02	AbsError: 2.12569e+17
      Equation: "HoleContinuityEquation"	RelError: 6.40882e+03	AbsError: 3.17494e+14
      Equation: "PotentialEquation"	RelError: 1.36459e+01	AbsError: 4.09543e-02
    Region: "gate"	RelError: 3.61519e-04	AbsError: 1.78286e+16
      Equation: "ElectronContinuityEquation"	RelError: 1.78618e-04	AbsError: 1.78286e+16
      Equation: "HoleContinuityEquation"	RelError: 1.78682e-04	AbsError: 1.79014e-04
      Equation: "PotentialEquation"	RelError: 4.21955e-06	AbsError: 4.62474e-06
    Region: "oxide"	RelError: 6.62957e-02	AbsError: 4.03458e-02
      Equation: "PotentialEquation"	RelError: 6.62957e-02	AbsError: 4.03458e-02
Iteration: 1
  Device: "mos2d"	RelError: 3.84665e+01	AbsError: 1.69141e+16
    Region: "bulk"	RelError: 3.84205e+01	AbsError: 1.69141e+16
      Equation: "ElectronContinuityEquation"	RelError: 9.98988e-01	AbsError: 1.68949e+16
      Equation: "HoleContinuityEquation"	RelError: 9.99692e-01	AbsError: 1.92853e+13
      Equation: "PotentialEquation"	RelError: 3.64218e+01	AbsError: 3.07633e-02
    Region: "gate"	RelError: 1.42720e-05	AbsError: 7.02369e+14
      Equation: "ElectronContinuityEquation"	RelError: 7.03681e-06	AbsError: 7.02369e+14
      Equation: "HoleContinuityEquation"	RelError: 7.06863e-06	AbsError: 7.08184e-06
      Equation: "PotentialEquation"	RelError: 1.66579e-07	AbsError: 1.82575e-07
    Region: "oxide"	RelError: 4.60028e-02	AbsError: 2.99457e-02
      Equation: "PotentialEquation"	RelError: 4.60028e-02	AbsError: 2.99457e-02
Iteration: 2
  Device: "mos2d"	RelError: 1.00443e+03	AbsError: 2.56690e+15
    Region: "bulk"	RelError: 1.00439e+03	AbsError: 2.56690e+15
      Equation: "ElectronContinuityEquation"	RelError: 5.23823e+00	AbsError: 2.56652e+15
      Equation: "HoleContinuityEquation"	RelError: 9.99000e+02	AbsError: 3.74183e+11
      Equation: "PotentialEquation"	RelError: 1.51017e-01	AbsError: 2.58729e-02
    Region: "gate"	RelError: 1.62350e-06	AbsError: 8.00805e+13
      Equation: "ElectronContinuityEquation"	RelError: 8.02301e-07	AbsError: 8.00805e+13
      Equation: "HoleContinuityEquation"	RelError: 8.02252e-07	AbsError: 8.03751e-07
      Equation: "PotentialEquation"	RelError: 1.89491e-08	AbsError: 2.07687e-08
    Region: "oxide"	RelError: 3.79990e-02	AbsError: 2.58390e-02
      Equation: "PotentialEquation"	RelError: 3.79990e-02	AbsError: 2.58390e-02
Iteration: 3
  Device: "mos2d"	RelError: 1.77199e+00	AbsError: 4.11372e+15
    Region: "bulk"	RelError: 1.76005e+00	AbsError: 4.11372e+15
      Equation: "ElectronContinuityEquation"	RelError: 5.63571e-01	AbsError: 4.11337e+15
      Equation: "HoleContinuityEquation"	RelError: 9.98566e-01	AbsError: 3.43779e+11
      Equation: "PotentialEquation"	RelError: 1.97908e-01	AbsError: 9.16540e-03
    Region: "gate"	RelError: 3.38318e-07	AbsError: 1.66873e+13
      Equation: "ElectronContinuityEquation"	RelError: 1.67185e-07	AbsError: 1.66873e+13
      Equation: "HoleContinuityEquation"	RelError: 1.67184e-07	AbsError: 1.67496e-07
      Equation: "PotentialEquation"	RelError: 3.94875e-09	AbsError: 4.32794e-09
    Region: "oxide"	RelError: 1.19467e-02	AbsError: 8.25190e-03
      Equation: "PotentialEquation"	RelError: 1.19467e-02	AbsError: 8.25190e-03
Iteration: 4
  Device: "mos2d"	RelError: 5.65124e-01	AbsError: 4.17296e+15
    Region: "bulk"	RelError: 5.64927e-01	AbsError: 4.17296e+15
      Equation: "ElectronContinuityEquation"	RelError: 1.93185e-02	AbsError: 4.17251e+15
      Equation: "HoleContinuityEquation"	RelError: 3.36129e-01	AbsError: 4.44446e+11
      Equation: "PotentialEquation"	RelError: 2.09479e-01	AbsError: 4.85900e-04
    Region: "gate"	RelError: 4.94691e-07	AbsError: 2.44003e+13
      Equation: "ElectronContinuityEquation"	RelError: 2.44459e-07	AbsError: 2.44003e+13
      Equation: "HoleContinuityEquation"	RelError: 2.44459e-07	AbsError: 2.44915e-07
      Equation: "PotentialEquation"	RelError: 5.77390e-09	AbsError: 6.32835e-09
    Region: "oxide"	RelError: 1.96325e-04	AbsError: 1.12334e-04
      Equation: "PotentialEquation"	RelError: 1.96325e-04	AbsError: 1.12334e-04
Iteration: 5
  Device: "mos2d"	RelError: 8.11131e-04	AbsError: 3.96160e+12
    Region: "bulk"	RelError: 8.11098e-04	AbsError: 3.96160e+12
      Equation: "ElectronContinuityEquation"	RelError: 3.66509e-05	AbsError: 3.96118e+12
      Equation: "HoleContinuityEquation"	RelError: 6.58068e-04	AbsError: 4.18647e+08
      Equation: "PotentialEquation"	RelError: 1.16379e-04	AbsError: 4.10104e-07
    Region: "gate"	RelError: 5.62173e-11	AbsError: 2.76989e+09
      Equation: "ElectronContinuityEquation"	RelError: 2.77506e-11	AbsError: 2.76989e+09
      Equation: "HoleContinuityEquation"	RelError: 2.78106e-11	AbsError: 2.78625e-11
      Equation: "PotentialEquation"	RelError: 6.56094e-13	AbsError: 7.19096e-13
    Region: "oxide"	RelError: 3.29129e-08	AbsError: 1.67559e-08
      Equation: "PotentialEquation"	RelError: 3.29129e-08	AbsError: 1.67559e-08
Iteration: 6
  Device: "mos2d"	RelError: 1.91648e-09	AbsError: 2.36370e+06
    Region: "bulk"	RelError: 1.91642e-09	AbsError: 2.36370e+06
      Equation: "ElectronContinuityEquation"	RelError: 6.41046e-11	AbsError: 2.16610e+06
      Equation: "HoleContinuityEquation"	RelError: 1.78857e-09	AbsError: 1.97595e+05
      Equation: "PotentialEquation"	RelError: 6.37513e-11	AbsError: 2.67114e-13
    Region: "gate"	RelError: 4.86450e-16	AbsError: 1.11867e+04
      Equation: "ElectronContinuityEquation"	RelError: 1.12027e-16	AbsError: 1.11867e+04
      Equation: "HoleContinuityEquation"	RelError: 2.73077e-16	AbsError: 2.73515e-16
      Equation: "PotentialEquation"	RelError: 1.01346e-16	AbsError: 1.11083e-16
    Region: "oxide"	RelError: 5.24565e-14	AbsError: 2.76678e-14
      Equation: "PotentialEquation"	RelError: 5.24565e-14	AbsError: 2.76678e-14
Iteration: 7
  Device: "mos2d"	RelError: 3.59007e-13	AbsError: 7.78352e+03
    Region: "bulk"	RelError: 3.58570e-13	AbsError: 1.96584e+03
      Equation: "ElectronContinuityEquation"	RelError: 2.59384e-14	AbsError: 1.53627e+03
      Equation: "HoleContinuityEquation"	RelError: 2.22555e-13	AbsError: 4.29572e+02
      Equation: "PotentialEquation"	RelError: 1.10077e-13	AbsError: 4.60505e-16
    Region: "gate"	RelError: 2.87707e-16	AbsError: 7.78352e+03
      Equation: "ElectronContinuityEquation"	RelError: 7.78352e-17	AbsError: 7.78352e+03
      Equation: "HoleContinuityEquation"	RelError: 1.08581e-16	AbsError: 1.08581e-16
      Equation: "PotentialEquation"	RelError: 1.01291e-16	AbsError: 1.11022e-16
    Region: "oxide"	RelError: 1.49252e-16	AbsError: 1.05966e-16
      Equation: "PotentialEquation"	RelError: 1.49252e-16	AbsError: 1.05966e-16
Succeeded
body	0.0	-4.00126212239e-15	-9.11394440464e-14	-9.51407061688e-14
drain	0.2	0.939094175259	7.90935681241e-17	0.939094175259
gate	0.5	2.66029592238e-12	1.33014796119e-32	2.66029592238e-12
source	0.0	-0.939094175258	-4.43421491016e-18	-0.939094175258
last end 2.000000e-01 5.000000e-01
Region "bulk" on device "mos2d" has equations 0:6746
Region "gate" on device "mos2d" has equations 6747:6863
Region "oxide" on device "mos2d" has equations 6864:7529
Device "mos2d" has equations 0:7529
number of equations 7530
Iteration: 0
  Device: "mos2d"	RelError: 2.01371e+03	AbsError: 2.31147e+17
    Region: "bulk"	RelError: 2.01366e+03	AbsError: 2.31147e+17
      Equation: "ElectronContinuityEquation"	RelError: 9.99000e+02	AbsError: 2.30805e+17
      Equation: "HoleContinuityEquation"	RelError: 9.99000e+02	AbsError: 3.42746e+14
      Equation: "PotentialEquation"	RelError: 1.56559e+01	AbsError: 4.09544e-02
    Region: "gate"	RelError: 3.37994e-04	AbsError: 1.66713e+16
      Equation: "ElectronContinuityEquation"	RelError: 1.66997e-04	AbsError: 1.66713e+16
      Equation: "HoleContinuityEquation"	RelError: 1.67053e-04	AbsError: 1.67337e-04
      Equation: "PotentialEquation"	RelError: 3.94496e-06	AbsError: 4.32380e-06
    Region: "oxide"	RelError: 5.66987e-02	AbsError: 4.02091e-02
      Equation: "PotentialEquation"	RelError: 5.66987e-02	AbsError: 4.02091e-02
Iteration: 1
  Device: "mos2d"	RelError: 2.00305e+03	AbsError: 1.84936e+16
    Region: "bulk"	RelError: 2.00301e+03	AbsError: 1.84936e+16
      Equation: "ElectronContinuityEquation"	RelError: 9.99000e+02	AbsError: 1.84757e+16
      Equation: "HoleContinuityEquation"	RelError: 9.99000e+02	AbsError: 1.78455e+13
      Equation: "PotentialEquation"	RelError: 5.00889e+00	AbsError: 3.07633e-02
    Region: "gate"	RelError: 8.31983e-06	AbsError: 4.09046e+14
      Equation: "ElectronContinuityEquation"	RelError: 4.09743e-06	AbsError: 4.09046e+14
      Equation: "HoleContinuityEquation"	RelError: 4.12530e-06	AbsError: 4.13233e-06
      Equation: "PotentialEquation"	RelError: 9.71064e-08	AbsError: 1.06432e-07
    Region: "oxide"	RelError: 4.14190e-02	AbsError: 2.97834e-02
      Equation: "PotentialEquation"	RelError: 4.14190e-02	AbsError: 2.97834e-02
Iteration: 2
  Device: "mos2d"	RelError: 1.00285e+03	AbsError: 2.17705e+15
    Region: "bulk"	RelError: 1.00281e+03	AbsError: 2.17705e+15
      Equation: "ElectronContinuityEquation"	RelError: 3.77274e+00	AbsError: 2.17692e+15
      Equation: "HoleContinuityEquation"	RelError: 9.99000e+02	AbsError: 1.35204e+11
      Equation: "PotentialEquation"	RelError: 4.05616e-02	AbsError: 2.58860e-02
    Region: "gate"	RelError: 1.07345e-06	AbsError: 5.29567e+13
      Equation: "ElectronContinuityEquation"	RelError: 5.30469e-07	AbsError: 5.29567e+13
      Equation: "HoleContinuityEquation"	RelError: 5.30453e-07	AbsError: 5.31356e-07
      Equation: "PotentialEquation"	RelError: 1.25290e-08	AbsError: 1.37321e-08
    Region: "oxide"	RelError: 3.27363e-02	AbsError: 2.53613e-02
      Equation: "PotentialEquation"	RelError: 3.27363e-02	AbsError: 2.53613e-02
Iteration: 3
  Device: "mos2d"	RelError: 1.59197e+00	AbsError: 3.89412e+15
    Region: "bulk"	RelError: 1.58170e+00	AbsError: 3.89412e+15
      Equation: "ElectronContinuityEquation"	RelError: 5.59505e-01	AbsError: 3.89375e+15
      Equation: "HoleContinuityEquation"	RelError: 1.00000e+00	AbsError: 3.70807e+11
      Equation: "PotentialEquation"	RelError: 2.21934e-02	AbsError: 9.16535e-03
    Region: "gate"	RelError: 2.59843e-07	AbsError: 1.28187e+13
      Equation: "ElectronContinuityEquation"	RelError: 1.28405e-07	AbsError: 1.28187e+13
      Equation: "HoleContinuityEquation"	RelError: 1.28405e-07	AbsError: 1.28624e-07
      Equation: "PotentialEquation"	RelError: 3.03280e-09	AbsError: 3.32404e-09
    Region: "oxide"	RelError: 1.02694e-02	AbsError: 8.08038e-03
      Equation: "PotentialEquation"	RelError: 1.02694e-02	AbsError: 8.08038e-03
Iteration: 4
  Device: "mos2d"	RelError: 1.76329e-01	AbsError: 4.14152e+15
    Region: "bulk"	RelError: 1.76178e-01	AbsError: 4.14152e+15
      Equation: "ElectronContinuityEquation"	RelError: 2.03967e-02	AbsError: 4.14105e+15
      Equation: "HoleContinuityEquation"	RelError: 1.25354e-01	AbsError: 4.67958e+11
      Equation: "PotentialEquation"	RelError: 3.04271e-02	AbsError: 4.41117e-04
    Region: "gate"	RelError: 4.34680e-07	AbsError: 2.14438e+13
      Equation: "ElectronContinuityEquation"	RelError: 2.14803e-07	AbsError: 2.14438e+13
      Equation: "HoleContinuityEquation"	RelError: 2.14803e-07	AbsError: 2.15169e-07
      Equation: "PotentialEquation"	RelError: 5.07344e-09	AbsError: 5.56065e-09
    Region: "oxide"	RelError: 1.50653e-04	AbsError: 9.70011e-05
      Equation: "PotentialEquation"	RelError: 1.50653e-04	AbsError: 9.70011e-05
Iteration: 5
  Device: "mos2d"	RelError: 9.70703e-05	AbsError: 3.90318e+12
    Region: "bulk"	RelError: 9.70452e-05	AbsError: 3.90318e+12
      Equation: "ElectronContinuityEquation"	RelError: 2.60267e-05	AbsError: 3.90295e+12
      Equation: "HoleContinuityEquation"	RelError: 6.61325e-05	AbsError: 2.23915e+08
      Equation: "PotentialEquation"	RelError: 4.88598e-06	AbsError: 1.43404e-07
    Region: "gate"	RelError: 5.15196e-11	AbsError: 2.54388e+09
      Equation: "ElectronContinuityEquation"	RelError: 2.54822e-11	AbsError: 2.54388e+09
      Equation: "HoleContinuityEquation"	RelError: 2.54360e-11	AbsError: 2.54794e-11
      Equation: "PotentialEquation"	RelError: 6.01413e-13	AbsError: 6.59167e-13
    Region: "oxide"	RelError: 2.50821e-08	AbsError: 1.73488e-08
      Equation: "PotentialEquation"	RelError: 2.50821e-08	AbsError: 1.73488e-08
Iteration: 6
  Device: "mos2d"	RelError: 1.46357e-10	AbsError: 2.55210e+06
    Region: "bulk"	RelError: 1.46347e-10	AbsError: 2.55210e+06
      Equation: "ElectronContinuityEquation"	RelError: 1.24200e-11	AbsError: 2.54337e+06
      Equation: "HoleContinuityEquation"	RelError: 1.25002e-10	AbsError: 8.72314e+03
      Equation: "PotentialEquation"	RelError: 8.92552e-12	AbsError: 2.84328e-13
    Region: "gate"	RelError: 4.21530e-16	AbsError: 7.89697e+03
      Equation: "ElectronContinuityEquation"	RelError: 7.89697e-17	AbsError: 7.89697e+03
      Equation: "HoleContinuityEquation"	RelError: 2.41269e-16	AbsError: 2.41631e-16
      Equation: "PotentialEquation"	RelError: 1.01291e-16	AbsError: 1.11022e-16
    Region: "oxide"	RelError: 9.15296e-15	AbsError: 6.45331e-15
      Equation: "PotentialEquation"	RelError: 9.15296e-15	AbsError: 6.45331e-15
Iteration: 7
  Device: "mos2d"	RelError: 3.12774e-13	AbsError: 7.89697e+03
    Region: "bulk"	RelError: 3.12384e-13	AbsError: 1.73548e+03
      Equation: "ElectronContinuityEquation"	RelError: 4.92377e-14	AbsError: 1.31087e+03
      Equation: "HoleContinuityEquation"	RelError: 2.38290e-13	AbsError: 4.24618e+02
      Equation: "PotentialEquation"	RelError: 2.48559e-14	AbsError: 3.81697e-16
    Region: "gate"	RelError: 2.77228e-16	AbsError: 7.89697e+03
      Equation: "ElectronContinuityEquation"	RelError: 7.89697e-17	AbsError: 7.89697e+03
      Equation: "HoleContinuityEquation"	RelError: 9.69678e-17	AbsError: 9.69678e-17
      Equation: "PotentialEquation"	RelError: 1.01291e-16	AbsError: 1.11022e-16
    Region: "oxide"	RelError: 1.12474e-16	AbsError: 1.08998e-16
      Equation: "PotentialEquation"	RelError: 1.12474e-16	AbsError: 1.08998e-16
Succeeded
body	0.0	-4.30968953901e-15	-6.42260359442e-14	-6.85357254832e-14
drain	0.3	1.53443003933	8.18317350996e-17	1.53443003933
gate	0.5	4.29822387815e-12	2.14911193907e-32	4.29822387815e-12
source	0.0	-1.53443003933	-7.50669475885e-18	-1.53443003933
last end 3.000000e-01 5.000000e-01
Region "bulk" on device "mos2d" has equations 0:6746
Region "gate" on device "mos2d" has equations 6747:6863
Region "oxide" on device "mos2d" has equations 6864:7529
Device "mos2d" has equations 0:7529
number of equations 7530
Iteration: 0
  Device: "mos2d"	RelError: 2.02489e+03	AbsError: 2.35466e+17
    Region: "bulk"	RelError: 2.02484e+03	AbsError: 2.35466e+17
      Equation: "ElectronContinuityEquation"	RelError: 9.99000e+02	AbsError: 2.35095e+17
      Equation: "HoleContinuityEquation"	RelError: 9.99000e+02	AbsError: 3.71404e+14
      Equation: "PotentialEquation"	RelError: 2.68392e+01	AbsError: 4.09544e-02
    Region: "gate"	RelError: 3.24355e-04	AbsError: 1.60012e+16
      Equation: "ElectronContinuityEquation"	RelError: 1.60259e-04	AbsError: 1.60012e+16
      Equation: "HoleContinuityEquation"	RelError: 1.60310e-04	AbsError: 1.60558e-04
      Equation: "PotentialEquation"	RelError: 3.78575e-06	AbsError: 4.14932e-06
    Region: "oxide"	RelError: 4.95919e-02	AbsError: 4.00752e-02
      Equation: "PotentialEquation"	RelError: 4.95919e-02	AbsError: 4.00752e-02
Iteration: 1
  Device: "mos2d"	RelError: 2.00009e+03	AbsError: 1.76594e+16
    Region: "bulk"	RelError: 2.00005e+03	AbsError: 1.76594e+16
      Equation: "ElectronContinuityEquation"	RelError: 9.99000e+02	AbsError: 1.76424e+16
      Equation: "HoleContinuityEquation"	RelError: 9.99000e+02	AbsError: 1.69665e+13
      Equation: "PotentialEquation"	RelError: 2.05352e+00	AbsError: 3.07651e-02
    Region: "gate"	RelError: 4.86819e-06	AbsError: 2.38915e+14
      Equation: "ElectronContinuityEquation"	RelError: 2.39285e-06	AbsError: 2.38915e+14
      Equation: "HoleContinuityEquation"	RelError: 2.41852e-06	AbsError: 2.42226e-06
      Equation: "PotentialEquation"	RelError: 5.68197e-08	AbsError: 6.22764e-08
    Region: "oxide"	RelError: 3.81339e-02	AbsError: 2.96340e-02
      Equation: "PotentialEquation"	RelError: 3.81339e-02	AbsError: 2.96340e-02
Iteration: 2
  Device: "mos2d"	RelError: 1.13747e+03	AbsError: 1.78653e+15
    Region: "bulk"	RelError: 1.13744e+03	AbsError: 1.78653e+15
      Equation: "ElectronContinuityEquation"	RelError: 3.20303e+00	AbsError: 1.78648e+15
      Equation: "HoleContinuityEquation"	RelError: 1.13420e+03	AbsError: 4.81668e+10
      Equation: "PotentialEquation"	RelError: 3.50477e-02	AbsError: 2.58564e-02
    Region: "gate"	RelError: 5.21502e-07	AbsError: 2.57313e+13
      Equation: "ElectronContinuityEquation"	RelError: 2.57711e-07	AbsError: 2.57313e+13
      Equation: "HoleContinuityEquation"	RelError: 2.57705e-07	AbsError: 2.58103e-07
      Equation: "PotentialEquation"	RelError: 6.08679e-09	AbsError: 6.67133e-09
    Region: "oxide"	RelError: 2.92411e-02	AbsError: 2.58001e-02
      Equation: "PotentialEquation"	RelError: 2.92411e-02	AbsError: 2.58001e-02
Iteration: 3
  Device: "mos2d"	RelError: 1.54398e+00	AbsError: 9.76289e+15
    Region: "bulk"	RelError: 1.54389e+00	AbsError: 9.76289e+15
      Equation: "ElectronContinuityEquation"	RelError: 5.17225e-01	AbsError: 9.76252e+15
      Equation: "HoleContinuityEquation"	RelError: 9.97252e-01	AbsError: 3.69155e+11
      Equation: "PotentialEquation"	RelError: 2.94117e-02	AbsError: 9.16539e-03
    Region: "gate"	RelError: 2.97288e-07	AbsError: 1.46683e+13
      Equation: "ElectronContinuityEquation"	RelError: 1.46909e-07	AbsError: 1.46683e+13
      Equation: "HoleContinuityEquation"	RelError: 1.46909e-07	AbsError: 1.47136e-07
      Equation: "PotentialEquation"	RelError: 3.46984e-09	AbsError: 3.80307e-09
    Region: "oxide"	RelError: 8.91449e-05	AbsError: 6.91255e-05
      Equation: "PotentialEquation"	RelError: 8.91449e-05	AbsError: 6.91255e-05
Iteration: 4
  Device: "mos2d"	RelError: 6.71234e-02	AbsError: 1.00977e+16
    Region: "bulk"	RelError: 6.69917e-02	AbsError: 1.00977e+16
      Equation: "ElectronContinuityEquation"	RelError: 2.30970e-02	AbsError: 1.00972e+16
      Equation: "HoleContinuityEquation"	RelError: 6.66546e-03	AbsError: 4.63267e+11
      Equation: "PotentialEquation"	RelError: 3.72292e-02	AbsError: 3.84879e-04
    Region: "gate"	RelError: 4.26915e-07	AbsError: 2.10641e+13
      Equation: "ElectronContinuityEquation"	RelError: 2.10966e-07	AbsError: 2.10641e+13
      Equation: "HoleContinuityEquation"	RelError: 2.10966e-07	AbsError: 2.11292e-07
      Equation: "PotentialEquation"	RelError: 4.98280e-09	AbsError: 5.46132e-09
    Region: "oxide"	RelError: 1.31244e-04	AbsError: 9.44347e-05
      Equation: "PotentialEquation"	RelError: 1.31244e-04	AbsError: 9.44347e-05
Iteration: 5
  Device: "mos2d"	RelError: 1.02432e-04	AbsError: 3.59957e+12
    Region: "bulk"	RelError: 1.02391e-04	AbsError: 3.59957e+12
      Equation: "ElectronContinuityEquation"	RelError: 1.73602e-05	AbsError: 3.59928e+12
      Equation: "HoleContinuityEquation"	RelError: 7.75301e-05	AbsError: 2.89490e+08
      Equation: "PotentialEquation"	RelError: 7.50090e-06	AbsError: 1.50551e-07
    Region: "gate"	RelError: 1.33362e-10	AbsError: 6.58232e+09
      Equation: "ElectronContinuityEquation"	RelError: 6.59249e-11	AbsError: 6.58232e+09
      Equation: "HoleContinuityEquation"	RelError: 6.58806e-11	AbsError: 6.59824e-11
      Equation: "PotentialEquation"	RelError: 1.55646e-12	AbsError: 1.70594e-12
    Region: "oxide"	RelError: 4.10696e-08	AbsError: 3.02859e-08
      Equation: "PotentialEquation"	RelError: 4.10696e-08	AbsError: 3.02859e-08
Iteration: 6
  Device: "mos2d"	RelError: 3.02561e-11	AbsError: 1.73394e+06
    Region: "bulk"	RelError: 3.02425e-11	AbsError: 1.73394e+06
      Equation: "ElectronContinuityEquation"	RelError: 7.60410e-12	AbsError: 1.68643e+06
      Equation: "HoleContinuityEquation"	RelError: 2.03610e-11	AbsError: 4.75133e+04
      Equation: "PotentialEquation"	RelError: 2.27738e-12	AbsError: 8.81977e-14
    Region: "gate"	RelError: 3.48405e-16	AbsError: 8.82436e+03
      Equation: "ElectronContinuityEquation"	RelError: 8.83597e-17	AbsError: 8.82436e+03
      Equation: "HoleContinuityEquation"	RelError: 1.58755e-16	AbsError: 1.58909e-16
      Equation: "PotentialEquation"	RelError: 1.01291e-16	AbsError: 1.11022e-16
    Region: "oxide"	RelError: 1.32439e-14	AbsError: 9.07941e-15
      Equation: "PotentialEquation"	RelError: 1.32439e-14	AbsError: 9.07941e-15
Succeeded
body	0.0	-4.55850624407e-15	-8.08393718303e-14	-8.53978780743e-14
drain	0.4	2.22798551375	8.48800790122e-17	2.22798551375
gate	0.5	2.66029592238e-12	1.33014796119e-32	2.66029592238e-12
source	0.0	-2.22798551375	-1.1061395376e-17	-2.22798551375
last end 4.000000e-01 5.000000e-01
setting to last bias 5.000000e-01
setting next bias 5.000000e-01
Region "bulk" on device "mos2d" has equations 0:6746
Region "gate" on device "mos2d" has equations 6747:6863
Region "oxide" on device "mos2d" has equations 6864:7529
Device "mos2d" has equations 0:7529
number of equations 7530
Iteration: 0
  Device: "mos2d"	RelError: 3.98123e+03	AbsError: 2.26424e+17
    Region: "bulk"	RelError: 3.98119e+03	AbsError: 2.26424e+17
      Equation: "ElectronContinuityEquation"	RelError: 9.99000e+02	AbsError: 2.26027e+17
      Equation: "HoleContinuityEquation"	RelError: 2.80162e+03	AbsError: 3.97091e+14
      Equation: "PotentialEquation"	RelError: 1.80564e+02	AbsError: 4.09543e-02
    Region: "gate"	RelError: 3.16024e-04	AbsError: 1.55927e+16
      Equation: "ElectronContinuityEquation"	RelError: 1.56143e-04	AbsError: 1.55927e+16
      Equation: "HoleContinuityEquation"	RelError: 1.56192e-04	AbsError: 1.56409e-04
      Equation: "PotentialEquation"	RelError: 3.68850e-06	AbsError: 4.04274e-06
    Region: "oxide"	RelError: 4.51590e-02	AbsError: 3.99513e-02
      Equation: "PotentialEquation"	RelError: 4.51590e-02	AbsError: 3.99513e-02
Iteration: 1
  Device: "mos2d"	RelError: 2.00016e+03	AbsError: 1.57280e+16
    Region: "bulk"	RelError: 2.00012e+03	AbsError: 1.57280e+16
      Equation: "ElectronContinuityEquation"	RelError: 9.99000e+02	AbsError: 1.57121e+16
      Equation: "HoleContinuityEquation"	RelError: 9.99000e+02	AbsError: 1.59330e+13
      Equation: "PotentialEquation"	RelError: 2.12344e+00	AbsError: 3.07635e-02
    Region: "gate"	RelError: 3.06700e-06	AbsError: 1.50132e+14
      Equation: "ElectronContinuityEquation"	RelError: 1.50341e-06	AbsError: 1.50132e+14
      Equation: "HoleContinuityEquation"	RelError: 1.52779e-06	AbsError: 1.52992e-06
      Equation: "PotentialEquation"	RelError: 3.57967e-08	AbsError: 3.92346e-08
    Region: "oxide"	RelError: 3.50181e-02	AbsError: 2.94987e-02
      Equation: "PotentialEquation"	RelError: 3.50181e-02	AbsError: 2.94987e-02
Iteration: 2
  Device: "mos2d"	RelError: 7.62373e+00	AbsError: 1.30708e+15
    Region: "bulk"	RelError: 7.59762e+00	AbsError: 1.30708e+15
      Equation: "ElectronContinuityEquation"	RelError: 1.66826e+00	AbsError: 1.30704e+15
      Equation: "HoleContinuityEquation"	RelError: 5.89851e+00	AbsError: 4.25332e+10
      Equation: "PotentialEquation"	RelError: 3.08535e-02	AbsError: 2.58980e-02
    Region: "gate"	RelError: 2.38047e-07	AbsError: 1.17472e+13
      Equation: "ElectronContinuityEquation"	RelError: 1.17635e-07	AbsError: 1.17472e+13
      Equation: "HoleContinuityEquation"	RelError: 1.17633e-07	AbsError: 1.17797e-07
      Equation: "PotentialEquation"	RelError: 2.77839e-09	AbsError: 3.04522e-09
    Region: "oxide"	RelError: 2.61021e-02	AbsError: 2.55090e-02
      Equation: "PotentialEquation"	RelError: 2.61021e-02	AbsError: 2.55090e-02
Iteration: 3
  Device: "mos2d"	RelError: 1.00243e+00	AbsError: 9.52209e+15
    Region: "bulk"	RelError: 1.00236e+00	AbsError: 9.52209e+15
      Equation: "ElectronContinuityEquation"	RelError: 3.53466e-01	AbsError: 9.52176e+15
      Equation: "HoleContinuityEquation"	RelError: 6.38672e-01	AbsError: 3.32492e+11
      Equation: "PotentialEquation"	RelError: 1.02217e-02	AbsError: 9.16537e-03
    Region: "gate"	RelError: 2.50403e-07	AbsError: 1.23568e+13
      Equation: "ElectronContinuityEquation"	RelError: 1.23740e-07	AbsError: 1.23568e+13
      Equation: "HoleContinuityEquation"	RelError: 1.23740e-07	AbsError: 1.23912e-07
      Equation: "PotentialEquation"	RelError: 2.92260e-09	AbsError: 3.20329e-09
    Region: "oxide"	RelError: 6.78358e-05	AbsError: 5.54157e-05
      Equation: "PotentialEquation"	RelError: 6.78358e-05	AbsError: 5.54157e-05
Iteration: 4
  Device: "mos2d"	RelError: 5.26770e-02	AbsError: 1.00144e+16
    Region: "bulk"	RelError: 5.25781e-02	AbsError: 1.00144e+16
      Equation: "ElectronContinuityEquation"	RelError: 2.56744e-02	AbsError: 1.00140e+16
      Equation: "HoleContinuityEquation"	RelError: 1.28988e-02	AbsError: 4.23327e+11
      Equation: "PotentialEquation"	RelError: 1.40049e-02	AbsError: 3.20208e-04
    Region: "gate"	RelError: 3.52852e-07	AbsError: 1.74125e+13
      Equation: "ElectronContinuityEquation"	RelError: 1.74367e-07	AbsError: 1.74125e+13
      Equation: "HoleContinuityEquation"	RelError: 1.74367e-07	AbsError: 1.74609e-07
      Equation: "PotentialEquation"	RelError: 4.11834e-09	AbsError: 4.51386e-09
    Region: "oxide"	RelError: 9.86015e-05	AbsError: 7.75944e-05
      Equation: "PotentialEquation"	RelError: 9.86015e-05	AbsError: 7.75944e-05
Iteration: 5
  Device: "mos2d"	RelError: 2.16502e-04	AbsError: 3.04795e+12
    Region: "bulk"	RelError: 2.16463e-04	AbsError: 3.04795e+12
      Equation: "ElectronContinuityEquation"	RelError: 1.84450e-05	AbsError: 3.04773e+12
      Equation: "HoleContinuityEquation"	RelError: 1.93286e-04	AbsError: 2.17549e+08
      Equation: "PotentialEquation"	RelError: 4.73214e-06	AbsError: 2.16327e-07
    Region: "gate"	RelError: 1.36170e-10	AbsError: 6.72121e+09
      Equation: "ElectronContinuityEquation"	RelError: 6.73056e-11	AbsError: 6.72121e+09
      Equation: "HoleContinuityEquation"	RelError: 6.72751e-11	AbsError: 6.73687e-11
      Equation: "PotentialEquation"	RelError: 1.58937e-12	AbsError: 1.74201e-12
    Region: "oxide"	RelError: 3.86935e-08	AbsError: 2.88408e-08
      Equation: "PotentialEquation"	RelError: 3.86935e-08	AbsError: 2.88408e-08
Iteration: 6
  Device: "mos2d"	RelError: 4.41712e-11	AbsError: 2.68500e+06
    Region: "bulk"	RelError: 4.41555e-11	AbsError: 2.68500e+06
      Equation: "ElectronContinuityEquation"	RelError: 1.52953e-11	AbsError: 2.61650e+06
      Equation: "HoleContinuityEquation"	RelError: 2.75011e-11	AbsError: 6.84971e+04
      Equation: "PotentialEquation"	RelError: 1.35914e-12	AbsError: 1.54210e-13
    Region: "gate"	RelError: 4.16344e-16	AbsError: 9.06314e+03
      Equation: "ElectronContinuityEquation"	RelError: 9.07574e-17	AbsError: 9.06314e+03
      Equation: "HoleContinuityEquation"	RelError: 2.24248e-16	AbsError: 2.24543e-16
      Equation: "PotentialEquation"	RelError: 1.01339e-16	AbsError: 1.11075e-16
    Region: "oxide"	RelError: 1.52115e-14	AbsError: 1.06581e-14
      Equation: "PotentialEquation"	RelError: 1.52115e-14	AbsError: 1.06581e-14
Succeeded
body	0.0	-4.76616718893e-15	-9.78784877019e-14	-1.02644654891e-13
drain	0.5	3.01878370649	8.82702542118e-17	3.01878370649
gate	0.5	4.82081993926e-12	2.41040996963e-32	4.82081993926e-12
source	0.0	-3.01878370649	-1.50251026162e-17	-3.01878370649
