
----------------------------------------

 DEVSIM

 Version: Beta 0.01

 Copyright 2009-2016 Devsim LLC

----------------------------------------


mid
bot
 (region: MyRegion)
 (contact: top)
 (contact: bot)
NetDoping
-1.00000e+18
-1.00000e+18
-1.00000e+18
-1.00000e+18
-1.00000e+18
-1.00000e+18
-1.00000e+18
-1.00000e+18
-1.00000e+18
-1.00000e+18
-1.00000e+18
-1.00000e+18
-1.00000e+18
-1.00000e+18
-1.00000e+18
-1.00000e+18
-1.00000e+18
-1.00000e+18
-1.00000e+18
-1.00000e+18
-1.00000e+18
-1.00000e+18
-1.00000e+18
-1.00000e+18
-1.00000e+18
-1.00000e+18
-1.00000e+18
-1.00000e+18
-1.00000e+18
-1.00000e+18
-1.00000e+18
-1.00000e+18
-1.00000e+18
-1.00000e+18
-1.00000e+18
-1.00000e+18
-1.00000e+18
-1.00000e+18
-1.00000e+18
-1.00000e+18
-1.00000e+18
-1.00000e+18
-1.00000e+18
-1.00000e+18
-1.00000e+18
-1.00000e+18
-1.00000e+18
-1.00000e+18
-1.00000e+18
-1.00000e+18
-1.00000e+18
-1.00000e+18
-1.00000e+18
-1.00000e+18
-1.00000e+18
-1.00000e+18
-1.00000e+18
-1.00000e+18
-1.00000e+18
-1.00000e+18
-1.00000e+18
-1.00000e+18
-1.00000e+18
-1.00000e+18
-1.00000e+18
-1.00000e+18
-1.00000e+18
-1.00000e+18
-1.00000e+18
-1.00000e+18
-1.00000e+18
-1.00000e+18
-1.00000e+18
-1.00000e+18
-1.00000e+18
-1.00000e+18
-1.00000e+18
-1.00000e+18
-1.00000e+18
-1.00000e+18
-1.00000e+18
-1.00000e+18
-1.00000e+18
-1.00000e+18
-1.00000e+18
-1.00000e+18
-1.00000e+18
-1.00000e+18
-1.00000e+18
-1.00000e+18
-1.00000e+18
-1.00000e+18
-1.00000e+18
-1.00000e+18
-1.00000e+18
-1.00000e+18
-1.00000e+18
-1.00000e+18
-1.00000e+18
-1.00000e+18
-1.00000e+18
-1.00000e+18
-1.00000e+18
-1.00000e+18
-1.00000e+18
-1.00000e+18
-1.00000e+18
-1.00000e+18
-1.00000e+18
-1.00000e+18
-1.00000e+18
-1.00000e+18
-1.00000e+18
-1.00000e+18
-1.00000e+18
-1.00000e+18
-1.00000e+18
-1.00000e+18
-1.00000e+18
-1.00000e+18
-1.00000e+18
-1.00000e+18
-1.00000e+18
-1.00000e+18
-1.00000e+18
-1.00000e+18
-1.00000e+18
-1.00000e+18
-1.00000e+18
-1.00000e+18
-1.00000e+18
-1.00000e+18
-1.00000e+18
-1.00000e+18
-1.00000e+18
-1.00000e+18
-1.00000e+18
-1.00000e+18
-1.00000e+18
-1.00000e+18
-1.00000e+18
-1.00000e+18
-1.00000e+18
-1.00000e+18
-1.00000e+18
-1.00000e+18
-1.00000e+18
-1.00000e+18
-1.00000e+18
-1.00000e+18
-1.00000e+18
-1.00000e+18
-1.00000e+18
-1.00000e+18
-1.00000e+18
-1.00000e+18
-1.00000e+18
-1.00000e+18
-1.00000e+18
-1.00000e+18
-1.00000e+18
-1.00000e+18
-1.00000e+18
-1.00000e+18
-1.00000e+18
-1.00000e+18
-1.00000e+18
-1.00000e+18
-1.00000e+18
-1.00000e+18
-1.00000e+18
-1.00000e+18
-1.00000e+18
-1.00000e+18
-1.00000e+18
-1.00000e+18
-1.00000e+18
-1.00000e+18
-1.00000e+18
-1.00000e+18
-1.00000e+18
-1.00000e+18
-1.00000e+18
-1.00000e+18
-1.00000e+18
-1.00000e+18
-1.00000e+18
-1.00000e+18
-1.00000e+18
-1.00000e+18
-1.00000e+18
-1.00000e+18
-1.00000e+18
-1.00000e+18
-1.00000e+18
-1.00000e+18
-1.00000e+18
-1.00000e+18
-1.00000e+18
-1.00000e+18
-1.00000e+18
-1.00000e+18
-1.00000e+18
-1.00000e+18
-1.00000e+18
-1.00000e+18
-1.00000e+18
-1.00000e+18
-1.00000e+18
-1.00000e+18
-1.00000e+18
-1.00000e+18
-1.00000e+18
-1.00000e+18
-1.00000e+18
-1.00000e+18
-1.00000e+18
-1.00000e+18
-1.00000e+18
-1.00000e+18
-1.00000e+18
-1.00000e+18
-1.00000e+18
-1.00000e+18
-1.00000e+18
-1.00000e+18
-1.00000e+18
-1.00000e+18
-1.00000e+18
-1.00000e+18
-1.00000e+18
-1.00000e+18
0.00000e+00
1.00000e+18
1.00000e+18
1.00000e+18
1.00000e+18
1.00000e+18
1.00000e+18
1.00000e+18
1.00000e+18
1.00000e+18
1.00000e+18
1.00000e+18
1.00000e+18
1.00000e+18
1.00000e+18
1.00000e+18
1.00000e+18
1.00000e+18
1.00000e+18
1.00000e+18
1.00000e+18
1.00000e+18
1.00000e+18
1.00000e+18
1.00000e+18
1.00000e+18
1.00000e+18
1.00000e+18
1.00000e+18
1.00000e+18
1.00000e+18
1.00000e+18
1.00000e+18
1.00000e+18
1.00000e+18
1.00000e+18
1.00000e+18
1.00000e+18
1.00000e+18
1.00000e+18
1.00000e+18
1.00000e+18
1.00000e+18
1.00000e+18
1.00000e+18
1.00000e+18
1.00000e+18
1.00000e+18
1.00000e+18
1.00000e+18
1.00000e+18
1.00000e+18
1.00000e+18
1.00000e+18
1.00000e+18
1.00000e+18
1.00000e+18
1.00000e+18
1.00000e+18
1.00000e+18
1.00000e+18
1.00000e+18
1.00000e+18
1.00000e+18
1.00000e+18
1.00000e+18
1.00000e+18
1.00000e+18
1.00000e+18
1.00000e+18
1.00000e+18
1.00000e+18
1.00000e+18
1.00000e+18
1.00000e+18
1.00000e+18
1.00000e+18
1.00000e+18
1.00000e+18
1.00000e+18
1.00000e+18
1.00000e+18
1.00000e+18
1.00000e+18
1.00000e+18
1.00000e+18
1.00000e+18
1.00000e+18
1.00000e+18
1.00000e+18
1.00000e+18
1.00000e+18
1.00000e+18
1.00000e+18
1.00000e+18
1.00000e+18
1.00000e+18
1.00000e+18
1.00000e+18
1.00000e+18
1.00000e+18
1.00000e+18
1.00000e+18
1.00000e+18
1.00000e+18
1.00000e+18
1.00000e+18
1.00000e+18
1.00000e+18
1.00000e+18
1.00000e+18
1.00000e+18
1.00000e+18
1.00000e+18
1.00000e+18
1.00000e+18
1.00000e+18
1.00000e+18
1.00000e+18
1.00000e+18
1.00000e+18
1.00000e+18
1.00000e+18
1.00000e+18
1.00000e+18
1.00000e+18
1.00000e+18
1.00000e+18
1.00000e+18
1.00000e+18
1.00000e+18
1.00000e+18
1.00000e+18
1.00000e+18
1.00000e+18
1.00000e+18
1.00000e+18
1.00000e+18
1.00000e+18
1.00000e+18
1.00000e+18
1.00000e+18
1.00000e+18
1.00000e+18
1.00000e+18
1.00000e+18
1.00000e+18
1.00000e+18
1.00000e+18
1.00000e+18
1.00000e+18
1.00000e+18
1.00000e+18
1.00000e+18
1.00000e+18
1.00000e+18
1.00000e+18
1.00000e+18
1.00000e+18
1.00000e+18
1.00000e+18
1.00000e+18
1.00000e+18
1.00000e+18
1.00000e+18
1.00000e+18
1.00000e+18
1.00000e+18
1.00000e+18
1.00000e+18
1.00000e+18
1.00000e+18
1.00000e+18
1.00000e+18
1.00000e+18
1.00000e+18
1.00000e+18
1.00000e+18
1.00000e+18
1.00000e+18
1.00000e+18
1.00000e+18
1.00000e+18
1.00000e+18
1.00000e+18
1.00000e+18
1.00000e+18
1.00000e+18
1.00000e+18
1.00000e+18
1.00000e+18
1.00000e+18
1.00000e+18
1.00000e+18
1.00000e+18
1.00000e+18
1.00000e+18
1.00000e+18
1.00000e+18
1.00000e+18
1.00000e+18
1.00000e+18
1.00000e+18
1.00000e+18
1.00000e+18
1.00000e+18
1.00000e+18
1.00000e+18
1.00000e+18
1.00000e+18
1.00000e+18
1.00000e+18
1.00000e+18
1.00000e+18
1.00000e+18
1.00000e+18
1.00000e+18
1.00000e+18
1.00000e+18
1.00000e+18
1.00000e+18
1.00000e+18
1.00000e+18
1.00000e+18
1.00000e+18
1.00000e+18
1.00000e+18
1.00000e+18
1.00000e+18
1.00000e+18
1.00000e+18
1.00000e+18
1.00000e+18
Region "MyRegion" on device "MyDevice" has equations 0:464
Device "MyDevice" has equations 0:464
number of equations 465
Iteration: 0
  Device: "MyDevice"	RelError: 1.00000e+00	AbsError: 8.88882e-02
    Region: "MyRegion"	RelError: 1.00000e+00	AbsError: 8.88882e-02
      Equation: "PotentialEquation"	RelError: 1.00000e+00	AbsError: 8.88882e-02
Iteration: 1
  Device: "MyDevice"	RelError: 4.91285e-01	AbsError: 8.58427e-02
    Region: "MyRegion"	RelError: 4.91285e-01	AbsError: 8.58427e-02
      Equation: "PotentialEquation"	RelError: 4.91285e-01	AbsError: 8.58427e-02
Iteration: 2
  Device: "MyDevice"	RelError: 3.20761e-01	AbsError: 8.25143e-02
    Region: "MyRegion"	RelError: 3.20761e-01	AbsError: 8.25143e-02
      Equation: "PotentialEquation"	RelError: 3.20761e-01	AbsError: 8.25143e-02
Iteration: 3
  Device: "MyDevice"	RelError: 2.34478e-01	AbsError: 7.87938e-02
    Region: "MyRegion"	RelError: 2.34478e-01	AbsError: 7.87938e-02
      Equation: "PotentialEquation"	RelError: 2.34478e-01	AbsError: 7.87938e-02
Iteration: 4
  Device: "MyDevice"	RelError: 1.94308e-01	AbsError: 7.35513e-02
    Region: "MyRegion"	RelError: 1.94308e-01	AbsError: 7.35513e-02
      Equation: "PotentialEquation"	RelError: 1.94308e-01	AbsError: 7.35513e-02
Iteration: 5
  Device: "MyDevice"	RelError: 2.20512e+00	AbsError: 5.56633e-02
    Region: "MyRegion"	RelError: 2.20512e+00	AbsError: 5.56633e-02
      Equation: "PotentialEquation"	RelError: 2.20512e+00	AbsError: 5.56633e-02
Iteration: 6
  Device: "MyDevice"	RelError: 4.42954e-01	AbsError: 3.95692e-02
    Region: "MyRegion"	RelError: 4.42954e-01	AbsError: 3.95692e-02
      Equation: "PotentialEquation"	RelError: 4.42954e-01	AbsError: 3.95692e-02
Iteration: 7
  Device: "MyDevice"	RelError: 6.44444e-02	AbsError: 2.91367e-02
    Region: "MyRegion"	RelError: 6.44444e-02	AbsError: 2.91367e-02
      Equation: "PotentialEquation"	RelError: 6.44444e-02	AbsError: 2.91367e-02
Iteration: 8
  Device: "MyDevice"	RelError: 5.18778e-02	AbsError: 2.47384e-02
    Region: "MyRegion"	RelError: 5.18778e-02	AbsError: 2.47384e-02
      Equation: "PotentialEquation"	RelError: 5.18778e-02	AbsError: 2.47384e-02
Iteration: 9
  Device: "MyDevice"	RelError: 8.86327e-04	AbsError: 4.22634e-04
    Region: "MyRegion"	RelError: 8.86327e-04	AbsError: 4.22634e-04
      Equation: "PotentialEquation"	RelError: 8.86327e-04	AbsError: 4.22634e-04
Iteration: 10
  Device: "MyDevice"	RelError: 4.57979e-06	AbsError: 9.93520e-07
    Region: "MyRegion"	RelError: 4.57979e-06	AbsError: 9.93520e-07
      Equation: "PotentialEquation"	RelError: 4.57979e-06	AbsError: 9.93520e-07
Iteration: 11
  Device: "MyDevice"	RelError: 9.66138e-11	AbsError: 7.81763e-12
    Region: "MyRegion"	RelError: 9.66138e-11	AbsError: 7.81763e-12
      Equation: "PotentialEquation"	RelError: 9.66138e-11	AbsError: 7.81763e-12
Warning: Replacing equation with equation of the same name.
Region: MyRegion, Equation: PotentialEquation, Variable: Potential
Region "MyRegion" on device "MyDevice" has equations 0:1394
Device "MyDevice" has equations 0:1394
number of equations 1395
Iteration: 0
  Device: "MyDevice"	RelError: 1.70694e-12	AbsError: 1.02400e+04
    Region: "MyRegion"	RelError: 1.70694e-12	AbsError: 1.02400e+04
      Equation: "ElectronContinuityEquation"	RelError: 1.68387e-14	AbsError: 5.12000e+03
      Equation: "HoleContinuityEquation"	RelError: 1.88533e-14	AbsError: 5.12000e+03
      Equation: "PotentialEquation"	RelError: 1.67125e-12	AbsError: 3.85467e-16
Region "MyRegion" on device "MyDevice" has equations 0:1394
Device "MyDevice" has equations 0:1394
number of equations 1395
Iteration: 0
  Device: "MyDevice"	RelError: 1.58555e-12	AbsError: 5.88892e+02
    Region: "MyRegion"	RelError: 1.58555e-12	AbsError: 5.88892e+02
      Equation: "ElectronContinuityEquation"	RelError: 6.78880e-15	AbsError: 2.72913e+02
      Equation: "HoleContinuityEquation"	RelError: 8.42082e-15	AbsError: 3.15979e+02
      Equation: "PotentialEquation"	RelError: 1.57034e-12	AbsError: 2.65059e-16
top	0.0	-8.69459356087e-25	-2.15588544345e-09	-2.15588544345e-09
bot	0.0	1.07866002662e-07	5.70128259829e-24	1.07866002662e-07
Region "MyRegion" on device "MyDevice" has equations 0:1394
Device "MyDevice" has equations 0:1394
number of equations 1395
Iteration: 0
  Device: "MyDevice"	RelError: 2.30586e+04	AbsError: 2.10255e+17
    Region: "MyRegion"	RelError: 2.30586e+04	AbsError: 2.10255e+17
      Equation: "ElectronContinuityEquation"	RelError: 2.17410e+04	AbsError: 6.45510e+16
      Equation: "HoleContinuityEquation"	RelError: 9.99000e+02	AbsError: 1.45704e+17
      Equation: "PotentialEquation"	RelError: 3.18599e+02	AbsError: 5.19673e-02
Iteration: 1
  Device: "MyDevice"	RelError: 9.62532e+00	AbsError: 4.08056e+17
    Region: "MyRegion"	RelError: 9.62532e+00	AbsError: 4.08056e+17
      Equation: "ElectronContinuityEquation"	RelError: 1.24918e+00	AbsError: 1.66881e+17
      Equation: "HoleContinuityEquation"	RelError: 9.99319e-01	AbsError: 2.41175e+17
      Equation: "PotentialEquation"	RelError: 7.37682e+00	AbsError: 3.07632e-02
Iteration: 2
  Device: "MyDevice"	RelError: 2.66484e+01	AbsError: 8.59001e+16
    Region: "MyRegion"	RelError: 2.66484e+01	AbsError: 8.59001e+16
      Equation: "ElectronContinuityEquation"	RelError: 9.28889e-01	AbsError: 3.95003e+16
      Equation: "HoleContinuityEquation"	RelError: 9.30608e-01	AbsError: 4.63998e+16
      Equation: "PotentialEquation"	RelError: 2.47889e+01	AbsError: 2.57528e-02
Iteration: 3
  Device: "MyDevice"	RelError: 2.61716e+01	AbsError: 4.36420e+16
    Region: "MyRegion"	RelError: 2.61716e+01	AbsError: 4.36420e+16
      Equation: "ElectronContinuityEquation"	RelError: 6.24951e-01	AbsError: 2.28223e+16
      Equation: "HoleContinuityEquation"	RelError: 5.10099e-01	AbsError: 2.08198e+16
      Equation: "PotentialEquation"	RelError: 2.50365e+01	AbsError: 1.56954e-02
Iteration: 4
  Device: "MyDevice"	RelError: 1.14095e+00	AbsError: 4.19810e+15
    Region: "MyRegion"	RelError: 1.14095e+00	AbsError: 4.19810e+15
      Equation: "ElectronContinuityEquation"	RelError: 2.39247e-01	AbsError: 1.51670e+15
      Equation: "HoleContinuityEquation"	RelError: 1.13595e-01	AbsError: 2.68140e+15
      Equation: "PotentialEquation"	RelError: 7.88107e-01	AbsError: 8.41914e-04
Iteration: 5
  Device: "MyDevice"	RelError: 1.06690e-02	AbsError: 1.80955e+13
    Region: "MyRegion"	RelError: 1.06690e-02	AbsError: 1.80955e+13
      Equation: "ElectronContinuityEquation"	RelError: 1.80369e-03	AbsError: 1.19829e+13
      Equation: "HoleContinuityEquation"	RelError: 4.23720e-04	AbsError: 6.11268e+12
      Equation: "PotentialEquation"	RelError: 8.44164e-03	AbsError: 9.87307e-06
Iteration: 6
  Device: "MyDevice"	RelError: 4.89692e-05	AbsError: 1.01647e+11
    Region: "MyRegion"	RelError: 4.89692e-05	AbsError: 1.01647e+11
      Equation: "ElectronContinuityEquation"	RelError: 1.67841e-06	AbsError: 5.60226e+10
      Equation: "HoleContinuityEquation"	RelError: 1.91724e-06	AbsError: 4.56245e+10
      Equation: "PotentialEquation"	RelError: 4.53736e-05	AbsError: 5.01478e-08
Iteration: 7
  Device: "MyDevice"	RelError: 1.44656e-07	AbsError: 4.83797e+08
    Region: "MyRegion"	RelError: 1.44656e-07	AbsError: 4.83797e+08
      Equation: "ElectronContinuityEquation"	RelError: 6.94862e-09	AbsError: 1.38441e+08
      Equation: "HoleContinuityEquation"	RelError: 5.04954e-09	AbsError: 3.45356e+08
      Equation: "PotentialEquation"	RelError: 1.32658e-07	AbsError: 1.34315e-10
Iteration: 8
  Device: "MyDevice"	RelError: 4.16440e-10	AbsError: 1.36942e+06
    Region: "MyRegion"	RelError: 4.16440e-10	AbsError: 1.36942e+06
      Equation: "ElectronContinuityEquation"	RelError: 5.31621e-11	AbsError: 3.81189e+05
      Equation: "HoleContinuityEquation"	RelError: 1.36021e-11	AbsError: 9.88231e+05
      Equation: "PotentialEquation"	RelError: 3.49675e-10	AbsError: 3.61878e-13
Iteration: 9
  Device: "MyDevice"	RelError: 3.73360e-12	AbsError: 6.91227e+03
    Region: "MyRegion"	RelError: 3.73360e-12	AbsError: 6.91227e+03
      Equation: "ElectronContinuityEquation"	RelError: 1.23068e-13	AbsError: 4.48426e+03
      Equation: "HoleContinuityEquation"	RelError: 1.44984e-13	AbsError: 2.42802e+03
      Equation: "PotentialEquation"	RelError: 3.46555e-12	AbsError: 3.93102e-15
top	0.1	2.77590536308e-09	1.13147225967e-07	1.1592313133e-07
bot	0.0	-1.17372668433e-07	-1.38812155524e-09	-1.18760789988e-07
Region "MyRegion" on device "MyDevice" has equations 0:1394
Device "MyDevice" has equations 0:1394
number of equations 1395
Iteration: 0
  Device: "MyDevice"	RelError: 3.41254e+01	AbsError: 2.79255e+17
    Region: "MyRegion"	RelError: 3.41254e+01	AbsError: 2.79255e+17
      Equation: "ElectronContinuityEquation"	RelError: 8.15956e-01	AbsError: 1.37802e+17
      Equation: "HoleContinuityEquation"	RelError: 8.24324e-01	AbsError: 1.41453e+17
      Equation: "PotentialEquation"	RelError: 3.24851e+01	AbsError: 4.09542e-02
Iteration: 1
  Device: "MyDevice"	RelError: 1.63824e+02	AbsError: 4.53893e+16
    Region: "MyRegion"	RelError: 1.63824e+02	AbsError: 4.53893e+16
      Equation: "ElectronContinuityEquation"	RelError: 7.32220e-01	AbsError: 2.85592e+16
      Equation: "HoleContinuityEquation"	RelError: 8.56448e-01	AbsError: 1.68301e+16
      Equation: "PotentialEquation"	RelError: 1.62236e+02	AbsError: 3.07632e-02
Iteration: 2
  Device: "MyDevice"	RelError: 1.29484e+01	AbsError: 4.54273e+16
    Region: "MyRegion"	RelError: 1.29484e+01	AbsError: 4.54273e+16
      Equation: "ElectronContinuityEquation"	RelError: 4.56403e-01	AbsError: 8.39413e+14
      Equation: "HoleContinuityEquation"	RelError: 2.74157e-01	AbsError: 4.45878e+16
      Equation: "PotentialEquation"	RelError: 1.22178e+01	AbsError: 2.56570e-02
Iteration: 3
  Device: "MyDevice"	RelError: 1.08922e+00	AbsError: 1.19380e+16
    Region: "MyRegion"	RelError: 1.08922e+00	AbsError: 1.19380e+16
      Equation: "ElectronContinuityEquation"	RelError: 1.97754e-01	AbsError: 6.40755e+14
      Equation: "HoleContinuityEquation"	RelError: 6.00433e-02	AbsError: 1.12972e+16
      Equation: "PotentialEquation"	RelError: 8.31422e-01	AbsError: 9.18698e-03
Iteration: 4
  Device: "MyDevice"	RelError: 7.64549e-02	AbsError: 1.67872e+15
    Region: "MyRegion"	RelError: 7.64549e-02	AbsError: 1.67872e+15
      Equation: "ElectronContinuityEquation"	RelError: 5.76990e-02	AbsError: 1.13677e+14
      Equation: "HoleContinuityEquation"	RelError: 5.11895e-03	AbsError: 1.56505e+15
      Equation: "PotentialEquation"	RelError: 1.36370e-02	AbsError: 4.65151e-05
Iteration: 5
  Device: "MyDevice"	RelError: 4.95865e-04	AbsError: 8.44759e+12
    Region: "MyRegion"	RelError: 4.95865e-04	AbsError: 8.44759e+12
      Equation: "ElectronContinuityEquation"	RelError: 7.64254e-05	AbsError: 7.56264e+11
      Equation: "HoleContinuityEquation"	RelError: 1.34488e-05	AbsError: 7.69133e+12
      Equation: "PotentialEquation"	RelError: 4.05991e-04	AbsError: 6.36774e-07
Iteration: 6
  Device: "MyDevice"	RelError: 1.78487e-06	AbsError: 1.55654e+10
    Region: "MyRegion"	RelError: 1.78487e-06	AbsError: 1.55654e+10
      Equation: "ElectronContinuityEquation"	RelError: 8.65444e-08	AbsError: 3.19179e+09
      Equation: "HoleContinuityEquation"	RelError: 9.90134e-08	AbsError: 1.23736e+10
      Equation: "PotentialEquation"	RelError: 1.59931e-06	AbsError: 2.60639e-09
Iteration: 7
  Device: "MyDevice"	RelError: 4.41287e-09	AbsError: 3.14611e+07
    Region: "MyRegion"	RelError: 4.41287e-09	AbsError: 3.14611e+07
      Equation: "ElectronContinuityEquation"	RelError: 2.00415e-10	AbsError: 6.89667e+06
      Equation: "HoleContinuityEquation"	RelError: 2.27737e-10	AbsError: 2.45644e+07
      Equation: "PotentialEquation"	RelError: 3.98472e-09	AbsError: 5.97831e-12
Iteration: 8
  Device: "MyDevice"	RelError: 4.32959e-12	AbsError: 2.32965e+04
    Region: "MyRegion"	RelError: 4.32959e-12	AbsError: 2.32965e+04
      Equation: "ElectronContinuityEquation"	RelError: 2.06600e-13	AbsError: 7.33063e+03
      Equation: "HoleContinuityEquation"	RelError: 2.82864e-13	AbsError: 1.59659e+04
      Equation: "PotentialEquation"	RelError: 3.84012e-12	AbsError: 6.20267e-15
top	0.2	1.28329442858e-07	1.00906751457e-06	1.13739695743e-06
bot	0.0	-1.03513898029e-06	-6.41720126802e-08	-1.09931099297e-06
Region "MyRegion" on device "MyDevice" has equations 0:1394
Device "MyDevice" has equations 0:1394
number of equations 1395
Iteration: 0
  Device: "MyDevice"	RelError: 2.77743e+01	AbsError: 2.40475e+17
    Region: "MyRegion"	RelError: 2.77743e+01	AbsError: 2.40475e+17
      Equation: "ElectronContinuityEquation"	RelError: 7.92310e-01	AbsError: 1.19976e+17
      Equation: "HoleContinuityEquation"	RelError: 7.94610e-01	AbsError: 1.20500e+17
      Equation: "PotentialEquation"	RelError: 2.61873e+01	AbsError: 4.10058e-02
Iteration: 1
  Device: "MyDevice"	RelError: 3.47570e+01	AbsError: 3.12687e+16
    Region: "MyRegion"	RelError: 3.47570e+01	AbsError: 3.12687e+16
      Equation: "ElectronContinuityEquation"	RelError: 6.94232e-01	AbsError: 1.61792e+16
      Equation: "HoleContinuityEquation"	RelError: 7.84824e-01	AbsError: 1.50894e+16
      Equation: "PotentialEquation"	RelError: 3.32779e+01	AbsError: 3.07632e-02
Iteration: 2
  Device: "MyDevice"	RelError: 1.11272e+01	AbsError: 3.74538e+15
    Region: "MyRegion"	RelError: 1.11272e+01	AbsError: 3.74538e+15
      Equation: "ElectronContinuityEquation"	RelError: 5.05921e-01	AbsError: 1.21280e+15
      Equation: "HoleContinuityEquation"	RelError: 4.81073e-01	AbsError: 2.53258e+15
      Equation: "PotentialEquation"	RelError: 1.01402e+01	AbsError: 2.57447e-02
Iteration: 3
  Device: "MyDevice"	RelError: 4.72788e-01	AbsError: 7.80844e+14
    Region: "MyRegion"	RelError: 4.72788e-01	AbsError: 7.80844e+14
      Equation: "ElectronContinuityEquation"	RelError: 2.73799e-01	AbsError: 3.46311e+14
      Equation: "HoleContinuityEquation"	RelError: 6.98877e-02	AbsError: 4.34533e+14
      Equation: "PotentialEquation"	RelError: 1.29101e-01	AbsError: 9.16533e-03
Iteration: 4
  Device: "MyDevice"	RelError: 1.52347e-01	AbsError: 9.42232e+14
    Region: "MyRegion"	RelError: 1.52347e-01	AbsError: 9.42232e+14
      Equation: "ElectronContinuityEquation"	RelError: 7.63913e-02	AbsError: 3.87744e+13
      Equation: "HoleContinuityEquation"	RelError: 3.35867e-03	AbsError: 9.03458e+14
      Equation: "PotentialEquation"	RelError: 7.25967e-02	AbsError: 7.92665e-05
Iteration: 5
  Device: "MyDevice"	RelError: 9.84797e-05	AbsError: 1.96778e+13
    Region: "MyRegion"	RelError: 9.84797e-05	AbsError: 1.96778e+13
      Equation: "ElectronContinuityEquation"	RelError: 5.39834e-05	AbsError: 1.13494e+13
      Equation: "HoleContinuityEquation"	RelError: 1.03098e-05	AbsError: 8.32839e+12
      Equation: "PotentialEquation"	RelError: 3.41865e-05	AbsError: 2.96665e-07
Iteration: 6
  Device: "MyDevice"	RelError: 9.21873e-07	AbsError: 4.29521e+11
    Region: "MyRegion"	RelError: 9.21873e-07	AbsError: 4.29521e+11
      Equation: "ElectronContinuityEquation"	RelError: 3.23953e-07	AbsError: 3.23893e+11
      Equation: "HoleContinuityEquation"	RelError: 2.04437e-07	AbsError: 1.05628e+11
      Equation: "PotentialEquation"	RelError: 3.93483e-07	AbsError: 8.22341e-09
Iteration: 7
  Device: "MyDevice"	RelError: 7.25071e-09	AbsError: 3.43536e+09
    Region: "MyRegion"	RelError: 7.25071e-09	AbsError: 3.43536e+09
      Equation: "ElectronContinuityEquation"	RelError: 1.98577e-09	AbsError: 1.98540e+09
      Equation: "HoleContinuityEquation"	RelError: 1.56452e-09	AbsError: 1.44995e+09
      Equation: "PotentialEquation"	RelError: 3.70042e-09	AbsError: 5.18995e-11
Iteration: 8
  Device: "MyDevice"	RelError: 1.40414e-10	AbsError: 5.48655e+07
    Region: "MyRegion"	RelError: 1.40414e-10	AbsError: 5.48655e+07
      Equation: "ElectronContinuityEquation"	RelError: 3.56916e-11	AbsError: 2.49343e+07
      Equation: "HoleContinuityEquation"	RelError: 3.19872e-11	AbsError: 2.99311e+07
      Equation: "PotentialEquation"	RelError: 7.27355e-11	AbsError: 8.28075e-13
Iteration: 9
  Device: "MyDevice"	RelError: 2.62154e-12	AbsError: 1.39826e+06
    Region: "MyRegion"	RelError: 2.62154e-12	AbsError: 1.39826e+06
      Equation: "ElectronContinuityEquation"	RelError: 1.13119e-12	AbsError: 1.13098e+06
      Equation: "HoleContinuityEquation"	RelError: 8.43923e-13	AbsError: 2.67278e+05
      Equation: "PotentialEquation"	RelError: 6.46421e-13	AbsError: 2.92062e-14
top	0.3	5.80684829016e-06	1.01246124793e-05	1.59314607694e-05
bot	0.0	-1.30471509477e-05	-2.90373085355e-06	-1.59508818012e-05
Region "MyRegion" on device "MyDevice" has equations 0:1394
Device "MyDevice" has equations 0:1394
number of equations 1395
Iteration: 0
  Device: "MyDevice"	RelError: 3.45877e+02	AbsError: 2.57052e+17
    Region: "MyRegion"	RelError: 3.45877e+02	AbsError: 2.57052e+17
      Equation: "ElectronContinuityEquation"	RelError: 7.91996e-01	AbsError: 1.27603e+17
      Equation: "HoleContinuityEquation"	RelError: 7.92757e-01	AbsError: 1.29449e+17
      Equation: "PotentialEquation"	RelError: 3.44292e+02	AbsError: 4.09542e-02
Iteration: 1
  Device: "MyDevice"	RelError: 3.11896e+02	AbsError: 1.09778e+17
    Region: "MyRegion"	RelError: 3.11896e+02	AbsError: 1.09778e+17
      Equation: "ElectronContinuityEquation"	RelError: 6.87414e-01	AbsError: 6.83623e+16
      Equation: "HoleContinuityEquation"	RelError: 7.79006e-01	AbsError: 4.14157e+16
      Equation: "PotentialEquation"	RelError: 3.10430e+02	AbsError: 3.07632e-02
Iteration: 2
  Device: "MyDevice"	RelError: 1.90401e+01	AbsError: 4.56444e+15
    Region: "MyRegion"	RelError: 1.90401e+01	AbsError: 4.56444e+15
      Equation: "ElectronContinuityEquation"	RelError: 5.07520e-01	AbsError: 2.66751e+15
      Equation: "HoleContinuityEquation"	RelError: 4.98290e-01	AbsError: 1.89693e+15
      Equation: "PotentialEquation"	RelError: 1.80343e+01	AbsError: 2.57114e-02
Iteration: 3
  Device: "MyDevice"	RelError: 4.77564e-01	AbsError: 1.33765e+15
    Region: "MyRegion"	RelError: 4.77564e-01	AbsError: 1.33765e+15
      Equation: "ElectronContinuityEquation"	RelError: 2.82788e-01	AbsError: 1.01046e+15
      Equation: "HoleContinuityEquation"	RelError: 7.49003e-02	AbsError: 3.27193e+14
      Equation: "PotentialEquation"	RelError: 1.19875e-01	AbsError: 9.16533e-03
Iteration: 4
  Device: "MyDevice"	RelError: 8.27357e-02	AbsError: 8.47011e+14
    Region: "MyRegion"	RelError: 8.27357e-02	AbsError: 8.47011e+14
      Equation: "ElectronContinuityEquation"	RelError: 7.68365e-02	AbsError: 6.94577e+14
      Equation: "HoleContinuityEquation"	RelError: 4.13011e-04	AbsError: 1.52434e+14
      Equation: "PotentialEquation"	RelError: 5.48621e-03	AbsError: 1.78716e-05
Iteration: 5
  Device: "MyDevice"	RelError: 8.72497e-06	AbsError: 4.42499e+11
    Region: "MyRegion"	RelError: 8.72497e-06	AbsError: 4.42499e+11
      Equation: "ElectronContinuityEquation"	RelError: 8.58689e-06	AbsError: 4.37633e+11
      Equation: "HoleContinuityEquation"	RelError: 1.27415e-07	AbsError: 4.86578e+09
      Equation: "PotentialEquation"	RelError: 1.06615e-08	AbsError: 5.08401e-09
Iteration: 6
  Device: "MyDevice"	RelError: 1.00985e-12	AbsError: 5.56546e+05
    Region: "MyRegion"	RelError: 1.00985e-12	AbsError: 5.56546e+05
      Equation: "ElectronContinuityEquation"	RelError: 5.56327e-13	AbsError: 5.56260e+05
      Equation: "HoleContinuityEquation"	RelError: 4.08000e-13	AbsError: 2.85989e+02
      Equation: "PotentialEquation"	RelError: 4.55238e-14	AbsError: 1.54074e-14
top	0.4	0.000262212527169	0.000186540405211	0.00044875293238
bot	0.0	-0.000317710933528	-0.000131119055845	-0.000448829989373
Region "MyRegion" on device "MyDevice" has equations 0:1394
Device "MyDevice" has equations 0:1394
number of equations 1395
Iteration: 0
  Device: "MyDevice"	RelError: 1.75289e+02	AbsError: 2.79354e+17
    Region: "MyRegion"	RelError: 1.75289e+02	AbsError: 2.79354e+17
      Equation: "ElectronContinuityEquation"	RelError: 7.92056e-01	AbsError: 1.39696e+17
      Equation: "HoleContinuityEquation"	RelError: 7.92053e-01	AbsError: 1.39658e+17
      Equation: "PotentialEquation"	RelError: 1.73705e+02	AbsError: 4.09542e-02
Iteration: 1
  Device: "MyDevice"	RelError: 1.74871e+02	AbsError: 4.71096e+16
    Region: "MyRegion"	RelError: 1.74871e+02	AbsError: 4.71096e+16
      Equation: "ElectronContinuityEquation"	RelError: 6.87375e-01	AbsError: 2.46503e+16
      Equation: "HoleContinuityEquation"	RelError: 7.76308e-01	AbsError: 2.24593e+16
      Equation: "PotentialEquation"	RelError: 1.73407e+02	AbsError: 3.07632e-02
Iteration: 2
  Device: "MyDevice"	RelError: 2.37603e+00	AbsError: 7.26737e+15
    Region: "MyRegion"	RelError: 2.37603e+00	AbsError: 7.26737e+15
      Equation: "ElectronContinuityEquation"	RelError: 5.06853e-01	AbsError: 4.31756e+15
      Equation: "HoleContinuityEquation"	RelError: 5.01221e-01	AbsError: 2.94982e+15
      Equation: "PotentialEquation"	RelError: 1.36796e+00	AbsError: 2.57724e-02
Iteration: 3
  Device: "MyDevice"	RelError: 7.54618e-01	AbsError: 2.47648e+14
    Region: "MyRegion"	RelError: 7.54618e-01	AbsError: 2.47648e+14
      Equation: "ElectronContinuityEquation"	RelError: 2.83980e-01	AbsError: 2.28929e+13
      Equation: "HoleContinuityEquation"	RelError: 7.45616e-02	AbsError: 2.24755e+14
      Equation: "PotentialEquation"	RelError: 3.96077e-01	AbsError: 9.16533e-03
Iteration: 4
  Device: "MyDevice"	RelError: 7.62910e-02	AbsError: 8.98113e+13
    Region: "MyRegion"	RelError: 7.62910e-02	AbsError: 8.98113e+13
      Equation: "ElectronContinuityEquation"	RelError: 7.59905e-02	AbsError: 5.85907e+12
      Equation: "HoleContinuityEquation"	RelError: 2.26003e-04	AbsError: 8.39522e+13
      Equation: "PotentialEquation"	RelError: 7.44675e-05	AbsError: 3.10438e-06
Iteration: 5
  Device: "MyDevice"	RelError: 4.20652e-06	AbsError: 3.93246e+09
    Region: "MyRegion"	RelError: 4.20652e-06	AbsError: 3.93246e+09
      Equation: "ElectronContinuityEquation"	RelError: 4.18718e-06	AbsError: 2.37214e+09
      Equation: "HoleContinuityEquation"	RelError: 1.87020e-08	AbsError: 1.56031e+09
      Equation: "PotentialEquation"	RelError: 6.42453e-10	AbsError: 6.17553e-11
Iteration: 6
  Device: "MyDevice"	RelError: 1.85750e-13	AbsError: 1.47469e+04
    Region: "MyRegion"	RelError: 1.85750e-13	AbsError: 1.47469e+04
      Equation: "ElectronContinuityEquation"	RelError: 1.05770e-13	AbsError: 1.44323e+04
      Equation: "HoleContinuityEquation"	RelError: 7.91955e-14	AbsError: 3.14642e+02
      Equation: "PotentialEquation"	RelError: 7.84583e-16	AbsError: 3.74135e-16
top	0.5	0.0118105431753	0.00634461199801	0.0181551551733
bot	0.0	-0.0122494226315	-0.00590579888093	-0.0181552215125
