
----------------------------------------

 DEVSIM

 Version: Beta 0.01

 Copyright 2009-2015 Devsim LLC

----------------------------------------


Physical group name Base has 0 Tetrahedra.
Physical group name Base has 223 Triangles.
Physical group name Base has 354 Lines.
Physical group name Base has 132 Points.
Physical group name Bulk has 6701 Tetrahedra.
Physical group name Bulk has 14066 Triangles.
Physical group name Bulk has 8781 Lines.
Physical group name Bulk has 1417 Points.
Physical group name Emitter has 0 Tetrahedra.
Physical group name Emitter has 201 Triangles.
Physical group name Emitter has 320 Lines.
Physical group name Emitter has 120 Points.
Device diode3d has 1417 coordinates with max index 1417
group Bulk has 1417 nodes.
Region Bulk has 1417 nodes.
Region Bulk has 1417 nodes.
group Emitter has 120 nodes.
Contact bot in region Bulk with 120 nodes
group Base has 132 nodes.
Contact top in region Bulk with 132 nodes
Creating Node Solution Potential
Region "Bulk" on device "diode3d" has equations 0:1416
Device "diode3d" has equations 0:1416
number of equations 1417
Iteration: 0
  Device: "diode3d"	RelError: 1.00000e+00	AbsError: 8.97349e-02
    Region: "Bulk"	RelError: 1.00000e+00	AbsError: 8.97349e-02
      Equation: "PotentialEquation"	RelError: 1.00000e+00	AbsError: 8.97349e-02
Iteration: 1
  Device: "diode3d"	RelError: 4.91582e-01	AbsError: 8.67635e-02
    Region: "Bulk"	RelError: 4.91582e-01	AbsError: 8.67635e-02
      Equation: "PotentialEquation"	RelError: 4.91582e-01	AbsError: 8.67635e-02
Iteration: 2
  Device: "diode3d"	RelError: 3.21212e-01	AbsError: 8.35216e-02
    Region: "Bulk"	RelError: 3.21212e-01	AbsError: 8.35216e-02
      Equation: "PotentialEquation"	RelError: 3.21212e-01	AbsError: 8.35216e-02
Iteration: 3
  Device: "diode3d"	RelError: 2.35032e-01	AbsError: 7.98898e-02
    Region: "Bulk"	RelError: 2.35032e-01	AbsError: 7.98898e-02
      Equation: "PotentialEquation"	RelError: 2.35032e-01	AbsError: 7.98898e-02
Iteration: 4
  Device: "diode3d"	RelError: 5.16590e-01	AbsError: 7.44408e-02
    Region: "Bulk"	RelError: 5.16590e-01	AbsError: 7.44408e-02
      Equation: "PotentialEquation"	RelError: 5.16590e-01	AbsError: 7.44408e-02
Iteration: 5
  Device: "diode3d"	RelError: 2.34632e+00	AbsError: 5.62017e-02
    Region: "Bulk"	RelError: 2.34632e+00	AbsError: 5.62017e-02
      Equation: "PotentialEquation"	RelError: 2.34632e+00	AbsError: 5.62017e-02
Iteration: 6
  Device: "diode3d"	RelError: 3.59746e+00	AbsError: 3.95692e-02
    Region: "Bulk"	RelError: 3.59746e+00	AbsError: 3.95692e-02
      Equation: "PotentialEquation"	RelError: 3.59746e+00	AbsError: 3.95692e-02
Iteration: 7
  Device: "diode3d"	RelError: 1.72191e-01	AbsError: 2.91367e-02
    Region: "Bulk"	RelError: 1.72191e-01	AbsError: 2.91367e-02
      Equation: "PotentialEquation"	RelError: 1.72191e-01	AbsError: 2.91367e-02
Iteration: 8
  Device: "diode3d"	RelError: 5.18778e-02	AbsError: 2.47384e-02
    Region: "Bulk"	RelError: 5.18778e-02	AbsError: 2.47384e-02
      Equation: "PotentialEquation"	RelError: 5.18778e-02	AbsError: 2.47384e-02
Iteration: 9
  Device: "diode3d"	RelError: 3.11204e-04	AbsError: 4.09701e-05
    Region: "Bulk"	RelError: 3.11204e-04	AbsError: 4.09701e-05
      Equation: "PotentialEquation"	RelError: 3.11204e-04	AbsError: 4.09701e-05
Iteration: 10
  Device: "diode3d"	RelError: 4.19686e-08	AbsError: 1.62468e-08
    Region: "Bulk"	RelError: 4.19686e-08	AbsError: 1.62468e-08
      Equation: "PotentialEquation"	RelError: 4.19686e-08	AbsError: 1.62468e-08
Iteration: 11
  Device: "diode3d"	RelError: 1.92153e-14	AbsError: 2.51164e-15
    Region: "Bulk"	RelError: 1.92153e-14	AbsError: 2.51164e-15
      Equation: "PotentialEquation"	RelError: 1.92153e-14	AbsError: 2.51164e-15
Warning: Replacing equation with equation of the same name.
Region: Bulk, Equation: PotentialEquation, Variable: Potential
Region "Bulk" on device "diode3d" has equations 0:4250
Device "diode3d" has equations 0:4250
number of equations 4251
Iteration: 0
  Device: "diode3d"	RelError: 6.36166e-09	AbsError: 1.02400e+04
    Region: "Bulk"	RelError: 6.36166e-09	AbsError: 1.02400e+04
      Equation: "ElectronContinuityEquation"	RelError: 2.91412e-09	AbsError: 5.12000e+03
      Equation: "HoleContinuityEquation"	RelError: 3.44753e-09	AbsError: 5.12000e+03
      Equation: "PotentialEquation"	RelError: 1.51307e-14	AbsError: 1.48073e-16
Region "Bulk" on device "diode3d" has equations 0:4250
Device "diode3d" has equations 0:4250
number of equations 4251
Iteration: 0
  Device: "diode3d"	RelError: 8.16490e+02	AbsError: 2.07720e+17
    Region: "Bulk"	RelError: 8.16490e+02	AbsError: 2.07720e+17
      Equation: "ElectronContinuityEquation"	RelError: 7.77244e-01	AbsError: 1.03578e+17
      Equation: "HoleContinuityEquation"	RelError: 7.77165e-01	AbsError: 1.04142e+17
      Equation: "PotentialEquation"	RelError: 8.14936e+02	AbsError: 4.45901e-02
Iteration: 1
  Device: "diode3d"	RelError: 4.38525e+02	AbsError: 2.53418e+16
    Region: "Bulk"	RelError: 4.38525e+02	AbsError: 2.53418e+16
      Equation: "ElectronContinuityEquation"	RelError: 6.75088e-01	AbsError: 1.37604e+16
      Equation: "HoleContinuityEquation"	RelError: 7.55113e-01	AbsError: 1.15814e+16
      Equation: "PotentialEquation"	RelError: 4.37095e+02	AbsError: 3.25387e-02
Iteration: 2
  Device: "diode3d"	RelError: 3.39164e+00	AbsError: 1.18033e+16
    Region: "Bulk"	RelError: 3.39164e+00	AbsError: 1.18033e+16
      Equation: "ElectronContinuityEquation"	RelError: 4.93456e-01	AbsError: 1.05201e+15
      Equation: "HoleContinuityEquation"	RelError: 4.81225e-01	AbsError: 1.07513e+16
      Equation: "PotentialEquation"	RelError: 2.41696e+00	AbsError: 2.57958e-02
Iteration: 3
  Device: "diode3d"	RelError: 2.04452e+01	AbsError: 1.46268e+16
    Region: "Bulk"	RelError: 2.04452e+01	AbsError: 1.46268e+16
      Equation: "ElectronContinuityEquation"	RelError: 3.03539e-01	AbsError: 9.78395e+14
      Equation: "HoleContinuityEquation"	RelError: 1.50456e-01	AbsError: 1.36484e+16
      Equation: "PotentialEquation"	RelError: 1.99912e+01	AbsError: 1.14541e-02
Iteration: 4
  Device: "diode3d"	RelError: 1.13044e+00	AbsError: 2.17219e+15
    Region: "Bulk"	RelError: 1.13044e+00	AbsError: 2.17219e+15
      Equation: "ElectronContinuityEquation"	RelError: 8.67962e-02	AbsError: 5.15614e+14
      Equation: "HoleContinuityEquation"	RelError: 1.17251e-02	AbsError: 1.65657e+15
      Equation: "PotentialEquation"	RelError: 1.03192e+00	AbsError: 1.03958e-03
Iteration: 5
  Device: "diode3d"	RelError: 3.77218e-04	AbsError: 1.36142e+13
    Region: "Bulk"	RelError: 3.77218e-04	AbsError: 1.36142e+13
      Equation: "ElectronContinuityEquation"	RelError: 1.68601e-04	AbsError: 3.64163e+12
      Equation: "HoleContinuityEquation"	RelError: 4.12846e-05	AbsError: 9.97252e+12
      Equation: "PotentialEquation"	RelError: 1.67333e-04	AbsError: 4.98554e-06
Iteration: 6
  Device: "diode3d"	RelError: 2.53787e-07	AbsError: 1.83856e+10
    Region: "Bulk"	RelError: 2.53787e-07	AbsError: 1.83856e+10
      Equation: "ElectronContinuityEquation"	RelError: 6.59870e-08	AbsError: 9.98461e+09
      Equation: "HoleContinuityEquation"	RelError: 6.53223e-08	AbsError: 8.40102e+09
      Equation: "PotentialEquation"	RelError: 1.22478e-07	AbsError: 1.86816e-09
Iteration: 7
  Device: "diode3d"	RelError: 1.14361e-09	AbsError: 5.19370e+07
    Region: "Bulk"	RelError: 1.14361e-09	AbsError: 5.19370e+07
      Equation: "ElectronContinuityEquation"	RelError: 7.09728e-10	AbsError: 3.97116e+07
      Equation: "HoleContinuityEquation"	RelError: 2.81761e-10	AbsError: 1.22254e+07
      Equation: "PotentialEquation"	RelError: 1.52119e-10	AbsError: 2.26965e-12
top	0.1	3.28291661981e-19	1.68072961905e-19	4.96364623886e-19
bot	0.0	-3.61477472286e-19	-1.61838770345e-19	-5.23316242631e-19
Region "Bulk" on device "diode3d" has equations 0:4250
Device "diode3d" has equations 0:4250
number of equations 4251
Iteration: 0
  Device: "diode3d"	RelError: 4.25282e+01	AbsError: 2.16812e+17
    Region: "Bulk"	RelError: 4.25282e+01	AbsError: 2.16812e+17
      Equation: "ElectronContinuityEquation"	RelError: 7.90443e-01	AbsError: 1.08847e+17
      Equation: "HoleContinuityEquation"	RelError: 7.90418e-01	AbsError: 1.07965e+17
      Equation: "PotentialEquation"	RelError: 4.09473e+01	AbsError: 4.32605e-02
Iteration: 1
  Device: "diode3d"	RelError: 2.25349e+01	AbsError: 2.90483e+16
    Region: "Bulk"	RelError: 2.25349e+01	AbsError: 2.90483e+16
      Equation: "ElectronContinuityEquation"	RelError: 6.85723e-01	AbsError: 1.57190e+16
      Equation: "HoleContinuityEquation"	RelError: 7.69042e-01	AbsError: 1.33292e+16
      Equation: "PotentialEquation"	RelError: 2.10802e+01	AbsError: 3.13385e-02
Iteration: 2
  Device: "diode3d"	RelError: 6.49309e+00	AbsError: 1.69788e+16
    Region: "Bulk"	RelError: 6.49309e+00	AbsError: 1.69788e+16
      Equation: "ElectronContinuityEquation"	RelError: 5.04304e-01	AbsError: 1.22620e+15
      Equation: "HoleContinuityEquation"	RelError: 4.81702e-01	AbsError: 1.57526e+16
      Equation: "PotentialEquation"	RelError: 5.50709e+00	AbsError: 2.58658e-02
Iteration: 3
  Device: "diode3d"	RelError: 4.84733e-01	AbsError: 4.85635e+15
    Region: "Bulk"	RelError: 4.84733e-01	AbsError: 4.85635e+15
      Equation: "ElectronContinuityEquation"	RelError: 3.04224e-01	AbsError: 1.14723e+15
      Equation: "HoleContinuityEquation"	RelError: 1.44905e-01	AbsError: 3.70913e+15
      Equation: "PotentialEquation"	RelError: 3.56051e-02	AbsError: 9.85763e-03
Iteration: 4
  Device: "diode3d"	RelError: 1.40118e-01	AbsError: 3.38222e+15
    Region: "Bulk"	RelError: 1.40118e-01	AbsError: 3.38222e+15
      Equation: "ElectronContinuityEquation"	RelError: 8.48614e-02	AbsError: 3.67575e+14
      Equation: "HoleContinuityEquation"	RelError: 1.19189e-02	AbsError: 3.01464e+15
      Equation: "PotentialEquation"	RelError: 4.33379e-02	AbsError: 1.50836e-03
Iteration: 5
  Device: "diode3d"	RelError: 5.09335e-04	AbsError: 3.94553e+13
    Region: "Bulk"	RelError: 5.09335e-04	AbsError: 3.94553e+13
      Equation: "ElectronContinuityEquation"	RelError: 3.66940e-04	AbsError: 1.68171e+13
      Equation: "HoleContinuityEquation"	RelError: 6.93607e-05	AbsError: 2.26381e+13
      Equation: "PotentialEquation"	RelError: 7.30343e-05	AbsError: 2.02203e-05
Iteration: 6
  Device: "diode3d"	RelError: 2.23843e-07	AbsError: 1.29163e+11
    Region: "Bulk"	RelError: 2.23843e-07	AbsError: 1.29163e+11
      Equation: "ElectronContinuityEquation"	RelError: 8.97965e-08	AbsError: 8.92218e+10
      Equation: "HoleContinuityEquation"	RelError: 9.45778e-08	AbsError: 3.99412e+10
      Equation: "PotentialEquation"	RelError: 3.94684e-08	AbsError: 1.09272e-08
Iteration: 7
  Device: "diode3d"	RelError: 5.81508e-10	AbsError: 6.12956e+07
    Region: "Bulk"	RelError: 5.81508e-10	AbsError: 6.12956e+07
      Equation: "ElectronContinuityEquation"	RelError: 3.16105e-10	AbsError: 3.62598e+07
      Equation: "HoleContinuityEquation"	RelError: 2.47858e-10	AbsError: 2.50359e+07
      Equation: "PotentialEquation"	RelError: 1.75445e-11	AbsError: 6.37959e-12
top	0.2	1.51352992803e-17	7.53933749825e-18	2.26746367786e-17
bot	0.0	-1.51979660471e-17	-7.46983068637e-18	-2.26677967335e-17
Region "Bulk" on device "diode3d" has equations 0:4250
Device "diode3d" has equations 0:4250
number of equations 4251
Iteration: 0
  Device: "diode3d"	RelError: 2.29078e+01	AbsError: 2.35816e+17
    Region: "Bulk"	RelError: 2.29078e+01	AbsError: 2.35816e+17
      Equation: "ElectronContinuityEquation"	RelError: 7.98941e-01	AbsError: 1.18724e+17
      Equation: "HoleContinuityEquation"	RelError: 7.94184e-01	AbsError: 1.17092e+17
      Equation: "PotentialEquation"	RelError: 2.13146e+01	AbsError: 4.55605e-02
Iteration: 1
  Device: "diode3d"	RelError: 1.63904e+02	AbsError: 3.47845e+16
    Region: "Bulk"	RelError: 1.63904e+02	AbsError: 3.47845e+16
      Equation: "ElectronContinuityEquation"	RelError: 6.85750e-01	AbsError: 1.98032e+16
      Equation: "HoleContinuityEquation"	RelError: 7.70092e-01	AbsError: 1.49813e+16
      Equation: "PotentialEquation"	RelError: 1.62448e+02	AbsError: 3.15825e-02
Iteration: 2
  Device: "diode3d"	RelError: 1.64413e+01	AbsError: 1.02731e+16
    Region: "Bulk"	RelError: 1.64413e+01	AbsError: 1.02731e+16
      Equation: "ElectronContinuityEquation"	RelError: 5.02686e-01	AbsError: 4.70763e+15
      Equation: "HoleContinuityEquation"	RelError: 4.80557e-01	AbsError: 5.56550e+15
      Equation: "PotentialEquation"	RelError: 1.54581e+01	AbsError: 2.58833e-02
Iteration: 3
  Device: "diode3d"	RelError: 5.14371e-01	AbsError: 7.09037e+15
    Region: "Bulk"	RelError: 5.14371e-01	AbsError: 7.09037e+15
      Equation: "ElectronContinuityEquation"	RelError: 3.07093e-01	AbsError: 4.83924e+15
      Equation: "HoleContinuityEquation"	RelError: 1.45102e-01	AbsError: 2.25113e+15
      Equation: "PotentialEquation"	RelError: 6.21762e-02	AbsError: 1.08949e-02
Iteration: 4
  Device: "diode3d"	RelError: 1.81222e-01	AbsError: 4.20863e+15
    Region: "Bulk"	RelError: 1.81222e-01	AbsError: 4.20863e+15
      Equation: "ElectronContinuityEquation"	RelError: 8.51465e-02	AbsError: 2.10804e+15
      Equation: "HoleContinuityEquation"	RelError: 1.23201e-02	AbsError: 2.10059e+15
      Equation: "PotentialEquation"	RelError: 8.37553e-02	AbsError: 2.85736e-03
Iteration: 5
  Device: "diode3d"	RelError: 9.50317e-04	AbsError: 6.02483e+13
    Region: "Bulk"	RelError: 9.50317e-04	AbsError: 6.02483e+13
      Equation: "ElectronContinuityEquation"	RelError: 4.97550e-04	AbsError: 2.86222e+13
      Equation: "HoleContinuityEquation"	RelError: 2.12484e-04	AbsError: 3.16261e+13
      Equation: "PotentialEquation"	RelError: 2.40282e-04	AbsError: 2.07238e-05
Iteration: 6
  Device: "diode3d"	RelError: 2.33550e-07	AbsError: 1.08095e+11
    Region: "Bulk"	RelError: 2.33550e-07	AbsError: 1.08095e+11
      Equation: "ElectronContinuityEquation"	RelError: 1.03472e-07	AbsError: 9.43395e+10
      Equation: "HoleContinuityEquation"	RelError: 1.04609e-07	AbsError: 1.37550e+10
      Equation: "PotentialEquation"	RelError: 2.54689e-08	AbsError: 8.38696e-09
Iteration: 7
  Device: "diode3d"	RelError: 1.47259e-09	AbsError: 8.11059e+08
    Region: "Bulk"	RelError: 1.47259e-09	AbsError: 8.11059e+08
      Equation: "ElectronContinuityEquation"	RelError: 7.16892e-10	AbsError: 7.15371e+08
      Equation: "HoleContinuityEquation"	RelError: 6.74717e-10	AbsError: 9.56886e+07
      Equation: "PotentialEquation"	RelError: 8.09786e-11	AbsError: 1.80758e-11
top	0.3	6.83003935287e-16	3.37975378754e-16	1.02097931404e-15
bot	0.0	-6.83532727459e-16	-3.37470954652e-16	-1.02100368211e-15
Region "Bulk" on device "diode3d" has equations 0:4250
Device "diode3d" has equations 0:4250
number of equations 4251
Iteration: 0
  Device: "diode3d"	RelError: 2.63649e+01	AbsError: 3.03390e+17
    Region: "Bulk"	RelError: 2.63649e+01	AbsError: 3.03390e+17
      Equation: "ElectronContinuityEquation"	RelError: 7.95577e-01	AbsError: 1.43430e+17
      Equation: "HoleContinuityEquation"	RelError: 7.93199e-01	AbsError: 1.59959e+17
      Equation: "PotentialEquation"	RelError: 2.47761e+01	AbsError: 4.64062e-02
Iteration: 1
  Device: "diode3d"	RelError: 2.01683e+02	AbsError: 1.14272e+17
    Region: "Bulk"	RelError: 2.01683e+02	AbsError: 1.14272e+17
      Equation: "ElectronContinuityEquation"	RelError: 6.94066e-01	AbsError: 2.40320e+16
      Equation: "HoleContinuityEquation"	RelError: 7.71900e-01	AbsError: 9.02397e+16
      Equation: "PotentialEquation"	RelError: 2.00217e+02	AbsError: 3.67561e-02
Iteration: 2
  Device: "diode3d"	RelError: 2.10730e+01	AbsError: 1.72048e+16
    Region: "Bulk"	RelError: 2.10730e+01	AbsError: 1.72048e+16
      Equation: "ElectronContinuityEquation"	RelError: 5.09420e-01	AbsError: 9.04210e+15
      Equation: "HoleContinuityEquation"	RelError: 4.92089e-01	AbsError: 8.16275e+15
      Equation: "PotentialEquation"	RelError: 2.00715e+01	AbsError: 2.58798e-02
Iteration: 3
  Device: "diode3d"	RelError: 7.22716e-01	AbsError: 1.48734e+16
    Region: "Bulk"	RelError: 7.22716e-01	AbsError: 1.48734e+16
      Equation: "ElectronContinuityEquation"	RelError: 3.07192e-01	AbsError: 7.62163e+15
      Equation: "HoleContinuityEquation"	RelError: 1.73987e-01	AbsError: 7.25178e+15
      Equation: "PotentialEquation"	RelError: 2.41537e-01	AbsError: 1.85663e-02
Iteration: 4
  Device: "diode3d"	RelError: 1.83568e-01	AbsError: 3.12999e+15
    Region: "Bulk"	RelError: 1.83568e-01	AbsError: 3.12999e+15
      Equation: "ElectronContinuityEquation"	RelError: 8.93626e-02	AbsError: 1.78000e+15
      Equation: "HoleContinuityEquation"	RelError: 1.27376e-02	AbsError: 1.34999e+15
      Equation: "PotentialEquation"	RelError: 8.14674e-02	AbsError: 2.02670e-03
Iteration: 5
  Device: "diode3d"	RelError: 6.50476e-04	AbsError: 1.10568e+14
    Region: "Bulk"	RelError: 6.50476e-04	AbsError: 1.10568e+14
      Equation: "ElectronContinuityEquation"	RelError: 4.08054e-04	AbsError: 3.64839e+13
      Equation: "HoleContinuityEquation"	RelError: 8.57367e-05	AbsError: 7.40837e+13
      Equation: "PotentialEquation"	RelError: 1.56686e-04	AbsError: 1.57699e-05
Iteration: 6
  Device: "diode3d"	RelError: 1.82969e-07	AbsError: 1.02087e+11
    Region: "Bulk"	RelError: 1.82969e-07	AbsError: 1.02087e+11
      Equation: "ElectronContinuityEquation"	RelError: 6.57403e-08	AbsError: 6.53478e+10
      Equation: "HoleContinuityEquation"	RelError: 6.22862e-08	AbsError: 3.67394e+10
      Equation: "PotentialEquation"	RelError: 5.49425e-08	AbsError: 3.60038e-09
Iteration: 7
  Device: "diode3d"	RelError: 4.92784e-10	AbsError: 2.21483e+08
    Region: "Bulk"	RelError: 4.92784e-10	AbsError: 2.21483e+08
      Equation: "ElectronContinuityEquation"	RelError: 1.66950e-10	AbsError: 5.10359e+07
      Equation: "HoleContinuityEquation"	RelError: 1.71181e-10	AbsError: 1.70447e+08
      Equation: "PotentialEquation"	RelError: 1.54653e-10	AbsError: 4.41135e-12
top	0.4	3.07499041974e-14	1.52170563346e-14	4.5966960532e-14
bot	0.0	-3.0753670197e-14	-1.52132831694e-14	-4.59669533664e-14
Region "Bulk" on device "diode3d" has equations 0:4250
Device "diode3d" has equations 0:4250
number of equations 4251
Iteration: 0
  Device: "diode3d"	RelError: 1.46534e+02	AbsError: 3.00715e+17
    Region: "Bulk"	RelError: 1.46534e+02	AbsError: 3.00715e+17
      Equation: "ElectronContinuityEquation"	RelError: 7.94294e-01	AbsError: 1.56585e+17
      Equation: "HoleContinuityEquation"	RelError: 7.94066e-01	AbsError: 1.44130e+17
      Equation: "PotentialEquation"	RelError: 1.44946e+02	AbsError: 4.84205e-02
Iteration: 1
  Device: "diode3d"	RelError: 1.90242e+02	AbsError: 1.62878e+17
    Region: "Bulk"	RelError: 1.90242e+02	AbsError: 1.62878e+17
      Equation: "ElectronContinuityEquation"	RelError: 6.89773e-01	AbsError: 8.07296e+16
      Equation: "HoleContinuityEquation"	RelError: 7.76971e-01	AbsError: 8.21481e+16
      Equation: "PotentialEquation"	RelError: 1.88775e+02	AbsError: 3.41258e-02
Iteration: 2
  Device: "diode3d"	RelError: 3.48240e+00	AbsError: 4.93810e+16
    Region: "Bulk"	RelError: 3.48240e+00	AbsError: 4.93810e+16
      Equation: "ElectronContinuityEquation"	RelError: 5.07661e-01	AbsError: 2.83206e+16
      Equation: "HoleContinuityEquation"	RelError: 5.74634e-01	AbsError: 2.10604e+16
      Equation: "PotentialEquation"	RelError: 2.40011e+00	AbsError: 2.58786e-02
Iteration: 3
  Device: "diode3d"	RelError: 1.05504e+00	AbsError: 1.61681e+16
    Region: "Bulk"	RelError: 1.05504e+00	AbsError: 1.61681e+16
      Equation: "ElectronContinuityEquation"	RelError: 3.11667e-01	AbsError: 1.20631e+16
      Equation: "HoleContinuityEquation"	RelError: 1.52976e-01	AbsError: 4.10496e+15
      Equation: "PotentialEquation"	RelError: 5.90397e-01	AbsError: 1.36318e-02
Iteration: 4
  Device: "diode3d"	RelError: 1.93035e-01	AbsError: 1.68491e+16
    Region: "Bulk"	RelError: 1.93035e-01	AbsError: 1.68491e+16
      Equation: "ElectronContinuityEquation"	RelError: 8.71886e-02	AbsError: 1.36280e+16
      Equation: "HoleContinuityEquation"	RelError: 1.25484e-02	AbsError: 3.22114e+15
      Equation: "PotentialEquation"	RelError: 9.32977e-02	AbsError: 5.78750e-03
Iteration: 5
  Device: "diode3d"	RelError: 1.57013e-03	AbsError: 6.18423e+13
    Region: "Bulk"	RelError: 1.57013e-03	AbsError: 6.18423e+13
      Equation: "ElectronContinuityEquation"	RelError: 5.32988e-04	AbsError: 4.62693e+13
      Equation: "HoleContinuityEquation"	RelError: 7.12073e-04	AbsError: 1.55730e+13
      Equation: "PotentialEquation"	RelError: 3.25070e-04	AbsError: 7.52220e-06
Iteration: 6
  Device: "diode3d"	RelError: 3.03789e-07	AbsError: 1.26663e+11
    Region: "Bulk"	RelError: 3.03789e-07	AbsError: 1.26663e+11
      Equation: "ElectronContinuityEquation"	RelError: 8.78189e-08	AbsError: 8.76072e+10
      Equation: "HoleContinuityEquation"	RelError: 8.90472e-08	AbsError: 3.90562e+10
      Equation: "PotentialEquation"	RelError: 1.26923e-07	AbsError: 2.93704e-09
Iteration: 7
  Device: "diode3d"	RelError: 4.83081e-10	AbsError: 2.08905e+08
    Region: "Bulk"	RelError: 4.83081e-10	AbsError: 2.08905e+08
      Equation: "ElectronContinuityEquation"	RelError: 1.53439e-10	AbsError: 5.33082e+07
      Equation: "HoleContinuityEquation"	RelError: 1.56090e-10	AbsError: 1.55597e+08
      Equation: "PotentialEquation"	RelError: 1.73552e-10	AbsError: 4.03027e-12
top	0.5	1.38026422406e-12	6.83986486949e-13	2.06425071101e-12
bot	0.0	-1.38029349211e-12	-6.83957220121e-13	-2.06425071223e-12
