
----------------------------------------

 DEVSIM

 Version: Beta 0.01

 Copyright 2009-2016 Devsim LLC

----------------------------------------


Physical group name Base has 0 Tetrahedra.
Physical group name Base has 0 Triangles.
Physical group name Base has 19 Lines.
Physical group name Base has 20 Points.
Physical group name Bulk has 0 Tetrahedra.
Physical group name Bulk has 922 Triangles.
Physical group name Bulk has 1422 Lines.
Physical group name Bulk has 501 Points.
Physical group name Emitter has 0 Tetrahedra.
Physical group name Emitter has 0 Triangles.
Physical group name Emitter has 20 Lines.
Physical group name Emitter has 21 Points.
Device diode2d has 501 coordinates with max index 501
group Bulk has 501 nodes.
Region Bulk has 501 nodes.
Region Bulk has 501 nodes.
group Emitter has 21 nodes.
Contact bot in region Bulk with 21 nodes
group Base has 20 nodes.
Contact top in region Bulk with 20 nodes
Creating Node Solution Potential
Region "Bulk" on device "diode2d" has equations 0:500
Device "diode2d" has equations 0:500
number of equations 501
Iteration: 0
  Device: "diode2d"	RelError: 1.00000e+00	AbsError: 8.93836e-02
    Region: "Bulk"	RelError: 1.00000e+00	AbsError: 8.93836e-02
      Equation: "PotentialEquation"	RelError: 1.00000e+00	AbsError: 8.93836e-02
Iteration: 1
  Device: "diode2d"	RelError: 4.91460e-01	AbsError: 8.63816e-02
    Region: "Bulk"	RelError: 4.91460e-01	AbsError: 8.63816e-02
      Equation: "PotentialEquation"	RelError: 4.91460e-01	AbsError: 8.63816e-02
Iteration: 2
  Device: "diode2d"	RelError: 3.21027e-01	AbsError: 8.31041e-02
    Region: "Bulk"	RelError: 3.21027e-01	AbsError: 8.31041e-02
      Equation: "PotentialEquation"	RelError: 3.21027e-01	AbsError: 8.31041e-02
Iteration: 3
  Device: "diode2d"	RelError: 2.34803e-01	AbsError: 7.94348e-02
    Region: "Bulk"	RelError: 2.34803e-01	AbsError: 7.94348e-02
      Equation: "PotentialEquation"	RelError: 2.34803e-01	AbsError: 7.94348e-02
Iteration: 4
  Device: "diode2d"	RelError: 1.79697e-01	AbsError: 7.40497e-02
    Region: "Bulk"	RelError: 1.79697e-01	AbsError: 7.40497e-02
      Equation: "PotentialEquation"	RelError: 1.79697e-01	AbsError: 7.40497e-02
Iteration: 5
  Device: "diode2d"	RelError: 3.94113e-01	AbsError: 5.62624e-02
    Region: "Bulk"	RelError: 3.94113e-01	AbsError: 5.62624e-02
      Equation: "PotentialEquation"	RelError: 3.94113e-01	AbsError: 5.62624e-02
Iteration: 6
  Device: "diode2d"	RelError: 2.70939e-01	AbsError: 3.95692e-02
    Region: "Bulk"	RelError: 2.70939e-01	AbsError: 3.95692e-02
      Equation: "PotentialEquation"	RelError: 2.70939e-01	AbsError: 3.95692e-02
Iteration: 7
  Device: "diode2d"	RelError: 7.20407e-02	AbsError: 2.91367e-02
    Region: "Bulk"	RelError: 7.20407e-02	AbsError: 2.91367e-02
      Equation: "PotentialEquation"	RelError: 7.20407e-02	AbsError: 2.91367e-02
Iteration: 8
  Device: "diode2d"	RelError: 5.18778e-02	AbsError: 2.47384e-02
    Region: "Bulk"	RelError: 5.18778e-02	AbsError: 2.47384e-02
      Equation: "PotentialEquation"	RelError: 5.18778e-02	AbsError: 2.47384e-02
Iteration: 9
  Device: "diode2d"	RelError: 5.35797e-04	AbsError: 2.55476e-04
    Region: "Bulk"	RelError: 5.35797e-04	AbsError: 2.55476e-04
      Equation: "PotentialEquation"	RelError: 5.35797e-04	AbsError: 2.55476e-04
Iteration: 10
  Device: "diode2d"	RelError: 8.85294e-07	AbsError: 4.22113e-07
    Region: "Bulk"	RelError: 8.85294e-07	AbsError: 4.22113e-07
      Equation: "PotentialEquation"	RelError: 8.85294e-07	AbsError: 4.22113e-07
Iteration: 11
  Device: "diode2d"	RelError: 2.67497e-12	AbsError: 1.27532e-12
    Region: "Bulk"	RelError: 2.67497e-12	AbsError: 1.27532e-12
      Equation: "PotentialEquation"	RelError: 2.67497e-12	AbsError: 1.27532e-12
Iteration: 12
  Device: "diode2d"	RelError: 4.86604e-16	AbsError: 5.52505e-17
    Region: "Bulk"	RelError: 4.86604e-16	AbsError: 5.52505e-17
      Equation: "PotentialEquation"	RelError: 4.86604e-16	AbsError: 5.52505e-17
Warning: Replacing equation with equation of the same name.
Region: Bulk, Equation: PotentialEquation, Variable: Potential
Region "Bulk" on device "diode2d" has equations 0:1502
Device "diode2d" has equations 0:1502
number of equations 1503
Iteration: 0
  Device: "diode2d"	RelError: 2.82259e-13	AbsError: 1.02400e+04
    Region: "Bulk"	RelError: 2.82259e-13	AbsError: 1.02400e+04
      Equation: "ElectronContinuityEquation"	RelError: 1.49924e-13	AbsError: 5.12000e+03
      Equation: "HoleContinuityEquation"	RelError: 1.31145e-13	AbsError: 5.12000e+03
      Equation: "PotentialEquation"	RelError: 1.18995e-15	AbsError: 1.34306e-16
Region "Bulk" on device "diode2d" has equations 0:1502
Device "diode2d" has equations 0:1502
number of equations 1503
Iteration: 0
  Device: "diode2d"	RelError: 3.81749e-13	AbsError: 1.99402e+02
    Region: "Bulk"	RelError: 3.81749e-13	AbsError: 1.99402e+02
      Equation: "ElectronContinuityEquation"	RelError: 2.13476e-13	AbsError: 1.06239e+02
      Equation: "HoleContinuityEquation"	RelError: 1.67526e-13	AbsError: 9.31630e+01
      Equation: "PotentialEquation"	RelError: 7.47055e-16	AbsError: 3.97633e-17
top	0.0	-7.18980784449e-30	3.2806276686e-15	3.2806276686e-15
bot	0.0	7.25154114941e-15	7.66316164141e-30	7.25154114941e-15
Region "Bulk" on device "diode2d" has equations 0:1502
Device "diode2d" has equations 0:1502
number of equations 1503
Iteration: 0
  Device: "diode2d"	RelError: 1.45422e+01	AbsError: 2.06713e+17
    Region: "Bulk"	RelError: 1.45422e+01	AbsError: 2.06713e+17
      Equation: "ElectronContinuityEquation"	RelError: 7.74320e-01	AbsError: 1.02577e+17
      Equation: "HoleContinuityEquation"	RelError: 7.74537e-01	AbsError: 1.04136e+17
      Equation: "PotentialEquation"	RelError: 1.29934e+01	AbsError: 4.10306e-02
Iteration: 1
  Device: "diode2d"	RelError: 2.02409e+01	AbsError: 2.45483e+16
    Region: "Bulk"	RelError: 2.02409e+01	AbsError: 2.45483e+16
      Equation: "ElectronContinuityEquation"	RelError: 6.72814e-01	AbsError: 1.25263e+16
      Equation: "HoleContinuityEquation"	RelError: 7.55214e-01	AbsError: 1.20221e+16
      Equation: "PotentialEquation"	RelError: 1.88129e+01	AbsError: 3.07896e-02
Iteration: 2
  Device: "diode2d"	RelError: 1.19614e+00	AbsError: 1.88715e+15
    Region: "Bulk"	RelError: 1.19614e+00	AbsError: 1.88715e+15
      Equation: "ElectronContinuityEquation"	RelError: 4.93585e-01	AbsError: 6.07328e+14
      Equation: "HoleContinuityEquation"	RelError: 4.89270e-01	AbsError: 1.27982e+15
      Equation: "PotentialEquation"	RelError: 2.13281e-01	AbsError: 2.58315e-02
Iteration: 3
  Device: "diode2d"	RelError: 4.30303e-01	AbsError: 1.03629e+15
    Region: "Bulk"	RelError: 4.30303e-01	AbsError: 1.03629e+15
      Equation: "ElectronContinuityEquation"	RelError: 2.96923e-01	AbsError: 3.45944e+13
      Equation: "HoleContinuityEquation"	RelError: 1.08976e-01	AbsError: 1.00170e+15
      Equation: "PotentialEquation"	RelError: 2.44035e-02	AbsError: 9.19668e-03
Iteration: 4
  Device: "diode2d"	RelError: 1.06800e-01	AbsError: 9.80415e+14
    Region: "Bulk"	RelError: 1.06800e-01	AbsError: 9.80415e+14
      Equation: "ElectronContinuityEquation"	RelError: 8.09712e-02	AbsError: 6.62185e+13
      Equation: "HoleContinuityEquation"	RelError: 3.89591e-03	AbsError: 9.14196e+14
      Equation: "PotentialEquation"	RelError: 2.19329e-02	AbsError: 5.50317e-05
Iteration: 5
  Device: "diode2d"	RelError: 7.39214e-05	AbsError: 5.95330e+11
    Region: "Bulk"	RelError: 7.39214e-05	AbsError: 5.95330e+11
      Equation: "ElectronContinuityEquation"	RelError: 6.75304e-05	AbsError: 4.26368e+11
      Equation: "HoleContinuityEquation"	RelError: 5.35855e-06	AbsError: 1.68962e+11
      Equation: "PotentialEquation"	RelError: 1.03251e-06	AbsError: 1.49824e-08
Iteration: 6
  Device: "diode2d"	RelError: 2.12956e-09	AbsError: 5.89863e+08
    Region: "Bulk"	RelError: 2.12956e-09	AbsError: 5.89863e+08
      Equation: "ElectronContinuityEquation"	RelError: 5.22531e-10	AbsError: 5.19046e+08
      Equation: "HoleContinuityEquation"	RelError: 5.93620e-10	AbsError: 7.08167e+07
      Equation: "PotentialEquation"	RelError: 1.01341e-09	AbsError: 1.35295e-11
Iteration: 7
  Device: "diode2d"	RelError: 1.25027e-12	AbsError: 1.05179e+05
    Region: "Bulk"	RelError: 1.25027e-12	AbsError: 1.05179e+05
      Equation: "ElectronContinuityEquation"	RelError: 3.33480e-13	AbsError: 2.73262e+04
      Equation: "HoleContinuityEquation"	RelError: 2.11948e-13	AbsError: 7.78527e+04
      Equation: "PotentialEquation"	RelError: 7.04845e-13	AbsError: 7.19988e-14
top	0.1	2.84714308542e-14	1.38545605202e-14	4.23259913744e-14
bot	0.0	-3.01670155377e-14	-1.38931668733e-14	-4.40601824109e-14
Region "Bulk" on device "diode2d" has equations 0:1502
Device "diode2d" has equations 0:1502
number of equations 1503
Iteration: 0
  Device: "diode2d"	RelError: 1.36899e+02	AbsError: 2.20710e+17
    Region: "Bulk"	RelError: 1.36899e+02	AbsError: 2.20710e+17
      Equation: "ElectronContinuityEquation"	RelError: 7.89592e-01	AbsError: 1.09906e+17
      Equation: "HoleContinuityEquation"	RelError: 7.89739e-01	AbsError: 1.10804e+17
      Equation: "PotentialEquation"	RelError: 1.35319e+02	AbsError: 4.12640e-02
Iteration: 1
  Device: "diode2d"	RelError: 7.17263e+00	AbsError: 2.82640e+16
    Region: "Bulk"	RelError: 7.17263e+00	AbsError: 2.82640e+16
      Equation: "ElectronContinuityEquation"	RelError: 6.86043e-01	AbsError: 1.45812e+16
      Equation: "HoleContinuityEquation"	RelError: 7.72407e-01	AbsError: 1.36828e+16
      Equation: "PotentialEquation"	RelError: 5.71418e+00	AbsError: 3.11039e-02
Iteration: 2
  Device: "diode2d"	RelError: 3.68887e+00	AbsError: 2.44155e+15
    Region: "Bulk"	RelError: 3.68887e+00	AbsError: 2.44155e+15
      Equation: "ElectronContinuityEquation"	RelError: 5.03515e-01	AbsError: 9.00696e+14
      Equation: "HoleContinuityEquation"	RelError: 4.88541e-01	AbsError: 1.54085e+15
      Equation: "PotentialEquation"	RelError: 2.69682e+00	AbsError: 2.58545e-02
Iteration: 3
  Device: "diode2d"	RelError: 4.40021e-01	AbsError: 1.02718e+15
    Region: "Bulk"	RelError: 4.40021e-01	AbsError: 1.02718e+15
      Equation: "ElectronContinuityEquation"	RelError: 2.97206e-01	AbsError: 3.21889e+13
      Equation: "HoleContinuityEquation"	RelError: 1.08222e-01	AbsError: 9.94991e+14
      Equation: "PotentialEquation"	RelError: 3.45923e-02	AbsError: 9.57723e-03
Iteration: 4
  Device: "diode2d"	RelError: 9.78118e-02	AbsError: 1.18449e+15
    Region: "Bulk"	RelError: 9.78118e-02	AbsError: 1.18449e+15
      Equation: "ElectronContinuityEquation"	RelError: 8.26358e-02	AbsError: 7.30671e+13
      Equation: "HoleContinuityEquation"	RelError: 4.58048e-03	AbsError: 1.11143e+15
      Equation: "PotentialEquation"	RelError: 1.05955e-02	AbsError: 5.86878e-05
Iteration: 5
  Device: "diode2d"	RelError: 8.29966e-05	AbsError: 3.82502e+11
    Region: "Bulk"	RelError: 8.29966e-05	AbsError: 3.82502e+11
      Equation: "ElectronContinuityEquation"	RelError: 7.61009e-05	AbsError: 1.23437e+11
      Equation: "HoleContinuityEquation"	RelError: 6.60525e-06	AbsError: 2.59065e+11
      Equation: "PotentialEquation"	RelError: 2.90428e-07	AbsError: 9.78298e-09
Iteration: 6
  Device: "diode2d"	RelError: 6.65907e-10	AbsError: 4.31994e+08
    Region: "Bulk"	RelError: 6.65907e-10	AbsError: 4.31994e+08
      Equation: "ElectronContinuityEquation"	RelError: 3.97043e-10	AbsError: 3.95152e+08
      Equation: "HoleContinuityEquation"	RelError: 1.96952e-10	AbsError: 3.68423e+07
      Equation: "PotentialEquation"	RelError: 7.19120e-11	AbsError: 1.02794e-11
Iteration: 7
  Device: "diode2d"	RelError: 4.61569e-13	AbsError: 2.43079e+05
    Region: "Bulk"	RelError: 4.61569e-13	AbsError: 2.43079e+05
      Equation: "ElectronContinuityEquation"	RelError: 2.21876e-13	AbsError: 2.21622e+05
      Equation: "HoleContinuityEquation"	RelError: 2.27595e-13	AbsError: 2.14568e+04
      Equation: "PotentialEquation"	RelError: 1.20982e-14	AbsError: 5.76879e-15
top	0.2	1.31489550306e-12	6.51472328579e-13	1.96636783164e-12
bot	0.0	-1.32393275393e-12	-6.42393761743e-13	-1.96632651568e-12
Region "Bulk" on device "diode2d" has equations 0:1502
Device "diode2d" has equations 0:1502
number of equations 1503
Iteration: 0
  Device: "diode2d"	RelError: 3.25813e+01	AbsError: 2.35495e+17
    Region: "Bulk"	RelError: 3.25813e+01	AbsError: 2.35495e+17
      Equation: "ElectronContinuityEquation"	RelError: 7.91987e-01	AbsError: 1.17320e+17
      Equation: "HoleContinuityEquation"	RelError: 7.92021e-01	AbsError: 1.18175e+17
      Equation: "PotentialEquation"	RelError: 3.09973e+01	AbsError: 4.11860e-02
Iteration: 1
  Device: "diode2d"	RelError: 3.33671e+00	AbsError: 1.08388e+17
    Region: "Bulk"	RelError: 3.33671e+00	AbsError: 1.08388e+17
      Equation: "ElectronContinuityEquation"	RelError: 6.86934e-01	AbsError: 1.69939e+16
      Equation: "HoleContinuityEquation"	RelError: 7.74655e-01	AbsError: 9.13946e+16
      Equation: "PotentialEquation"	RelError: 1.87512e+00	AbsError: 3.09005e-02
Iteration: 2
  Device: "diode2d"	RelError: 1.88708e+02	AbsError: 3.39707e+15
    Region: "Bulk"	RelError: 1.88708e+02	AbsError: 3.39707e+15
      Equation: "ElectronContinuityEquation"	RelError: 5.04402e-01	AbsError: 1.44554e+15
      Equation: "HoleContinuityEquation"	RelError: 4.88722e-01	AbsError: 1.95153e+15
      Equation: "PotentialEquation"	RelError: 1.87715e+02	AbsError: 2.58824e-02
Iteration: 3
  Device: "diode2d"	RelError: 5.67654e-01	AbsError: 1.12207e+15
    Region: "Bulk"	RelError: 5.67654e-01	AbsError: 1.12207e+15
      Equation: "ElectronContinuityEquation"	RelError: 2.97226e-01	AbsError: 3.25411e+13
      Equation: "HoleContinuityEquation"	RelError: 1.07101e-01	AbsError: 1.08953e+15
      Equation: "PotentialEquation"	RelError: 1.63328e-01	AbsError: 9.33470e-03
Iteration: 4
  Device: "diode2d"	RelError: 1.06123e+00	AbsError: 1.09737e+15
    Region: "Bulk"	RelError: 1.06123e+00	AbsError: 1.09737e+15
      Equation: "ElectronContinuityEquation"	RelError: 8.38113e-02	AbsError: 7.67071e+13
      Equation: "HoleContinuityEquation"	RelError: 4.06116e-03	AbsError: 1.02066e+15
      Equation: "PotentialEquation"	RelError: 9.73353e-01	AbsError: 5.79264e-05
Iteration: 5
  Device: "diode2d"	RelError: 3.75703e-03	AbsError: 3.91078e+11
    Region: "Bulk"	RelError: 3.75703e-03	AbsError: 3.91078e+11
      Equation: "ElectronContinuityEquation"	RelError: 7.48714e-05	AbsError: 1.15103e+11
      Equation: "HoleContinuityEquation"	RelError: 5.68122e-06	AbsError: 2.75976e+11
      Equation: "PotentialEquation"	RelError: 3.67648e-03	AbsError: 1.28797e-07
Iteration: 6
  Device: "diode2d"	RelError: 4.40613e-07	AbsError: 5.74815e+08
    Region: "Bulk"	RelError: 4.40613e-07	AbsError: 5.74815e+08
      Equation: "ElectronContinuityEquation"	RelError: 5.79593e-10	AbsError: 2.43545e+08
      Equation: "HoleContinuityEquation"	RelError: 6.08824e-10	AbsError: 3.31270e+08
      Equation: "PotentialEquation"	RelError: 4.39425e-07	AbsError: 1.53943e-11
Iteration: 7
  Device: "diode2d"	RelError: 1.33735e-10	AbsError: 1.14217e+06
    Region: "Bulk"	RelError: 1.33735e-10	AbsError: 1.14217e+06
      Equation: "ElectronContinuityEquation"	RelError: 1.07129e-12	AbsError: 9.05688e+05
      Equation: "HoleContinuityEquation"	RelError: 1.11225e-12	AbsError: 2.36481e+05
      Equation: "PotentialEquation"	RelError: 1.31552e-10	AbsError: 4.15435e-14
Iteration: 8
  Device: "diode2d"	RelError: 4.00662e-13	AbsError: 6.87604e+03
    Region: "Bulk"	RelError: 4.00662e-13	AbsError: 6.87604e+03
      Equation: "ElectronContinuityEquation"	RelError: 1.64355e-13	AbsError: 5.72802e+03
      Equation: "HoleContinuityEquation"	RelError: 8.40674e-14	AbsError: 1.14802e+03
      Equation: "PotentialEquation"	RelError: 1.52240e-13	AbsError: 1.53781e-16
top	0.3	5.94369902525e-11	2.91194319687e-11	8.85564222212e-11
bot	0.0	-5.9483164239e-11	-2.90715893355e-11	-8.85547535746e-11
Region "Bulk" on device "diode2d" has equations 0:1502
Device "diode2d" has equations 0:1502
number of equations 1503
Iteration: 0
  Device: "diode2d"	RelError: 1.91210e+01	AbsError: 2.70135e+17
    Region: "Bulk"	RelError: 1.91210e+01	AbsError: 2.70135e+17
      Equation: "ElectronContinuityEquation"	RelError: 7.93522e-01	AbsError: 1.27263e+17
      Equation: "HoleContinuityEquation"	RelError: 7.93147e-01	AbsError: 1.42872e+17
      Equation: "PotentialEquation"	RelError: 1.75343e+01	AbsError: 4.11248e-02
Iteration: 1
  Device: "diode2d"	RelError: 3.13689e+01	AbsError: 5.35403e+16
    Region: "Bulk"	RelError: 3.13689e+01	AbsError: 5.35403e+16
      Equation: "ElectronContinuityEquation"	RelError: 6.86277e-01	AbsError: 2.17347e+16
      Equation: "HoleContinuityEquation"	RelError: 7.76585e-01	AbsError: 3.18056e+16
      Equation: "PotentialEquation"	RelError: 2.99060e+01	AbsError: 3.08805e-02
Iteration: 2
  Device: "diode2d"	RelError: 3.34200e+02	AbsError: 4.75953e+15
    Region: "Bulk"	RelError: 3.34200e+02	AbsError: 4.75953e+15
      Equation: "ElectronContinuityEquation"	RelError: 5.02341e-01	AbsError: 2.32725e+15
      Equation: "HoleContinuityEquation"	RelError: 4.89092e-01	AbsError: 2.43227e+15
      Equation: "PotentialEquation"	RelError: 3.33209e+02	AbsError: 2.57222e-02
Iteration: 3
  Device: "diode2d"	RelError: 9.01920e-01	AbsError: 1.06346e+15
    Region: "Bulk"	RelError: 9.01920e-01	AbsError: 1.06346e+15
      Equation: "ElectronContinuityEquation"	RelError: 2.97018e-01	AbsError: 2.07277e+13
      Equation: "HoleContinuityEquation"	RelError: 1.06540e-01	AbsError: 1.04273e+15
      Equation: "PotentialEquation"	RelError: 4.98363e-01	AbsError: 9.23058e-03
Iteration: 4
  Device: "diode2d"	RelError: 6.42544e-01	AbsError: 9.31588e+14
    Region: "Bulk"	RelError: 6.42544e-01	AbsError: 9.31588e+14
      Equation: "ElectronContinuityEquation"	RelError: 8.14344e-02	AbsError: 7.79436e+13
      Equation: "HoleContinuityEquation"	RelError: 3.13957e-03	AbsError: 8.53644e+14
      Equation: "PotentialEquation"	RelError: 5.57970e-01	AbsError: 4.98705e-05
Iteration: 5
  Device: "diode2d"	RelError: 1.14029e-04	AbsError: 6.51353e+11
    Region: "Bulk"	RelError: 1.14029e-04	AbsError: 6.51353e+11
      Equation: "ElectronContinuityEquation"	RelError: 6.18358e-05	AbsError: 5.05281e+11
      Equation: "HoleContinuityEquation"	RelError: 4.04517e-06	AbsError: 1.46072e+11
      Equation: "PotentialEquation"	RelError: 4.81483e-05	AbsError: 3.40319e-08
Iteration: 6
  Device: "diode2d"	RelError: 5.82731e-09	AbsError: 2.14482e+09
    Region: "Bulk"	RelError: 5.82731e-09	AbsError: 2.14482e+09
      Equation: "ElectronContinuityEquation"	RelError: 1.69134e-09	AbsError: 1.69014e+09
      Equation: "HoleContinuityEquation"	RelError: 1.65548e-09	AbsError: 4.54674e+08
      Equation: "PotentialEquation"	RelError: 2.48049e-09	AbsError: 4.39272e-11
Iteration: 7
  Device: "diode2d"	RelError: 4.97644e-12	AbsError: 2.94663e+06
    Region: "Bulk"	RelError: 4.97644e-12	AbsError: 2.94663e+06
      Equation: "ElectronContinuityEquation"	RelError: 1.79779e-12	AbsError: 1.78187e+06
      Equation: "HoleContinuityEquation"	RelError: 1.68463e-12	AbsError: 1.16476e+06
      Equation: "PotentialEquation"	RelError: 1.49402e-12	AbsError: 4.65110e-14
top	0.4	2.68110868464e-09	1.31315708757e-09	3.99426577222e-09
bot	0.0	-2.68148773305e-09	-1.31277163078e-09	-3.99425936383e-09
Region "Bulk" on device "diode2d" has equations 0:1502
Device "diode2d" has equations 0:1502
number of equations 1503
Iteration: 0
  Device: "diode2d"	RelError: 2.31667e+01	AbsError: 2.82880e+17
    Region: "Bulk"	RelError: 2.31667e+01	AbsError: 2.82880e+17
      Equation: "ElectronContinuityEquation"	RelError: 7.93088e-01	AbsError: 1.41011e+17
      Equation: "HoleContinuityEquation"	RelError: 7.92248e-01	AbsError: 1.41869e+17
      Equation: "PotentialEquation"	RelError: 2.15813e+01	AbsError: 4.12492e-02
Iteration: 1
  Device: "diode2d"	RelError: 1.73279e+02	AbsError: 5.56216e+16
    Region: "Bulk"	RelError: 1.73279e+02	AbsError: 5.56216e+16
      Equation: "ElectronContinuityEquation"	RelError: 6.87602e-01	AbsError: 2.61549e+16
      Equation: "HoleContinuityEquation"	RelError: 7.73898e-01	AbsError: 2.94667e+16
      Equation: "PotentialEquation"	RelError: 1.71817e+02	AbsError: 3.08204e-02
Iteration: 2
  Device: "diode2d"	RelError: 2.37813e+00	AbsError: 6.86737e+15
    Region: "Bulk"	RelError: 2.37813e+00	AbsError: 6.86737e+15
      Equation: "ElectronContinuityEquation"	RelError: 5.02630e-01	AbsError: 3.64935e+15
      Equation: "HoleContinuityEquation"	RelError: 4.96370e-01	AbsError: 3.21802e+15
      Equation: "PotentialEquation"	RelError: 1.37912e+00	AbsError: 2.58027e-02
Iteration: 3
  Device: "diode2d"	RelError: 8.03416e-01	AbsError: 1.06548e+15
    Region: "Bulk"	RelError: 8.03416e-01	AbsError: 1.06548e+15
      Equation: "ElectronContinuityEquation"	RelError: 2.95851e-01	AbsError: 5.82797e+13
      Equation: "HoleContinuityEquation"	RelError: 1.08542e-01	AbsError: 1.00720e+15
      Equation: "PotentialEquation"	RelError: 3.99022e-01	AbsError: 9.23348e-03
Iteration: 4
  Device: "diode2d"	RelError: 8.45627e-02	AbsError: 8.33769e+14
    Region: "Bulk"	RelError: 8.45627e-02	AbsError: 8.33769e+14
      Equation: "ElectronContinuityEquation"	RelError: 8.04790e-02	AbsError: 7.96128e+13
      Equation: "HoleContinuityEquation"	RelError: 2.91325e-03	AbsError: 7.54157e+14
      Equation: "PotentialEquation"	RelError: 1.17043e-03	AbsError: 4.59206e-05
Iteration: 5
  Device: "diode2d"	RelError: 6.21199e-05	AbsError: 1.43396e+12
    Region: "Bulk"	RelError: 6.21199e-05	AbsError: 1.43396e+12
      Equation: "ElectronContinuityEquation"	RelError: 5.80365e-05	AbsError: 8.35396e+11
      Equation: "HoleContinuityEquation"	RelError: 3.44021e-06	AbsError: 5.98569e+11
      Equation: "PotentialEquation"	RelError: 6.43126e-07	AbsError: 2.18065e-08
Iteration: 6
  Device: "diode2d"	RelError: 2.90027e-09	AbsError: 1.80015e+09
    Region: "Bulk"	RelError: 2.90027e-09	AbsError: 1.80015e+09
      Equation: "ElectronContinuityEquation"	RelError: 9.93221e-10	AbsError: 9.92745e+08
      Equation: "HoleContinuityEquation"	RelError: 9.92387e-10	AbsError: 8.07406e+08
      Equation: "PotentialEquation"	RelError: 9.14662e-10	AbsError: 2.57191e-11
Iteration: 7
  Device: "diode2d"	RelError: 9.47068e-12	AbsError: 5.21346e+06
    Region: "Bulk"	RelError: 9.47068e-12	AbsError: 5.21346e+06
      Equation: "ElectronContinuityEquation"	RelError: 4.43992e-12	AbsError: 4.43229e+06
      Equation: "HoleContinuityEquation"	RelError: 4.17870e-12	AbsError: 7.81173e+05
      Equation: "PotentialEquation"	RelError: 8.52068e-13	AbsError: 1.14808e-13
top	0.5	1.20631681239e-07	5.91247792965e-08	1.79756460536e-07
bot	0.0	-1.20634934805e-07	-5.91215253469e-08	-1.79756460152e-07
