
----------------------------------------

 DEVSIM

 Version: Beta 0.01

 Copyright 2009-2015 Devsim LLC

----------------------------------------


mid
bot
 (region: MyRegion)
 (contact: top)
 (contact: bot)
Region "MyRegion" on device "MyDevice" has equations 0:256
Device "MyDevice" has equations 0:256
0	18446744073709551615	ground
GND	18446744073709551615	ground
V1.I	0	mna
top_bias	1	default
Circuit  has equations 257:258
creating solution dcop with 2 nodes
number of equations 259
creating solution dcop_prev with 2 nodes
Iteration: 0
  Device: "MyDevice"	RelError: 1.00000e+00	AbsError: 8.88979e-02
    Region: "MyRegion"	RelError: 1.00000e+00	AbsError: 8.88979e-02
      Equation: "PotentialEquation"	RelError: 1.00000e+00	AbsError: 8.88979e-02
  Circuit: 	RelError: 0.00000e+00	AbsError: 0.00000e+00
Iteration: 1
  Device: "MyDevice"	RelError: 4.91289e-01	AbsError: 8.58533e-02
    Region: "MyRegion"	RelError: 4.91289e-01	AbsError: 8.58533e-02
      Equation: "PotentialEquation"	RelError: 4.91289e-01	AbsError: 8.58533e-02
  Circuit: 	RelError: 0.00000e+00	AbsError: 0.00000e+00
Iteration: 2
  Device: "MyDevice"	RelError: 3.20767e-01	AbsError: 8.25260e-02
    Region: "MyRegion"	RelError: 3.20767e-01	AbsError: 8.25260e-02
      Equation: "PotentialEquation"	RelError: 3.20767e-01	AbsError: 8.25260e-02
  Circuit: 	RelError: 0.00000e+00	AbsError: 0.00000e+00
Iteration: 3
  Device: "MyDevice"	RelError: 2.34485e-01	AbsError: 7.88067e-02
    Region: "MyRegion"	RelError: 2.34485e-01	AbsError: 7.88067e-02
      Equation: "PotentialEquation"	RelError: 2.34485e-01	AbsError: 7.88067e-02
  Circuit: 	RelError: 0.00000e+00	AbsError: 0.00000e+00
Iteration: 4
  Device: "MyDevice"	RelError: 1.94033e-01	AbsError: 7.35639e-02
    Region: "MyRegion"	RelError: 1.94033e-01	AbsError: 7.35639e-02
      Equation: "PotentialEquation"	RelError: 1.94033e-01	AbsError: 7.35639e-02
  Circuit: 	RelError: 0.00000e+00	AbsError: 0.00000e+00
Iteration: 5
  Device: "MyDevice"	RelError: 2.20108e+00	AbsError: 5.56834e-02
    Region: "MyRegion"	RelError: 2.20108e+00	AbsError: 5.56834e-02
      Equation: "PotentialEquation"	RelError: 2.20108e+00	AbsError: 5.56834e-02
  Circuit: 	RelError: 0.00000e+00	AbsError: 0.00000e+00
Iteration: 6
  Device: "MyDevice"	RelError: 4.34688e-01	AbsError: 3.95692e-02
    Region: "MyRegion"	RelError: 4.34688e-01	AbsError: 3.95692e-02
      Equation: "PotentialEquation"	RelError: 4.34688e-01	AbsError: 3.95692e-02
  Circuit: 	RelError: 0.00000e+00	AbsError: 0.00000e+00
Iteration: 7
  Device: "MyDevice"	RelError: 6.45050e-02	AbsError: 2.91367e-02
    Region: "MyRegion"	RelError: 6.45050e-02	AbsError: 2.91367e-02
      Equation: "PotentialEquation"	RelError: 6.45050e-02	AbsError: 2.91367e-02
  Circuit: 	RelError: 0.00000e+00	AbsError: 0.00000e+00
Iteration: 8
  Device: "MyDevice"	RelError: 5.18778e-02	AbsError: 2.47384e-02
    Region: "MyRegion"	RelError: 5.18778e-02	AbsError: 2.47384e-02
      Equation: "PotentialEquation"	RelError: 5.18778e-02	AbsError: 2.47384e-02
  Circuit: 	RelError: 0.00000e+00	AbsError: 0.00000e+00
Iteration: 9
  Device: "MyDevice"	RelError: 8.93317e-04	AbsError: 4.25961e-04
    Region: "MyRegion"	RelError: 8.93317e-04	AbsError: 4.25961e-04
      Equation: "PotentialEquation"	RelError: 8.93317e-04	AbsError: 4.25961e-04
  Circuit: 	RelError: 0.00000e+00	AbsError: 0.00000e+00
Iteration: 10
  Device: "MyDevice"	RelError: 2.08087e-06	AbsError: 9.92174e-07
    Region: "MyRegion"	RelError: 2.08087e-06	AbsError: 9.92174e-07
      Equation: "PotentialEquation"	RelError: 2.08087e-06	AbsError: 9.92174e-07
  Circuit: 	RelError: 0.00000e+00	AbsError: 0.00000e+00
Iteration: 11
  Device: "MyDevice"	RelError: 1.63447e-11	AbsError: 7.79300e-12
    Region: "MyRegion"	RelError: 1.63447e-11	AbsError: 7.79300e-12
      Equation: "PotentialEquation"	RelError: 1.63447e-11	AbsError: 7.79300e-12
  Circuit: 	RelError: 0.00000e+00	AbsError: 0.00000e+00
Iteration: 12
  Device: "MyDevice"	RelError: 1.41338e-14	AbsError: 4.08978e-17
    Region: "MyRegion"	RelError: 1.41338e-14	AbsError: 4.08978e-17
      Equation: "PotentialEquation"	RelError: 1.41338e-14	AbsError: 4.08978e-17
  Circuit: 	RelError: 0.00000e+00	AbsError: 0.00000e+00
Circuit Solution:
V1.I	0
top_bias	0
Warning: Replacing equation with equation of the same name.
Region: MyRegion, Equation: PotentialEquation, Variable: Potential
Region "MyRegion" on device "MyDevice" has equations 0:770
Device "MyDevice" has equations 0:770
0	18446744073709551615	ground
GND	18446744073709551615	ground
V1.I	0	mna
top_bias	1	default
Circuit  has equations 771:772
number of equations 773
Iteration: 0
  Device: "MyDevice"	RelError: 2.11859e-13	AbsError: 1.02400e+04
    Region: "MyRegion"	RelError: 2.11859e-13	AbsError: 1.02400e+04
      Equation: "ElectronContinuityEquation"	RelError: 1.63176e-14	AbsError: 5.12000e+03
      Equation: "HoleContinuityEquation"	RelError: 3.67489e-14	AbsError: 5.12000e+03
      Equation: "PotentialEquation"	RelError: 1.58793e-13	AbsError: 2.71807e-16
  Circuit: 	RelError: 1.52201e-12	AbsError: 1.52201e-22
Circuit Solution:
V1.I	-1.52201e-22
top_bias	0
bot	0	6.14280668542e-09	1.65668203931e-24	6.14280668542e-09
Region "MyRegion" on device "MyDevice" has equations 0:770
Device "MyDevice" has equations 0:770
0	18446744073709551615	ground
GND	18446744073709551615	ground
V1.I	0	mna
top_bias	1	default
Circuit  has equations 771:772
creating solution ssac_real with 2 nodes
creating solution ssac_imag with 2 nodes
Device: MyDevice	Region: MyRegion	Creating: Electrons_Real
Device: MyDevice	Region: MyRegion	Creating: Electrons_Imag
Device: MyDevice	Region: MyRegion	Creating: Holes_Real
Device: MyDevice	Region: MyRegion	Creating: Holes_Imag
Device: MyDevice	Region: MyRegion	Creating: Potential_Real
Device: MyDevice	Region: MyRegion	Creating: Potential_Imag
Setting V1.I = (4.17233e-07,1.39326e-06)
Setting top_bias = (1,0)
AC Iteration:
number of equations 773
Circuit AC Solution:
V1.I	(4.17233e-07,1.39326e-06)
top_bias	(1,0)
capacitance 0.0 2.21744175979e-07
Region "MyRegion" on device "MyDevice" has equations 0:770
Device "MyDevice" has equations 0:770
0	18446744073709551615	ground
GND	18446744073709551615	ground
V1.I	0	mna
top_bias	1	default
Circuit  has equations 771:772
number of equations 773
Iteration: 0
  Device: "MyDevice"	RelError: 1.55882e+01	AbsError: 2.08314e+17
    Region: "MyRegion"	RelError: 1.55882e+01	AbsError: 2.08314e+17
      Equation: "ElectronContinuityEquation"	RelError: 7.73734e-01	AbsError: 1.04105e+17
      Equation: "HoleContinuityEquation"	RelError: 7.73745e-01	AbsError: 1.04210e+17
      Equation: "PotentialEquation"	RelError: 1.40407e+01	AbsError: 4.09542e-02
  Circuit: 	RelError: 1.00000e+00	AbsError: 1.00000e-01
Iteration: 1
  Device: "MyDevice"	RelError: 3.17469e+01	AbsError: 2.42400e+16
    Region: "MyRegion"	RelError: 3.17469e+01	AbsError: 2.42400e+16
      Equation: "ElectronContinuityEquation"	RelError: 6.73265e-01	AbsError: 1.24340e+16
      Equation: "HoleContinuityEquation"	RelError: 7.58000e-01	AbsError: 1.18060e+16
      Equation: "PotentialEquation"	RelError: 3.03156e+01	AbsError: 3.07632e-02
  Circuit: 	RelError: 9.97026e-01	AbsError: 3.35276e-08
Iteration: 2
  Device: "MyDevice"	RelError: 1.19739e+00	AbsError: 1.61677e+15
    Region: "MyRegion"	RelError: 1.19739e+00	AbsError: 1.61677e+15
      Equation: "ElectronContinuityEquation"	RelError: 4.97846e-01	AbsError: 5.28126e+14
      Equation: "HoleContinuityEquation"	RelError: 4.94003e-01	AbsError: 1.08864e+15
      Equation: "PotentialEquation"	RelError: 2.05543e-01	AbsError: 2.57657e-02
  Circuit: 	RelError: 2.57238e+00	AbsError: 2.42144e-08
Iteration: 3
  Device: "MyDevice"	RelError: 3.86537e-01	AbsError: 1.91962e+14
    Region: "MyRegion"	RelError: 3.86537e-01	AbsError: 1.91962e+14
      Equation: "ElectronContinuityEquation"	RelError: 2.85215e-01	AbsError: 2.56968e+12
      Equation: "HoleContinuityEquation"	RelError: 7.70016e-02	AbsError: 1.89393e+14
      Equation: "PotentialEquation"	RelError: 2.43203e-02	AbsError: 9.16533e-03
  Circuit: 	RelError: 4.79410e+00	AbsError: 1.16415e-08
Iteration: 4
  Device: "MyDevice"	RelError: 8.06451e-02	AbsError: 1.67912e+14
    Region: "MyRegion"	RelError: 8.06451e-02	AbsError: 1.67912e+14
      Equation: "ElectronContinuityEquation"	RelError: 7.58952e-02	AbsError: 7.60494e+12
      Equation: "HoleContinuityEquation"	RelError: 4.18430e-04	AbsError: 1.60307e+14
      Equation: "PotentialEquation"	RelError: 4.33152e-03	AbsError: 5.84590e-06
  Circuit: 	RelError: 4.45860e-01	AbsError: 1.95381e-09
Iteration: 5
  Device: "MyDevice"	RelError: 8.02364e-06	AbsError: 5.16771e+09
    Region: "MyRegion"	RelError: 8.02364e-06	AbsError: 5.16771e+09
      Equation: "ElectronContinuityEquation"	RelError: 7.95858e-06	AbsError: 6.56756e+07
      Equation: "HoleContinuityEquation"	RelError: 6.35339e-08	AbsError: 5.10203e+09
      Equation: "PotentialEquation"	RelError: 1.53037e-09	AbsError: 6.64010e-11
  Circuit: 	RelError: 4.40991e-04	AbsError: 1.93162e-12
Iteration: 6
  Device: "MyDevice"	RelError: 4.23369e-13	AbsError: 8.51163e+03
    Region: "MyRegion"	RelError: 4.23369e-13	AbsError: 8.51163e+03
      Equation: "ElectronContinuityEquation"	RelError: 6.66574e-14	AbsError: 7.84773e+03
      Equation: "HoleContinuityEquation"	RelError: 6.84620e-14	AbsError: 6.63905e+02
      Equation: "PotentialEquation"	RelError: 2.88249e-13	AbsError: 4.86026e-16
  Circuit: 	RelError: 2.16950e-09	AbsError: 9.50281e-18
Iteration: 7
  Device: "MyDevice"	RelError: 2.10031e-13	AbsError: 3.99556e+02
    Region: "MyRegion"	RelError: 2.10031e-13	AbsError: 3.99556e+02
      Equation: "ElectronContinuityEquation"	RelError: 1.39398e-14	AbsError: 2.15161e+02
      Equation: "HoleContinuityEquation"	RelError: 1.30649e-13	AbsError: 1.84395e+02
      Equation: "PotentialEquation"	RelError: 6.54420e-14	AbsError: 1.31203e-16
  Circuit: 	RelError: 1.05754e-14	AbsError: 4.63221e-23
Circuit Solution:
V1.I	-4.28018e-09
top_bias	0.1
bot	0	-2.04366647259e-08	-1.38872658224e-09	-2.18253913081e-08
Region "MyRegion" on device "MyDevice" has equations 0:770
Device "MyDevice" has equations 0:770
0	18446744073709551615	ground
GND	18446744073709551615	ground
V1.I	0	mna
top_bias	1	default
Circuit  has equations 771:772
Setting V1.I = (-3.57628e-07,1.39978e-06)
Setting top_bias = (1,0)
AC Iteration:
number of equations 773
Circuit AC Solution:
V1.I	(-3.57628e-07,1.39978e-06)
top_bias	(1,0)
capacitance 0.1 2.22781748994e-07
Region "MyRegion" on device "MyDevice" has equations 0:770
Device "MyDevice" has equations 0:770
0	18446744073709551615	ground
GND	18446744073709551615	ground
V1.I	0	mna
top_bias	1	default
Circuit  has equations 771:772
number of equations 773
Iteration: 0
  Device: "MyDevice"	RelError: 8.29811e+01	AbsError: 2.20434e+17
    Region: "MyRegion"	RelError: 8.29811e+01	AbsError: 2.20434e+17
      Equation: "ElectronContinuityEquation"	RelError: 7.89335e-01	AbsError: 1.10225e+17
      Equation: "HoleContinuityEquation"	RelError: 7.89372e-01	AbsError: 1.10209e+17
      Equation: "PotentialEquation"	RelError: 8.14024e+01	AbsError: 4.09035e-02
  Circuit: 	RelError: 8.56186e-01	AbsError: 1.00000e-01
Iteration: 1
  Device: "MyDevice"	RelError: 7.76133e+01	AbsError: 2.79087e+16
    Region: "MyRegion"	RelError: 7.76133e+01	AbsError: 2.79087e+16
      Equation: "ElectronContinuityEquation"	RelError: 6.86238e-01	AbsError: 1.43660e+16
      Equation: "HoleContinuityEquation"	RelError: 7.75353e-01	AbsError: 1.35428e+16
      Equation: "PotentialEquation"	RelError: 7.61517e+01	AbsError: 3.07787e-02
  Circuit: 	RelError: 4.94566e-01	AbsError: 2.98023e-08
Iteration: 2
  Device: "MyDevice"	RelError: 1.32400e+01	AbsError: 2.24868e+15
    Region: "MyRegion"	RelError: 1.32400e+01	AbsError: 2.24868e+15
      Equation: "ElectronContinuityEquation"	RelError: 5.07105e-01	AbsError: 9.10567e+14
      Equation: "HoleContinuityEquation"	RelError: 4.95792e-01	AbsError: 1.33811e+15
      Equation: "PotentialEquation"	RelError: 1.22371e+01	AbsError: 2.58436e-02
  Circuit: 	RelError: 6.02324e-01	AbsError: 9.12696e-08
Iteration: 3
  Device: "MyDevice"	RelError: 3.96934e-01	AbsError: 1.79807e+14
    Region: "MyRegion"	RelError: 3.96934e-01	AbsError: 1.79807e+14
      Equation: "ElectronContinuityEquation"	RelError: 2.86726e-01	AbsError: 4.20947e+11
      Equation: "HoleContinuityEquation"	RelError: 7.70362e-02	AbsError: 1.79386e+14
      Equation: "PotentialEquation"	RelError: 3.31711e-02	AbsError: 9.18375e-03
  Circuit: 	RelError: 1.72849e-01	AbsError: 3.16650e-08
Iteration: 4
  Device: "MyDevice"	RelError: 8.32310e-02	AbsError: 1.53976e+14
    Region: "MyRegion"	RelError: 8.32310e-02	AbsError: 1.53976e+14
      Equation: "ElectronContinuityEquation"	RelError: 7.76475e-02	AbsError: 7.53191e+12
      Equation: "HoleContinuityEquation"	RelError: 3.78040e-04	AbsError: 1.46444e+14
      Equation: "PotentialEquation"	RelError: 5.20552e-03	AbsError: 5.39695e-06
  Circuit: 	RelError: 5.34318e-02	AbsError: 1.03409e-08
Iteration: 5
  Device: "MyDevice"	RelError: 8.21939e-06	AbsError: 5.68392e+09
    Region: "MyRegion"	RelError: 8.21939e-06	AbsError: 5.68392e+09
      Equation: "ElectronContinuityEquation"	RelError: 7.60107e-06	AbsError: 7.15074e+08
      Equation: "HoleContinuityEquation"	RelError: 1.37597e-07	AbsError: 4.96885e+09
      Equation: "PotentialEquation"	RelError: 4.80715e-07	AbsError: 6.25578e-10
  Circuit: 	RelError: 1.26811e-05	AbsError: 2.45426e-12
Iteration: 6
  Device: "MyDevice"	RelError: 3.83199e-10	AbsError: 1.01376e+06
    Region: "MyRegion"	RelError: 3.83199e-10	AbsError: 1.01376e+06
      Equation: "ElectronContinuityEquation"	RelError: 1.63464e-11	AbsError: 5.06760e+05
      Equation: "HoleContinuityEquation"	RelError: 1.65624e-11	AbsError: 5.06999e+05
      Equation: "PotentialEquation"	RelError: 3.50290e-10	AbsError: 4.29281e-13
  Circuit: 	RelError: 8.23498e-11	AbsError: 1.59378e-17
Iteration: 7
  Device: "MyDevice"	RelError: 2.56202e-13	AbsError: 7.01348e+02
    Region: "MyRegion"	RelError: 2.56202e-13	AbsError: 7.01348e+02
      Equation: "ElectronContinuityEquation"	RelError: 2.73702e-14	AbsError: 3.59199e+02
      Equation: "HoleContinuityEquation"	RelError: 1.10112e-13	AbsError: 3.42150e+02
      Equation: "PotentialEquation"	RelError: 1.18720e-13	AbsError: 2.00102e-16
  Circuit: 	RelError: 3.62436e-14	AbsError: 7.01449e-21
Circuit Solution:
V1.I	-1.93437e-07
top_bias	0.2
bot	0	-1.08095030803e-07	-6.41988690853e-08	-1.72293899888e-07
Region "MyRegion" on device "MyDevice" has equations 0:770
Device "MyDevice" has equations 0:770
0	18446744073709551615	ground
GND	18446744073709551615	ground
V1.I	0	mna
top_bias	1	default
Circuit  has equations 771:772
Setting V1.I = (-7.33137e-06,1.4836e-06)
Setting top_bias = (1,0)
AC Iteration:
number of equations 773
Circuit AC Solution:
V1.I	(-7.33137e-06,1.4836e-06)
top_bias	(1,0)
capacitance 0.2 2.36123131491e-07
Region "MyRegion" on device "MyDevice" has equations 0:770
Device "MyDevice" has equations 0:770
0	18446744073709551615	ground
GND	18446744073709551615	ground
V1.I	0	mna
top_bias	1	default
Circuit  has equations 771:772
number of equations 773
Iteration: 0
  Device: "MyDevice"	RelError: 1.76237e+01	AbsError: 2.36211e+17
    Region: "MyRegion"	RelError: 1.76237e+01	AbsError: 2.36211e+17
      Equation: "ElectronContinuityEquation"	RelError: 7.92019e-01	AbsError: 1.18085e+17
      Equation: "HoleContinuityEquation"	RelError: 7.91981e-01	AbsError: 1.18125e+17
      Equation: "PotentialEquation"	RelError: 1.60397e+01	AbsError: 4.09553e-02
  Circuit: 	RelError: 7.91316e-01	AbsError: 1.00001e-01
Iteration: 1
  Device: "MyDevice"	RelError: 5.80844e+01	AbsError: 3.20558e+16
    Region: "MyRegion"	RelError: 5.80844e+01	AbsError: 3.20558e+16
      Equation: "ElectronContinuityEquation"	RelError: 6.87330e-01	AbsError: 1.65515e+16
      Equation: "HoleContinuityEquation"	RelError: 7.76733e-01	AbsError: 1.55043e+16
      Equation: "PotentialEquation"	RelError: 5.66203e+01	AbsError: 3.07629e-02
  Circuit: 	RelError: 7.23679e-01	AbsError: 2.42889e-06
Iteration: 2
  Device: "MyDevice"	RelError: 8.51159e+00	AbsError: 3.22666e+15
    Region: "MyRegion"	RelError: 8.51159e+00	AbsError: 3.22666e+15
      Equation: "ElectronContinuityEquation"	RelError: 5.07279e-01	AbsError: 1.57390e+15
      Equation: "HoleContinuityEquation"	RelError: 4.97199e-01	AbsError: 1.65276e+15
      Equation: "PotentialEquation"	RelError: 7.50711e+00	AbsError: 2.56506e-02
  Circuit: 	RelError: 5.01948e-01	AbsError: 3.38256e-06
Iteration: 3
  Device: "MyDevice"	RelError: 4.11197e-01	AbsError: 1.77920e+14
    Region: "MyRegion"	RelError: 4.11197e-01	AbsError: 1.77920e+14
      Equation: "ElectronContinuityEquation"	RelError: 2.83450e-01	AbsError: 2.85407e+12
      Equation: "HoleContinuityEquation"	RelError: 7.59266e-02	AbsError: 1.75066e+14
      Equation: "PotentialEquation"	RelError: 5.18203e-02	AbsError: 9.16493e-03
  Circuit: 	RelError: 1.84496e-01	AbsError: 1.52458e-06
Iteration: 4
  Device: "MyDevice"	RelError: 7.99025e-02	AbsError: 1.40161e+14
    Region: "MyRegion"	RelError: 7.99025e-02	AbsError: 1.40161e+14
      Equation: "ElectronContinuityEquation"	RelError: 7.70513e-02	AbsError: 7.36184e+12
      Equation: "HoleContinuityEquation"	RelError: 3.43936e-04	AbsError: 1.32799e+14
      Equation: "PotentialEquation"	RelError: 2.50721e-03	AbsError: 4.83535e-06
  Circuit: 	RelError: 5.20758e-02	AbsError: 4.53966e-07
Iteration: 5
  Device: "MyDevice"	RelError: 7.07964e-06	AbsError: 1.69664e+11
    Region: "MyRegion"	RelError: 7.07964e-06	AbsError: 1.69664e+11
      Equation: "ElectronContinuityEquation"	RelError: 6.88518e-06	AbsError: 6.10549e+07
      Equation: "HoleContinuityEquation"	RelError: 1.69628e-07	AbsError: 1.69602e+11
      Equation: "PotentialEquation"	RelError: 2.48300e-08	AbsError: 4.39133e-09
  Circuit: 	RelError: 4.43925e-06	AbsError: 3.86986e-11
Iteration: 6
  Device: "MyDevice"	RelError: 3.26370e-12	AbsError: 2.24745e+06
    Region: "MyRegion"	RelError: 3.26370e-12	AbsError: 2.24745e+06
      Equation: "ElectronContinuityEquation"	RelError: 6.87897e-13	AbsError: 2.94741e+03
      Equation: "HoleContinuityEquation"	RelError: 2.24484e-12	AbsError: 2.24451e+06
      Equation: "PotentialEquation"	RelError: 3.30963e-13	AbsError: 5.85327e-14
  Circuit: 	RelError: 1.44062e-11	AbsError: 1.25584e-16
Circuit Solution:
V1.I	-8.71728e-06
top_bias	0.3
bot	0	-5.80555075445e-06	-2.90489765995e-06	-8.7104484144e-06
Region "MyRegion" on device "MyDevice" has equations 0:770
Device "MyDevice" has equations 0:770
0	18446744073709551615	ground
GND	18446744073709551615	ground
V1.I	0	mna
top_bias	1	default
Circuit  has equations 771:772
Setting V1.I = (-0.000332594,1.64851e-06)
Setting top_bias = (1,0)
AC Iteration:
number of equations 773
Circuit AC Solution:
V1.I	(-0.000332594,1.64851e-06)
top_bias	(1,0)
capacitance 0.3 2.62368459869e-07
Region "MyRegion" on device "MyDevice" has equations 0:770
Device "MyDevice" has equations 0:770
0	18446744073709551615	ground
GND	18446744073709551615	ground
V1.I	0	mna
top_bias	1	default
Circuit  has equations 771:772
number of equations 773
Iteration: 0
  Device: "MyDevice"	RelError: 4.11264e+01	AbsError: 2.55026e+17
    Region: "MyRegion"	RelError: 4.11264e+01	AbsError: 2.55026e+17
      Equation: "ElectronContinuityEquation"	RelError: 7.92129e-01	AbsError: 1.27554e+17
      Equation: "HoleContinuityEquation"	RelError: 7.92127e-01	AbsError: 1.27473e+17
      Equation: "PotentialEquation"	RelError: 3.95422e+01	AbsError: 4.09549e-02
  Circuit: 	RelError: 7.92458e-01	AbsError: 1.00033e-01
Iteration: 1
  Device: "MyDevice"	RelError: 2.18711e+01	AbsError: 3.81700e+16
    Region: "MyRegion"	RelError: 2.18711e+01	AbsError: 3.81700e+16
      Equation: "ElectronContinuityEquation"	RelError: 6.87233e-01	AbsError: 1.98022e+16
      Equation: "HoleContinuityEquation"	RelError: 7.76838e-01	AbsError: 1.83678e+16
      Equation: "PotentialEquation"	RelError: 2.04070e+01	AbsError: 3.07633e-02
  Circuit: 	RelError: 7.23488e-01	AbsError: 1.09900e-04
Iteration: 2
  Device: "MyDevice"	RelError: 1.27548e+01	AbsError: 4.70220e+15
    Region: "MyRegion"	RelError: 1.27548e+01	AbsError: 4.70220e+15
      Equation: "ElectronContinuityEquation"	RelError: 5.07387e-01	AbsError: 2.55966e+15
      Equation: "HoleContinuityEquation"	RelError: 4.98108e-01	AbsError: 2.14254e+15
      Equation: "PotentialEquation"	RelError: 1.17494e+01	AbsError: 2.58119e-02
  Circuit: 	RelError: 4.97863e-01	AbsError: 1.50610e-04
Iteration: 3
  Device: "MyDevice"	RelError: 4.80477e-01	AbsError: 1.82099e+14
    Region: "MyRegion"	RelError: 4.80477e-01	AbsError: 1.82099e+14
      Equation: "ElectronContinuityEquation"	RelError: 2.85334e-01	AbsError: 8.83158e+12
      Equation: "HoleContinuityEquation"	RelError: 7.58958e-02	AbsError: 1.73267e+14
      Equation: "PotentialEquation"	RelError: 1.19247e-01	AbsError: 9.16532e-03
  Circuit: 	RelError: 1.89460e-01	AbsError: 7.07107e-05
Iteration: 4
  Device: "MyDevice"	RelError: 7.98328e-02	AbsError: 1.22292e+14
    Region: "MyRegion"	RelError: 7.98328e-02	AbsError: 1.22292e+14
      Equation: "ElectronContinuityEquation"	RelError: 7.67062e-02	AbsError: 7.17498e+12
      Equation: "HoleContinuityEquation"	RelError: 2.92643e-04	AbsError: 1.15117e+14
      Equation: "PotentialEquation"	RelError: 2.83398e-03	AbsError: 4.29008e-06
  Circuit: 	RelError: 5.12099e-02	AbsError: 2.01443e-05
Iteration: 5
  Device: "MyDevice"	RelError: 5.93956e-06	AbsError: 1.91889e+10
    Region: "MyRegion"	RelError: 5.93956e-06	AbsError: 1.91889e+10
      Equation: "ElectronContinuityEquation"	RelError: 5.90188e-06	AbsError: 5.94797e+07
      Equation: "HoleContinuityEquation"	RelError: 3.12348e-08	AbsError: 1.91294e+10
      Equation: "PotentialEquation"	RelError: 6.44385e-09	AbsError: 4.95256e-10
  Circuit: 	RelError: 3.91806e-06	AbsError: 1.54123e-09
Iteration: 6
  Device: "MyDevice"	RelError: 4.61960e-13	AbsError: 3.20740e+04
    Region: "MyRegion"	RelError: 4.61960e-13	AbsError: 3.20740e+04
      Equation: "ElectronContinuityEquation"	RelError: 1.61109e-13	AbsError: 3.61503e+02
      Equation: "HoleContinuityEquation"	RelError: 2.90091e-13	AbsError: 3.17125e+04
      Equation: "PotentialEquation"	RelError: 1.07600e-14	AbsError: 8.26984e-16
  Circuit: 	RelError: 8.40727e-16	AbsError: 3.30713e-19
Circuit Solution:
V1.I	-0.000393366
top_bias	0.4
bot	0	-0.000262165911866	-0.000131169633098	-0.000393335544965
Region "MyRegion" on device "MyDevice" has equations 0:770
Device "MyDevice" has equations 0:770
0	18446744073709551615	ground
GND	18446744073709551615	ground
V1.I	0	mna
top_bias	1	default
Circuit  has equations 771:772
Setting V1.I = (-0.0149826,1.76062e-06)
Setting top_bias = (1,0)
AC Iteration:
number of equations 773
Circuit AC Solution:
V1.I	(-0.0149826,1.76062e-06)
top_bias	(1,0)
capacitance 0.4 2.80212295649e-07
Region "MyRegion" on device "MyDevice" has equations 0:770
Device "MyDevice" has equations 0:770
0	18446744073709551615	ground
GND	18446744073709551615	ground
V1.I	0	mna
top_bias	1	default
Circuit  has equations 771:772
number of equations 773
Iteration: 0
  Device: "MyDevice"	RelError: 4.28086e+01	AbsError: 2.79301e+17
    Region: "MyRegion"	RelError: 4.28086e+01	AbsError: 2.79301e+17
      Equation: "ElectronContinuityEquation"	RelError: 7.92055e-01	AbsError: 1.39697e+17
      Equation: "HoleContinuityEquation"	RelError: 7.92055e-01	AbsError: 1.39604e+17
      Equation: "PotentialEquation"	RelError: 4.12244e+01	AbsError: 4.09542e-02
  Circuit: 	RelError: 7.92047e-01	AbsError: 1.01498e-01
Iteration: 1
  Device: "MyDevice"	RelError: 2.36873e+02	AbsError: 4.70477e+16
    Region: "MyRegion"	RelError: 2.36873e+02	AbsError: 4.70477e+16
      Equation: "ElectronContinuityEquation"	RelError: 6.87129e-01	AbsError: 2.45845e+16
      Equation: "HoleContinuityEquation"	RelError: 7.76601e-01	AbsError: 2.24633e+16
      Equation: "PotentialEquation"	RelError: 2.35409e+02	AbsError: 3.07633e-02
  Circuit: 	RelError: 7.23981e-01	AbsError: 4.96158e-03
Iteration: 2
  Device: "MyDevice"	RelError: 2.37519e+00	AbsError: 7.17456e+15
    Region: "MyRegion"	RelError: 2.37519e+00	AbsError: 7.17456e+15
      Equation: "ElectronContinuityEquation"	RelError: 5.06856e-01	AbsError: 4.23042e+15
      Equation: "HoleContinuityEquation"	RelError: 5.00372e-01	AbsError: 2.94414e+15
      Equation: "PotentialEquation"	RelError: 1.36796e+00	AbsError: 2.58032e-02
  Circuit: 	RelError: 4.97483e-01	AbsError: 6.78453e-03
Iteration: 3
  Device: "MyDevice"	RelError: 7.55962e-01	AbsError: 2.46055e+14
    Region: "MyRegion"	RelError: 7.55962e-01	AbsError: 2.46055e+14
      Equation: "ElectronContinuityEquation"	RelError: 2.85015e-01	AbsError: 2.18903e+13
      Equation: "HoleContinuityEquation"	RelError: 7.48707e-02	AbsError: 2.24164e+14
      Equation: "PotentialEquation"	RelError: 3.96077e-01	AbsError: 9.16544e-03
  Circuit: 	RelError: 1.88937e-01	AbsError: 3.17690e-03
Iteration: 4
  Device: "MyDevice"	RelError: 7.65514e-02	AbsError: 1.03946e+14
    Region: "MyRegion"	RelError: 7.65514e-02	AbsError: 1.03946e+14
      Equation: "ElectronContinuityEquation"	RelError: 7.62107e-02	AbsError: 6.84799e+12
      Equation: "HoleContinuityEquation"	RelError: 2.53111e-04	AbsError: 9.70975e+13
      Equation: "PotentialEquation"	RelError: 8.76028e-05	AbsError: 3.63266e-06
  Circuit: 	RelError: 5.08780e-02	AbsError: 9.01355e-04
Iteration: 5
  Device: "MyDevice"	RelError: 4.91092e-06	AbsError: 2.15431e+09
    Region: "MyRegion"	RelError: 4.91092e-06	AbsError: 2.15431e+09
      Equation: "ElectronContinuityEquation"	RelError: 4.88796e-06	AbsError: 5.57089e+07
      Equation: "HoleContinuityEquation"	RelError: 2.20779e-08	AbsError: 2.09860e+09
      Equation: "PotentialEquation"	RelError: 8.81715e-10	AbsError: 2.63304e-11
  Circuit: 	RelError: 3.25119e-06	AbsError: 5.75978e-08
Iteration: 6
  Device: "MyDevice"	RelError: 1.74794e-13	AbsError: 4.15246e+03
    Region: "MyRegion"	RelError: 1.74794e-13	AbsError: 4.15246e+03
      Equation: "ElectronContinuityEquation"	RelError: 4.52530e-14	AbsError: 2.04101e+02
      Equation: "HoleContinuityEquation"	RelError: 1.25208e-13	AbsError: 3.94836e+03
      Equation: "PotentialEquation"	RelError: 4.33289e-15	AbsError: 1.00271e-16
  Circuit: 	RelError: 5.24156e-15	AbsError: 9.28591e-17
Circuit Solution:
V1.I	-0.0177159
top_bias	0.5
bot	0	-0.0118079690348	-0.00590798459506	-0.0177159536298
Region "MyRegion" on device "MyDevice" has equations 0:770
Device "MyDevice" has equations 0:770
0	18446744073709551615	ground
GND	18446744073709551615	ground
V1.I	0	mna
top_bias	1	default
Circuit  has equations 771:772
Setting V1.I = (-0.674249,1.96388e-06)
Setting top_bias = (1,0)
AC Iteration:
number of equations 773
Circuit AC Solution:
V1.I	(-0.674249,1.96388e-06)
top_bias	(1,0)
capacitance 0.5 3.12562117534e-07
V1.I	dcop	-0.0177159276828
V1.I	dcop_prev	-0.000393365723862
V1.I	ssac_imag	1.96388404564e-06
V1.I	ssac_real	-0.674249053001
top_bias	dcop	0.5
top_bias	dcop_prev	0.4
top_bias	ssac_imag	0.0
top_bias	ssac_real	1.0
