Searching DEVSIM_MATH_LIBS="libopenblas.so:liblapack.so:libblas.so"
Loading "libopenblas.so": ALL BLAS/LAPACK LOADED
Skipping liblapack.so
Skipping libblas.so
loading UMFPACK 5.1 as direct solver
contact2
 (region: MyRegion)
 (contact: contact1)
 (contact: contact2)
number of equations 11
Iteration: 0
  Device: "MyDevice"	RelError: 1.00000e+00	AbsError: 1.00000e+00
    Region: "MyRegion"	RelError: 1.00000e+00	AbsError: 1.00000e+00
      Equation: "PotentialEquation"	RelError: 1.00000e+00	AbsError: 1.00000e+00
Iteration: 1
  Device: "MyDevice"	RelError: 9.52882e-16	AbsError: 6.67018e-16
    Region: "MyRegion"	RelError: 9.52882e-16	AbsError: 6.67018e-16
      Equation: "PotentialEquation"	RelError: 9.52882e-16	AbsError: 6.67018e-16
contact: contact1 charge: 3.45150e-13
contact: contact2 charge: -3.45150e-13
