
----------------------------------------

 DEVSIM

 Version: Beta 0.01

 Copyright 2009-2016 Devsim LLC

----------------------------------------


Physical group name air has 0 Tetrahedra.
Physical group name air has 7689 Triangles.
Physical group name air has 11633 Lines.
Physical group name air has 3943 Points.
Physical group name air_left_interface has 0 Tetrahedra.
Physical group name air_left_interface has 0 Triangles.
Physical group name air_left_interface has 62 Lines.
Physical group name air_left_interface has 62 Points.
Physical group name air_right_interface has 0 Tetrahedra.
Physical group name air_right_interface has 0 Triangles.
Physical group name air_right_interface has 62 Lines.
Physical group name air_right_interface has 62 Points.
Physical group name bottom has 0 Tetrahedra.
Physical group name bottom has 0 Triangles.
Physical group name bottom has 0 Lines.
Physical group name bottom has 1 Points.
Physical group name left has 0 Tetrahedra.
Physical group name left has 630 Triangles.
Physical group name left has 976 Lines.
Physical group name left has 347 Points.
Physical group name right has 0 Tetrahedra.
Physical group name right has 624 Triangles.
Physical group name right has 967 Lines.
Physical group name right has 344 Points.
Device twowire has 4510 coordinates with max index 4510
group air has 3943 nodes.
Region air has 3943 nodes.
Region air has 3943 nodes.
group left has 347 nodes.
Region left has 347 nodes.
Region left has 347 nodes.
group right has 344 nodes.
Region right has 344 nodes.
Region right has 344 nodes.
group bottom has 1 nodes.
Contact bottom in region air with 1 nodes
group air_left_interface has 62 nodes.
Adding interface air_left with 62, 62 nodes
group air_right_interface has 62 nodes.
Adding interface air_right with 62, 62 nodes
Region "air" on device "twowire" has equations 0:3942
Region "left" on device "twowire" has equations 3943:4289
Region "right" on device "twowire" has equations 4290:4633
Device "twowire" has equations 0:4633
number of equations 4634
Iteration: 0
  Device: "twowire"	RelError: 3.00000e+00	AbsError: 9.59905e-03
    Region: "air"	RelError: 1.00000e+00	AbsError: 8.06505e-03
      Equation: "Az_Equation"	RelError: 1.00000e+00	AbsError: 8.06505e-03
    Region: "left"	RelError: 1.00000e+00	AbsError: 9.59905e-03
      Equation: "Az_Equation"	RelError: 1.00000e+00	AbsError: 9.59905e-03
    Region: "right"	RelError: 1.00000e+00	AbsError: 9.49732e-03
      Equation: "Az_Equation"	RelError: 1.00000e+00	AbsError: 9.49732e-03
Iteration: 1
  Device: "twowire"	RelError: 4.46192e-10	AbsError: 3.38783e-16
    Region: "air"	RelError: 4.46071e-10	AbsError: 3.35528e-16
      Equation: "Az_Equation"	RelError: 4.46071e-10	AbsError: 3.35528e-16
    Region: "left"	RelError: 5.89522e-14	AbsError: 3.38783e-16
      Equation: "Az_Equation"	RelError: 5.89522e-14	AbsError: 3.38783e-16
    Region: "right"	RelError: 6.11095e-14	AbsError: 3.38259e-16
      Equation: "Az_Equation"	RelError: 6.11095e-14	AbsError: 3.38259e-16
Iteration: 2
  Device: "twowire"	RelError: 3.86683e-13	AbsError: 1.23059e-18
    Region: "air"	RelError: 3.86395e-13	AbsError: 1.06707e-18
      Equation: "Az_Equation"	RelError: 3.86395e-13	AbsError: 1.06707e-18
    Region: "left"	RelError: 1.50819e-16	AbsError: 1.23059e-18
      Equation: "Az_Equation"	RelError: 1.50819e-16	AbsError: 1.23059e-18
    Region: "right"	RelError: 1.37768e-16	AbsError: 1.17543e-18
      Equation: "Az_Equation"	RelError: 1.37768e-16	AbsError: 1.17543e-18
ElementNodeVolume 2.002482e+02
NodeVolume 4.004963e+02
ElementNodeVolume 1.570720e-02
NodeVolume 3.141441e-02
ElementNodeVolume 1.569389e-02
NodeVolume 3.138777e-02
