
----------------------------------------

 DEVSIM

 Version: Beta 0.01

 Copyright 2009-2015 Devsim LLC

----------------------------------------


Adding 540 nodes
Adding 1541 edges with 0 duplicates removed
Adding 1002 triangles  with 0 duplicate removed
Contact Anode in region Silicon with 7 nodes
Contact Cathode in region Silicon with 16 nodes
Creating Node Solution Potential
Region "Silicon" on device "pn2d" has equations 0:539
Device "pn2d" has equations 0:539
number of equations 540
Iteration: 0
  Device: "pn2d"	RelError: 1.00000e+00	AbsError: 3.07958e-01
    Region: "Silicon"	RelError: 1.00000e+00	AbsError: 3.07958e-01
      Equation: "PotentialEquation"	RelError: 1.00000e+00	AbsError: 3.07958e-01
Iteration: 1
  Device: "pn2d"	RelError: 9.48950e+02	AbsError: 2.38478e-01
    Region: "Silicon"	RelError: 9.48950e+02	AbsError: 2.38478e-01
      Equation: "PotentialEquation"	RelError: 9.48950e+02	AbsError: 2.38478e-01
Iteration: 2
  Device: "pn2d"	RelError: 7.41923e+01	AbsError: 2.37034e-01
    Region: "Silicon"	RelError: 7.41923e+01	AbsError: 2.37034e-01
      Equation: "PotentialEquation"	RelError: 7.41923e+01	AbsError: 2.37034e-01
Iteration: 3
  Device: "pn2d"	RelError: 4.06386e+00	AbsError: 2.35686e-01
    Region: "Silicon"	RelError: 4.06386e+00	AbsError: 2.35686e-01
      Equation: "PotentialEquation"	RelError: 4.06386e+00	AbsError: 2.35686e-01
Iteration: 4
  Device: "pn2d"	RelError: 1.45865e+02	AbsError: 1.57887e-01
    Region: "Silicon"	RelError: 1.45865e+02	AbsError: 1.57887e-01
      Equation: "PotentialEquation"	RelError: 1.45865e+02	AbsError: 1.57887e-01
Iteration: 5
  Device: "pn2d"	RelError: 1.35418e+02	AbsError: 1.57914e-01
    Region: "Silicon"	RelError: 1.35418e+02	AbsError: 1.57914e-01
      Equation: "PotentialEquation"	RelError: 1.35418e+02	AbsError: 1.57914e-01
Iteration: 6
  Device: "pn2d"	RelError: 1.72594e+02	AbsError: 1.47982e-01
    Region: "Silicon"	RelError: 1.72594e+02	AbsError: 1.47982e-01
      Equation: "PotentialEquation"	RelError: 1.72594e+02	AbsError: 1.47982e-01
Iteration: 7
  Device: "pn2d"	RelError: 3.44881e+01	AbsError: 1.46441e-01
    Region: "Silicon"	RelError: 3.44881e+01	AbsError: 1.46441e-01
      Equation: "PotentialEquation"	RelError: 3.44881e+01	AbsError: 1.46441e-01
Iteration: 8
  Device: "pn2d"	RelError: 2.79287e+00	AbsError: 1.25505e-01
    Region: "Silicon"	RelError: 2.79287e+00	AbsError: 1.25505e-01
      Equation: "PotentialEquation"	RelError: 2.79287e+00	AbsError: 1.25505e-01
Iteration: 9
  Device: "pn2d"	RelError: 4.87845e+00	AbsError: 8.47244e-02
    Region: "Silicon"	RelError: 4.87845e+00	AbsError: 8.47244e-02
      Equation: "PotentialEquation"	RelError: 4.87845e+00	AbsError: 8.47244e-02
Iteration: 10
  Device: "pn2d"	RelError: 3.20250e+00	AbsError: 7.28688e-02
    Region: "Silicon"	RelError: 3.20250e+00	AbsError: 7.28688e-02
      Equation: "PotentialEquation"	RelError: 3.20250e+00	AbsError: 7.28688e-02
Iteration: 11
  Device: "pn2d"	RelError: 1.16918e+00	AbsError: 6.51325e-02
    Region: "Silicon"	RelError: 1.16918e+00	AbsError: 6.51325e-02
      Equation: "PotentialEquation"	RelError: 1.16918e+00	AbsError: 6.51325e-02
Iteration: 12
  Device: "pn2d"	RelError: 1.51313e+02	AbsError: 5.46855e-02
    Region: "Silicon"	RelError: 1.51313e+02	AbsError: 5.46855e-02
      Equation: "PotentialEquation"	RelError: 1.51313e+02	AbsError: 5.46855e-02
Iteration: 13
  Device: "pn2d"	RelError: 5.74154e+00	AbsError: 4.60583e-02
    Region: "Silicon"	RelError: 5.74154e+00	AbsError: 4.60583e-02
      Equation: "PotentialEquation"	RelError: 5.74154e+00	AbsError: 4.60583e-02
Iteration: 14
  Device: "pn2d"	RelError: 4.25804e+00	AbsError: 3.67857e-02
    Region: "Silicon"	RelError: 4.25804e+00	AbsError: 3.67857e-02
      Equation: "PotentialEquation"	RelError: 4.25804e+00	AbsError: 3.67857e-02
Iteration: 15
  Device: "pn2d"	RelError: 5.49279e+00	AbsError: 2.58566e-02
    Region: "Silicon"	RelError: 5.49279e+00	AbsError: 2.58566e-02
      Equation: "PotentialEquation"	RelError: 5.49279e+00	AbsError: 2.58566e-02
Iteration: 16
  Device: "pn2d"	RelError: 6.84161e-02	AbsError: 1.84034e-02
    Region: "Silicon"	RelError: 6.84161e-02	AbsError: 1.84034e-02
      Equation: "PotentialEquation"	RelError: 6.84161e-02	AbsError: 1.84034e-02
Iteration: 17
  Device: "pn2d"	RelError: 2.10333e-04	AbsError: 5.65658e-05
    Region: "Silicon"	RelError: 2.10333e-04	AbsError: 5.65658e-05
      Equation: "PotentialEquation"	RelError: 2.10333e-04	AbsError: 5.65658e-05
Iteration: 18
  Device: "pn2d"	RelError: 3.14468e-09	AbsError: 8.45714e-10
    Region: "Silicon"	RelError: 3.14468e-09	AbsError: 8.45714e-10
      Equation: "PotentialEquation"	RelError: 3.14468e-09	AbsError: 8.45714e-10
Iteration: 19
  Device: "pn2d"	RelError: 9.72604e-15	AbsError: 1.01087e-16
    Region: "Silicon"	RelError: 9.72604e-15	AbsError: 1.01087e-16
      Equation: "PotentialEquation"	RelError: 9.72604e-15	AbsError: 1.01087e-16
Warning: Replacing equation with equation of the same name.
Region: Silicon, Equation: PotentialEquation, Variable: Potential
Region "Silicon" on device "pn2d" has equations 0:1619
Device "pn2d" has equations 0:1619
number of equations 1620
Iteration: 0
  Device: "pn2d"	RelError: 1.92185e-02	AbsError: 4.19840e+04
    Region: "Silicon"	RelError: 1.92185e-02	AbsError: 4.19840e+04
      Equation: "ElectronContinuityEquation"	RelError: 6.96628e-03	AbsError: 5.12000e+03
      Equation: "HoleContinuityEquation"	RelError: 1.22522e-02	AbsError: 3.68640e+04
      Equation: "PotentialEquation"	RelError: 1.47366e-14	AbsError: 2.74183e-16
Iteration: 1
  Device: "pn2d"	RelError: 1.43298e-02	AbsError: 5.28201e+02
    Region: "Silicon"	RelError: 1.43298e-02	AbsError: 5.28201e+02
      Equation: "ElectronContinuityEquation"	RelError: 1.42921e-02	AbsError: 6.39737e+01
      Equation: "HoleContinuityEquation"	RelError: 3.77112e-05	AbsError: 4.64227e+02
      Equation: "PotentialEquation"	RelError: 4.93216e-14	AbsError: 1.97208e-16
Anode	0.0	-1.65501704794e-20	-5.86085567911e-15	-5.86087222928e-15
Cathode	0.0	0.0	2.73095540633e-20	2.73095540633e-20
Region "Silicon" on device "pn2d" has equations 0:1619
Device "pn2d" has equations 0:1619
number of equations 1620
Iteration: 0
  Device: "pn2d"	RelError: 2.92272e+00	AbsError: 1.28646e+16
    Region: "Silicon"	RelError: 2.92272e+00	AbsError: 1.28646e+16
      Equation: "ElectronContinuityEquation"	RelError: 4.90392e-01	AbsError: 5.71143e+15
      Equation: "HoleContinuityEquation"	RelError: 4.91311e-01	AbsError: 7.15322e+15
      Equation: "PotentialEquation"	RelError: 1.94102e+00	AbsError: 2.50000e-02
Iteration: 1
  Device: "pn2d"	RelError: 5.03494e-01	AbsError: 1.54729e+14
    Region: "Silicon"	RelError: 5.03494e-01	AbsError: 1.54729e+14
      Equation: "ElectronContinuityEquation"	RelError: 2.52689e-01	AbsError: 8.03012e+13
      Equation: "HoleContinuityEquation"	RelError: 2.50560e-01	AbsError: 7.44275e+13
      Equation: "PotentialEquation"	RelError: 2.45870e-04	AbsError: 9.32651e-05
Iteration: 2
  Device: "pn2d"	RelError: 4.75265e-03	AbsError: 2.80378e+10
    Region: "Silicon"	RelError: 4.75265e-03	AbsError: 2.80378e+10
      Equation: "ElectronContinuityEquation"	RelError: 1.53221e-03	AbsError: 6.87980e+09
      Equation: "HoleContinuityEquation"	RelError: 3.22032e-03	AbsError: 2.11580e+10
      Equation: "PotentialEquation"	RelError: 1.23556e-07	AbsError: 2.09654e-08
Iteration: 3
  Device: "pn2d"	RelError: 1.62136e-04	AbsError: 3.18359e+06
    Region: "Silicon"	RelError: 1.62136e-04	AbsError: 3.18359e+06
      Equation: "ElectronContinuityEquation"	RelError: 1.36599e-04	AbsError: 6.47924e+05
      Equation: "HoleContinuityEquation"	RelError: 2.55366e-05	AbsError: 2.53567e+06
      Equation: "PotentialEquation"	RelError: 6.89155e-11	AbsError: 1.50633e-12
Iteration: 4
  Device: "pn2d"	RelError: 2.72791e-05	AbsError: 5.93112e+02
    Region: "Silicon"	RelError: 2.72791e-05	AbsError: 5.93112e+02
      Equation: "ElectronContinuityEquation"	RelError: 2.68577e-05	AbsError: 8.38781e+01
      Equation: "HoleContinuityEquation"	RelError: 4.21312e-07	AbsError: 5.09234e+02
      Equation: "PotentialEquation"	RelError: 1.70748e-14	AbsError: 1.32966e-16
Anode	0.025	1.50118788154e-16	-2.61429059569e-14	-2.59927871688e-14
Cathode	0.0	-2.30926389122e-14	-1.41897733443e-16	-2.32345366456e-14
Region "Silicon" on device "pn2d" has equations 0:1619
Device "pn2d" has equations 0:1619
number of equations 1620
Iteration: 0
  Device: "pn2d"	RelError: 2.90681e+00	AbsError: 1.30712e+16
    Region: "Silicon"	RelError: 2.90681e+00	AbsError: 1.30712e+16
      Equation: "ElectronContinuityEquation"	RelError: 4.90823e-01	AbsError: 5.86843e+15
      Equation: "HoleContinuityEquation"	RelError: 4.90230e-01	AbsError: 7.20278e+15
      Equation: "PotentialEquation"	RelError: 1.92576e+00	AbsError: 2.50000e-02
Iteration: 1
  Device: "pn2d"	RelError: 5.03417e-01	AbsError: 1.54263e+14
    Region: "Silicon"	RelError: 5.03417e-01	AbsError: 1.54263e+14
      Equation: "ElectronContinuityEquation"	RelError: 2.51572e-01	AbsError: 6.96302e+13
      Equation: "HoleContinuityEquation"	RelError: 2.51187e-01	AbsError: 8.46331e+13
      Equation: "PotentialEquation"	RelError: 6.58198e-04	AbsError: 9.11179e-05
Iteration: 2
  Device: "pn2d"	RelError: 1.75439e-03	AbsError: 4.76653e+10
    Region: "Silicon"	RelError: 1.75439e-03	AbsError: 4.76653e+10
      Equation: "ElectronContinuityEquation"	RelError: 1.39983e-03	AbsError: 7.40301e+09
      Equation: "HoleContinuityEquation"	RelError: 3.54390e-04	AbsError: 4.02623e+10
      Equation: "PotentialEquation"	RelError: 1.63507e-07	AbsError: 4.29047e-08
Iteration: 3
  Device: "pn2d"	RelError: 2.86542e-03	AbsError: 2.53357e+06
    Region: "Silicon"	RelError: 2.86542e-03	AbsError: 2.53357e+06
      Equation: "ElectronContinuityEquation"	RelError: 2.53209e-05	AbsError: 1.27345e+06
      Equation: "HoleContinuityEquation"	RelError: 2.84010e-03	AbsError: 1.26012e+06
      Equation: "PotentialEquation"	RelError: 1.83955e-10	AbsError: 1.17926e-12
Iteration: 4
  Device: "pn2d"	RelError: 2.84836e-03	AbsError: 5.61798e+02
    Region: "Silicon"	RelError: 2.84836e-03	AbsError: 5.61798e+02
      Equation: "ElectronContinuityEquation"	RelError: 1.73075e-07	AbsError: 6.94978e+01
      Equation: "HoleContinuityEquation"	RelError: 2.84818e-03	AbsError: 4.92300e+02
      Equation: "PotentialEquation"	RelError: 6.04565e-15	AbsError: 1.32095e-16
Anode	0.05	5.44329421886e-16	7.21905658989e-14	7.27348953208e-14
Cathode	0.0	-6.2172489379e-14	-5.14515875831e-16	-6.26870052548e-14
Region "Silicon" on device "pn2d" has equations 0:1619
Device "pn2d" has equations 0:1619
number of equations 1620
Iteration: 0
  Device: "pn2d"	RelError: 3.06520e+00	AbsError: 1.32455e+16
    Region: "Silicon"	RelError: 3.06520e+00	AbsError: 1.32455e+16
      Equation: "ElectronContinuityEquation"	RelError: 4.91080e-01	AbsError: 6.00424e+15
      Equation: "HoleContinuityEquation"	RelError: 4.90851e-01	AbsError: 7.24130e+15
      Equation: "PotentialEquation"	RelError: 2.08327e+00	AbsError: 2.50000e-02
Iteration: 1
  Device: "pn2d"	RelError: 5.04083e-01	AbsError: 1.72120e+14
    Region: "Silicon"	RelError: 5.04083e-01	AbsError: 1.72120e+14
      Equation: "ElectronContinuityEquation"	RelError: 2.51765e-01	AbsError: 5.93495e+13
      Equation: "HoleContinuityEquation"	RelError: 2.51440e-01	AbsError: 1.12771e+14
      Equation: "PotentialEquation"	RelError: 8.78064e-04	AbsError: 1.22187e-04
Iteration: 2
  Device: "pn2d"	RelError: 1.36211e-03	AbsError: 8.40084e+10
    Region: "Silicon"	RelError: 1.36211e-03	AbsError: 8.40084e+10
      Equation: "ElectronContinuityEquation"	RelError: 5.29409e-04	AbsError: 1.32156e+10
      Equation: "HoleContinuityEquation"	RelError: 8.32386e-04	AbsError: 7.07928e+10
      Equation: "PotentialEquation"	RelError: 3.12470e-07	AbsError: 7.70191e-08
Iteration: 3
  Device: "pn2d"	RelError: 3.45011e-05	AbsError: 5.05522e+06
    Region: "Silicon"	RelError: 3.45011e-05	AbsError: 5.05522e+06
      Equation: "ElectronContinuityEquation"	RelError: 3.04765e-05	AbsError: 4.97598e+05
      Equation: "HoleContinuityEquation"	RelError: 4.02441e-06	AbsError: 4.55762e+06
      Equation: "PotentialEquation"	RelError: 2.03422e-10	AbsError: 1.20275e-12
Iteration: 4
  Device: "pn2d"	RelError: 9.77651e-04	AbsError: 5.92611e+02
    Region: "Silicon"	RelError: 9.77651e-04	AbsError: 5.92611e+02
      Equation: "ElectronContinuityEquation"	RelError: 9.44491e-04	AbsError: 8.50486e+01
      Equation: "HoleContinuityEquation"	RelError: 3.31600e-05	AbsError: 5.07562e+02
      Equation: "PotentialEquation"	RelError: 2.80921e-15	AbsError: 1.17288e-16
Anode	0.075	1.57982549801e-15	1.69996487954e-13	1.71576313452e-13
Cathode	0.0	-1.30045744664e-13	-1.49319233749e-15	-1.31538937001e-13
Region "Silicon" on device "pn2d" has equations 0:1619
Device "pn2d" has equations 0:1619
number of equations 1620
Iteration: 0
  Device: "pn2d"	RelError: 1.65794e+00	AbsError: 1.33867e+16
    Region: "Silicon"	RelError: 1.65794e+00	AbsError: 1.33867e+16
      Equation: "ElectronContinuityEquation"	RelError: 4.91179e-01	AbsError: 6.11956e+15
      Equation: "HoleContinuityEquation"	RelError: 4.91092e-01	AbsError: 7.26712e+15
      Equation: "PotentialEquation"	RelError: 6.75669e-01	AbsError: 2.50000e-02
Iteration: 1
  Device: "pn2d"	RelError: 5.04140e-01	AbsError: 2.12285e+14
    Region: "Silicon"	RelError: 5.04140e-01	AbsError: 2.12285e+14
      Equation: "ElectronContinuityEquation"	RelError: 2.51884e-01	AbsError: 6.70081e+13
      Equation: "HoleContinuityEquation"	RelError: 2.51569e-01	AbsError: 1.45277e+14
      Equation: "PotentialEquation"	RelError: 6.86040e-04	AbsError: 1.57978e-04
Iteration: 2
  Device: "pn2d"	RelError: 1.15673e-03	AbsError: 1.37450e+11
    Region: "Silicon"	RelError: 1.15673e-03	AbsError: 1.37450e+11
      Equation: "ElectronContinuityEquation"	RelError: 6.31647e-04	AbsError: 2.45062e+10
      Equation: "HoleContinuityEquation"	RelError: 5.24546e-04	AbsError: 1.12944e+11
      Equation: "PotentialEquation"	RelError: 5.38593e-07	AbsError: 1.24025e-07
Iteration: 3
  Device: "pn2d"	RelError: 7.72409e-04	AbsError: 1.49938e+06
    Region: "Silicon"	RelError: 7.72409e-04	AbsError: 1.49938e+06
      Equation: "ElectronContinuityEquation"	RelError: 7.66571e-04	AbsError: 4.32448e+05
      Equation: "HoleContinuityEquation"	RelError: 5.83781e-06	AbsError: 1.06693e+06
      Equation: "PotentialEquation"	RelError: 1.54161e-10	AbsError: 2.80937e-12
Iteration: 4
  Device: "pn2d"	RelError: 1.28506e-03	AbsError: 5.83794e+02
    Region: "Silicon"	RelError: 1.28506e-03	AbsError: 5.83794e+02
      Equation: "ElectronContinuityEquation"	RelError: 7.65624e-04	AbsError: 7.40491e+01
      Equation: "HoleContinuityEquation"	RelError: 5.19440e-04	AbsError: 5.09745e+02
      Equation: "PotentialEquation"	RelError: 7.33933e-15	AbsError: 1.33749e-16
Anode	0.1	4.29941444687e-15	2.52429527734e-13	2.56728942181e-13
Cathode	0.0	-2.48479042804e-13	-4.06349471811e-15	-2.52542537522e-13
Region "Silicon" on device "pn2d" has equations 0:1619
Device "pn2d" has equations 0:1619
number of equations 1620
Iteration: 0
  Device: "pn2d"	RelError: 1.86129e+00	AbsError: 1.34926e+16
    Region: "Silicon"	RelError: 1.86129e+00	AbsError: 1.34926e+16
      Equation: "ElectronContinuityEquation"	RelError: 4.91220e-01	AbsError: 6.21451e+15
      Equation: "HoleContinuityEquation"	RelError: 4.91186e-01	AbsError: 7.27812e+15
      Equation: "PotentialEquation"	RelError: 8.78883e-01	AbsError: 2.50000e-02
Iteration: 1
  Device: "pn2d"	RelError: 5.04565e-01	AbsError: 2.69852e+14
    Region: "Silicon"	RelError: 5.04565e-01	AbsError: 2.69852e+14
      Equation: "ElectronContinuityEquation"	RelError: 2.51967e-01	AbsError: 9.02396e+13
      Equation: "HoleContinuityEquation"	RelError: 2.51683e-01	AbsError: 1.79613e+14
      Equation: "PotentialEquation"	RelError: 9.15391e-04	AbsError: 1.95619e-04
Iteration: 2
  Device: "pn2d"	RelError: 1.18703e-03	AbsError: 2.08683e+11
    Region: "Silicon"	RelError: 1.18703e-03	AbsError: 2.08683e+11
      Equation: "ElectronContinuityEquation"	RelError: 7.47295e-04	AbsError: 4.79349e+10
      Equation: "HoleContinuityEquation"	RelError: 4.38914e-04	AbsError: 1.60748e+11
      Equation: "PotentialEquation"	RelError: 8.22107e-07	AbsError: 1.75685e-07
Iteration: 3
  Device: "pn2d"	RelError: 3.14162e-04	AbsError: 4.99195e+06
    Region: "Silicon"	RelError: 3.14162e-04	AbsError: 4.99195e+06
      Equation: "ElectronContinuityEquation"	RelError: 3.10757e-04	AbsError: 4.17953e+06
      Equation: "HoleContinuityEquation"	RelError: 3.40490e-06	AbsError: 8.12413e+05
      Equation: "PotentialEquation"	RelError: 7.80599e-11	AbsError: 1.14733e-12
Iteration: 4
  Device: "pn2d"	RelError: 2.40879e-06	AbsError: 5.53986e+02
    Region: "Silicon"	RelError: 2.40879e-06	AbsError: 5.53986e+02
      Equation: "ElectronContinuityEquation"	RelError: 2.40654e-06	AbsError: 6.87903e+01
      Equation: "HoleContinuityEquation"	RelError: 2.25259e-09	AbsError: 4.85196e+02
      Equation: "PotentialEquation"	RelError: 1.15170e-14	AbsError: 1.62913e-16
Anode	0.125	1.14424562285e-14	4.26439172356e-13	4.37881628584e-13
Cathode	0.0	-4.24976879911e-13	-1.08141363912e-14	-4.35791016302e-13
Region "Silicon" on device "pn2d" has equations 0:1619
Device "pn2d" has equations 0:1619
number of equations 1620
Iteration: 0
  Device: "pn2d"	RelError: 8.18112e+00	AbsError: 1.35607e+16
    Region: "Silicon"	RelError: 8.18112e+00	AbsError: 1.35607e+16
      Equation: "ElectronContinuityEquation"	RelError: 4.91246e-01	AbsError: 6.28879e+15
      Equation: "HoleContinuityEquation"	RelError: 4.91222e-01	AbsError: 7.27187e+15
      Equation: "PotentialEquation"	RelError: 7.19866e+00	AbsError: 2.50000e-02
Iteration: 1
  Device: "pn2d"	RelError: 5.06657e-01	AbsError: 3.29837e+14
    Region: "Silicon"	RelError: 5.06657e-01	AbsError: 3.29837e+14
      Equation: "ElectronContinuityEquation"	RelError: 2.52041e-01	AbsError: 1.18025e+14
      Equation: "HoleContinuityEquation"	RelError: 2.51710e-01	AbsError: 2.11812e+14
      Equation: "PotentialEquation"	RelError: 2.90576e-03	AbsError: 2.30655e-04
Iteration: 2
  Device: "pn2d"	RelError: 1.38168e-03	AbsError: 2.83464e+11
    Region: "Silicon"	RelError: 1.38168e-03	AbsError: 2.83464e+11
      Equation: "ElectronContinuityEquation"	RelError: 8.58829e-04	AbsError: 8.35885e+10
      Equation: "HoleContinuityEquation"	RelError: 5.20823e-04	AbsError: 1.99876e+11
      Equation: "PotentialEquation"	RelError: 2.03114e-06	AbsError: 2.20644e-07
Iteration: 3
  Device: "pn2d"	RelError: 8.97525e-06	AbsError: 2.53105e+07
    Region: "Silicon"	RelError: 8.97525e-06	AbsError: 2.53105e+07
      Equation: "ElectronContinuityEquation"	RelError: 6.10622e-06	AbsError: 1.58443e+07
      Equation: "HoleContinuityEquation"	RelError: 2.86840e-06	AbsError: 9.46615e+06
      Equation: "PotentialEquation"	RelError: 6.22899e-10	AbsError: 1.16506e-12
Iteration: 4
  Device: "pn2d"	RelError: 1.06263e-05	AbsError: 5.77536e+02
    Region: "Silicon"	RelError: 1.06263e-05	AbsError: 5.77536e+02
      Equation: "ElectronContinuityEquation"	RelError: 4.97997e-06	AbsError: 6.63550e+01
      Equation: "HoleContinuityEquation"	RelError: 5.64631e-06	AbsError: 5.11181e+02
      Equation: "PotentialEquation"	RelError: 7.38678e-14	AbsError: 1.27819e-16
Anode	0.15	3.02036805359e-14	7.24581210344e-13	7.5478489088e-13
Cathode	0.0	-7.28527597432e-13	-2.85436768233e-14	-7.57071274255e-13
Region "Silicon" on device "pn2d" has equations 0:1619
Device "pn2d" has equations 0:1619
number of equations 1620
Iteration: 0
  Device: "pn2d"	RelError: 2.14453e+00	AbsError: 1.35882e+16
    Region: "Silicon"	RelError: 2.14453e+00	AbsError: 1.35882e+16
      Equation: "ElectronContinuityEquation"	RelError: 4.91256e-01	AbsError: 6.34198e+15
      Equation: "HoleContinuityEquation"	RelError: 4.91245e-01	AbsError: 7.24621e+15
      Equation: "PotentialEquation"	RelError: 1.16203e+00	AbsError: 2.50000e-02
Iteration: 1
  Device: "pn2d"	RelError: 5.05308e-01	AbsError: 3.86291e+14
    Region: "Silicon"	RelError: 5.05308e-01	AbsError: 3.86291e+14
      Equation: "ElectronContinuityEquation"	RelError: 2.52108e-01	AbsError: 1.48854e+14
      Equation: "HoleContinuityEquation"	RelError: 2.51760e-01	AbsError: 2.37437e+14
      Equation: "PotentialEquation"	RelError: 1.44040e-03	AbsError: 2.58084e-04
Iteration: 2
  Device: "pn2d"	RelError: 1.56325e-03	AbsError: 3.48759e+11
    Region: "Silicon"	RelError: 1.56325e-03	AbsError: 3.48759e+11
      Equation: "ElectronContinuityEquation"	RelError: 9.53455e-04	AbsError: 1.32911e+11
      Equation: "HoleContinuityEquation"	RelError: 6.08470e-04	AbsError: 2.15848e+11
      Equation: "PotentialEquation"	RelError: 1.32544e-06	AbsError: 2.37486e-07
Iteration: 3
  Device: "pn2d"	RelError: 1.25416e-05	AbsError: 2.36554e+07
    Region: "Silicon"	RelError: 1.25416e-05	AbsError: 2.36554e+07
      Equation: "ElectronContinuityEquation"	RelError: 8.62760e-06	AbsError: 3.37552e+06
      Equation: "HoleContinuityEquation"	RelError: 3.91398e-06	AbsError: 2.02799e+07
      Equation: "PotentialEquation"	RelError: 1.27874e-11	AbsError: 1.19500e-12
Iteration: 4
  Device: "pn2d"	RelError: 3.98765e-06	AbsError: 5.25694e+02
    Region: "Silicon"	RelError: 3.98765e-06	AbsError: 5.25694e+02
      Equation: "ElectronContinuityEquation"	RelError: 3.93039e-06	AbsError: 6.39280e+01
      Equation: "HoleContinuityEquation"	RelError: 5.72607e-08	AbsError: 4.61766e+02
      Equation: "PotentialEquation"	RelError: 2.17815e-14	AbsError: 2.32481e-16
Anode	0.175	7.94800461845e-14	1.22273262128e-12	1.30221266746e-12
Cathode	0.0	-1.22141548456e-12	-7.51079734923e-14	-1.29652345805e-12
Region "Silicon" on device "pn2d" has equations 0:1619
Device "pn2d" has equations 0:1619
number of equations 1620
Iteration: 0
  Device: "pn2d"	RelError: 1.51988e+00	AbsError: 1.35741e+16
    Region: "Silicon"	RelError: 1.51988e+00	AbsError: 1.35741e+16
      Equation: "ElectronContinuityEquation"	RelError: 4.91262e-01	AbsError: 6.37407e+15
      Equation: "HoleContinuityEquation"	RelError: 4.91256e-01	AbsError: 7.20004e+15
      Equation: "PotentialEquation"	RelError: 5.37364e-01	AbsError: 2.50000e-02
Iteration: 1
  Device: "pn2d"	RelError: 5.05651e-01	AbsError: 4.32901e+14
    Region: "Silicon"	RelError: 5.05651e-01	AbsError: 4.32901e+14
      Equation: "ElectronContinuityEquation"	RelError: 2.52162e-01	AbsError: 1.79807e+14
      Equation: "HoleContinuityEquation"	RelError: 2.51789e-01	AbsError: 2.53094e+14
      Equation: "PotentialEquation"	RelError: 1.70079e-03	AbsError: 2.74041e-04
Iteration: 2
  Device: "pn2d"	RelError: 1.71240e-03	AbsError: 3.81060e+11
    Region: "Silicon"	RelError: 1.71240e-03	AbsError: 3.81060e+11
      Equation: "ElectronContinuityEquation"	RelError: 1.00928e-03	AbsError: 1.80268e+11
      Equation: "HoleContinuityEquation"	RelError: 7.01667e-04	AbsError: 2.00792e+11
      Equation: "PotentialEquation"	RelError: 1.45847e-06	AbsError: 2.21698e-07
Iteration: 3
  Device: "pn2d"	RelError: 2.39980e-05	AbsError: 1.08366e+07
    Region: "Silicon"	RelError: 2.39980e-05	AbsError: 1.08366e+07
      Equation: "ElectronContinuityEquation"	RelError: 2.12803e-05	AbsError: 1.65304e+06
      Equation: "HoleContinuityEquation"	RelError: 2.71768e-06	AbsError: 9.18356e+06
      Equation: "PotentialEquation"	RelError: 2.77863e-11	AbsError: 2.70636e-12
Iteration: 4
  Device: "pn2d"	RelError: 2.23471e-05	AbsError: 5.85686e+02
    Region: "Silicon"	RelError: 2.23471e-05	AbsError: 5.85686e+02
      Equation: "ElectronContinuityEquation"	RelError: 2.07038e-05	AbsError: 7.90208e+01
      Equation: "HoleContinuityEquation"	RelError: 1.64328e-06	AbsError: 5.06665e+02
      Equation: "PotentialEquation"	RelError: 8.25063e-15	AbsError: 1.90291e-16
Anode	0.2	2.0890390912e-13	2.07441197854e-12	2.28331588766e-12
Cathode	0.0	-2.08566598152e-12	-1.97401868129e-13	-2.28306784965e-12
Region "Silicon" on device "pn2d" has equations 0:1619
Device "pn2d" has equations 0:1619
number of equations 1620
Iteration: 0
  Device: "pn2d"	RelError: 1.33187e+00	AbsError: 1.35201e+16
    Region: "Silicon"	RelError: 1.33187e+00	AbsError: 1.35201e+16
      Equation: "ElectronContinuityEquation"	RelError: 4.91266e-01	AbsError: 6.38595e+15
      Equation: "HoleContinuityEquation"	RelError: 4.91260e-01	AbsError: 7.13411e+15
      Equation: "PotentialEquation"	RelError: 3.49348e-01	AbsError: 2.50000e-02
Iteration: 1
  Device: "pn2d"	RelError: 5.06068e-01	AbsError: 4.64631e+14
    Region: "Silicon"	RelError: 5.06068e-01	AbsError: 4.64631e+14
      Equation: "ElectronContinuityEquation"	RelError: 2.52195e-01	AbsError: 2.06968e+14
      Equation: "HoleContinuityEquation"	RelError: 2.51820e-01	AbsError: 2.57663e+14
      Equation: "PotentialEquation"	RelError: 2.05399e-03	AbsError: 2.77123e-04
Iteration: 2
  Device: "pn2d"	RelError: 1.81444e-03	AbsError: 4.31034e+11
    Region: "Silicon"	RelError: 1.81444e-03	AbsError: 4.31034e+11
      Equation: "ElectronContinuityEquation"	RelError: 1.01837e-03	AbsError: 2.18156e+11
      Equation: "HoleContinuityEquation"	RelError: 7.92404e-04	AbsError: 2.12878e+11
      Equation: "PotentialEquation"	RelError: 3.65973e-06	AbsError: 2.44085e-07
Iteration: 3
  Device: "pn2d"	RelError: 8.26732e-06	AbsError: 1.13591e+07
    Region: "Silicon"	RelError: 8.26732e-06	AbsError: 1.13591e+07
      Equation: "ElectronContinuityEquation"	RelError: 7.96636e-07	AbsError: 1.44271e+06
      Equation: "HoleContinuityEquation"	RelError: 7.47066e-06	AbsError: 9.91637e+06
      Equation: "PotentialEquation"	RelError: 2.71722e-11	AbsError: 1.71152e-12
Iteration: 4
  Device: "pn2d"	RelError: 6.97958e-06	AbsError: 5.14292e+02
    Region: "Silicon"	RelError: 6.97958e-06	AbsError: 5.14292e+02
      Equation: "ElectronContinuityEquation"	RelError: 1.68331e-07	AbsError: 6.42649e+01
      Equation: "HoleContinuityEquation"	RelError: 6.81125e-06	AbsError: 4.50027e+02
      Equation: "PotentialEquation"	RelError: 8.54325e-15	AbsError: 3.02772e-16
Anode	0.225	5.48833684199e-13	3.60391960482e-12	4.15275328902e-12
Cathode	0.0	-3.6338784394e-12	-5.18585929309e-13	-4.15246436871e-12
Region "Silicon" on device "pn2d" has equations 0:1619
Device "pn2d" has equations 0:1619
number of equations 1620
Iteration: 0
  Device: "pn2d"	RelError: 1.24124e+00	AbsError: 1.34314e+16
    Region: "Silicon"	RelError: 1.24124e+00	AbsError: 1.34314e+16
      Equation: "ElectronContinuityEquation"	RelError: 4.91268e-01	AbsError: 6.37988e+15
      Equation: "HoleContinuityEquation"	RelError: 4.91262e-01	AbsError: 7.05154e+15
      Equation: "PotentialEquation"	RelError: 2.58712e-01	AbsError: 2.50000e-02
Iteration: 1
  Device: "pn2d"	RelError: 5.06636e-01	AbsError: 4.82594e+14
    Region: "Silicon"	RelError: 5.06636e-01	AbsError: 4.82594e+14
      Equation: "ElectronContinuityEquation"	RelError: 2.52202e-01	AbsError: 2.26503e+14
      Equation: "HoleContinuityEquation"	RelError: 2.51846e-01	AbsError: 2.56091e+14
      Equation: "PotentialEquation"	RelError: 2.58794e-03	AbsError: 2.81191e-04
Iteration: 2
  Device: "pn2d"	RelError: 1.99202e-03	AbsError: 4.63715e+11
    Region: "Silicon"	RelError: 1.99202e-03	AbsError: 4.63715e+11
      Equation: "ElectronContinuityEquation"	RelError: 1.12791e-03	AbsError: 2.39538e+11
      Equation: "HoleContinuityEquation"	RelError: 8.61867e-04	AbsError: 2.24177e+11
      Equation: "PotentialEquation"	RelError: 2.24894e-06	AbsError: 2.33569e-07
Iteration: 3
  Device: "pn2d"	RelError: 2.32248e-06	AbsError: 9.03007e+07
    Region: "Silicon"	RelError: 2.32248e-06	AbsError: 9.03007e+07
      Equation: "ElectronContinuityEquation"	RelError: 1.07035e-06	AbsError: 2.68913e+07
      Equation: "HoleContinuityEquation"	RelError: 1.25040e-06	AbsError: 6.34094e+07
      Equation: "PotentialEquation"	RelError: 1.72392e-09	AbsError: 1.57942e-10
Iteration: 4
  Device: "pn2d"	RelError: 2.96597e-06	AbsError: 3.69846e+03
    Region: "Silicon"	RelError: 2.96597e-06	AbsError: 3.69846e+03
      Equation: "ElectronContinuityEquation"	RelError: 8.27190e-08	AbsError: 1.70947e+03
      Equation: "HoleContinuityEquation"	RelError: 2.88325e-06	AbsError: 1.98899e+03
      Equation: "PotentialEquation"	RelError: 9.34722e-14	AbsError: 8.49412e-15
Iteration: 5
  Device: "pn2d"	RelError: 3.35827e-06	AbsError: 5.79088e+02
    Region: "Silicon"	RelError: 3.35827e-06	AbsError: 5.79088e+02
      Equation: "ElectronContinuityEquation"	RelError: 4.80444e-07	AbsError: 6.79306e+01
      Equation: "HoleContinuityEquation"	RelError: 2.87782e-06	AbsError: 5.11157e+02
      Equation: "PotentialEquation"	RelError: 2.53427e-15	AbsError: 1.25961e-16
Anode	0.25	1.44165204554e-12	6.37232350259e-12	7.81397554813e-12
Cathode	0.0	-6.4693768848e-12	-1.36211663268e-12	-7.83149351748e-12
Region "Silicon" on device "pn2d" has equations 0:1619
Device "pn2d" has equations 0:1619
number of equations 1620
Iteration: 0
  Device: "pn2d"	RelError: 1.18790e+00	AbsError: 1.33169e+16
    Region: "Silicon"	RelError: 1.18790e+00	AbsError: 1.33169e+16
      Equation: "ElectronContinuityEquation"	RelError: 4.91268e-01	AbsError: 6.35941e+15
      Equation: "HoleContinuityEquation"	RelError: 4.91262e-01	AbsError: 6.95748e+15
      Equation: "PotentialEquation"	RelError: 2.05372e-01	AbsError: 2.50000e-02
Iteration: 1
  Device: "pn2d"	RelError: 5.07249e-01	AbsError: 5.17005e+14
    Region: "Silicon"	RelError: 5.07249e-01	AbsError: 5.17005e+14
      Equation: "ElectronContinuityEquation"	RelError: 2.52180e-01	AbsError: 2.35947e+14
      Equation: "HoleContinuityEquation"	RelError: 2.51868e-01	AbsError: 2.81059e+14
      Equation: "PotentialEquation"	RelError: 3.20149e-03	AbsError: 2.89266e-04
Iteration: 2
  Device: "pn2d"	RelError: 2.08862e-03	AbsError: 4.49832e+11
    Region: "Silicon"	RelError: 2.08862e-03	AbsError: 4.49832e+11
      Equation: "ElectronContinuityEquation"	RelError: 1.18510e-03	AbsError: 2.18982e+11
      Equation: "HoleContinuityEquation"	RelError: 9.00936e-04	AbsError: 2.30850e+11
      Equation: "PotentialEquation"	RelError: 2.58452e-06	AbsError: 2.22424e-07
Iteration: 3
  Device: "pn2d"	RelError: 1.73698e-06	AbsError: 1.89340e+07
    Region: "Silicon"	RelError: 1.73698e-06	AbsError: 1.89340e+07
      Equation: "ElectronContinuityEquation"	RelError: 1.48930e-06	AbsError: 3.69927e+06
      Equation: "HoleContinuityEquation"	RelError: 2.47338e-07	AbsError: 1.52347e+07
      Equation: "PotentialEquation"	RelError: 3.40730e-10	AbsError: 3.53459e-11
Iteration: 4
  Device: "pn2d"	RelError: 1.60747e-06	AbsError: 5.98177e+02
    Region: "Silicon"	RelError: 1.60747e-06	AbsError: 5.98177e+02
      Equation: "ElectronContinuityEquation"	RelError: 1.38068e-06	AbsError: 8.77131e+01
      Equation: "HoleContinuityEquation"	RelError: 2.26786e-07	AbsError: 5.10464e+02
      Equation: "PotentialEquation"	RelError: 5.58824e-15	AbsError: 3.36133e-16
Anode	0.275	3.78661562091e-12	1.17526207038e-11	1.55392363247e-11
Cathode	0.0	-1.19734882419e-11	-3.57748103344e-12	-1.55509692753e-11
Region "Silicon" on device "pn2d" has equations 0:1619
Device "pn2d" has equations 0:1619
number of equations 1620
Iteration: 0
  Device: "pn2d"	RelError: 1.24811e+00	AbsError: 1.31870e+16
    Region: "Silicon"	RelError: 1.24811e+00	AbsError: 1.31870e+16
      Equation: "ElectronContinuityEquation"	RelError: 4.91268e-01	AbsError: 6.32894e+15
      Equation: "HoleContinuityEquation"	RelError: 4.91262e-01	AbsError: 6.85804e+15
      Equation: "PotentialEquation"	RelError: 2.65584e-01	AbsError: 2.50000e-02
Iteration: 1
  Device: "pn2d"	RelError: 5.07988e-01	AbsError: 5.33364e+14
    Region: "Silicon"	RelError: 5.07988e-01	AbsError: 5.33364e+14
      Equation: "ElectronContinuityEquation"	RelError: 2.52128e-01	AbsError: 2.34961e+14
      Equation: "HoleContinuityEquation"	RelError: 2.51882e-01	AbsError: 2.98403e+14
      Equation: "PotentialEquation"	RelError: 3.97722e-03	AbsError: 2.84293e-04
Iteration: 2
  Device: "pn2d"	RelError: 2.09431e-03	AbsError: 4.26315e+11
    Region: "Silicon"	RelError: 2.09431e-03	AbsError: 4.26315e+11
      Equation: "ElectronContinuityEquation"	RelError: 1.18481e-03	AbsError: 2.06982e+11
      Equation: "HoleContinuityEquation"	RelError: 9.06753e-04	AbsError: 2.19332e+11
      Equation: "PotentialEquation"	RelError: 2.75006e-06	AbsError: 2.04952e-07
Iteration: 3
  Device: "pn2d"	RelError: 4.45492e-07	AbsError: 9.81873e+07
    Region: "Silicon"	RelError: 4.45492e-07	AbsError: 9.81873e+07
      Equation: "ElectronContinuityEquation"	RelError: 3.46745e-07	AbsError: 5.93680e+07
      Equation: "HoleContinuityEquation"	RelError: 9.71540e-08	AbsError: 3.88193e+07
      Equation: "PotentialEquation"	RelError: 1.59280e-09	AbsError: 1.84473e-10
Iteration: 4
  Device: "pn2d"	RelError: 1.72434e-07	AbsError: 3.06876e+03
    Region: "Silicon"	RelError: 1.72434e-07	AbsError: 3.06876e+03
      Equation: "ElectronContinuityEquation"	RelError: 1.50495e-07	AbsError: 1.62415e+03
      Equation: "HoleContinuityEquation"	RelError: 2.19399e-08	AbsError: 1.44461e+03
      Equation: "PotentialEquation"	RelError: 5.11863e-14	AbsError: 5.92824e-15
Iteration: 5
  Device: "pn2d"	RelError: 6.41600e-07	AbsError: 6.01473e+02
    Region: "Silicon"	RelError: 6.41600e-07	AbsError: 6.01473e+02
      Equation: "ElectronContinuityEquation"	RelError: 5.65955e-07	AbsError: 9.52170e+01
      Equation: "HoleContinuityEquation"	RelError: 7.56446e-08	AbsError: 5.06256e+02
      Equation: "PotentialEquation"	RelError: 3.47880e-15	AbsError: 3.10448e-16
Anode	0.3	9.94558118268e-12	2.2692923692e-11	3.26385048747e-11
Cathode	0.0	-2.32575495975e-11	-9.39565337426e-12	-3.26532029718e-11
Region "Silicon" on device "pn2d" has equations 0:1619
Device "pn2d" has equations 0:1619
number of equations 1620
Iteration: 0
  Device: "pn2d"	RelError: 1.36066e+00	AbsError: 1.30519e+16
    Region: "Silicon"	RelError: 1.36066e+00	AbsError: 1.30519e+16
      Equation: "ElectronContinuityEquation"	RelError: 4.91268e-01	AbsError: 6.29289e+15
      Equation: "HoleContinuityEquation"	RelError: 4.91261e-01	AbsError: 6.75904e+15
      Equation: "PotentialEquation"	RelError: 3.78130e-01	AbsError: 2.50000e-02
Iteration: 1
  Device: "pn2d"	RelError: 5.09235e-01	AbsError: 5.79898e+14
    Region: "Silicon"	RelError: 5.09235e-01	AbsError: 5.79898e+14
      Equation: "ElectronContinuityEquation"	RelError: 2.52097e-01	AbsError: 2.73136e+14
      Equation: "HoleContinuityEquation"	RelError: 2.51886e-01	AbsError: 3.06762e+14
      Equation: "PotentialEquation"	RelError: 5.25217e-03	AbsError: 2.68945e-04
Iteration: 2
  Device: "pn2d"	RelError: 2.01930e-03	AbsError: 5.14159e+11
    Region: "Silicon"	RelError: 2.01930e-03	AbsError: 5.14159e+11
      Equation: "ElectronContinuityEquation"	RelError: 1.13457e-03	AbsError: 3.11157e+11
      Equation: "HoleContinuityEquation"	RelError: 8.82021e-04	AbsError: 2.03001e+11
      Equation: "PotentialEquation"	RelError: 2.71596e-06	AbsError: 3.06227e-07
Iteration: 3
  Device: "pn2d"	RelError: 4.58992e-07	AbsError: 3.53281e+07
    Region: "Silicon"	RelError: 4.58992e-07	AbsError: 3.53281e+07
      Equation: "ElectronContinuityEquation"	RelError: 2.23220e-07	AbsError: 2.41892e+07
      Equation: "HoleContinuityEquation"	RelError: 2.35220e-07	AbsError: 1.11389e+07
      Equation: "PotentialEquation"	RelError: 5.52521e-10	AbsError: 7.06477e-11
Iteration: 4
  Device: "pn2d"	RelError: 1.99209e-08	AbsError: 9.11124e+03
    Region: "Silicon"	RelError: 1.99209e-08	AbsError: 9.11124e+03
      Equation: "ElectronContinuityEquation"	RelError: 2.04304e-09	AbsError: 4.57261e+03
      Equation: "HoleContinuityEquation"	RelError: 1.78776e-08	AbsError: 4.53862e+03
      Equation: "PotentialEquation"	RelError: 2.20561e-13	AbsError: 1.87101e-14
Iteration: 5
  Device: "pn2d"	RelError: 6.13057e-08	AbsError: 5.78120e+02
    Region: "Silicon"	RelError: 6.13057e-08	AbsError: 5.78120e+02
      Equation: "ElectronContinuityEquation"	RelError: 5.96872e-08	AbsError: 7.02052e+01
      Equation: "HoleContinuityEquation"	RelError: 1.61859e-09	AbsError: 5.07915e+02
      Equation: "PotentialEquation"	RelError: 2.50542e-15	AbsError: 2.21298e-16
Anode	0.325	2.61218402236e-11	4.63024719294e-11	7.2424312153e-11
Cathode	0.0	-4.77376054409e-11	-2.46757139655e-11	-7.24133194065e-11
Region "Silicon" on device "pn2d" has equations 0:1619
Device "pn2d" has equations 0:1619
number of equations 1620
Iteration: 0
  Device: "pn2d"	RelError: 1.62331e+00	AbsError: 1.29201e+16
    Region: "Silicon"	RelError: 1.62331e+00	AbsError: 1.29201e+16
      Equation: "ElectronContinuityEquation"	RelError: 4.91268e-01	AbsError: 6.25506e+15
      Equation: "HoleContinuityEquation"	RelError: 4.91260e-01	AbsError: 6.66502e+15
      Equation: "PotentialEquation"	RelError: 6.40777e-01	AbsError: 2.50000e-02
Iteration: 1
  Device: "pn2d"	RelError: 5.12234e-01	AbsError: 6.24673e+14
    Region: "Silicon"	RelError: 5.12234e-01	AbsError: 6.24673e+14
      Equation: "ElectronContinuityEquation"	RelError: 2.52037e-01	AbsError: 3.17801e+14
      Equation: "HoleContinuityEquation"	RelError: 2.51970e-01	AbsError: 3.06871e+14
      Equation: "PotentialEquation"	RelError: 8.22763e-03	AbsError: 2.80316e-04
Iteration: 2
  Device: "pn2d"	RelError: 1.99230e-03	AbsError: 5.64568e+11
    Region: "Silicon"	RelError: 1.99230e-03	AbsError: 5.64568e+11
      Equation: "ElectronContinuityEquation"	RelError: 1.04241e-03	AbsError: 3.83649e+11
      Equation: "HoleContinuityEquation"	RelError: 9.46966e-04	AbsError: 1.80919e+11
      Equation: "PotentialEquation"	RelError: 2.92621e-06	AbsError: 3.98664e-07
Iteration: 3
  Device: "pn2d"	RelError: 1.10342e-07	AbsError: 9.93801e+07
    Region: "Silicon"	RelError: 1.10342e-07	AbsError: 9.93801e+07
      Equation: "ElectronContinuityEquation"	RelError: 7.54642e-09	AbsError: 5.34401e+07
      Equation: "HoleContinuityEquation"	RelError: 1.00815e-07	AbsError: 4.59400e+07
      Equation: "PotentialEquation"	RelError: 1.98114e-09	AbsError: 1.92529e-10
Iteration: 4
  Device: "pn2d"	RelError: 1.77992e-07	AbsError: 2.46888e+03
    Region: "Silicon"	RelError: 1.77992e-07	AbsError: 2.46888e+03
      Equation: "ElectronContinuityEquation"	RelError: 9.21712e-08	AbsError: 5.64706e+02
      Equation: "HoleContinuityEquation"	RelError: 8.58202e-08	AbsError: 1.90418e+03
      Equation: "PotentialEquation"	RelError: 8.23436e-14	AbsError: 8.00223e-15
Iteration: 5
  Device: "pn2d"	RelError: 1.24926e-08	AbsError: 5.70557e+02
    Region: "Silicon"	RelError: 1.24926e-08	AbsError: 5.70557e+02
      Equation: "ElectronContinuityEquation"	RelError: 3.32399e-10	AbsError: 6.39133e+01
      Equation: "HoleContinuityEquation"	RelError: 1.21602e-08	AbsError: 5.06644e+02
      Equation: "PotentialEquation"	RelError: 1.47333e-15	AbsError: 1.81852e-16
Anode	0.35	6.86079366464e-11	9.99496308402e-11	1.68557567487e-10
Cathode	0.0	-1.03756327297e-10	-6.48049242246e-11	-1.68561251521e-10
Region "Silicon" on device "pn2d" has equations 0:1619
Device "pn2d" has equations 0:1619
number of equations 1620
Iteration: 0
  Device: "pn2d"	RelError: 2.94385e+00	AbsError: 1.27972e+16
    Region: "Silicon"	RelError: 2.94385e+00	AbsError: 1.27972e+16
      Equation: "ElectronContinuityEquation"	RelError: 4.91268e-01	AbsError: 6.21823e+15
      Equation: "HoleContinuityEquation"	RelError: 4.91261e-01	AbsError: 6.57893e+15
      Equation: "PotentialEquation"	RelError: 1.96132e+00	AbsError: 2.50000e-02
Iteration: 1
  Device: "pn2d"	RelError: 5.28162e-01	AbsError: 6.46056e+14
    Region: "Silicon"	RelError: 5.28162e-01	AbsError: 6.46056e+14
      Equation: "ElectronContinuityEquation"	RelError: 2.52794e-01	AbsError: 3.46452e+14
      Equation: "HoleContinuityEquation"	RelError: 2.52180e-01	AbsError: 2.99604e+14
      Equation: "PotentialEquation"	RelError: 2.31879e-02	AbsError: 7.28459e-04
Iteration: 2
  Device: "pn2d"	RelError: 4.32926e-03	AbsError: 9.44105e+11
    Region: "Silicon"	RelError: 4.32926e-03	AbsError: 9.44105e+11
      Equation: "ElectronContinuityEquation"	RelError: 2.03839e-03	AbsError: 3.87801e+11
      Equation: "HoleContinuityEquation"	RelError: 2.28532e-03	AbsError: 5.56304e+11
      Equation: "PotentialEquation"	RelError: 5.54868e-06	AbsError: 4.13047e-07
Iteration: 3
  Device: "pn2d"	RelError: 7.63575e-08	AbsError: 1.71545e+08
    Region: "Silicon"	RelError: 7.63575e-08	AbsError: 1.71545e+08
      Equation: "ElectronContinuityEquation"	RelError: 6.19507e-08	AbsError: 7.30356e+07
      Equation: "HoleContinuityEquation"	RelError: 1.31464e-08	AbsError: 9.85098e+07
      Equation: "PotentialEquation"	RelError: 1.26040e-09	AbsError: 1.38097e-10
Iteration: 4
  Device: "pn2d"	RelError: 3.85916e-08	AbsError: 3.70713e+03
    Region: "Silicon"	RelError: 3.85916e-08	AbsError: 3.70713e+03
      Equation: "ElectronContinuityEquation"	RelError: 3.80787e-08	AbsError: 3.02433e+03
      Equation: "HoleContinuityEquation"	RelError: 5.12848e-10	AbsError: 6.82805e+02
      Equation: "PotentialEquation"	RelError: 1.02277e-14	AbsError: 2.69420e-15
Iteration: 5
  Device: "pn2d"	RelError: 4.23347e-08	AbsError: 5.75505e+02
    Region: "Silicon"	RelError: 4.23347e-08	AbsError: 5.75505e+02
      Equation: "ElectronContinuityEquation"	RelError: 3.74308e-08	AbsError: 6.51054e+01
      Equation: "HoleContinuityEquation"	RelError: 4.90385e-09	AbsError: 5.10400e+02
      Equation: "PotentialEquation"	RelError: 6.16233e-15	AbsError: 1.36562e-16
Anode	0.375	1.80194972787e-10	2.27330755618e-10	4.07525728405e-10
Cathode	0.0	-2.37324083332e-10	-1.7019341134e-10	-4.07517494673e-10
Region "Silicon" on device "pn2d" has equations 0:1619
Device "pn2d" has equations 0:1619
number of equations 1620
Iteration: 0
  Device: "pn2d"	RelError: 4.06560e+01	AbsError: 1.31428e+16
    Region: "Silicon"	RelError: 4.06560e+01	AbsError: 1.31428e+16
      Equation: "ElectronContinuityEquation"	RelError: 4.91268e-01	AbsError: 6.44830e+15
      Equation: "HoleContinuityEquation"	RelError: 4.91259e-01	AbsError: 6.69455e+15
      Equation: "PotentialEquation"	RelError: 3.96735e+01	AbsError: 2.50000e-02
Iteration: 1
  Device: "pn2d"	RelError: 7.50210e-01	AbsError: 1.79996e+15
    Region: "Silicon"	RelError: 7.50210e-01	AbsError: 1.79996e+15
      Equation: "ElectronContinuityEquation"	RelError: 2.52426e-01	AbsError: 1.31859e+15
      Equation: "HoleContinuityEquation"	RelError: 2.53401e-01	AbsError: 4.81377e+14
      Equation: "PotentialEquation"	RelError: 2.44383e-01	AbsError: 2.00095e-03
Iteration: 2
  Device: "pn2d"	RelError: 1.09573e-02	AbsError: 2.07552e+12
    Region: "Silicon"	RelError: 1.09573e-02	AbsError: 2.07552e+12
      Equation: "ElectronContinuityEquation"	RelError: 6.37060e-03	AbsError: 4.10033e+11
      Equation: "HoleContinuityEquation"	RelError: 4.48734e-03	AbsError: 1.66549e+12
      Equation: "PotentialEquation"	RelError: 9.93273e-05	AbsError: 1.92813e-06
Iteration: 3
  Device: "pn2d"	RelError: 2.56036e-07	AbsError: 1.17721e+08
    Region: "Silicon"	RelError: 2.56036e-07	AbsError: 1.17721e+08
      Equation: "ElectronContinuityEquation"	RelError: 9.60618e-08	AbsError: 3.40894e+07
      Equation: "HoleContinuityEquation"	RelError: 1.59759e-07	AbsError: 8.36312e+07
      Equation: "PotentialEquation"	RelError: 2.15241e-10	AbsError: 1.81930e-11
Iteration: 4
  Device: "pn2d"	RelError: 3.00332e-08	AbsError: 1.21933e+04
    Region: "Silicon"	RelError: 3.00332e-08	AbsError: 1.21933e+04
      Equation: "ElectronContinuityEquation"	RelError: 1.52028e-08	AbsError: 5.13446e+03
      Equation: "HoleContinuityEquation"	RelError: 1.48303e-08	AbsError: 7.05880e+03
      Equation: "PotentialEquation"	RelError: 5.21052e-14	AbsError: 6.35770e-15
Iteration: 5
  Device: "pn2d"	RelError: 4.57926e-10	AbsError: 5.76556e+02
    Region: "Silicon"	RelError: 4.57926e-10	AbsError: 5.76556e+02
      Equation: "ElectronContinuityEquation"	RelError: 3.69161e-10	AbsError: 8.27655e+01
      Equation: "HoleContinuityEquation"	RelError: 8.87592e-11	AbsError: 4.93791e+02
      Equation: "PotentialEquation"	RelError: 5.09910e-15	AbsError: 3.47366e-16
Anode	0.4	4.73269822203e-10	5.3987179377e-10	1.01314161597e-09
Cathode	0.0	-5.66182775038e-10	-4.46965797936e-10	-1.01314857297e-09
Region "Silicon" on device "pn2d" has equations 0:1619
Device "pn2d" has equations 0:1619
number of equations 1620
Iteration: 0
  Device: "pn2d"	RelError: 1.07270e+01	AbsError: 1.27952e+16
    Region: "Silicon"	RelError: 1.07270e+01	AbsError: 1.27952e+16
      Equation: "ElectronContinuityEquation"	RelError: 4.91311e-01	AbsError: 5.82677e+15
      Equation: "HoleContinuityEquation"	RelError: 4.91288e-01	AbsError: 6.96839e+15
      Equation: "PotentialEquation"	RelError: 9.74440e+00	AbsError: 2.50041e-02
Iteration: 1
  Device: "pn2d"	RelError: 5.10730e-01	AbsError: 1.19626e+15
    Region: "Silicon"	RelError: 5.10730e-01	AbsError: 1.19626e+15
      Equation: "ElectronContinuityEquation"	RelError: 2.52246e-01	AbsError: 8.74542e+14
      Equation: "HoleContinuityEquation"	RelError: 2.52353e-01	AbsError: 3.21713e+14
      Equation: "PotentialEquation"	RelError: 6.13047e-03	AbsError: 5.41768e-04
Iteration: 2
  Device: "pn2d"	RelError: 3.00552e-03	AbsError: 5.11207e+11
    Region: "Silicon"	RelError: 3.00552e-03	AbsError: 5.11207e+11
      Equation: "ElectronContinuityEquation"	RelError: 1.40381e-03	AbsError: 3.72370e+11
      Equation: "HoleContinuityEquation"	RelError: 1.59294e-03	AbsError: 1.38837e+11
      Equation: "PotentialEquation"	RelError: 8.76899e-06	AbsError: 3.86871e-07
Iteration: 3
  Device: "pn2d"	RelError: 1.91289e-08	AbsError: 1.83921e+08
    Region: "Silicon"	RelError: 1.91289e-08	AbsError: 1.83921e+08
      Equation: "ElectronContinuityEquation"	RelError: 8.50108e-09	AbsError: 3.95608e+07
      Equation: "HoleContinuityEquation"	RelError: 8.92936e-09	AbsError: 1.44360e+08
      Equation: "PotentialEquation"	RelError: 1.69846e-09	AbsError: 2.28585e-10
Iteration: 4
  Device: "pn2d"	RelError: 3.50823e-09	AbsError: 1.25445e+04
    Region: "Silicon"	RelError: 3.50823e-09	AbsError: 1.25445e+04
      Equation: "ElectronContinuityEquation"	RelError: 3.99500e-10	AbsError: 3.13339e+03
      Equation: "HoleContinuityEquation"	RelError: 3.10873e-09	AbsError: 9.41112e+03
      Equation: "PotentialEquation"	RelError: 5.92089e-15	AbsError: 8.72971e-16
Iteration: 5
  Device: "pn2d"	RelError: 1.22589e-08	AbsError: 5.29788e+02
    Region: "Silicon"	RelError: 1.22589e-08	AbsError: 5.29788e+02
      Equation: "ElectronContinuityEquation"	RelError: 6.05086e-09	AbsError: 7.20770e+01
      Equation: "HoleContinuityEquation"	RelError: 6.20804e-09	AbsError: 4.57711e+02
      Equation: "PotentialEquation"	RelError: 2.18838e-15	AbsError: 3.23274e-16
Anode	0.425	1.24300424155e-09	1.32513102092e-09	2.56813526247e-09
Cathode	0.0	-1.3943044308e-09	-1.17382349082e-09	-2.56812792162e-09
Region "Silicon" on device "pn2d" has equations 0:1619
Device "pn2d" has equations 0:1619
number of equations 1620
Iteration: 0
  Device: "pn2d"	RelError: 4.01910e+01	AbsError: 1.31701e+16
    Region: "Silicon"	RelError: 4.01910e+01	AbsError: 1.31701e+16
      Equation: "ElectronContinuityEquation"	RelError: 4.91336e-01	AbsError: 5.90032e+15
      Equation: "HoleContinuityEquation"	RelError: 4.91622e-01	AbsError: 7.26976e+15
      Equation: "PotentialEquation"	RelError: 3.92081e+01	AbsError: 2.50079e-02
Iteration: 1
  Device: "pn2d"	RelError: 5.84190e-01	AbsError: 1.93873e+15
    Region: "Silicon"	RelError: 5.84190e-01	AbsError: 1.93873e+15
      Equation: "ElectronContinuityEquation"	RelError: 2.51976e-01	AbsError: 1.10320e+15
      Equation: "HoleContinuityEquation"	RelError: 2.52685e-01	AbsError: 8.35534e+14
      Equation: "PotentialEquation"	RelError: 7.95293e-02	AbsError: 9.78133e-04
Iteration: 2
  Device: "pn2d"	RelError: 5.30773e-03	AbsError: 8.43537e+11
    Region: "Silicon"	RelError: 5.30773e-03	AbsError: 8.43537e+11
      Equation: "ElectronContinuityEquation"	RelError: 2.91942e-03	AbsError: 4.22672e+11
      Equation: "HoleContinuityEquation"	RelError: 2.32707e-03	AbsError: 4.20865e+11
      Equation: "PotentialEquation"	RelError: 6.12342e-05	AbsError: 4.35873e-07
Iteration: 3
  Device: "pn2d"	RelError: 1.78218e-08	AbsError: 6.42976e+08
    Region: "Silicon"	RelError: 1.78218e-08	AbsError: 6.42976e+08
      Equation: "ElectronContinuityEquation"	RelError: 5.15922e-09	AbsError: 2.32511e+08
      Equation: "HoleContinuityEquation"	RelError: 5.18147e-09	AbsError: 4.10465e+08
      Equation: "PotentialEquation"	RelError: 7.48112e-09	AbsError: 1.37181e-10
Iteration: 4
  Device: "pn2d"	RelError: 4.76377e-09	AbsError: 7.02573e+04
    Region: "Silicon"	RelError: 4.76377e-09	AbsError: 7.02573e+04
      Equation: "ElectronContinuityEquation"	RelError: 2.44185e-09	AbsError: 2.50302e+04
      Equation: "HoleContinuityEquation"	RelError: 2.32187e-09	AbsError: 4.52271e+04
      Equation: "PotentialEquation"	RelError: 4.35268e-14	AbsError: 1.70956e-15
Iteration: 5
  Device: "pn2d"	RelError: 2.79017e-09	AbsError: 5.75050e+02
    Region: "Silicon"	RelError: 2.79017e-09	AbsError: 5.75050e+02
      Equation: "ElectronContinuityEquation"	RelError: 2.52282e-09	AbsError: 8.15708e+01
      Equation: "HoleContinuityEquation"	RelError: 2.67348e-10	AbsError: 4.93479e+02
      Equation: "PotentialEquation"	RelError: 9.21202e-15	AbsError: 1.21594e-16
Anode	0.45	3.26462834464e-09	3.32952078199e-09	6.59414912663e-09
Cathode	0.0	-3.51146517797e-09	-3.08267909046e-09	-6.59414426843e-09
Region "Silicon" on device "pn2d" has equations 0:1619
Device "pn2d" has equations 0:1619
number of equations 1620
Iteration: 0
  Device: "pn2d"	RelError: 1.38152e+01	AbsError: 1.41649e+16
    Region: "Silicon"	RelError: 1.38152e+01	AbsError: 1.41649e+16
      Equation: "ElectronContinuityEquation"	RelError: 4.91691e-01	AbsError: 6.63126e+15
      Equation: "HoleContinuityEquation"	RelError: 4.91383e-01	AbsError: 7.53368e+15
      Equation: "PotentialEquation"	RelError: 1.28322e+01	AbsError: 2.50440e-02
Iteration: 1
  Device: "pn2d"	RelError: 5.19462e-01	AbsError: 3.81591e+15
    Region: "Silicon"	RelError: 5.19462e-01	AbsError: 3.81591e+15
      Equation: "ElectronContinuityEquation"	RelError: 2.54447e-01	AbsError: 1.58687e+15
      Equation: "HoleContinuityEquation"	RelError: 2.52836e-01	AbsError: 2.22904e+15
      Equation: "PotentialEquation"	RelError: 1.21792e-02	AbsError: 2.82958e-03
Iteration: 2
  Device: "pn2d"	RelError: 1.67587e-02	AbsError: 1.75938e+12
    Region: "Silicon"	RelError: 1.67587e-02	AbsError: 1.75938e+12
      Equation: "ElectronContinuityEquation"	RelError: 6.95179e-03	AbsError: 5.49201e+11
      Equation: "HoleContinuityEquation"	RelError: 9.78950e-03	AbsError: 1.21017e+12
      Equation: "PotentialEquation"	RelError: 1.74384e-05	AbsError: 1.28036e-06
Iteration: 3
  Device: "pn2d"	RelError: 5.18103e-08	AbsError: 1.33966e+09
    Region: "Silicon"	RelError: 5.18103e-08	AbsError: 1.33966e+09
      Equation: "ElectronContinuityEquation"	RelError: 2.68323e-08	AbsError: 4.59130e+08
      Equation: "HoleContinuityEquation"	RelError: 1.34338e-08	AbsError: 8.80525e+08
      Equation: "PotentialEquation"	RelError: 1.15441e-08	AbsError: 8.24161e-11
Iteration: 4
  Device: "pn2d"	RelError: 1.28154e-09	AbsError: 2.49723e+05
    Region: "Silicon"	RelError: 1.28154e-09	AbsError: 2.49723e+05
      Equation: "ElectronContinuityEquation"	RelError: 9.60252e-10	AbsError: 2.22427e+05
      Equation: "HoleContinuityEquation"	RelError: 3.21086e-10	AbsError: 2.72964e+04
      Equation: "PotentialEquation"	RelError: 2.00163e-13	AbsError: 1.23920e-14
Iteration: 5
  Device: "pn2d"	RelError: 3.77474e-10	AbsError: 6.31410e+02
    Region: "Silicon"	RelError: 3.77474e-10	AbsError: 6.31410e+02
      Equation: "ElectronContinuityEquation"	RelError: 1.13016e-10	AbsError: 1.20205e+02
      Equation: "HoleContinuityEquation"	RelError: 2.64456e-10	AbsError: 5.11205e+02
      Equation: "PotentialEquation"	RelError: 2.15632e-15	AbsError: 2.57940e-16
Anode	0.475	8.57416437436e-09	8.49954759023e-09	1.70737119646e-08
Cathode	0.0	-8.97807005397e-09	-8.09563374838e-09	-1.70737038023e-08
Region "Silicon" on device "pn2d" has equations 0:1619
Device "pn2d" has equations 0:1619
number of equations 1620
Iteration: 0
  Device: "pn2d"	RelError: 5.07052e+01	AbsError: 1.41105e+16
    Region: "Silicon"	RelError: 5.07052e+01	AbsError: 1.41105e+16
      Equation: "ElectronContinuityEquation"	RelError: 4.91353e-01	AbsError: 6.18389e+15
      Equation: "HoleContinuityEquation"	RelError: 4.91410e-01	AbsError: 7.92660e+15
      Equation: "PotentialEquation"	RelError: 4.97224e+01	AbsError: 2.50104e-02
Iteration: 1
  Device: "pn2d"	RelError: 5.15512e-01	AbsError: 2.53925e+15
    Region: "Silicon"	RelError: 5.15512e-01	AbsError: 2.53925e+15
      Equation: "ElectronContinuityEquation"	RelError: 2.53993e-01	AbsError: 1.22154e+15
      Equation: "HoleContinuityEquation"	RelError: 2.52517e-01	AbsError: 1.31771e+15
      Equation: "PotentialEquation"	RelError: 9.00188e-03	AbsError: 2.20468e-03
Iteration: 2
  Device: "pn2d"	RelError: 1.18085e-02	AbsError: 1.04121e+12
    Region: "Silicon"	RelError: 1.18085e-02	AbsError: 1.04121e+12
      Equation: "ElectronContinuityEquation"	RelError: 4.73209e-03	AbsError: 6.07884e+11
      Equation: "HoleContinuityEquation"	RelError: 7.07363e-03	AbsError: 4.33327e+11
      Equation: "PotentialEquation"	RelError: 2.74200e-06	AbsError: 4.85797e-07
Iteration: 3
  Device: "pn2d"	RelError: 5.30055e-08	AbsError: 1.17612e+09
    Region: "Silicon"	RelError: 5.30055e-08	AbsError: 1.17612e+09
      Equation: "ElectronContinuityEquation"	RelError: 3.52619e-08	AbsError: 1.03594e+09
      Equation: "HoleContinuityEquation"	RelError: 1.67682e-08	AbsError: 1.40176e+08
      Equation: "PotentialEquation"	RelError: 9.75383e-10	AbsError: 2.01382e-10
Iteration: 4
  Device: "pn2d"	RelError: 5.26161e-10	AbsError: 2.46558e+04
    Region: "Silicon"	RelError: 5.26161e-10	AbsError: 2.46558e+04
      Equation: "ElectronContinuityEquation"	RelError: 1.17522e-10	AbsError: 6.86760e+03
      Equation: "HoleContinuityEquation"	RelError: 4.08557e-10	AbsError: 1.77882e+04
      Equation: "PotentialEquation"	RelError: 8.12763e-14	AbsError: 4.06344e-15
Iteration: 5
  Device: "pn2d"	RelError: 1.35077e-10	AbsError: 5.43003e+02
    Region: "Silicon"	RelError: 1.35077e-10	AbsError: 5.43003e+02
      Equation: "ElectronContinuityEquation"	RelError: 9.06125e-12	AbsError: 6.38941e+01
      Equation: "HoleContinuityEquation"	RelError: 1.26012e-10	AbsError: 4.79109e+02
      Equation: "PotentialEquation"	RelError: 3.95886e-15	AbsError: 2.16190e-16
Anode	0.5	2.25188535918e-08	2.19243515953e-08	4.44432051871e-08
Cathode	0.0	-2.31828591075e-08	-2.1260345426e-08	-4.44432045335e-08
