
----------------------------------------

 DEVSIM

 Version: Beta 0.01

 Copyright 2009-2016 Devsim LLC

----------------------------------------


Physical group name body_contact has 0 Tetrahedra.
Physical group name body_contact has 0 Triangles.
Physical group name body_contact has 49 Lines.
Physical group name body_contact has 50 Points.
Physical group name bulk has 0 Tetrahedra.
Physical group name bulk has 4255 Triangles.
Physical group name bulk has 6503 Lines.
Physical group name bulk has 2249 Points.
Physical group name bulk_oxide_interface has 0 Tetrahedra.
Physical group name bulk_oxide_interface has 0 Triangles.
Physical group name bulk_oxide_interface has 100 Lines.
Physical group name bulk_oxide_interface has 101 Points.
Physical group name drain_contact has 0 Tetrahedra.
Physical group name drain_contact has 0 Triangles.
Physical group name drain_contact has 27 Lines.
Physical group name drain_contact has 28 Points.
Physical group name gate has 0 Tetrahedra.
Physical group name gate has 57 Triangles.
Physical group name gate has 95 Lines.
Physical group name gate has 39 Points.
Physical group name gate_contact has 0 Tetrahedra.
Physical group name gate_contact has 0 Triangles.
Physical group name gate_contact has 4 Lines.
Physical group name gate_contact has 5 Points.
Physical group name gate_oxide_interface has 0 Tetrahedra.
Physical group name gate_oxide_interface has 0 Triangles.
Physical group name gate_oxide_interface has 5 Lines.
Physical group name gate_oxide_interface has 6 Points.
Physical group name oxide has 0 Tetrahedra.
Physical group name oxide has 1207 Triangles.
Physical group name oxide has 1872 Lines.
Physical group name oxide has 666 Points.
Physical group name source_contact has 0 Tetrahedra.
Physical group name source_contact has 0 Triangles.
Physical group name source_contact has 27 Lines.
Physical group name source_contact has 28 Points.
Device mos2d has 2847 coordinates with max index 2847
group bulk has 2249 nodes.
Region bulk has 2249 nodes.
Region bulk has 2249 nodes.
group gate has 39 nodes.
Region gate has 39 nodes.
Region gate has 39 nodes.
group oxide has 666 nodes.
Region oxide has 666 nodes.
Region oxide has 666 nodes.
group body_contact has 50 nodes.
Contact body in region bulk with 50 nodes
group drain_contact has 28 nodes.
Contact drain in region bulk with 28 nodes
group gate_contact has 5 nodes.
Contact gate in region gate with 5 nodes
group source_contact has 28 nodes.
Contact source in region bulk with 28 nodes
group bulk_oxide_interface has 101 nodes.
Warning, contact "source" shares a node with interface "bulk_oxide"
Warning, contact "drain" shares a node with interface "bulk_oxide"
Adding interface bulk_oxide with 101, 101 nodes
group gate_oxide_interface has 6 nodes.
Adding interface gate_oxide with 6, 6 nodes
bulk body
bulk drain
gate gate
bulk source
Region "bulk" on device "mos2d" has equations 0:2248
Region "gate" on device "mos2d" has equations 2249:2287
Region "oxide" on device "mos2d" has equations 2288:2953
Device "mos2d" has equations 0:2953
number of equations 2954
Iteration: 0
  Device: "mos2d"	RelError: 3.00000e+00	AbsError: 2.62012e-01
    Region: "bulk"	RelError: 1.00000e+00	AbsError: 2.16122e-01
      Equation: "PotentialEquation"	RelError: 1.00000e+00	AbsError: 2.16122e-01
    Region: "gate"	RelError: 1.00000e+00	AbsError: 2.62012e-01
      Equation: "PotentialEquation"	RelError: 1.00000e+00	AbsError: 2.62012e-01
    Region: "oxide"	RelError: 1.00000e+00	AbsError: 2.61732e-01
      Equation: "PotentialEquation"	RelError: 1.00000e+00	AbsError: 2.61732e-01
Iteration: 1
  Device: "mos2d"	RelError: 1.49679e+00	AbsError: 2.60773e-01
    Region: "bulk"	RelError: 4.99020e-01	AbsError: 2.14804e-01
      Equation: "PotentialEquation"	RelError: 4.99020e-01	AbsError: 2.14804e-01
    Region: "gate"	RelError: 4.98963e-01	AbsError: 2.60773e-01
      Equation: "PotentialEquation"	RelError: 4.98963e-01	AbsError: 2.60773e-01
    Region: "oxide"	RelError: 4.98808e-01	AbsError: 2.60485e-01
      Equation: "PotentialEquation"	RelError: 4.98808e-01	AbsError: 2.60485e-01
Iteration: 2
  Device: "mos2d"	RelError: 2.18169e+00	AbsError: 1.41155e-01
    Region: "bulk"	RelError: 1.55131e+00	AbsError: 1.41155e-01
      Equation: "PotentialEquation"	RelError: 1.55131e+00	AbsError: 1.41155e-01
    Region: "gate"	RelError: 3.16582e-01	AbsError: 1.32593e-01
      Equation: "PotentialEquation"	RelError: 3.16582e-01	AbsError: 1.32593e-01
    Region: "oxide"	RelError: 3.13793e-01	AbsError: 8.39856e-02
      Equation: "PotentialEquation"	RelError: 3.13793e-01	AbsError: 8.39856e-02
Iteration: 3
  Device: "mos2d"	RelError: 3.95275e+01	AbsError: 8.14615e-02
    Region: "bulk"	RelError: 3.90731e+01	AbsError: 8.14615e-02
      Equation: "PotentialEquation"	RelError: 3.90731e+01	AbsError: 8.14615e-02
    Region: "gate"	RelError: 2.29097e-01	AbsError: 7.00000e-02
      Equation: "PotentialEquation"	RelError: 2.29097e-01	AbsError: 7.00000e-02
    Region: "oxide"	RelError: 2.25324e-01	AbsError: 6.51495e-02
      Equation: "PotentialEquation"	RelError: 2.25324e-01	AbsError: 6.51495e-02
Iteration: 4
  Device: "mos2d"	RelError: 1.50737e+02	AbsError: 7.89878e-02
    Region: "bulk"	RelError: 1.50392e+02	AbsError: 7.89878e-02
      Equation: "PotentialEquation"	RelError: 1.50392e+02	AbsError: 7.89878e-02
    Region: "gate"	RelError: 1.75024e-01	AbsError: 6.48239e-02
      Equation: "PotentialEquation"	RelError: 1.75024e-01	AbsError: 6.48239e-02
    Region: "oxide"	RelError: 1.70099e-01	AbsError: 5.92624e-02
      Equation: "PotentialEquation"	RelError: 1.70099e-01	AbsError: 5.92624e-02
Iteration: 5
  Device: "mos2d"	RelError: 1.82821e+03	AbsError: 7.62736e-02
    Region: "bulk"	RelError: 1.82794e+03	AbsError: 7.62736e-02
      Equation: "PotentialEquation"	RelError: 1.82794e+03	AbsError: 7.62736e-02
    Region: "gate"	RelError: 1.37182e-01	AbsError: 5.88866e-02
      Equation: "PotentialEquation"	RelError: 1.37182e-01	AbsError: 5.88866e-02
    Region: "oxide"	RelError: 1.30784e-01	AbsError: 5.24208e-02
      Equation: "PotentialEquation"	RelError: 1.30784e-01	AbsError: 5.24208e-02
Iteration: 6
  Device: "mos2d"	RelError: 1.75376e+02	AbsError: 7.37354e-02
    Region: "bulk"	RelError: 1.75168e+02	AbsError: 7.37354e-02
      Equation: "PotentialEquation"	RelError: 1.75168e+02	AbsError: 7.37354e-02
    Region: "gate"	RelError: 1.08015e-01	AbsError: 5.19808e-02
      Equation: "PotentialEquation"	RelError: 1.08015e-01	AbsError: 5.19808e-02
    Region: "oxide"	RelError: 9.96468e-02	AbsError: 4.43609e-02
      Equation: "PotentialEquation"	RelError: 9.96468e-02	AbsError: 4.43609e-02
Iteration: 7
  Device: "mos2d"	RelError: 1.32380e+02	AbsError: 7.20749e-02
    Region: "bulk"	RelError: 1.32224e+02	AbsError: 7.20749e-02
      Equation: "PotentialEquation"	RelError: 1.32224e+02	AbsError: 7.20749e-02
    Region: "gate"	RelError: 8.34915e-02	AbsError: 4.38395e-02
      Equation: "PotentialEquation"	RelError: 8.34915e-02	AbsError: 4.38395e-02
    Region: "oxide"	RelError: 7.24849e-02	AbsError: 3.47907e-02
      Equation: "PotentialEquation"	RelError: 7.24849e-02	AbsError: 3.47907e-02
Iteration: 8
  Device: "mos2d"	RelError: 1.87614e+03	AbsError: 6.95617e-02
    Region: "bulk"	RelError: 1.87604e+03	AbsError: 6.95617e-02
      Equation: "PotentialEquation"	RelError: 1.87604e+03	AbsError: 6.95617e-02
    Region: "gate"	RelError: 6.11043e-02	AbsError: 3.41726e-02
      Equation: "PotentialEquation"	RelError: 6.11043e-02	AbsError: 3.41726e-02
    Region: "oxide"	RelError: 4.68846e-02	AbsError: 2.36103e-02
      Equation: "PotentialEquation"	RelError: 4.68846e-02	AbsError: 2.36103e-02
Iteration: 9
  Device: "mos2d"	RelError: 6.99142e+01	AbsError: 6.34464e-02
    Region: "bulk"	RelError: 6.98460e+01	AbsError: 6.34464e-02
      Equation: "PotentialEquation"	RelError: 6.98460e+01	AbsError: 6.34464e-02
    Region: "gate"	RelError: 3.93513e-02	AbsError: 2.29087e-02
      Equation: "PotentialEquation"	RelError: 3.93513e-02	AbsError: 2.29087e-02
    Region: "oxide"	RelError: 2.88057e-02	AbsError: 1.49363e-02
      Equation: "PotentialEquation"	RelError: 2.88057e-02	AbsError: 1.49363e-02
Iteration: 10
  Device: "mos2d"	RelError: 6.75434e+01	AbsError: 5.07996e-02
    Region: "bulk"	RelError: 6.75200e+01	AbsError: 5.07996e-02
      Equation: "PotentialEquation"	RelError: 6.75200e+01	AbsError: 5.07996e-02
    Region: "gate"	RelError: 2.33454e-02	AbsError: 1.39156e-02
      Equation: "PotentialEquation"	RelError: 2.33454e-02	AbsError: 1.39156e-02
    Region: "oxide"	RelError: 7.10672e-06	AbsError: 2.84960e-06
      Equation: "PotentialEquation"	RelError: 7.10672e-06	AbsError: 2.84960e-06
Iteration: 11
  Device: "mos2d"	RelError: 2.53501e+01	AbsError: 3.63570e-02
    Region: "bulk"	RelError: 2.53500e+01	AbsError: 3.63570e-02
      Equation: "PotentialEquation"	RelError: 2.53500e+01	AbsError: 3.63570e-02
    Region: "gate"	RelError: 1.37683e-10	AbsError: 8.20674e-11
      Equation: "PotentialEquation"	RelError: 1.37683e-10	AbsError: 8.20674e-11
    Region: "oxide"	RelError: 4.28352e-06	AbsError: 1.71758e-06
      Equation: "PotentialEquation"	RelError: 4.28352e-06	AbsError: 1.71758e-06
Iteration: 12
  Device: "mos2d"	RelError: 1.22763e+01	AbsError: 2.58894e-02
    Region: "bulk"	RelError: 1.22763e+01	AbsError: 2.58894e-02
      Equation: "PotentialEquation"	RelError: 1.22763e+01	AbsError: 2.58894e-02
    Region: "gate"	RelError: 2.07125e-11	AbsError: 1.23459e-11
      Equation: "PotentialEquation"	RelError: 2.07125e-11	AbsError: 1.23459e-11
    Region: "oxide"	RelError: 6.44397e-07	AbsError: 2.58387e-07
      Equation: "PotentialEquation"	RelError: 6.44397e-07	AbsError: 2.58387e-07
Iteration: 13
  Device: "mos2d"	RelError: 9.72935e-01	AbsError: 1.39565e-02
    Region: "bulk"	RelError: 9.72935e-01	AbsError: 1.39565e-02
      Equation: "PotentialEquation"	RelError: 9.72935e-01	AbsError: 1.39565e-02
    Region: "gate"	RelError: 5.04574e-12	AbsError: 3.00756e-12
      Equation: "PotentialEquation"	RelError: 5.04574e-12	AbsError: 3.00756e-12
    Region: "oxide"	RelError: 1.56979e-07	AbsError: 6.29446e-08
      Equation: "PotentialEquation"	RelError: 1.56979e-07	AbsError: 6.29446e-08
Iteration: 14
  Device: "mos2d"	RelError: 7.23825e-02	AbsError: 8.35414e-05
    Region: "bulk"	RelError: 7.23824e-02	AbsError: 8.35414e-05
      Equation: "PotentialEquation"	RelError: 7.23824e-02	AbsError: 8.35414e-05
    Region: "gate"	RelError: 3.81950e-13	AbsError: 2.27665e-13
      Equation: "PotentialEquation"	RelError: 3.81950e-13	AbsError: 2.27665e-13
    Region: "oxide"	RelError: 1.18851e-08	AbsError: 4.76562e-09
      Equation: "PotentialEquation"	RelError: 1.18851e-08	AbsError: 4.76562e-09
Iteration: 15
  Device: "mos2d"	RelError: 1.08673e-05	AbsError: 1.58135e-08
    Region: "bulk"	RelError: 1.08673e-05	AbsError: 1.58135e-08
      Equation: "PotentialEquation"	RelError: 1.08673e-05	AbsError: 1.58135e-08
    Region: "gate"	RelError: 1.51032e-16	AbsError: 9.00261e-17
      Equation: "PotentialEquation"	RelError: 1.51032e-16	AbsError: 9.00261e-17
    Region: "oxide"	RelError: 1.35297e-12	AbsError: 5.42507e-13
      Equation: "PotentialEquation"	RelError: 1.35297e-12	AbsError: 5.42507e-13
Iteration: 16
  Device: "mos2d"	RelError: 6.84190e-13	AbsError: 7.53861e-15
    Region: "bulk"	RelError: 6.69458e-13	AbsError: 1.14454e-15
      Equation: "PotentialEquation"	RelError: 6.69458e-13	AbsError: 1.14454e-15
    Region: "gate"	RelError: 1.92474e-16	AbsError: 1.14727e-16
      Equation: "PotentialEquation"	RelError: 1.92474e-16	AbsError: 1.14727e-16
    Region: "oxide"	RelError: 1.45387e-14	AbsError: 7.53861e-15
      Equation: "PotentialEquation"	RelError: 1.45387e-14	AbsError: 7.53861e-15
Region "bulk" on device "mos2d" has equations 0:2248
Region "gate" on device "mos2d" has equations 2249:2287
Region "oxide" on device "mos2d" has equations 2288:2953
Device "mos2d" has equations 0:2953
number of equations 2954
Iteration: 0
  Device: "mos2d"	RelError: 3.70683e-14	AbsError: 7.53861e-15
    Region: "bulk"	RelError: 2.23785e-14	AbsError: 7.88198e-16
      Equation: "PotentialEquation"	RelError: 2.23785e-14	AbsError: 7.88198e-16
    Region: "gate"	RelError: 1.51032e-16	AbsError: 9.00261e-17
      Equation: "PotentialEquation"	RelError: 1.51032e-16	AbsError: 9.00261e-17
    Region: "oxide"	RelError: 1.45387e-14	AbsError: 7.53861e-15
      Equation: "PotentialEquation"	RelError: 1.45387e-14	AbsError: 7.53861e-15
Warning: Replacing equation with equation of the same name.
Region: gate, Equation: PotentialEquation, Variable: Potential
Warning: Replacing equation with equation of the same name.
Region: bulk, Equation: PotentialEquation, Variable: Potential
Region "bulk" on device "mos2d" has equations 0:6746
Region "gate" on device "mos2d" has equations 6747:6863
Region "oxide" on device "mos2d" has equations 6864:7529
Device "mos2d" has equations 0:7529
number of equations 7530
Iteration: 0
  Device: "mos2d"	RelError: 1.36423e-13	AbsError: 4.43305e+05
    Region: "bulk"	RelError: 1.12829e-13	AbsError: 8.71670e+04
      Equation: "ElectronContinuityEquation"	RelError: 3.17277e-14	AbsError: 6.56630e+04
      Equation: "HoleContinuityEquation"	RelError: 3.33079e-14	AbsError: 2.15040e+04
      Equation: "PotentialEquation"	RelError: 4.77932e-14	AbsError: 7.95300e-16
    Region: "gate"	RelError: 9.09397e-15	AbsError: 4.43305e+05
      Equation: "ElectronContinuityEquation"	RelError: 4.43486e-15	AbsError: 4.43305e+05
      Equation: "HoleContinuityEquation"	RelError: 4.53401e-15	AbsError: 4.53587e-15
      Equation: "PotentialEquation"	RelError: 1.25097e-16	AbsError: 7.45659e-17
    Region: "oxide"	RelError: 1.45006e-14	AbsError: 7.51883e-15
      Equation: "PotentialEquation"	RelError: 1.45006e-14	AbsError: 7.51883e-15
last end 0.000000e+00 5.000000e-01
setting to last bias 5.000000e-01
setting next bias 5.000000e-01
Region "bulk" on device "mos2d" has equations 0:6746
Region "gate" on device "mos2d" has equations 6747:6863
Region "oxide" on device "mos2d" has equations 6864:7529
Device "mos2d" has equations 0:7529
number of equations 7530
Iteration: 0
  Device: "mos2d"	RelError: 1.44604e+01	AbsError: 5.95630e+17
    Region: "bulk"	RelError: 1.42257e+01	AbsError: 5.95630e+17
      Equation: "ElectronContinuityEquation"	RelError: 4.96657e-01	AbsError: 5.95629e+17
      Equation: "HoleContinuityEquation"	RelError: 1.36094e+01	AbsError: 1.23590e+12
      Equation: "PotentialEquation"	RelError: 1.19706e-01	AbsError: 2.57032e-02
    Region: "gate"	RelError: 1.18972e-01	AbsError: 1.64003e+17
      Equation: "ElectronContinuityEquation"	RelError: 1.64368e-03	AbsError: 1.64003e+17
      Equation: "HoleContinuityEquation"	RelError: 1.63830e-03	AbsError: 1.64194e-03
      Equation: "PotentialEquation"	RelError: 1.15690e-01	AbsError: 7.79815e-02
    Region: "oxide"	RelError: 1.15690e-01	AbsError: 7.79804e-02
      Equation: "PotentialEquation"	RelError: 1.15690e-01	AbsError: 7.79804e-02
Iteration: 1
  Device: "mos2d"	RelError: 1.39387e+00	AbsError: 2.35635e+18
    Region: "bulk"	RelError: 1.14925e+00	AbsError: 4.54930e+17
      Equation: "ElectronContinuityEquation"	RelError: 1.73750e-01	AbsError: 4.54929e+17
      Equation: "HoleContinuityEquation"	RelError: 8.33881e-01	AbsError: 1.24811e+12
      Equation: "PotentialEquation"	RelError: 1.41624e-01	AbsError: 2.57032e-02
    Region: "gate"	RelError: 1.45907e-01	AbsError: 2.35635e+18
      Equation: "ElectronContinuityEquation"	RelError: 2.30211e-02	AbsError: 2.35635e+18
      Equation: "HoleContinuityEquation"	RelError: 2.41322e-02	AbsError: 2.35635e-02
      Equation: "PotentialEquation"	RelError: 9.87541e-02	AbsError: 7.38598e-02
    Region: "oxide"	RelError: 9.87114e-02	AbsError: 7.38233e-02
      Equation: "PotentialEquation"	RelError: 9.87114e-02	AbsError: 7.38233e-02
Iteration: 2
  Device: "mos2d"	RelError: 2.65003e-01	AbsError: 2.35640e+18
    Region: "bulk"	RelError: 4.86101e-02	AbsError: 2.41773e+16
      Equation: "ElectronContinuityEquation"	RelError: 3.68188e-03	AbsError: 2.41773e+16
      Equation: "HoleContinuityEquation"	RelError: 4.35860e-02	AbsError: 3.68227e+09
      Equation: "PotentialEquation"	RelError: 1.34226e-03	AbsError: 1.02309e-04
    Region: "gate"	RelError: 1.31746e-01	AbsError: 2.35640e+18
      Equation: "ElectronContinuityEquation"	RelError: 2.35640e-02	AbsError: 2.35640e+18
      Equation: "HoleContinuityEquation"	RelError: 2.35329e-02	AbsError: 2.35322e-02
      Equation: "PotentialEquation"	RelError: 8.46494e-02	AbsError: 6.91609e-02
    Region: "oxide"	RelError: 8.46463e-02	AbsError: 6.91584e-02
      Equation: "PotentialEquation"	RelError: 8.46463e-02	AbsError: 6.91584e-02
Iteration: 3
  Device: "mos2d"	RelError: 1.45070e-01	AbsError: 4.23678e+14
    Region: "bulk"	RelError: 3.64542e-05	AbsError: 8.25053e+12
      Equation: "ElectronContinuityEquation"	RelError: 9.91820e-06	AbsError: 8.25052e+12
      Equation: "HoleContinuityEquation"	RelError: 2.40771e-05	AbsError: 7.53076e+06
      Equation: "PotentialEquation"	RelError: 2.45899e-06	AbsError: 1.31916e-06
    Region: "gate"	RelError: 7.25340e-02	AbsError: 4.23678e+14
      Equation: "ElectronContinuityEquation"	RelError: 4.23676e-06	AbsError: 4.23678e+14
      Equation: "HoleContinuityEquation"	RelError: 2.75423e-05	AbsError: 2.75422e-05
      Equation: "PotentialEquation"	RelError: 7.25022e-02	AbsError: 6.38667e-02
    Region: "oxide"	RelError: 7.24992e-02	AbsError: 6.38640e-02
      Equation: "PotentialEquation"	RelError: 7.24992e-02	AbsError: 6.38640e-02
Iteration: 4
  Device: "mos2d"	RelError: 1.23133e-01	AbsError: 1.28563e+15
    Region: "bulk"	RelError: 1.71987e-08	AbsError: 5.81317e+08
      Equation: "ElectronContinuityEquation"	RelError: 6.43312e-09	AbsError: 5.81313e+08
      Equation: "HoleContinuityEquation"	RelError: 9.51107e-09	AbsError: 3.87332e+03
      Equation: "PotentialEquation"	RelError: 1.25452e-09	AbsError: 1.66585e-10
    Region: "gate"	RelError: 6.15807e-02	AbsError: 1.28563e+15
      Equation: "ElectronContinuityEquation"	RelError: 1.28561e-05	AbsError: 1.28563e+15
      Equation: "HoleContinuityEquation"	RelError: 1.28562e-05	AbsError: 1.28560e-05
      Equation: "PotentialEquation"	RelError: 6.15550e-02	AbsError: 5.77801e-02
    Region: "oxide"	RelError: 6.15519e-02	AbsError: 5.77769e-02
      Equation: "PotentialEquation"	RelError: 6.15519e-02	AbsError: 5.77769e-02
Iteration: 5
  Device: "mos2d"	RelError: 1.02487e-01	AbsError: 1.67245e+15
    Region: "bulk"	RelError: 5.10988e-10	AbsError: 1.19438e+08
      Equation: "ElectronContinuityEquation"	RelError: 2.35817e-10	AbsError: 1.19438e+08
      Equation: "HoleContinuityEquation"	RelError: 2.42457e-10	AbsError: 5.15801e+02
      Equation: "PotentialEquation"	RelError: 3.27142e-11	AbsError: 1.75500e-11
    Region: "gate"	RelError: 5.12620e-02	AbsError: 1.67245e+15
      Equation: "ElectronContinuityEquation"	RelError: 1.67245e-05	AbsError: 1.67245e+15
      Equation: "HoleContinuityEquation"	RelError: 1.67252e-05	AbsError: 1.67252e-05
      Equation: "PotentialEquation"	RelError: 5.12286e-02	AbsError: 5.06834e-02
    Region: "oxide"	RelError: 5.12252e-02	AbsError: 5.06796e-02
      Equation: "PotentialEquation"	RelError: 5.12252e-02	AbsError: 5.06796e-02
Iteration: 6
  Device: "mos2d"	RelError: 8.20721e-02	AbsError: 3.54461e+15
    Region: "bulk"	RelError: 5.56540e-10	AbsError: 1.38669e+08
      Equation: "ElectronContinuityEquation"	RelError: 2.65143e-10	AbsError: 1.38668e+08
      Equation: "HoleContinuityEquation"	RelError: 2.66287e-10	AbsError: 4.43724e+02
      Equation: "PotentialEquation"	RelError: 2.51093e-11	AbsError: 1.34703e-11
    Region: "gate"	RelError: 4.10734e-02	AbsError: 3.54461e+15
      Equation: "ElectronContinuityEquation"	RelError: 3.54448e-05	AbsError: 3.54461e+15
      Equation: "HoleContinuityEquation"	RelError: 3.54490e-05	AbsError: 3.54477e-05
      Equation: "PotentialEquation"	RelError: 4.10025e-02	AbsError: 4.23006e-02
    Region: "oxide"	RelError: 4.09987e-02	AbsError: 4.22961e-02
      Equation: "PotentialEquation"	RelError: 4.09987e-02	AbsError: 4.22961e-02
Iteration: 7
  Device: "mos2d"	RelError: 6.08729e-02	AbsError: 3.36308e+15
    Region: "bulk"	RelError: 8.60883e-10	AbsError: 1.95088e+08
      Equation: "ElectronContinuityEquation"	RelError: 3.78392e-10	AbsError: 1.95088e+08
      Equation: "HoleContinuityEquation"	RelError: 3.96631e-10	AbsError: 4.14043e+02
      Equation: "PotentialEquation"	RelError: 8.58599e-11	AbsError: 4.60608e-11
    Region: "gate"	RelError: 3.04723e-02	AbsError: 3.36308e+15
      Equation: "ElectronContinuityEquation"	RelError: 3.36308e-05	AbsError: 3.36308e+15
      Equation: "HoleContinuityEquation"	RelError: 3.36322e-05	AbsError: 3.36321e-05
      Equation: "PotentialEquation"	RelError: 3.04051e-02	AbsError: 3.23512e-02
    Region: "oxide"	RelError: 3.04006e-02	AbsError: 3.23460e-02
      Equation: "PotentialEquation"	RelError: 3.04006e-02	AbsError: 3.23460e-02
Iteration: 8
  Device: "mos2d"	RelError: 3.84689e-02	AbsError: 4.00752e+14
    Region: "bulk"	RelError: 1.76296e-10	AbsError: 1.97350e+08
      Equation: "ElectronContinuityEquation"	RelError: 2.28708e-11	AbsError: 1.97349e+08
      Equation: "HoleContinuityEquation"	RelError: 8.31195e-11	AbsError: 1.43455e+03
      Equation: "PotentialEquation"	RelError: 7.03059e-11	AbsError: 3.77166e-11
    Region: "gate"	RelError: 1.92409e-02	AbsError: 4.00752e+14
      Equation: "ElectronContinuityEquation"	RelError: 4.00753e-06	AbsError: 4.00752e+14
      Equation: "HoleContinuityEquation"	RelError: 4.00149e-06	AbsError: 4.00149e-06
      Equation: "PotentialEquation"	RelError: 1.92329e-02	AbsError: 2.08653e-02
    Region: "oxide"	RelError: 1.92279e-02	AbsError: 2.08594e-02
      Equation: "PotentialEquation"	RelError: 1.92279e-02	AbsError: 2.08594e-02
Iteration: 9
  Device: "mos2d"	RelError: 2.04394e-02	AbsError: 4.15433e+14
    Region: "bulk"	RelError: 1.83848e-11	AbsError: 7.25181e+06
      Equation: "ElectronContinuityEquation"	RelError: 8.85329e-12	AbsError: 7.25010e+06
      Equation: "HoleContinuityEquation"	RelError: 8.85193e-12	AbsError: 1.70865e+03
      Equation: "PotentialEquation"	RelError: 6.79556e-13	AbsError: 2.88918e-13
    Region: "gate"	RelError: 1.02270e-02	AbsError: 4.15433e+14
      Equation: "ElectronContinuityEquation"	RelError: 4.15434e-06	AbsError: 4.15433e+14
      Equation: "HoleContinuityEquation"	RelError: 4.15433e-06	AbsError: 4.15434e-06
      Equation: "PotentialEquation"	RelError: 1.02187e-02	AbsError: 1.12005e-02
    Region: "oxide"	RelError: 1.02124e-02	AbsError: 1.11932e-02
      Equation: "PotentialEquation"	RelError: 1.02124e-02	AbsError: 1.11932e-02
Iteration: 10
  Device: "mos2d"	RelError: 3.62196e-06	AbsError: 1.78982e+14
    Region: "bulk"	RelError: 3.43050e-12	AbsError: 5.46987e+06
      Equation: "ElectronContinuityEquation"	RelError: 1.16496e-12	AbsError: 5.46939e+06
      Equation: "HoleContinuityEquation"	RelError: 1.42517e-12	AbsError: 4.78239e+02
      Equation: "PotentialEquation"	RelError: 8.40365e-13	AbsError: 4.50826e-13
    Region: "gate"	RelError: 3.62196e-06	AbsError: 1.78982e+14
      Equation: "ElectronContinuityEquation"	RelError: 1.78982e-06	AbsError: 1.78982e+14
      Equation: "HoleContinuityEquation"	RelError: 1.78986e-06	AbsError: 1.78986e-06
      Equation: "PotentialEquation"	RelError: 4.22722e-08	AbsError: 4.63335e-08
    Region: "oxide"	RelError: 1.59305e-12	AbsError: 1.74606e-12
      Equation: "PotentialEquation"	RelError: 1.59305e-12	AbsError: 1.74606e-12
Iteration: 11
  Device: "mos2d"	RelError: 2.17831e-08	AbsError: 1.07642e+12
    Region: "bulk"	RelError: 5.14853e-13	AbsError: 6.37859e+05
      Equation: "ElectronContinuityEquation"	RelError: 6.44443e-14	AbsError: 6.37320e+05
      Equation: "HoleContinuityEquation"	RelError: 2.54923e-13	AbsError: 5.38900e+02
      Equation: "PotentialEquation"	RelError: 1.95486e-13	AbsError: 5.98136e-14
    Region: "gate"	RelError: 2.17826e-08	AbsError: 1.07642e+12
      Equation: "ElectronContinuityEquation"	RelError: 1.07642e-08	AbsError: 1.07642e+12
      Equation: "HoleContinuityEquation"	RelError: 1.07642e-08	AbsError: 1.07642e-08
      Equation: "PotentialEquation"	RelError: 2.54229e-10	AbsError: 2.78654e-10
    Region: "oxide"	RelError: 1.38927e-14	AbsError: 7.20362e-15
      Equation: "PotentialEquation"	RelError: 1.38927e-14	AbsError: 7.20362e-15
Iteration: 12
  Device: "mos2d"	RelError: 1.56566e-13	AbsError: 6.08306e+05
    Region: "bulk"	RelError: 1.43265e-13	AbsError: 6.08306e+05
      Equation: "ElectronContinuityEquation"	RelError: 6.14680e-14	AbsError: 6.07885e+05
      Equation: "HoleContinuityEquation"	RelError: 6.12071e-14	AbsError: 4.21287e+02
      Equation: "PotentialEquation"	RelError: 2.05902e-14	AbsError: 2.78869e-15
    Region: "gate"	RelError: 2.88574e-15	AbsError: 1.35261e+05
      Equation: "ElectronContinuityEquation"	RelError: 1.35261e-15	AbsError: 1.35261e+05
      Equation: "HoleContinuityEquation"	RelError: 1.43168e-15	AbsError: 1.43168e-15
      Equation: "PotentialEquation"	RelError: 1.01457e-16	AbsError: 1.11204e-16
    Region: "oxide"	RelError: 1.04150e-14	AbsError: 5.40039e-15
      Equation: "PotentialEquation"	RelError: 1.04150e-14	AbsError: 5.40039e-15
Succeeded
body	0.0	-3.31703219366e-29	-1.03500237694e-14	-1.03500237694e-14
drain	0.0	1.35396565339e-13	4.40623949568e-31	1.35396565339e-13
gate	0.5	4.82081993926e-12	2.41040996963e-32	4.82081993926e-12
source	0.0	-2.28176054432e-13	1.85296005157e-31	-2.28176054432e-13
last end 0.000000e+00 5.000000e-01
Region "bulk" on device "mos2d" has equations 0:6746
Region "gate" on device "mos2d" has equations 6747:6863
Region "oxide" on device "mos2d" has equations 6864:7529
Device "mos2d" has equations 0:7529
number of equations 7530
Iteration: 0
  Device: "mos2d"	RelError: 5.03689e+03	AbsError: 1.55973e+18
    Region: "bulk"	RelError: 5.03681e+03	AbsError: 1.55973e+18
      Equation: "ElectronContinuityEquation"	RelError: 1.04360e+03	AbsError: 1.55928e+18
      Equation: "HoleContinuityEquation"	RelError: 3.98671e+03	AbsError: 4.54088e+14
      Equation: "PotentialEquation"	RelError: 6.49796e+00	AbsError: 4.46380e-02
    Region: "gate"	RelError: 3.85482e-04	AbsError: 1.90069e+16
      Equation: "ElectronContinuityEquation"	RelError: 1.90455e-04	AbsError: 1.90069e+16
      Equation: "HoleContinuityEquation"	RelError: 1.90528e-04	AbsError: 1.90915e-04
      Equation: "PotentialEquation"	RelError: 4.49926e-06	AbsError: 4.93129e-06
    Region: "oxide"	RelError: 7.84275e-02	AbsError: 4.08050e-02
      Equation: "PotentialEquation"	RelError: 7.84275e-02	AbsError: 4.08050e-02
Iteration: 1
  Device: "mos2d"	RelError: 1.14447e+01	AbsError: 1.58481e+18
    Region: "bulk"	RelError: 1.13896e+01	AbsError: 1.58481e+18
      Equation: "ElectronContinuityEquation"	RelError: 9.99115e-01	AbsError: 1.58446e+18
      Equation: "HoleContinuityEquation"	RelError: 9.99490e-01	AbsError: 3.42068e+14
      Equation: "PotentialEquation"	RelError: 9.39100e+00	AbsError: 3.57173e-02
    Region: "gate"	RelError: 7.48021e-06	AbsError: 3.68329e+14
      Equation: "ElectronContinuityEquation"	RelError: 3.68955e-06	AbsError: 3.68329e+14
      Equation: "HoleContinuityEquation"	RelError: 3.70335e-06	AbsError: 3.70965e-06
      Equation: "PotentialEquation"	RelError: 8.73066e-08	AbsError: 9.56908e-08
    Region: "oxide"	RelError: 5.50955e-02	AbsError: 3.08087e-02
      Equation: "PotentialEquation"	RelError: 5.50955e-02	AbsError: 3.08087e-02
Iteration: 2
  Device: "mos2d"	RelError: 1.00753e+03	AbsError: 3.66587e+16
    Region: "bulk"	RelError: 1.00749e+03	AbsError: 3.66587e+16
      Equation: "ElectronContinuityEquation"	RelError: 8.40187e+00	AbsError: 3.66564e+16
      Equation: "HoleContinuityEquation"	RelError: 9.99000e+02	AbsError: 2.31342e+12
      Equation: "PotentialEquation"	RelError: 8.58660e-02	AbsError: 2.58804e-02
    Region: "gate"	RelError: 3.40082e-07	AbsError: 1.67759e+13
      Equation: "ElectronContinuityEquation"	RelError: 1.68053e-07	AbsError: 1.67759e+13
      Equation: "HoleContinuityEquation"	RelError: 1.68059e-07	AbsError: 1.68355e-07
      Equation: "PotentialEquation"	RelError: 3.96933e-09	AbsError: 4.35051e-09
    Region: "oxide"	RelError: 4.54088e-02	AbsError: 2.57269e-02
      Equation: "PotentialEquation"	RelError: 4.54088e-02	AbsError: 2.57269e-02
Iteration: 3
  Device: "mos2d"	RelError: 1.61806e+00	AbsError: 6.05062e+15
    Region: "bulk"	RelError: 1.60315e+00	AbsError: 6.05062e+15
      Equation: "ElectronContinuityEquation"	RelError: 5.71969e-01	AbsError: 6.05033e+15
      Equation: "HoleContinuityEquation"	RelError: 9.97882e-01	AbsError: 2.87507e+11
      Equation: "PotentialEquation"	RelError: 3.33034e-02	AbsError: 1.65659e-02
    Region: "gate"	RelError: 4.29187e-07	AbsError: 2.11658e+13
      Equation: "ElectronContinuityEquation"	RelError: 2.12089e-07	AbsError: 2.11658e+13
      Equation: "HoleContinuityEquation"	RelError: 2.12089e-07	AbsError: 2.12521e-07
      Equation: "PotentialEquation"	RelError: 5.00938e-09	AbsError: 5.49039e-09
    Region: "oxide"	RelError: 1.49058e-02	AbsError: 9.21954e-03
      Equation: "PotentialEquation"	RelError: 1.49058e-02	AbsError: 9.21954e-03
Iteration: 4
  Device: "mos2d"	RelError: 4.53054e-01	AbsError: 7.52236e+15
    Region: "bulk"	RelError: 4.52904e-01	AbsError: 7.52236e+15
      Equation: "ElectronContinuityEquation"	RelError: 1.78648e-02	AbsError: 7.52201e+15
      Equation: "HoleContinuityEquation"	RelError: 3.94075e-01	AbsError: 3.57283e+11
      Equation: "PotentialEquation"	RelError: 4.09641e-02	AbsError: 4.19747e-04
    Region: "gate"	RelError: 3.26778e-07	AbsError: 1.61154e+13
      Equation: "ElectronContinuityEquation"	RelError: 1.61482e-07	AbsError: 1.61154e+13
      Equation: "HoleContinuityEquation"	RelError: 1.61482e-07	AbsError: 1.61811e-07
      Equation: "PotentialEquation"	RelError: 3.81408e-09	AbsError: 4.18032e-09
    Region: "oxide"	RelError: 1.49362e-04	AbsError: 7.47625e-05
      Equation: "PotentialEquation"	RelError: 1.49362e-04	AbsError: 7.47625e-05
Iteration: 5
  Device: "mos2d"	RelError: 1.84541e-03	AbsError: 3.38494e+12
    Region: "bulk"	RelError: 1.84537e-03	AbsError: 3.38494e+12
      Equation: "ElectronContinuityEquation"	RelError: 2.02072e-05	AbsError: 3.38454e+12
      Equation: "HoleContinuityEquation"	RelError: 1.81310e-03	AbsError: 4.05035e+08
      Equation: "PotentialEquation"	RelError: 1.20646e-05	AbsError: 2.74392e-07
    Region: "gate"	RelError: 6.20024e-11	AbsError: 3.05641e+09
      Equation: "ElectronContinuityEquation"	RelError: 3.06264e-11	AbsError: 3.05641e+09
      Equation: "HoleContinuityEquation"	RelError: 3.06524e-11	AbsError: 3.07149e-11
      Equation: "PotentialEquation"	RelError: 7.23615e-13	AbsError: 7.93098e-13
    Region: "oxide"	RelError: 3.68207e-08	AbsError: 1.72685e-08
      Equation: "PotentialEquation"	RelError: 3.68207e-08	AbsError: 1.72685e-08
Iteration: 6
  Device: "mos2d"	RelError: 4.93789e-09	AbsError: 3.08652e+06
    Region: "bulk"	RelError: 4.93785e-09	AbsError: 3.08652e+06
      Equation: "ElectronContinuityEquation"	RelError: 2.84377e-11	AbsError: 3.06531e+06
      Equation: "HoleContinuityEquation"	RelError: 4.85364e-09	AbsError: 2.12124e+04
      Equation: "PotentialEquation"	RelError: 5.57790e-11	AbsError: 2.79232e-13
    Region: "gate"	RelError: 5.74979e-16	AbsError: 9.21306e+03
      Equation: "ElectronContinuityEquation"	RelError: 9.22342e-17	AbsError: 9.21306e+03
      Equation: "HoleContinuityEquation"	RelError: 3.81454e-16	AbsError: 3.82124e-16
      Equation: "PotentialEquation"	RelError: 1.01291e-16	AbsError: 1.11022e-16
    Region: "oxide"	RelError: 3.67668e-14	AbsError: 1.74131e-14
      Equation: "PotentialEquation"	RelError: 3.67668e-14	AbsError: 1.74131e-14
Iteration: 7
  Device: "mos2d"	RelError: 1.88555e-13	AbsError: 5.73459e+04
    Region: "bulk"	RelError: 1.77819e-13	AbsError: 5.73459e+04
      Equation: "ElectronContinuityEquation"	RelError: 2.59849e-14	AbsError: 5.68637e+04
      Equation: "HoleContinuityEquation"	RelError: 1.45493e-13	AbsError: 4.82228e+02
      Equation: "PotentialEquation"	RelError: 6.34149e-15	AbsError: 6.32816e-16
    Region: "gate"	RelError: 2.88028e-16	AbsError: 7.73345e+03
      Equation: "ElectronContinuityEquation"	RelError: 7.73345e-17	AbsError: 7.73345e+03
      Equation: "HoleContinuityEquation"	RelError: 1.09403e-16	AbsError: 1.09526e-16
      Equation: "PotentialEquation"	RelError: 1.01291e-16	AbsError: 1.11022e-16
    Region: "oxide"	RelError: 1.04478e-14	AbsError: 6.46214e-15
      Equation: "PotentialEquation"	RelError: 1.04478e-14	AbsError: 6.46214e-15
Succeeded
body	0.0	-3.53273517597e-15	-9.86769470872e-14	-1.02209682263e-13
drain	0.1	0.438124478401	7.45139968039e-17	0.438124478401
gate	0.5	2.66029592238e-12	1.33014796119e-32	2.66029592238e-12
source	0.0	-0.438124478401	-1.89549861894e-18	-0.438124478401
last end 1.000000e-01 5.000000e-01
Region "bulk" on device "mos2d" has equations 0:6746
Region "gate" on device "mos2d" has equations 6747:6863
Region "oxide" on device "mos2d" has equations 6864:7529
Device "mos2d" has equations 0:7529
number of equations 7530
Iteration: 0
  Device: "mos2d"	RelError: 2.01171e+03	AbsError: 1.87800e+17
    Region: "bulk"	RelError: 2.01165e+03	AbsError: 1.87800e+17
      Equation: "ElectronContinuityEquation"	RelError: 9.99000e+02	AbsError: 1.87482e+17
      Equation: "HoleContinuityEquation"	RelError: 9.99000e+02	AbsError: 3.17495e+14
      Equation: "PotentialEquation"	RelError: 1.36469e+01	AbsError: 4.09544e-02
    Region: "gate"	RelError: 3.62300e-04	AbsError: 1.78671e+16
      Equation: "ElectronContinuityEquation"	RelError: 1.79003e-04	AbsError: 1.78671e+16
      Equation: "HoleContinuityEquation"	RelError: 1.79068e-04	AbsError: 1.79400e-04
      Equation: "PotentialEquation"	RelError: 4.22866e-06	AbsError: 4.63473e-06
    Region: "oxide"	RelError: 6.62941e-02	AbsError: 4.09542e-02
      Equation: "PotentialEquation"	RelError: 6.62941e-02	AbsError: 4.09542e-02
Iteration: 1
  Device: "mos2d"	RelError: 3.84620e+01	AbsError: 1.62721e+16
    Region: "bulk"	RelError: 3.84159e+01	AbsError: 1.62721e+16
      Equation: "ElectronContinuityEquation"	RelError: 9.98988e-01	AbsError: 1.62528e+16
      Equation: "HoleContinuityEquation"	RelError: 9.98764e-01	AbsError: 1.92860e+13
      Equation: "PotentialEquation"	RelError: 3.64182e+01	AbsError: 3.07633e-02
    Region: "gate"	RelError: 1.41264e-05	AbsError: 6.95180e+14
      Equation: "ElectronContinuityEquation"	RelError: 6.96477e-06	AbsError: 6.95180e+14
      Equation: "HoleContinuityEquation"	RelError: 6.99672e-06	AbsError: 7.00978e-06
      Equation: "PotentialEquation"	RelError: 1.64879e-07	AbsError: 1.80712e-07
    Region: "oxide"	RelError: 4.60890e-02	AbsError: 3.07632e-02
      Equation: "PotentialEquation"	RelError: 4.60890e-02	AbsError: 3.07632e-02
Iteration: 2
  Device: "mos2d"	RelError: 1.00443e+03	AbsError: 2.56689e+15
    Region: "bulk"	RelError: 1.00439e+03	AbsError: 2.56689e+15
      Equation: "ElectronContinuityEquation"	RelError: 5.23796e+00	AbsError: 2.56652e+15
      Equation: "HoleContinuityEquation"	RelError: 9.99000e+02	AbsError: 3.74192e+11
      Equation: "PotentialEquation"	RelError: 1.51829e-01	AbsError: 2.58889e-02
    Region: "gate"	RelError: 1.61478e-06	AbsError: 7.96504e+13
      Equation: "ElectronContinuityEquation"	RelError: 7.97989e-07	AbsError: 7.96504e+13
      Equation: "HoleContinuityEquation"	RelError: 7.97942e-07	AbsError: 7.99429e-07
      Equation: "PotentialEquation"	RelError: 1.88472e-08	AbsError: 2.06571e-08
    Region: "oxide"	RelError: 3.79046e-02	AbsError: 2.55460e-02
      Equation: "PotentialEquation"	RelError: 3.79046e-02	AbsError: 2.55460e-02
Iteration: 3
  Device: "mos2d"	RelError: 1.77291e+00	AbsError: 4.11456e+15
    Region: "bulk"	RelError: 1.76015e+00	AbsError: 4.11456e+15
      Equation: "ElectronContinuityEquation"	RelError: 5.63553e-01	AbsError: 4.11421e+15
      Equation: "HoleContinuityEquation"	RelError: 9.98566e-01	AbsError: 3.43770e+11
      Equation: "PotentialEquation"	RelError: 1.98032e-01	AbsError: 9.16543e-03
    Region: "gate"	RelError: 3.25037e-07	AbsError: 1.60323e+13
      Equation: "ElectronContinuityEquation"	RelError: 1.60622e-07	AbsError: 1.60323e+13
      Equation: "HoleContinuityEquation"	RelError: 1.60621e-07	AbsError: 1.60921e-07
      Equation: "PotentialEquation"	RelError: 3.79374e-09	AbsError: 4.15804e-09
    Region: "oxide"	RelError: 1.27559e-02	AbsError: 9.16533e-03
      Equation: "PotentialEquation"	RelError: 1.27559e-02	AbsError: 9.16533e-03
Iteration: 4
  Device: "mos2d"	RelError: 5.65221e-01	AbsError: 4.17370e+15
    Region: "bulk"	RelError: 5.65027e-01	AbsError: 4.17370e+15
      Equation: "ElectronContinuityEquation"	RelError: 1.93185e-02	AbsError: 4.17325e+15
      Equation: "HoleContinuityEquation"	RelError: 3.36130e-01	AbsError: 4.44405e+11
      Equation: "PotentialEquation"	RelError: 2.09579e-01	AbsError: 4.85851e-04
    Region: "gate"	RelError: 4.79417e-07	AbsError: 2.36470e+13
      Equation: "ElectronContinuityEquation"	RelError: 2.36911e-07	AbsError: 2.36470e+13
      Equation: "HoleContinuityEquation"	RelError: 2.36911e-07	AbsError: 2.37352e-07
      Equation: "PotentialEquation"	RelError: 5.59562e-09	AbsError: 6.13295e-09
    Region: "oxide"	RelError: 1.92767e-04	AbsError: 1.10054e-04
      Equation: "PotentialEquation"	RelError: 1.92767e-04	AbsError: 1.10054e-04
Iteration: 5
  Device: "mos2d"	RelError: 8.11241e-04	AbsError: 3.96117e+12
    Region: "bulk"	RelError: 8.11207e-04	AbsError: 3.96117e+12
      Equation: "ElectronContinuityEquation"	RelError: 3.66488e-05	AbsError: 3.96066e+12
      Equation: "HoleContinuityEquation"	RelError: 6.58063e-04	AbsError: 5.02999e+08
      Equation: "PotentialEquation"	RelError: 1.16495e-04	AbsError: 4.10117e-07
    Region: "gate"	RelError: 6.11753e-11	AbsError: 3.01464e+09
      Equation: "ElectronContinuityEquation"	RelError: 3.02026e-11	AbsError: 3.01464e+09
      Equation: "HoleContinuityEquation"	RelError: 3.02587e-11	AbsError: 3.03151e-11
      Equation: "PotentialEquation"	RelError: 7.13935e-13	AbsError: 7.82492e-13
    Region: "oxide"	RelError: 3.37511e-08	AbsError: 1.72375e-08
      Equation: "PotentialEquation"	RelError: 3.37511e-08	AbsError: 1.72375e-08
Iteration: 6
  Device: "mos2d"	RelError: 2.07136e-09	AbsError: 2.25599e+06
    Region: "bulk"	RelError: 2.07130e-09	AbsError: 2.25599e+06
      Equation: "ElectronContinuityEquation"	RelError: 6.33830e-11	AbsError: 2.15545e+06
      Equation: "HoleContinuityEquation"	RelError: 1.78798e-09	AbsError: 1.00546e+05
      Equation: "PotentialEquation"	RelError: 2.19938e-10	AbsError: 3.33071e-13
    Region: "gate"	RelError: 4.28198e-16	AbsError: 1.08588e+04
      Equation: "ElectronContinuityEquation"	RelError: 1.08762e-16	AbsError: 1.08588e+04
      Equation: "HoleContinuityEquation"	RelError: 2.18145e-16	AbsError: 2.18494e-16
      Equation: "PotentialEquation"	RelError: 1.01291e-16	AbsError: 1.11022e-16
    Region: "oxide"	RelError: 5.86218e-14	AbsError: 3.12779e-14
      Equation: "PotentialEquation"	RelError: 5.86218e-14	AbsError: 3.12779e-14
Iteration: 7
  Device: "mos2d"	RelError: 1.71328e-13	AbsError: 6.32244e+04
    Region: "bulk"	RelError: 1.60092e-13	AbsError: 6.32244e+04
      Equation: "ElectronContinuityEquation"	RelError: 3.15888e-14	AbsError: 6.28318e+04
      Equation: "HoleContinuityEquation"	RelError: 5.88183e-14	AbsError: 3.92551e+02
      Equation: "PotentialEquation"	RelError: 6.96849e-14	AbsError: 8.65810e-16
    Region: "gate"	RelError: 2.91227e-16	AbsError: 8.09307e+03
      Equation: "ElectronContinuityEquation"	RelError: 8.09307e-17	AbsError: 8.09307e+03
      Equation: "HoleContinuityEquation"	RelError: 1.09005e-16	AbsError: 1.09180e-16
      Equation: "PotentialEquation"	RelError: 1.01291e-16	AbsError: 1.11022e-16
    Region: "oxide"	RelError: 1.09452e-14	AbsError: 7.86433e-15
      Equation: "PotentialEquation"	RelError: 1.09452e-14	AbsError: 7.86433e-15
Succeeded
body	0.0	-4.00126967019e-15	-7.53674589343e-14	-7.93687286045e-14
drain	0.2	0.940271741723	7.82936306132e-17	0.940271741723
gate	0.5	6.72926368722e-12	3.36463184361e-32	6.72926368722e-12
source	0.0	-0.940271741723	-4.31720108524e-18	-0.940271741723
last end 2.000000e-01 5.000000e-01
Region "bulk" on device "mos2d" has equations 0:6746
Region "gate" on device "mos2d" has equations 6747:6863
Region "oxide" on device "mos2d" has equations 6864:7529
Device "mos2d" has equations 0:7529
number of equations 7530
Iteration: 0
  Device: "mos2d"	RelError: 2.01372e+03	AbsError: 2.09955e+17
    Region: "bulk"	RelError: 2.01366e+03	AbsError: 2.09955e+17
      Equation: "ElectronContinuityEquation"	RelError: 9.99000e+02	AbsError: 2.09613e+17
      Equation: "HoleContinuityEquation"	RelError: 9.99000e+02	AbsError: 3.42747e+14
      Equation: "PotentialEquation"	RelError: 1.56592e+01	AbsError: 4.09544e-02
    Region: "gate"	RelError: 3.39047e-04	AbsError: 1.67233e+16
      Equation: "ElectronContinuityEquation"	RelError: 1.67517e-04	AbsError: 1.67233e+16
      Equation: "HoleContinuityEquation"	RelError: 1.67573e-04	AbsError: 1.67857e-04
      Equation: "PotentialEquation"	RelError: 3.95725e-06	AbsError: 4.33727e-06
    Region: "oxide"	RelError: 5.67080e-02	AbsError: 4.09542e-02
      Equation: "PotentialEquation"	RelError: 5.67080e-02	AbsError: 4.09542e-02
Iteration: 1
  Device: "mos2d"	RelError: 2.00305e+03	AbsError: 1.77673e+16
    Region: "bulk"	RelError: 2.00301e+03	AbsError: 1.77673e+16
      Equation: "ElectronContinuityEquation"	RelError: 9.99000e+02	AbsError: 1.77495e+16
      Equation: "HoleContinuityEquation"	RelError: 9.99000e+02	AbsError: 1.78449e+13
      Equation: "PotentialEquation"	RelError: 5.00999e+00	AbsError: 3.07632e-02
    Region: "gate"	RelError: 8.19337e-06	AbsError: 4.02800e+14
      Equation: "ElectronContinuityEquation"	RelError: 4.03485e-06	AbsError: 4.02800e+14
      Equation: "HoleContinuityEquation"	RelError: 4.06289e-06	AbsError: 4.06980e-06
      Equation: "PotentialEquation"	RelError: 9.56304e-08	AbsError: 1.04814e-07
    Region: "oxide"	RelError: 4.15206e-02	AbsError: 3.07632e-02
      Equation: "PotentialEquation"	RelError: 4.15206e-02	AbsError: 3.07632e-02
Iteration: 2
  Device: "mos2d"	RelError: 1.00285e+03	AbsError: 1.88200e+15
    Region: "bulk"	RelError: 1.00281e+03	AbsError: 1.88200e+15
      Equation: "ElectronContinuityEquation"	RelError: 3.77295e+00	AbsError: 1.88187e+15
      Equation: "HoleContinuityEquation"	RelError: 9.99000e+02	AbsError: 1.35201e+11
      Equation: "PotentialEquation"	RelError: 4.05616e-02	AbsError: 2.58537e-02
    Region: "gate"	RelError: 1.06568e-06	AbsError: 5.25732e+13
      Equation: "ElectronContinuityEquation"	RelError: 5.26626e-07	AbsError: 5.25732e+13
      Equation: "HoleContinuityEquation"	RelError: 5.26611e-07	AbsError: 5.27506e-07
      Equation: "PotentialEquation"	RelError: 1.24382e-08	AbsError: 1.36327e-08
    Region: "oxide"	RelError: 3.30397e-02	AbsError: 2.57087e-02
      Equation: "PotentialEquation"	RelError: 3.30397e-02	AbsError: 2.57087e-02
Iteration: 3
  Device: "mos2d"	RelError: 1.59291e+00	AbsError: 3.89513e+15
    Region: "bulk"	RelError: 1.58171e+00	AbsError: 3.89513e+15
      Equation: "ElectronContinuityEquation"	RelError: 5.59522e-01	AbsError: 3.89476e+15
      Equation: "HoleContinuityEquation"	RelError: 1.00000e+00	AbsError: 3.70741e+11
      Equation: "PotentialEquation"	RelError: 2.21882e-02	AbsError: 9.16538e-03
    Region: "gate"	RelError: 2.52417e-07	AbsError: 1.24524e+13
      Equation: "ElectronContinuityEquation"	RelError: 1.24735e-07	AbsError: 1.24524e+13
      Equation: "HoleContinuityEquation"	RelError: 1.24735e-07	AbsError: 1.24947e-07
      Equation: "PotentialEquation"	RelError: 2.94613e-09	AbsError: 3.22905e-09
    Region: "oxide"	RelError: 1.11975e-02	AbsError: 9.16533e-03
      Equation: "PotentialEquation"	RelError: 1.11975e-02	AbsError: 9.16533e-03
Iteration: 4
  Device: "mos2d"	RelError: 1.76321e-01	AbsError: 4.14168e+15
    Region: "bulk"	RelError: 1.76172e-01	AbsError: 4.14168e+15
      Equation: "ElectronContinuityEquation"	RelError: 2.03970e-02	AbsError: 4.14121e+15
      Equation: "HoleContinuityEquation"	RelError: 1.25355e-01	AbsError: 4.67946e+11
      Equation: "PotentialEquation"	RelError: 3.04198e-02	AbsError: 4.41118e-04
    Region: "gate"	RelError: 4.24613e-07	AbsError: 2.09472e+13
      Equation: "ElectronContinuityEquation"	RelError: 2.09828e-07	AbsError: 2.09472e+13
      Equation: "HoleContinuityEquation"	RelError: 2.09828e-07	AbsError: 2.10185e-07
      Equation: "PotentialEquation"	RelError: 4.95595e-09	AbsError: 5.43187e-09
    Region: "oxide"	RelError: 1.48895e-04	AbsError: 9.56435e-05
      Equation: "PotentialEquation"	RelError: 1.48895e-04	AbsError: 9.56435e-05
Iteration: 5
  Device: "mos2d"	RelError: 9.70324e-05	AbsError: 3.90339e+12
    Region: "bulk"	RelError: 9.70086e-05	AbsError: 3.90339e+12
      Equation: "ElectronContinuityEquation"	RelError: 2.60279e-05	AbsError: 3.90329e+12
      Equation: "HoleContinuityEquation"	RelError: 6.61233e-05	AbsError: 1.00073e+08
      Equation: "PotentialEquation"	RelError: 4.85736e-06	AbsError: 1.43423e-07
    Region: "gate"	RelError: 4.84365e-11	AbsError: 2.39169e+09
      Equation: "ElectronContinuityEquation"	RelError: 2.39576e-11	AbsError: 2.39169e+09
      Equation: "HoleContinuityEquation"	RelError: 2.39136e-11	AbsError: 2.39543e-11
      Equation: "PotentialEquation"	RelError: 5.65249e-13	AbsError: 6.19530e-13
    Region: "oxide"	RelError: 2.37916e-08	AbsError: 1.64287e-08
      Equation: "PotentialEquation"	RelError: 2.37916e-08	AbsError: 1.64287e-08
Iteration: 6
  Device: "mos2d"	RelError: 1.41740e-10	AbsError: 1.27222e+06
    Region: "bulk"	RelError: 1.41729e-10	AbsError: 1.27222e+06
      Equation: "ElectronContinuityEquation"	RelError: 1.23260e-11	AbsError: 1.26002e+06
      Equation: "HoleContinuityEquation"	RelError: 1.25060e-10	AbsError: 1.22013e+04
      Equation: "PotentialEquation"	RelError: 4.34288e-12	AbsError: 1.53100e-13
    Region: "gate"	RelError: 3.81730e-16	AbsError: 8.05154e+03
      Equation: "ElectronContinuityEquation"	RelError: 8.05154e-17	AbsError: 8.05154e+03
      Equation: "HoleContinuityEquation"	RelError: 1.99924e-16	AbsError: 2.00215e-16
      Equation: "PotentialEquation"	RelError: 1.01291e-16	AbsError: 1.11022e-16
    Region: "oxide"	RelError: 1.12922e-14	AbsError: 9.24291e-15
      Equation: "PotentialEquation"	RelError: 1.12922e-14	AbsError: 9.24291e-15
Iteration: 7
  Device: "mos2d"	RelError: 2.07046e-13	AbsError: 6.83953e+04
    Region: "bulk"	RelError: 1.95467e-13	AbsError: 6.83953e+04
      Equation: "ElectronContinuityEquation"	RelError: 3.82868e-14	AbsError: 6.78762e+04
      Equation: "HoleContinuityEquation"	RelError: 9.65152e-14	AbsError: 5.19030e+02
      Equation: "PotentialEquation"	RelError: 6.06650e-14	AbsError: 9.51230e-16
    Region: "gate"	RelError: 2.86896e-16	AbsError: 8.05154e+03
      Equation: "ElectronContinuityEquation"	RelError: 8.05154e-17	AbsError: 8.05154e+03
      Equation: "HoleContinuityEquation"	RelError: 1.05089e-16	AbsError: 1.05089e-16
      Equation: "PotentialEquation"	RelError: 1.01291e-16	AbsError: 1.11022e-16
    Region: "oxide"	RelError: 1.12922e-14	AbsError: 9.24291e-15
      Equation: "PotentialEquation"	RelError: 1.12922e-14	AbsError: 9.24291e-15
Succeeded
body	0.0	-4.30970114285e-15	-8.76952192548e-14	-9.20049203977e-14
drain	0.3	1.53640065317	8.07422822367e-17	1.53640065317
gate	0.5	4.82081993926e-12	2.41040996963e-32	4.82081993926e-12
source	0.0	-1.53640065317	-7.2772657608e-18	-1.53640065317
last end 3.000000e-01 5.000000e-01
Region "bulk" on device "mos2d" has equations 0:6746
Region "gate" on device "mos2d" has equations 6747:6863
Region "oxide" on device "mos2d" has equations 6864:7529
Device "mos2d" has equations 0:7529
number of equations 7530
Iteration: 0
  Device: "mos2d"	RelError: 2.02490e+03	AbsError: 2.21190e+17
    Region: "bulk"	RelError: 2.02485e+03	AbsError: 2.21190e+17
      Equation: "ElectronContinuityEquation"	RelError: 9.99000e+02	AbsError: 2.20819e+17
      Equation: "HoleContinuityEquation"	RelError: 9.99000e+02	AbsError: 3.71405e+14
      Equation: "PotentialEquation"	RelError: 2.68522e+01	AbsError: 4.09544e-02
    Region: "gate"	RelError: 3.25644e-04	AbsError: 1.60649e+16
      Equation: "ElectronContinuityEquation"	RelError: 1.60896e-04	AbsError: 1.60649e+16
      Equation: "HoleContinuityEquation"	RelError: 1.60948e-04	AbsError: 1.61195e-04
      Equation: "PotentialEquation"	RelError: 3.80080e-06	AbsError: 4.16581e-06
    Region: "oxide"	RelError: 4.96077e-02	AbsError: 4.09542e-02
      Equation: "PotentialEquation"	RelError: 4.96077e-02	AbsError: 4.09542e-02
Iteration: 1
  Device: "mos2d"	RelError: 2.00009e+03	AbsError: 1.69274e+16
    Region: "bulk"	RelError: 2.00005e+03	AbsError: 1.69274e+16
      Equation: "ElectronContinuityEquation"	RelError: 9.99000e+02	AbsError: 1.69104e+16
      Equation: "HoleContinuityEquation"	RelError: 9.99000e+02	AbsError: 1.69667e+13
      Equation: "PotentialEquation"	RelError: 2.05337e+00	AbsError: 3.07636e-02
    Region: "gate"	RelError: 4.76332e-06	AbsError: 2.33732e+14
      Equation: "ElectronContinuityEquation"	RelError: 2.34092e-06	AbsError: 2.33732e+14
      Equation: "HoleContinuityEquation"	RelError: 2.36681e-06	AbsError: 2.37046e-06
      Equation: "PotentialEquation"	RelError: 5.55958e-08	AbsError: 6.09349e-08
    Region: "oxide"	RelError: 3.82449e-02	AbsError: 3.07632e-02
      Equation: "PotentialEquation"	RelError: 3.82449e-02	AbsError: 3.07632e-02
Iteration: 2
  Device: "mos2d"	RelError: 1.14825e+03	AbsError: 1.61628e+15
    Region: "bulk"	RelError: 1.14822e+03	AbsError: 1.61628e+15
      Equation: "ElectronContinuityEquation"	RelError: 3.20288e+00	AbsError: 1.61623e+15
      Equation: "HoleContinuityEquation"	RelError: 1.14499e+03	AbsError: 4.81671e+10
      Equation: "PotentialEquation"	RelError: 3.50477e-02	AbsError: 2.58564e-02
    Region: "gate"	RelError: 5.18363e-07	AbsError: 2.55765e+13
      Equation: "ElectronContinuityEquation"	RelError: 2.56159e-07	AbsError: 2.55765e+13
      Equation: "HoleContinuityEquation"	RelError: 2.56154e-07	AbsError: 2.56548e-07
      Equation: "PotentialEquation"	RelError: 6.05014e-09	AbsError: 6.63117e-09
    Region: "oxide"	RelError: 2.90065e-02	AbsError: 2.53147e-02
      Equation: "PotentialEquation"	RelError: 2.90065e-02	AbsError: 2.53147e-02
Iteration: 3
  Device: "mos2d"	RelError: 1.55387e+00	AbsError: 3.43607e+15
    Region: "bulk"	RelError: 1.54390e+00	AbsError: 3.43607e+15
      Equation: "ElectronContinuityEquation"	RelError: 5.17209e-01	AbsError: 3.43570e+15
      Equation: "HoleContinuityEquation"	RelError: 9.97278e-01	AbsError: 3.69281e+11
      Equation: "PotentialEquation"	RelError: 2.94092e-02	AbsError: 9.16641e-03
    Region: "gate"	RelError: 2.70260e-07	AbsError: 1.33347e+13
      Equation: "ElectronContinuityEquation"	RelError: 1.33553e-07	AbsError: 1.33347e+13
      Equation: "HoleContinuityEquation"	RelError: 1.33553e-07	AbsError: 1.33759e-07
      Equation: "PotentialEquation"	RelError: 3.15438e-09	AbsError: 3.45731e-09
    Region: "oxide"	RelError: 9.97838e-03	AbsError: 9.16533e-03
      Equation: "PotentialEquation"	RelError: 9.97838e-03	AbsError: 9.16533e-03
Iteration: 4
  Device: "mos2d"	RelError: 6.71089e-02	AbsError: 3.94091e+15
    Region: "bulk"	RelError: 6.69828e-02	AbsError: 3.94091e+15
      Equation: "ElectronContinuityEquation"	RelError: 2.30962e-02	AbsError: 3.94044e+15
      Equation: "HoleContinuityEquation"	RelError: 6.65977e-03	AbsError: 4.63071e+11
      Equation: "PotentialEquation"	RelError: 3.72268e-02	AbsError: 3.84674e-04
    Region: "gate"	RelError: 3.96899e-07	AbsError: 1.95831e+13
      Equation: "ElectronContinuityEquation"	RelError: 1.96133e-07	AbsError: 1.95831e+13
      Equation: "HoleContinuityEquation"	RelError: 1.96133e-07	AbsError: 1.96435e-07
      Equation: "PotentialEquation"	RelError: 4.63246e-09	AbsError: 5.07733e-09
    Region: "oxide"	RelError: 1.25772e-04	AbsError: 8.92698e-05
      Equation: "PotentialEquation"	RelError: 1.25772e-04	AbsError: 8.92698e-05
Iteration: 5
  Device: "mos2d"	RelError: 1.02496e-04	AbsError: 3.59871e+12
    Region: "bulk"	RelError: 1.02459e-04	AbsError: 3.59871e+12
      Equation: "ElectronContinuityEquation"	RelError: 1.73536e-05	AbsError: 3.59854e+12
      Equation: "HoleContinuityEquation"	RelError: 7.75319e-05	AbsError: 1.71802e+08
      Equation: "PotentialEquation"	RelError: 7.57390e-06	AbsError: 1.50490e-07
    Region: "gate"	RelError: 1.09979e-10	AbsError: 5.42833e+09
      Equation: "ElectronContinuityEquation"	RelError: 5.43670e-11	AbsError: 5.42833e+09
      Equation: "HoleContinuityEquation"	RelError: 5.43286e-11	AbsError: 5.44124e-11
      Equation: "PotentialEquation"	RelError: 1.28367e-12	AbsError: 1.40694e-12
    Region: "oxide"	RelError: 3.62292e-08	AbsError: 2.54854e-08
      Equation: "PotentialEquation"	RelError: 3.62292e-08	AbsError: 2.54854e-08
Iteration: 6
  Device: "mos2d"	RelError: 3.51460e-11	AbsError: 1.82411e+06
    Region: "bulk"	RelError: 3.51338e-11	AbsError: 1.82411e+06
      Equation: "ElectronContinuityEquation"	RelError: 7.57713e-12	AbsError: 1.69200e+06
      Equation: "HoleContinuityEquation"	RelError: 2.03588e-11	AbsError: 1.32109e+05
      Equation: "PotentialEquation"	RelError: 7.19784e-12	AbsError: 4.13447e-13
    Region: "gate"	RelError: 3.32532e-16	AbsError: 7.80932e+03
      Equation: "ElectronContinuityEquation"	RelError: 7.80932e-17	AbsError: 7.80932e+03
      Equation: "HoleContinuityEquation"	RelError: 1.53107e-16	AbsError: 1.53304e-16
      Equation: "PotentialEquation"	RelError: 1.01332e-16	AbsError: 1.11068e-16
    Region: "oxide"	RelError: 1.18731e-14	AbsError: 1.09057e-14
      Equation: "PotentialEquation"	RelError: 1.18731e-14	AbsError: 1.09057e-14
Succeeded
body	0.0	-4.55852174298e-15	-9.59515734321e-14	-1.00510095175e-13
drain	0.4	2.23093349675	8.34237294201e-17	2.23093349675
gate	0.5	2.66029592238e-12	1.33014796119e-32	2.66029592238e-12
source	0.0	-2.23093349675	-1.06655629385e-17	-2.23093349675
last end 4.000000e-01 5.000000e-01
setting to last bias 5.000000e-01
setting next bias 5.000000e-01
Region "bulk" on device "mos2d" has equations 0:6746
Region "gate" on device "mos2d" has equations 6747:6863
Region "oxide" on device "mos2d" has equations 6864:7529
Device "mos2d" has equations 0:7529
number of equations 7530
Iteration: 0
  Device: "mos2d"	RelError: 3.78928e+03	AbsError: 2.20906e+17
    Region: "bulk"	RelError: 3.78923e+03	AbsError: 2.20906e+17
      Equation: "ElectronContinuityEquation"	RelError: 9.99000e+02	AbsError: 2.20509e+17
      Equation: "HoleContinuityEquation"	RelError: 2.60893e+03	AbsError: 3.97093e+14
      Equation: "PotentialEquation"	RelError: 1.81309e+02	AbsError: 4.09543e-02
    Region: "gate"	RelError: 3.17517e-04	AbsError: 1.56664e+16
      Equation: "ElectronContinuityEquation"	RelError: 1.56881e-04	AbsError: 1.56664e+16
      Equation: "HoleContinuityEquation"	RelError: 1.56930e-04	AbsError: 1.57148e-04
      Equation: "PotentialEquation"	RelError: 3.70593e-06	AbsError: 4.06185e-06
    Region: "oxide"	RelError: 4.52229e-02	AbsError: 4.09542e-02
      Equation: "PotentialEquation"	RelError: 4.52229e-02	AbsError: 4.09542e-02
Iteration: 1
  Device: "mos2d"	RelError: 2.00016e+03	AbsError: 1.50869e+16
    Region: "bulk"	RelError: 2.00012e+03	AbsError: 1.50869e+16
      Equation: "ElectronContinuityEquation"	RelError: 9.99000e+02	AbsError: 1.50709e+16
      Equation: "HoleContinuityEquation"	RelError: 9.99000e+02	AbsError: 1.59268e+13
      Equation: "PotentialEquation"	RelError: 2.12370e+00	AbsError: 3.07633e-02
    Region: "gate"	RelError: 2.97803e-06	AbsError: 1.45731e+14
      Equation: "ElectronContinuityEquation"	RelError: 1.45933e-06	AbsError: 1.45731e+14
      Equation: "HoleContinuityEquation"	RelError: 1.48394e-06	AbsError: 1.48600e-06
      Equation: "PotentialEquation"	RelError: 3.47583e-08	AbsError: 3.80965e-08
    Region: "oxide"	RelError: 3.45973e-02	AbsError: 3.07632e-02
      Equation: "PotentialEquation"	RelError: 3.45973e-02	AbsError: 3.07632e-02
Iteration: 2
  Device: "mos2d"	RelError: 7.62380e+00	AbsError: 1.24195e+15
    Region: "bulk"	RelError: 7.59798e+00	AbsError: 1.24195e+15
      Equation: "ElectronContinuityEquation"	RelError: 1.66832e+00	AbsError: 1.24190e+15
      Equation: "HoleContinuityEquation"	RelError: 5.89880e+00	AbsError: 4.22533e+10
      Equation: "PotentialEquation"	RelError: 3.08535e-02	AbsError: 2.58980e-02
    Region: "gate"	RelError: 2.34873e-07	AbsError: 1.15906e+13
      Equation: "ElectronContinuityEquation"	RelError: 1.16067e-07	AbsError: 1.15906e+13
      Equation: "HoleContinuityEquation"	RelError: 1.16065e-07	AbsError: 1.16225e-07
      Equation: "PotentialEquation"	RelError: 2.74134e-09	AbsError: 3.00461e-09
    Region: "oxide"	RelError: 2.58223e-02	AbsError: 2.49615e-02
      Equation: "PotentialEquation"	RelError: 2.58223e-02	AbsError: 2.49615e-02
Iteration: 3
  Device: "mos2d"	RelError: 1.01137e+00	AbsError: 2.88171e+15
    Region: "bulk"	RelError: 1.00237e+00	AbsError: 2.88171e+15
      Equation: "ElectronContinuityEquation"	RelError: 3.53476e-01	AbsError: 2.88138e+15
      Equation: "HoleContinuityEquation"	RelError: 6.38688e-01	AbsError: 3.32076e+11
      Equation: "PotentialEquation"	RelError: 1.02056e-02	AbsError: 9.16543e-03
    Region: "gate"	RelError: 2.27282e-07	AbsError: 1.12159e+13
      Equation: "ElectronContinuityEquation"	RelError: 1.12315e-07	AbsError: 1.12159e+13
      Equation: "HoleContinuityEquation"	RelError: 1.12315e-07	AbsError: 1.12470e-07
      Equation: "PotentialEquation"	RelError: 2.65275e-09	AbsError: 2.90751e-09
    Region: "oxide"	RelError: 8.99869e-03	AbsError: 9.16533e-03
      Equation: "PotentialEquation"	RelError: 8.99869e-03	AbsError: 9.16533e-03
Iteration: 4
  Device: "mos2d"	RelError: 5.26592e-02	AbsError: 3.51655e+15
    Region: "bulk"	RelError: 5.25645e-02	AbsError: 3.51655e+15
      Equation: "ElectronContinuityEquation"	RelError: 2.56739e-02	AbsError: 3.51612e+15
      Equation: "HoleContinuityEquation"	RelError: 1.28992e-02	AbsError: 4.23134e+11
      Equation: "PotentialEquation"	RelError: 1.39914e-02	AbsError: 3.20025e-04
    Region: "gate"	RelError: 3.26668e-07	AbsError: 1.61204e+13
      Equation: "ElectronContinuityEquation"	RelError: 1.61428e-07	AbsError: 1.61204e+13
      Equation: "HoleContinuityEquation"	RelError: 1.61428e-07	AbsError: 1.61651e-07
      Equation: "PotentialEquation"	RelError: 3.81274e-09	AbsError: 4.17891e-09
    Region: "oxide"	RelError: 9.43943e-05	AbsError: 7.29718e-05
      Equation: "PotentialEquation"	RelError: 9.43943e-05	AbsError: 7.29718e-05
Iteration: 5
  Device: "mos2d"	RelError: 2.16510e-04	AbsError: 3.04855e+12
    Region: "bulk"	RelError: 2.16473e-04	AbsError: 3.04855e+12
      Equation: "ElectronContinuityEquation"	RelError: 1.84410e-05	AbsError: 3.04817e+12
      Equation: "HoleContinuityEquation"	RelError: 1.93294e-04	AbsError: 3.82402e+08
      Equation: "PotentialEquation"	RelError: 4.73820e-06	AbsError: 2.16232e-07
    Region: "gate"	RelError: 1.18181e-10	AbsError: 5.83332e+09
      Equation: "ElectronContinuityEquation"	RelError: 5.84141e-11	AbsError: 5.83332e+09
      Equation: "HoleContinuityEquation"	RelError: 5.83880e-11	AbsError: 5.84689e-11
      Equation: "PotentialEquation"	RelError: 1.37933e-12	AbsError: 1.51180e-12
    Region: "oxide"	RelError: 3.61360e-08	AbsError: 2.61588e-08
      Equation: "PotentialEquation"	RelError: 3.61360e-08	AbsError: 2.61588e-08
Iteration: 6
  Device: "mos2d"	RelError: 5.21093e-11	AbsError: 2.69506e+06
    Region: "bulk"	RelError: 5.20953e-11	AbsError: 2.69506e+06
      Equation: "ElectronContinuityEquation"	RelError: 1.52904e-11	AbsError: 2.61636e+06
      Equation: "HoleContinuityEquation"	RelError: 2.83818e-11	AbsError: 7.86931e+04
      Equation: "PotentialEquation"	RelError: 8.42304e-12	AbsError: 2.52686e-13
    Region: "gate"	RelError: 3.26621e-16	AbsError: 8.03633e+03
      Equation: "ElectronContinuityEquation"	RelError: 8.03633e-17	AbsError: 8.03633e+03
      Equation: "HoleContinuityEquation"	RelError: 1.44930e-16	AbsError: 1.45064e-16
      Equation: "PotentialEquation"	RelError: 1.01327e-16	AbsError: 1.11062e-16
    Region: "oxide"	RelError: 1.37214e-14	AbsError: 1.26051e-14
      Equation: "PotentialEquation"	RelError: 1.37214e-14	AbsError: 1.26051e-14
Succeeded
body	0.0	-4.7661863417e-15	-9.25037165086e-14	-9.72699028503e-14
drain	0.5	3.02291249063	8.63679944984e-17	3.02291249063
gate	0.5	4.82081993926e-12	2.41040996963e-32	4.82081993926e-12
source	0.0	-3.02291249063	-1.43973469823e-17	-3.02291249063
