Searching DEVSIM_MATH_LIBS="libopenblas.so:liblapack.so:libblas.so"
Loading "libopenblas.so": ALL BLAS/LAPACK LOADED
Skipping liblapack.so
Skipping libblas.so
loading UMFPACK 5.1 as direct solver
mid
bot
 (region: MyRegion)
 (contact: top)
 (contact: bot)
NetDoping
-1.00000e+18
-1.00000e+18
-1.00000e+18
-1.00000e+18
-1.00000e+18
-1.00000e+18
-1.00000e+18
-1.00000e+18
-1.00000e+18
-1.00000e+18
-1.00000e+18
-1.00000e+18
-1.00000e+18
-1.00000e+18
-1.00000e+18
-1.00000e+18
-1.00000e+18
-1.00000e+18
-1.00000e+18
-1.00000e+18
-1.00000e+18
-1.00000e+18
-1.00000e+18
-1.00000e+18
-1.00000e+18
-1.00000e+18
-1.00000e+18
-1.00000e+18
-1.00000e+18
-1.00000e+18
-1.00000e+18
-1.00000e+18
-1.00000e+18
-1.00000e+18
-1.00000e+18
-1.00000e+18
-1.00000e+18
-1.00000e+18
-1.00000e+18
-1.00000e+18
-1.00000e+18
-1.00000e+18
-1.00000e+18
-1.00000e+18
-1.00000e+18
-1.00000e+18
-1.00000e+18
-1.00000e+18
-1.00000e+18
-1.00000e+18
-1.00000e+18
-1.00000e+18
-1.00000e+18
-1.00000e+18
-1.00000e+18
-1.00000e+18
-1.00000e+18
-1.00000e+18
-1.00000e+18
-1.00000e+18
-1.00000e+18
-1.00000e+18
-1.00000e+18
-1.00000e+18
-1.00000e+18
-1.00000e+18
-1.00000e+18
-1.00000e+18
-1.00000e+18
-1.00000e+18
-1.00000e+18
-1.00000e+18
-1.00000e+18
-1.00000e+18
-1.00000e+18
-1.00000e+18
-1.00000e+18
-1.00000e+18
-1.00000e+18
-1.00000e+18
-1.00000e+18
-1.00000e+18
-1.00000e+18
-1.00000e+18
-1.00000e+18
-1.00000e+18
-1.00000e+18
-1.00000e+18
-1.00000e+18
-1.00000e+18
-1.00000e+18
-1.00000e+18
-1.00000e+18
-1.00000e+18
-1.00000e+18
-1.00000e+18
-1.00000e+18
-1.00000e+18
-1.00000e+18
-1.00000e+18
-1.00000e+18
-1.00000e+18
-1.00000e+18
-1.00000e+18
-1.00000e+18
-1.00000e+18
-1.00000e+18
-1.00000e+18
-1.00000e+18
-1.00000e+18
-1.00000e+18
-1.00000e+18
-1.00000e+18
-1.00000e+18
-1.00000e+18
-1.00000e+18
-1.00000e+18
-1.00000e+18
-1.00000e+18
-1.00000e+18
-1.00000e+18
-1.00000e+18
-1.00000e+18
-1.00000e+18
-1.00000e+18
-1.00000e+18
-1.00000e+18
-1.00000e+18
-1.00000e+18
-1.00000e+18
-1.00000e+18
-1.00000e+18
-1.00000e+18
-1.00000e+18
-1.00000e+18
-1.00000e+18
-1.00000e+18
-1.00000e+18
-1.00000e+18
-1.00000e+18
-1.00000e+18
-1.00000e+18
-1.00000e+18
-1.00000e+18
-1.00000e+18
-1.00000e+18
-1.00000e+18
-1.00000e+18
-1.00000e+18
-1.00000e+18
-1.00000e+18
-1.00000e+18
-1.00000e+18
-1.00000e+18
-1.00000e+18
-1.00000e+18
-1.00000e+18
-1.00000e+18
-1.00000e+18
-1.00000e+18
-1.00000e+18
-1.00000e+18
-1.00000e+18
-1.00000e+18
-1.00000e+18
-1.00000e+18
-1.00000e+18
-1.00000e+18
-1.00000e+18
-1.00000e+18
-1.00000e+18
-1.00000e+18
-1.00000e+18
-1.00000e+18
-1.00000e+18
-1.00000e+18
-1.00000e+18
-1.00000e+18
-1.00000e+18
-1.00000e+18
-1.00000e+18
-1.00000e+18
-1.00000e+18
-1.00000e+18
-1.00000e+18
-1.00000e+18
-1.00000e+18
-1.00000e+18
-1.00000e+18
-1.00000e+18
-1.00000e+18
-1.00000e+18
-1.00000e+18
-1.00000e+18
-1.00000e+18
-1.00000e+18
-1.00000e+18
-1.00000e+18
-1.00000e+18
-1.00000e+18
-1.00000e+18
-1.00000e+18
-1.00000e+18
-1.00000e+18
-1.00000e+18
-1.00000e+18
-1.00000e+18
-1.00000e+18
-1.00000e+18
-1.00000e+18
-1.00000e+18
-1.00000e+18
-1.00000e+18
-1.00000e+18
-1.00000e+18
-1.00000e+18
-1.00000e+18
-1.00000e+18
-1.00000e+18
-1.00000e+18
-1.00000e+18
-1.00000e+18
-1.00000e+18
-1.00000e+18
-1.00000e+18
-1.00000e+18
-1.00000e+18
-1.00000e+18
-1.00000e+18
-1.00000e+18
-1.00000e+18
-1.00000e+18
0.00000e+00
1.00000e+18
1.00000e+18
1.00000e+18
1.00000e+18
1.00000e+18
1.00000e+18
1.00000e+18
1.00000e+18
1.00000e+18
1.00000e+18
1.00000e+18
1.00000e+18
1.00000e+18
1.00000e+18
1.00000e+18
1.00000e+18
1.00000e+18
1.00000e+18
1.00000e+18
1.00000e+18
1.00000e+18
1.00000e+18
1.00000e+18
1.00000e+18
1.00000e+18
1.00000e+18
1.00000e+18
1.00000e+18
1.00000e+18
1.00000e+18
1.00000e+18
1.00000e+18
1.00000e+18
1.00000e+18
1.00000e+18
1.00000e+18
1.00000e+18
1.00000e+18
1.00000e+18
1.00000e+18
1.00000e+18
1.00000e+18
1.00000e+18
1.00000e+18
1.00000e+18
1.00000e+18
1.00000e+18
1.00000e+18
1.00000e+18
1.00000e+18
1.00000e+18
1.00000e+18
1.00000e+18
1.00000e+18
1.00000e+18
1.00000e+18
1.00000e+18
1.00000e+18
1.00000e+18
1.00000e+18
1.00000e+18
1.00000e+18
1.00000e+18
1.00000e+18
1.00000e+18
1.00000e+18
1.00000e+18
1.00000e+18
1.00000e+18
1.00000e+18
1.00000e+18
1.00000e+18
1.00000e+18
1.00000e+18
1.00000e+18
1.00000e+18
1.00000e+18
1.00000e+18
1.00000e+18
1.00000e+18
1.00000e+18
1.00000e+18
1.00000e+18
1.00000e+18
1.00000e+18
1.00000e+18
1.00000e+18
1.00000e+18
1.00000e+18
1.00000e+18
1.00000e+18
1.00000e+18
1.00000e+18
1.00000e+18
1.00000e+18
1.00000e+18
1.00000e+18
1.00000e+18
1.00000e+18
1.00000e+18
1.00000e+18
1.00000e+18
1.00000e+18
1.00000e+18
1.00000e+18
1.00000e+18
1.00000e+18
1.00000e+18
1.00000e+18
1.00000e+18
1.00000e+18
1.00000e+18
1.00000e+18
1.00000e+18
1.00000e+18
1.00000e+18
1.00000e+18
1.00000e+18
1.00000e+18
1.00000e+18
1.00000e+18
1.00000e+18
1.00000e+18
1.00000e+18
1.00000e+18
1.00000e+18
1.00000e+18
1.00000e+18
1.00000e+18
1.00000e+18
1.00000e+18
1.00000e+18
1.00000e+18
1.00000e+18
1.00000e+18
1.00000e+18
1.00000e+18
1.00000e+18
1.00000e+18
1.00000e+18
1.00000e+18
1.00000e+18
1.00000e+18
1.00000e+18
1.00000e+18
1.00000e+18
1.00000e+18
1.00000e+18
1.00000e+18
1.00000e+18
1.00000e+18
1.00000e+18
1.00000e+18
1.00000e+18
1.00000e+18
1.00000e+18
1.00000e+18
1.00000e+18
1.00000e+18
1.00000e+18
1.00000e+18
1.00000e+18
1.00000e+18
1.00000e+18
1.00000e+18
1.00000e+18
1.00000e+18
1.00000e+18
1.00000e+18
1.00000e+18
1.00000e+18
1.00000e+18
1.00000e+18
1.00000e+18
1.00000e+18
1.00000e+18
1.00000e+18
1.00000e+18
1.00000e+18
1.00000e+18
1.00000e+18
1.00000e+18
1.00000e+18
1.00000e+18
1.00000e+18
1.00000e+18
1.00000e+18
1.00000e+18
1.00000e+18
1.00000e+18
1.00000e+18
1.00000e+18
1.00000e+18
1.00000e+18
1.00000e+18
1.00000e+18
1.00000e+18
1.00000e+18
1.00000e+18
1.00000e+18
1.00000e+18
1.00000e+18
1.00000e+18
1.00000e+18
1.00000e+18
1.00000e+18
1.00000e+18
1.00000e+18
1.00000e+18
1.00000e+18
1.00000e+18
1.00000e+18
1.00000e+18
1.00000e+18
1.00000e+18
1.00000e+18
1.00000e+18
1.00000e+18
1.00000e+18
1.00000e+18
1.00000e+18
1.00000e+18
1.00000e+18
1.00000e+18
1.00000e+18
1.00000e+18
1.00000e+18
1.00000e+18
1.00000e+18
1.00000e+18
1.00000e+18
1.00000e+18
number of equations 465
Iteration: 0
  Device: "MyDevice"	RelError: 1.00000e+00	AbsError: 8.88882e-02
    Region: "MyRegion"	RelError: 1.00000e+00	AbsError: 8.88882e-02
      Equation: "PotentialEquation"	RelError: 1.00000e+00	AbsError: 8.88882e-02
Iteration: 1
  Device: "MyDevice"	RelError: 4.91285e-01	AbsError: 8.58427e-02
    Region: "MyRegion"	RelError: 4.91285e-01	AbsError: 8.58427e-02
      Equation: "PotentialEquation"	RelError: 4.91285e-01	AbsError: 8.58427e-02
Iteration: 2
  Device: "MyDevice"	RelError: 3.20761e-01	AbsError: 8.25143e-02
    Region: "MyRegion"	RelError: 3.20761e-01	AbsError: 8.25143e-02
      Equation: "PotentialEquation"	RelError: 3.20761e-01	AbsError: 8.25143e-02
Iteration: 3
  Device: "MyDevice"	RelError: 2.34478e-01	AbsError: 7.87938e-02
    Region: "MyRegion"	RelError: 2.34478e-01	AbsError: 7.87938e-02
      Equation: "PotentialEquation"	RelError: 2.34478e-01	AbsError: 7.87938e-02
Iteration: 4
  Device: "MyDevice"	RelError: 1.94308e-01	AbsError: 7.35513e-02
    Region: "MyRegion"	RelError: 1.94308e-01	AbsError: 7.35513e-02
      Equation: "PotentialEquation"	RelError: 1.94308e-01	AbsError: 7.35513e-02
Iteration: 5
  Device: "MyDevice"	RelError: 2.20512e+00	AbsError: 5.56633e-02
    Region: "MyRegion"	RelError: 2.20512e+00	AbsError: 5.56633e-02
      Equation: "PotentialEquation"	RelError: 2.20512e+00	AbsError: 5.56633e-02
Iteration: 6
  Device: "MyDevice"	RelError: 4.42954e-01	AbsError: 3.95692e-02
    Region: "MyRegion"	RelError: 4.42954e-01	AbsError: 3.95692e-02
      Equation: "PotentialEquation"	RelError: 4.42954e-01	AbsError: 3.95692e-02
Iteration: 7
  Device: "MyDevice"	RelError: 6.44444e-02	AbsError: 2.91367e-02
    Region: "MyRegion"	RelError: 6.44444e-02	AbsError: 2.91367e-02
      Equation: "PotentialEquation"	RelError: 6.44444e-02	AbsError: 2.91367e-02
Iteration: 8
  Device: "MyDevice"	RelError: 5.18778e-02	AbsError: 2.47384e-02
    Region: "MyRegion"	RelError: 5.18778e-02	AbsError: 2.47384e-02
      Equation: "PotentialEquation"	RelError: 5.18778e-02	AbsError: 2.47384e-02
Iteration: 9
  Device: "MyDevice"	RelError: 8.86327e-04	AbsError: 4.22634e-04
    Region: "MyRegion"	RelError: 8.86327e-04	AbsError: 4.22634e-04
      Equation: "PotentialEquation"	RelError: 8.86327e-04	AbsError: 4.22634e-04
Iteration: 10
  Device: "MyDevice"	RelError: 4.57979e-06	AbsError: 9.93520e-07
    Region: "MyRegion"	RelError: 4.57979e-06	AbsError: 9.93520e-07
      Equation: "PotentialEquation"	RelError: 4.57979e-06	AbsError: 9.93520e-07
Iteration: 11
  Device: "MyDevice"	RelError: 9.66473e-11	AbsError: 7.81762e-12
    Region: "MyRegion"	RelError: 9.66473e-11	AbsError: 7.81762e-12
      Equation: "PotentialEquation"	RelError: 9.66473e-11	AbsError: 7.81762e-12
Warning: Replacing equation with equation of the same name.
Region: MyRegion, Equation: PotentialEquation, Variable: Potential
number of equations 1395
Iteration: 0
  Device: "MyDevice"	RelError: 2.12553e-13	AbsError: 1.02400e+04
    Region: "MyRegion"	RelError: 2.12553e-13	AbsError: 1.02400e+04
      Equation: "ElectronContinuityEquation"	RelError: 7.43638e-15	AbsError: 5.12000e+03
      Equation: "HoleContinuityEquation"	RelError: 7.81421e-15	AbsError: 5.12000e+03
      Equation: "PotentialEquation"	RelError: 1.97302e-13	AbsError: 1.20767e-16
Replacing Node Model topnodemodel in region MyRegion of material Si
Replacing Node Model topnodemodel:Potential in region MyRegion of material Si
number of equations 1395
Iteration: 0
  Device: "MyDevice"	RelError: 1.07384e-13	AbsError: 3.48994e+02
    Region: "MyRegion"	RelError: 1.07384e-13	AbsError: 3.48994e+02
      Equation: "ElectronContinuityEquation"	RelError: 3.01976e-15	AbsError: 1.92468e+02
      Equation: "HoleContinuityEquation"	RelError: 2.51850e-15	AbsError: 1.56525e+02
      Equation: "PotentialEquation"	RelError: 1.01846e-13	AbsError: 4.22437e-17
top	0.0	-8.693443938556645e-25	-2.1558854434500004e-09	-2.1558854434500012e-09
bot	0.0	-4.7046820549940125e-08	-2.0451104162455877e-24	-4.7046820549940125e-08
number of equations 1395
Iteration: 0
  Device: "MyDevice"	RelError: 3.68696e+02	AbsError: 2.08298e+17
    Region: "MyRegion"	RelError: 3.68696e+02	AbsError: 2.08298e+17
      Equation: "ElectronContinuityEquation"	RelError: 7.73734e-01	AbsError: 1.04110e+17
      Equation: "HoleContinuityEquation"	RelError: 7.73744e-01	AbsError: 1.04189e+17
      Equation: "PotentialEquation"	RelError: 3.67148e+02	AbsError: 4.09542e-02
Iteration: 1
  Device: "MyDevice"	RelError: 4.50016e+01	AbsError: 2.42656e+16
    Region: "MyRegion"	RelError: 4.50016e+01	AbsError: 2.42656e+16
      Equation: "ElectronContinuityEquation"	RelError: 6.73384e-01	AbsError: 1.24590e+16
      Equation: "HoleContinuityEquation"	RelError: 7.57923e-01	AbsError: 1.18066e+16
      Equation: "PotentialEquation"	RelError: 4.35703e+01	AbsError: 3.07632e-02
Iteration: 2
  Device: "MyDevice"	RelError: 1.20491e+00	AbsError: 1.64273e+15
    Region: "MyRegion"	RelError: 1.20491e+00	AbsError: 1.64273e+15
      Equation: "ElectronContinuityEquation"	RelError: 4.97947e-01	AbsError: 5.54403e+14
      Equation: "HoleContinuityEquation"	RelError: 4.94510e-01	AbsError: 1.08833e+15
      Equation: "PotentialEquation"	RelError: 2.12451e-01	AbsError: 2.56657e-02
Iteration: 3
  Device: "MyDevice"	RelError: 3.84061e-01	AbsError: 1.79667e+14
    Region: "MyRegion"	RelError: 3.84061e-01	AbsError: 1.79667e+14
      Equation: "ElectronContinuityEquation"	RelError: 2.83312e-01	AbsError: 1.87886e+12
      Equation: "HoleContinuityEquation"	RelError: 7.64295e-02	AbsError: 1.77788e+14
      Equation: "PotentialEquation"	RelError: 2.43203e-02	AbsError: 9.16533e-03
Iteration: 4
  Device: "MyDevice"	RelError: 8.25467e-02	AbsError: 1.53604e+14
    Region: "MyRegion"	RelError: 8.25467e-02	AbsError: 1.53604e+14
      Equation: "ElectronContinuityEquation"	RelError: 7.56816e-02	AbsError: 6.84392e+12
      Equation: "HoleContinuityEquation"	RelError: 3.87074e-04	AbsError: 1.46760e+14
      Equation: "PotentialEquation"	RelError: 6.47804e-03	AbsError: 5.25003e-06
Iteration: 5
  Device: "MyDevice"	RelError: 7.29476e-06	AbsError: 4.20682e+09
    Region: "MyRegion"	RelError: 7.29476e-06	AbsError: 4.20682e+09
      Equation: "ElectronContinuityEquation"	RelError: 7.24159e-06	AbsError: 5.18857e+07
      Equation: "HoleContinuityEquation"	RelError: 5.30331e-08	AbsError: 4.15493e+09
      Equation: "PotentialEquation"	RelError: 1.40464e-10	AbsError: 5.13634e-11
Iteration: 6
  Device: "MyDevice"	RelError: 6.74512e-14	AbsError: 7.22531e+02
    Region: "MyRegion"	RelError: 6.74512e-14	AbsError: 7.22531e+02
      Equation: "ElectronContinuityEquation"	RelError: 8.89946e-15	AbsError: 2.87332e+02
      Equation: "HoleContinuityEquation"	RelError: 2.50680e-15	AbsError: 4.35199e+02
      Equation: "PotentialEquation"	RelError: 5.60449e-14	AbsError: 1.03676e-16
top	0.1	2.7759053630803914e-09	1.1314722596688752e-07	1.1592313132996792e-07
bot	0.0	-1.1737266843262372e-07	-1.3881215552428542e-09	-1.1876078998786658e-07
number of equations 1395
Iteration: 0
  Device: "MyDevice"	RelError: 5.64909e+01	AbsError: 2.20974e+17
    Region: "MyRegion"	RelError: 5.64909e+01	AbsError: 2.20974e+17
      Equation: "ElectronContinuityEquation"	RelError: 7.89746e-01	AbsError: 1.10461e+17
      Equation: "HoleContinuityEquation"	RelError: 7.89746e-01	AbsError: 1.10513e+17
      Equation: "PotentialEquation"	RelError: 5.49114e+01	AbsError: 4.09542e-02
Iteration: 1
  Device: "MyDevice"	RelError: 4.75502e+01	AbsError: 2.76447e+16
    Region: "MyRegion"	RelError: 4.75502e+01	AbsError: 2.76447e+16
      Equation: "ElectronContinuityEquation"	RelError: 6.86049e-01	AbsError: 1.42227e+16
      Equation: "HoleContinuityEquation"	RelError: 7.75599e-01	AbsError: 1.34219e+16
      Equation: "PotentialEquation"	RelError: 4.60886e+01	AbsError: 3.07632e-02
Iteration: 2
  Device: "MyDevice"	RelError: 1.42591e+01	AbsError: 2.23648e+15
    Region: "MyRegion"	RelError: 1.42591e+01	AbsError: 2.23648e+15
      Equation: "ElectronContinuityEquation"	RelError: 5.06954e-01	AbsError: 9.15443e+14
      Equation: "HoleContinuityEquation"	RelError: 4.95603e-01	AbsError: 1.32104e+15
      Equation: "PotentialEquation"	RelError: 1.32565e+01	AbsError: 2.57636e-02
Iteration: 3
  Device: "MyDevice"	RelError: 3.94365e-01	AbsError: 1.65293e+14
    Region: "MyRegion"	RelError: 3.94365e-01	AbsError: 1.65293e+14
      Equation: "ElectronContinuityEquation"	RelError: 2.85300e-01	AbsError: 1.48159e+11
      Equation: "HoleContinuityEquation"	RelError: 7.59600e-02	AbsError: 1.65145e+14
      Equation: "PotentialEquation"	RelError: 3.31046e-02	AbsError: 9.16533e-03
Iteration: 4
  Device: "MyDevice"	RelError: 8.26045e-02	AbsError: 1.39029e+14
    Region: "MyRegion"	RelError: 8.26045e-02	AbsError: 1.39029e+14
      Equation: "ElectronContinuityEquation"	RelError: 7.72489e-02	AbsError: 6.73002e+12
      Equation: "HoleContinuityEquation"	RelError: 3.42528e-04	AbsError: 1.32299e+14
      Equation: "PotentialEquation"	RelError: 5.01305e-03	AbsError: 4.81359e-06
Iteration: 5
  Device: "MyDevice"	RelError: 6.86053e-06	AbsError: 3.60293e+09
    Region: "MyRegion"	RelError: 6.86053e-06	AbsError: 3.60293e+09
      Equation: "ElectronContinuityEquation"	RelError: 6.81710e-06	AbsError: 5.08462e+07
      Equation: "HoleContinuityEquation"	RelError: 4.25299e-08	AbsError: 3.55209e+09
      Equation: "PotentialEquation"	RelError: 8.98562e-10	AbsError: 4.39692e-11
Iteration: 6
  Device: "MyDevice"	RelError: 1.77284e-14	AbsError: 5.14310e+02
    Region: "MyRegion"	RelError: 1.77284e-14	AbsError: 5.14310e+02
      Equation: "ElectronContinuityEquation"	RelError: 6.77982e-15	AbsError: 2.38247e+02
      Equation: "HoleContinuityEquation"	RelError: 1.23443e-15	AbsError: 2.76063e+02
      Equation: "PotentialEquation"	RelError: 9.71412e-15	AbsError: 4.39788e-17
top	0.2	1.283294428575949e-07	1.0080071751381564e-06	1.1363366179957514e-06
bot	0.0	-1.0351389802923312e-06	-6.417201268020006e-08	-1.0993109929725313e-06
number of equations 1395
Iteration: 0
  Device: "MyDevice"	RelError: 3.31314e+01	AbsError: 2.36183e+17
    Region: "MyRegion"	RelError: 3.31314e+01	AbsError: 2.36183e+17
      Equation: "ElectronContinuityEquation"	RelError: 7.92009e-01	AbsError: 1.18120e+17
      Equation: "HoleContinuityEquation"	RelError: 7.92008e-01	AbsError: 1.18063e+17
      Equation: "PotentialEquation"	RelError: 3.15474e+01	AbsError: 4.09542e-02
Iteration: 1
  Device: "MyDevice"	RelError: 2.64120e+01	AbsError: 3.20622e+16
    Region: "MyRegion"	RelError: 2.64120e+01	AbsError: 3.20622e+16
      Equation: "ElectronContinuityEquation"	RelError: 6.87249e-01	AbsError: 1.65490e+16
      Equation: "HoleContinuityEquation"	RelError: 7.76898e-01	AbsError: 1.55132e+16
      Equation: "PotentialEquation"	RelError: 2.49479e+01	AbsError: 3.07632e-02
Iteration: 2
  Device: "MyDevice"	RelError: 1.29233e+01	AbsError: 3.20440e+15
    Region: "MyRegion"	RelError: 1.29233e+01	AbsError: 3.20440e+15
      Equation: "ElectronContinuityEquation"	RelError: 5.07497e-01	AbsError: 1.55241e+15
      Equation: "HoleContinuityEquation"	RelError: 4.97028e-01	AbsError: 1.65199e+15
      Equation: "PotentialEquation"	RelError: 1.19188e+01	AbsError: 2.56874e-02
Iteration: 3
  Device: "MyDevice"	RelError: 4.11154e-01	AbsError: 1.62352e+14
    Region: "MyRegion"	RelError: 4.11154e-01	AbsError: 1.62352e+14
      Equation: "ElectronContinuityEquation"	RelError: 2.83863e-01	AbsError: 3.58067e+12
      Equation: "HoleContinuityEquation"	RelError: 7.54675e-02	AbsError: 1.58771e+14
      Equation: "PotentialEquation"	RelError: 5.18226e-02	AbsError: 9.16533e-03
Iteration: 4
  Device: "MyDevice"	RelError: 8.08153e-02	AbsError: 1.24600e+14
    Region: "MyRegion"	RelError: 8.08153e-02	AbsError: 1.24600e+14
      Equation: "ElectronContinuityEquation"	RelError: 7.70005e-02	AbsError: 6.51354e+12
      Equation: "HoleContinuityEquation"	RelError: 3.04512e-04	AbsError: 1.18087e+14
      Equation: "PotentialEquation"	RelError: 3.51029e-03	AbsError: 4.28017e-06
Iteration: 5
  Device: "MyDevice"	RelError: 6.09995e-06	AbsError: 2.90754e+09
    Region: "MyRegion"	RelError: 6.09995e-06	AbsError: 2.90754e+09
      Equation: "ElectronContinuityEquation"	RelError: 6.06524e-06	AbsError: 4.83609e+07
      Equation: "HoleContinuityEquation"	RelError: 3.32999e-08	AbsError: 2.85918e+09
      Equation: "PotentialEquation"	RelError: 1.41105e-09	AbsError: 3.52198e-11
Iteration: 6
  Device: "MyDevice"	RelError: 1.16475e-14	AbsError: 4.91575e+02
    Region: "MyRegion"	RelError: 1.16475e-14	AbsError: 4.91575e+02
      Equation: "ElectronContinuityEquation"	RelError: 5.61895e-15	AbsError: 2.16747e+02
      Equation: "HoleContinuityEquation"	RelError: 1.94453e-15	AbsError: 2.74828e+02
      Equation: "PotentialEquation"	RelError: 4.08398e-15	AbsError: 2.97550e-17
top	0.30000000000000004	5.8068482901625055e-06	1.0124612479256645e-05	1.593146076941915e-05
bot	0.0	-1.3084139124353541e-05	-2.903730853546214e-06	-1.5987869977899756e-05
number of equations 1395
Iteration: 0
  Device: "MyDevice"	RelError: 2.69772e+02	AbsError: 2.55019e+17
    Region: "MyRegion"	RelError: 2.69772e+02	AbsError: 2.55019e+17
      Equation: "ElectronContinuityEquation"	RelError: 7.92128e-01	AbsError: 1.27544e+17
      Equation: "HoleContinuityEquation"	RelError: 7.92128e-01	AbsError: 1.27475e+17
      Equation: "PotentialEquation"	RelError: 2.68187e+02	AbsError: 4.09542e-02
Iteration: 1
  Device: "MyDevice"	RelError: 4.45577e+02	AbsError: 3.81955e+16
    Region: "MyRegion"	RelError: 4.45577e+02	AbsError: 3.81955e+16
      Equation: "ElectronContinuityEquation"	RelError: 6.87431e-01	AbsError: 1.98229e+16
      Equation: "HoleContinuityEquation"	RelError: 7.76634e-01	AbsError: 1.83726e+16
      Equation: "PotentialEquation"	RelError: 4.44113e+02	AbsError: 3.07632e-02
Iteration: 2
  Device: "MyDevice"	RelError: 1.82879e+01	AbsError: 4.79517e+15
    Region: "MyRegion"	RelError: 1.82879e+01	AbsError: 4.79517e+15
      Equation: "ElectronContinuityEquation"	RelError: 5.07284e-01	AbsError: 2.64761e+15
      Equation: "HoleContinuityEquation"	RelError: 4.99050e-01	AbsError: 2.14756e+15
      Equation: "PotentialEquation"	RelError: 1.72816e+01	AbsError: 2.58987e-02
Iteration: 3
  Device: "MyDevice"	RelError: 4.80671e-01	AbsError: 1.74143e+14
    Region: "MyRegion"	RelError: 4.80671e-01	AbsError: 1.74143e+14
      Equation: "ElectronContinuityEquation"	RelError: 2.86335e-01	AbsError: 9.79040e+12
      Equation: "HoleContinuityEquation"	RelError: 7.50881e-02	AbsError: 1.64352e+14
      Equation: "PotentialEquation"	RelError: 1.19247e-01	AbsError: 9.16533e-03
Iteration: 4
  Device: "MyDevice"	RelError: 8.05491e-02	AbsError: 1.07018e+14
    Region: "MyRegion"	RelError: 8.05491e-02	AbsError: 1.07018e+14
      Equation: "ElectronContinuityEquation"	RelError: 7.66298e-02	AbsError: 6.27760e+12
      Equation: "HoleContinuityEquation"	RelError: 2.55433e-04	AbsError: 1.00741e+14
      Equation: "PotentialEquation"	RelError: 3.66384e-03	AbsError: 3.76169e-06
Iteration: 5
  Device: "MyDevice"	RelError: 5.13561e-06	AbsError: 2.28241e+09
    Region: "MyRegion"	RelError: 5.13561e-06	AbsError: 2.28241e+09
      Equation: "ElectronContinuityEquation"	RelError: 5.10945e-06	AbsError: 4.57535e+07
      Equation: "HoleContinuityEquation"	RelError: 2.36846e-08	AbsError: 2.23665e+09
      Equation: "PotentialEquation"	RelError: 2.47013e-09	AbsError: 2.77883e-11
Iteration: 6
  Device: "MyDevice"	RelError: 5.37164e-15	AbsError: 5.69255e+02
    Region: "MyRegion"	RelError: 5.37164e-15	AbsError: 5.69255e+02
      Equation: "ElectronContinuityEquation"	RelError: 2.33939e-15	AbsError: 2.02413e+02
      Equation: "HoleContinuityEquation"	RelError: 2.28210e-15	AbsError: 3.66842e+02
      Equation: "PotentialEquation"	RelError: 7.50146e-16	AbsError: 3.05969e-17
top	0.4	0.0002622125271691066	0.00018654040521116932	0.0004487529323802759
bot	0.0	-0.00031770168648369084	-0.0001311190558450241	-0.00044882074232871494
number of equations 1395
Iteration: 0
  Device: "MyDevice"	RelError: 1.75289e+02	AbsError: 2.79354e+17
    Region: "MyRegion"	RelError: 1.75289e+02	AbsError: 2.79354e+17
      Equation: "ElectronContinuityEquation"	RelError: 7.92056e-01	AbsError: 1.39696e+17
      Equation: "HoleContinuityEquation"	RelError: 7.92055e-01	AbsError: 1.39658e+17
      Equation: "PotentialEquation"	RelError: 1.73705e+02	AbsError: 4.09542e-02
Iteration: 1
  Device: "MyDevice"	RelError: 1.74825e+02	AbsError: 4.70673e+16
    Region: "MyRegion"	RelError: 1.74825e+02	AbsError: 4.70673e+16
      Equation: "ElectronContinuityEquation"	RelError: 6.87375e-01	AbsError: 2.46034e+16
      Equation: "HoleContinuityEquation"	RelError: 7.76326e-01	AbsError: 2.24639e+16
      Equation: "PotentialEquation"	RelError: 1.73361e+02	AbsError: 3.07632e-02
Iteration: 2
  Device: "MyDevice"	RelError: 2.37604e+00	AbsError: 7.27535e+15
    Region: "MyRegion"	RelError: 2.37604e+00	AbsError: 7.27535e+15
      Equation: "ElectronContinuityEquation"	RelError: 5.06861e-01	AbsError: 4.32844e+15
      Equation: "HoleContinuityEquation"	RelError: 5.01219e-01	AbsError: 2.94691e+15
      Equation: "PotentialEquation"	RelError: 1.36796e+00	AbsError: 2.57724e-02
Iteration: 3
  Device: "MyDevice"	RelError: 7.54552e-01	AbsError: 2.47265e+14
    Region: "MyRegion"	RelError: 7.54552e-01	AbsError: 2.47265e+14
      Equation: "ElectronContinuityEquation"	RelError: 2.83968e-01	AbsError: 2.28131e+13
      Equation: "HoleContinuityEquation"	RelError: 7.45073e-02	AbsError: 2.24452e+14
      Equation: "PotentialEquation"	RelError: 3.96077e-01	AbsError: 9.16533e-03
Iteration: 4
  Device: "MyDevice"	RelError: 7.62835e-02	AbsError: 8.98532e+13
    Region: "MyRegion"	RelError: 7.62835e-02	AbsError: 8.98532e+13
      Equation: "ElectronContinuityEquation"	RelError: 7.59870e-02	AbsError: 5.86272e+12
      Equation: "HoleContinuityEquation"	RelError: 2.22043e-04	AbsError: 8.39905e+13
      Equation: "PotentialEquation"	RelError: 7.45041e-05	AbsError: 3.10589e-06
Iteration: 5
  Device: "MyDevice"	RelError: 4.20615e-06	AbsError: 1.60259e+09
    Region: "MyRegion"	RelError: 4.20615e-06	AbsError: 1.60259e+09
      Equation: "ElectronContinuityEquation"	RelError: 4.18904e-06	AbsError: 4.08925e+07
      Equation: "HoleContinuityEquation"	RelError: 1.64653e-08	AbsError: 1.56170e+09
      Equation: "PotentialEquation"	RelError: 6.43062e-10	AbsError: 1.92679e-11
Iteration: 6
  Device: "MyDevice"	RelError: 4.65649e-15	AbsError: 5.11850e+02
    Region: "MyRegion"	RelError: 4.65649e-15	AbsError: 5.11850e+02
      Equation: "ElectronContinuityEquation"	RelError: 2.19817e-15	AbsError: 2.62925e+02
      Equation: "HoleContinuityEquation"	RelError: 1.83671e-15	AbsError: 2.48925e+02
      Equation: "PotentialEquation"	RelError: 6.21606e-16	AbsError: 4.68395e-17
top	0.5	0.011810543175282583	0.006344611998005865	0.01815515517328845
bot	0.0	-0.012249431878576914	-0.0059057988809275985	-0.018155230759504513
