
----------------------------------------

 DEVSIM

 Version: Beta 0.01

 Copyright 2009-2017 Devsim LLC

----------------------------------------


Creating Region air1
Creating Region MyRegion
Creating Region air2
Contact: top region MyRegion ni: 16 ci: 19 (0, 8e-06, 0)
Contact: top region MyRegion ni: 18 ci: 20 (0, 9e-06, 0)
Contact: top region MyRegion ni: 20 ci: 21 (0, 1e-05, 0)
Contact: bot region MyRegion ni: 484 ci: 495 (1e-05, 0, 0)
Contact: bot region MyRegion ni: 485 ci: 496 (1e-05, 1e-06, 0)
Contact: bot region MyRegion ni: 486 ci: 497 (1e-05, 2e-06, 0)
Contact: bot region MyRegion ni: 487 ci: 498 (1e-05, 3e-06, 0)
Contact: bot region MyRegion ni: 488 ci: 499 (1e-05, 4e-06, 0)
Contact: bot region MyRegion ni: 489 ci: 500 (1e-05, 5e-06, 0)
Contact: bot region MyRegion ni: 490 ci: 501 (1e-05, 6e-06, 0)
Contact: bot region MyRegion ni: 491 ci: 502 (1e-05, 7e-06, 0)
Contact: bot region MyRegion ni: 492 ci: 503 (1e-05, 8e-06, 0)
Contact: bot region MyRegion ni: 493 ci: 504 (1e-05, 9e-06, 0)
Contact: bot region MyRegion ni: 494 ci: 505 (1e-05, 1e-05, 0)
Adding 495 nodes
Adding 1374 edges with 1266 duplicates removed
Adding 880 triangles  with 0 duplicate removed
Adding 22 nodes
Adding 41 edges with 19 duplicates removed
Adding 20 triangles  with 0 duplicate removed
Adding 22 nodes
Adding 41 edges with 19 duplicates removed
Adding 20 triangles  with 0 duplicate removed
Contact bot in region MyRegion with 11 nodes
Contact top in region MyRegion with 3 nodes
Region "MyRegion" on device "MyDevice" has equations 0:494
Region "air1" on device "MyDevice" has no equations.
Region "air2" on device "MyDevice" has no equations.
Device "MyDevice" has equations 0:494
number of equations 495
Iteration: 0
  Device: "MyDevice"	RelError: 1.00000e+00	AbsError: 1.18567e-01
    Region: "MyRegion"	RelError: 1.00000e+00	AbsError: 1.18567e-01
      Equation: "PotentialEquation"	RelError: 1.00000e+00	AbsError: 1.18567e-01
Iteration: 1
  Device: "MyDevice"	RelError: 4.97350e-01	AbsError: 1.17317e-01
    Region: "MyRegion"	RelError: 4.97350e-01	AbsError: 1.17317e-01
      Equation: "PotentialEquation"	RelError: 4.97350e-01	AbsError: 1.17317e-01
Iteration: 2
  Device: "MyDevice"	RelError: 6.18329e-01	AbsError: 1.15853e-01
    Region: "MyRegion"	RelError: 6.18329e-01	AbsError: 1.15853e-01
      Equation: "PotentialEquation"	RelError: 6.18329e-01	AbsError: 1.15853e-01
Iteration: 3
  Device: "MyDevice"	RelError: 1.05154e+02	AbsError: 1.04169e-01
    Region: "MyRegion"	RelError: 1.05154e+02	AbsError: 1.04169e-01
      Equation: "PotentialEquation"	RelError: 1.05154e+02	AbsError: 1.04169e-01
Iteration: 4
  Device: "MyDevice"	RelError: 1.79077e+01	AbsError: 8.36778e-02
    Region: "MyRegion"	RelError: 1.79077e+01	AbsError: 8.36778e-02
      Equation: "PotentialEquation"	RelError: 1.79077e+01	AbsError: 8.36778e-02
Iteration: 5
  Device: "MyDevice"	RelError: 7.69366e+01	AbsError: 7.87874e-02
    Region: "MyRegion"	RelError: 7.69366e+01	AbsError: 7.87874e-02
      Equation: "PotentialEquation"	RelError: 7.69366e+01	AbsError: 7.87874e-02
Iteration: 6
  Device: "MyDevice"	RelError: 2.69506e+01	AbsError: 6.28109e-02
    Region: "MyRegion"	RelError: 2.69506e+01	AbsError: 6.28109e-02
      Equation: "PotentialEquation"	RelError: 2.69506e+01	AbsError: 6.28109e-02
Iteration: 7
  Device: "MyDevice"	RelError: 4.55468e+01	AbsError: 5.24596e-02
    Region: "MyRegion"	RelError: 4.55468e+01	AbsError: 5.24596e-02
      Equation: "PotentialEquation"	RelError: 4.55468e+01	AbsError: 5.24596e-02
Iteration: 8
  Device: "MyDevice"	RelError: 3.01156e+02	AbsError: 4.37414e-02
    Region: "MyRegion"	RelError: 3.01156e+02	AbsError: 4.37414e-02
      Equation: "PotentialEquation"	RelError: 3.01156e+02	AbsError: 4.37414e-02
Iteration: 9
  Device: "MyDevice"	RelError: 1.86042e+02	AbsError: 3.37983e-02
    Region: "MyRegion"	RelError: 1.86042e+02	AbsError: 3.37983e-02
      Equation: "PotentialEquation"	RelError: 1.86042e+02	AbsError: 3.37983e-02
Iteration: 10
  Device: "MyDevice"	RelError: 1.02977e+02	AbsError: 2.57010e-02
    Region: "MyRegion"	RelError: 1.02977e+02	AbsError: 2.57010e-02
      Equation: "PotentialEquation"	RelError: 1.02977e+02	AbsError: 2.57010e-02
Iteration: 11
  Device: "MyDevice"	RelError: 3.12367e-01	AbsError: 1.31004e-02
    Region: "MyRegion"	RelError: 3.12367e-01	AbsError: 1.31004e-02
      Equation: "PotentialEquation"	RelError: 3.12367e-01	AbsError: 1.31004e-02
Iteration: 12
  Device: "MyDevice"	RelError: 2.32363e-02	AbsError: 6.92465e-06
    Region: "MyRegion"	RelError: 2.32363e-02	AbsError: 6.92465e-06
      Equation: "PotentialEquation"	RelError: 2.32363e-02	AbsError: 6.92465e-06
Iteration: 13
  Device: "MyDevice"	RelError: 1.28496e-07	AbsError: 5.25536e-11
    Region: "MyRegion"	RelError: 1.28496e-07	AbsError: 5.25536e-11
      Equation: "PotentialEquation"	RelError: 1.28496e-07	AbsError: 5.25536e-11
Iteration: 14
  Device: "MyDevice"	RelError: 2.74456e-13	AbsError: 6.85297e-17
    Region: "MyRegion"	RelError: 2.74456e-13	AbsError: 6.85297e-17
      Equation: "PotentialEquation"	RelError: 2.74456e-13	AbsError: 6.85297e-17
Warning: Replacing equation with equation of the same name.
Region: MyRegion, Equation: PotentialEquation, Variable: Potential
Region "MyRegion" on device "MyDevice" has equations 0:1484
Region "air1" on device "MyDevice" has no equations.
Region "air2" on device "MyDevice" has no equations.
Device "MyDevice" has equations 0:1484
number of equations 1485
Iteration: 0
  Device: "MyDevice"	RelError: 1.64158e-13	AbsError: 1.02400e+04
    Region: "MyRegion"	RelError: 1.64158e-13	AbsError: 1.02400e+04
      Equation: "ElectronContinuityEquation"	RelError: 1.11109e-14	AbsError: 5.12000e+03
      Equation: "HoleContinuityEquation"	RelError: 9.14693e-15	AbsError: 5.12000e+03
      Equation: "PotentialEquation"	RelError: 1.43900e-13	AbsError: 1.43648e-16
Region "MyRegion" on device "MyDevice" has equations 0:1484
Region "air1" on device "MyDevice" has no equations.
Region "air2" on device "MyDevice" has no equations.
Device "MyDevice" has equations 0:1484
number of equations 1485
Iteration: 0
  Device: "MyDevice"	RelError: 1.81669e-13	AbsError: 2.30376e+02
    Region: "MyRegion"	RelError: 1.81669e-13	AbsError: 2.30376e+02
      Equation: "ElectronContinuityEquation"	RelError: 4.06223e-15	AbsError: 9.06138e+01
      Equation: "HoleContinuityEquation"	RelError: 3.77185e-15	AbsError: 1.39763e+02
      Equation: "PotentialEquation"	RelError: 1.73835e-13	AbsError: 4.64662e-17
top	0.0	-1.56698119889e-30	5.92091881155e-16	5.92091881155e-16
bot	0.0	1.97202537456e-15	2.33854003185e-30	1.97202537456e-15
Region "MyRegion" on device "MyDevice" has equations 0:1484
Region "air1" on device "MyDevice" has no equations.
Region "air2" on device "MyDevice" has no equations.
Device "MyDevice" has equations 0:1484
number of equations 1485
Iteration: 0
  Device: "MyDevice"	RelError: 3.35500e+01	AbsError: 2.04061e+17
    Region: "MyRegion"	RelError: 3.35500e+01	AbsError: 2.04061e+17
      Equation: "ElectronContinuityEquation"	RelError: 7.92143e-01	AbsError: 1.03524e+17
      Equation: "HoleContinuityEquation"	RelError: 7.74400e-01	AbsError: 1.00537e+17
      Equation: "PotentialEquation"	RelError: 3.19834e+01	AbsError: 4.09542e-02
Iteration: 1
  Device: "MyDevice"	RelError: 1.53694e+02	AbsError: 2.32378e+16
    Region: "MyRegion"	RelError: 1.53694e+02	AbsError: 2.32378e+16
      Equation: "ElectronContinuityEquation"	RelError: 6.90020e-01	AbsError: 1.25519e+16
      Equation: "HoleContinuityEquation"	RelError: 7.54207e-01	AbsError: 1.06858e+16
      Equation: "PotentialEquation"	RelError: 1.52250e+02	AbsError: 3.07632e-02
Iteration: 2
  Device: "MyDevice"	RelError: 1.52165e+00	AbsError: 1.60090e+15
    Region: "MyRegion"	RelError: 1.52165e+00	AbsError: 1.60090e+15
      Equation: "ElectronContinuityEquation"	RelError: 5.11552e-01	AbsError: 4.38124e+14
      Equation: "HoleContinuityEquation"	RelError: 4.96210e-01	AbsError: 1.16278e+15
      Equation: "PotentialEquation"	RelError: 5.13887e-01	AbsError: 2.44131e-02
Iteration: 3
  Device: "MyDevice"	RelError: 5.47594e-01	AbsError: 1.12297e+15
    Region: "MyRegion"	RelError: 5.47594e-01	AbsError: 1.12297e+15
      Equation: "ElectronContinuityEquation"	RelError: 2.68398e-01	AbsError: 5.21373e+13
      Equation: "HoleContinuityEquation"	RelError: 8.19177e-02	AbsError: 1.07083e+15
      Equation: "PotentialEquation"	RelError: 1.97278e-01	AbsError: 9.16533e-03
Iteration: 4
  Device: "MyDevice"	RelError: 5.56304e-01	AbsError: 1.11792e+15
    Region: "MyRegion"	RelError: 5.56304e-01	AbsError: 1.11792e+15
      Equation: "ElectronContinuityEquation"	RelError: 8.87983e-02	AbsError: 8.36204e+13
      Equation: "HoleContinuityEquation"	RelError: 4.68503e-03	AbsError: 1.03430e+15
      Equation: "PotentialEquation"	RelError: 4.62821e-01	AbsError: 6.60648e-05
Iteration: 5
  Device: "MyDevice"	RelError: 2.06845e-04	AbsError: 2.09468e+11
    Region: "MyRegion"	RelError: 2.06845e-04	AbsError: 2.09468e+11
      Equation: "ElectronContinuityEquation"	RelError: 1.27975e-04	AbsError: 1.96256e+10
      Equation: "HoleContinuityEquation"	RelError: 7.98002e-06	AbsError: 1.89842e+11
      Equation: "PotentialEquation"	RelError: 7.08905e-05	AbsError: 7.38226e-09
Iteration: 6
  Device: "MyDevice"	RelError: 3.43033e-09	AbsError: 1.52504e+07
    Region: "MyRegion"	RelError: 3.43033e-09	AbsError: 1.52504e+07
      Equation: "ElectronContinuityEquation"	RelError: 2.42289e-11	AbsError: 4.87489e+05
      Equation: "HoleContinuityEquation"	RelError: 2.50213e-11	AbsError: 1.47630e+07
      Equation: "PotentialEquation"	RelError: 3.38108e-09	AbsError: 6.47379e-13
Iteration: 7
  Device: "MyDevice"	RelError: 9.79126e-13	AbsError: 4.25505e+02
    Region: "MyRegion"	RelError: 9.79126e-13	AbsError: 4.25505e+02
      Equation: "ElectronContinuityEquation"	RelError: 4.72221e-14	AbsError: 1.91011e+02
      Equation: "HoleContinuityEquation"	RelError: 6.89837e-15	AbsError: 2.34494e+02
      Equation: "PotentialEquation"	RelError: 9.25005e-13	AbsError: 9.84149e-17
top	0.1	1.00901265136e-14	1.56309978552e-14	2.57211243688e-14
bot	0.0	-1.28497173406e-14	-1.40467930267e-14	-2.68965103674e-14
Region "MyRegion" on device "MyDevice" has equations 0:1484
Region "air1" on device "MyDevice" has no equations.
Region "air2" on device "MyDevice" has no equations.
Device "MyDevice" has equations 0:1484
number of equations 1485
Iteration: 0
  Device: "MyDevice"	RelError: 8.90547e+00	AbsError: 2.17497e+17
    Region: "MyRegion"	RelError: 8.90547e+00	AbsError: 2.17497e+17
      Equation: "ElectronContinuityEquation"	RelError: 7.94113e-01	AbsError: 1.07465e+17
      Equation: "HoleContinuityEquation"	RelError: 7.89474e-01	AbsError: 1.10033e+17
      Equation: "PotentialEquation"	RelError: 7.32188e+00	AbsError: 4.09542e-02
Iteration: 1
  Device: "MyDevice"	RelError: 3.99900e+00	AbsError: 2.61670e+16
    Region: "MyRegion"	RelError: 3.99900e+00	AbsError: 2.61670e+16
      Equation: "ElectronContinuityEquation"	RelError: 6.88188e-01	AbsError: 1.31168e+16
      Equation: "HoleContinuityEquation"	RelError: 7.74614e-01	AbsError: 1.30502e+16
      Equation: "PotentialEquation"	RelError: 2.53620e+00	AbsError: 3.07632e-02
Iteration: 2
  Device: "MyDevice"	RelError: 7.57122e+00	AbsError: 1.68855e+15
    Region: "MyRegion"	RelError: 7.57122e+00	AbsError: 1.68855e+15
      Equation: "ElectronContinuityEquation"	RelError: 5.14340e-01	AbsError: 3.59833e+14
      Equation: "HoleContinuityEquation"	RelError: 4.90695e-01	AbsError: 1.32871e+15
      Equation: "PotentialEquation"	RelError: 6.56618e+00	AbsError: 2.51367e-02
Iteration: 3
  Device: "MyDevice"	RelError: 3.96012e-01	AbsError: 1.02215e+15
    Region: "MyRegion"	RelError: 3.96012e-01	AbsError: 1.02215e+15
      Equation: "ElectronContinuityEquation"	RelError: 2.80218e-01	AbsError: 4.16805e+13
      Equation: "HoleContinuityEquation"	RelError: 8.26896e-02	AbsError: 9.80465e+14
      Equation: "PotentialEquation"	RelError: 3.31046e-02	AbsError: 9.16533e-03
Iteration: 4
  Device: "MyDevice"	RelError: 1.23570e-01	AbsError: 9.37791e+14
    Region: "MyRegion"	RelError: 1.23570e-01	AbsError: 9.37791e+14
      Equation: "ElectronContinuityEquation"	RelError: 9.02711e-02	AbsError: 7.35023e+13
      Equation: "HoleContinuityEquation"	RelError: 3.62872e-03	AbsError: 8.64289e+14
      Equation: "PotentialEquation"	RelError: 2.96707e-02	AbsError: 5.90419e-05
Iteration: 5
  Device: "MyDevice"	RelError: 1.23548e-04	AbsError: 1.43536e+11
    Region: "MyRegion"	RelError: 1.23548e-04	AbsError: 1.43536e+11
      Equation: "ElectronContinuityEquation"	RelError: 1.13892e-04	AbsError: 1.80138e+10
      Equation: "HoleContinuityEquation"	RelError: 5.28892e-06	AbsError: 1.25522e+11
      Equation: "PotentialEquation"	RelError: 4.36767e-06	AbsError: 5.81188e-09
Iteration: 6
  Device: "MyDevice"	RelError: 8.39456e-10	AbsError: 2.35741e+08
    Region: "MyRegion"	RelError: 8.39456e-10	AbsError: 2.35741e+08
      Equation: "ElectronContinuityEquation"	RelError: 2.24697e-10	AbsError: 8.57430e+05
      Equation: "HoleContinuityEquation"	RelError: 2.35224e-10	AbsError: 2.34884e+08
      Equation: "PotentialEquation"	RelError: 3.79535e-10	AbsError: 6.08939e-12
Iteration: 7
  Device: "MyDevice"	RelError: 2.56043e-13	AbsError: 2.13799e+04
    Region: "MyRegion"	RelError: 2.56043e-13	AbsError: 2.13799e+04
      Equation: "ElectronContinuityEquation"	RelError: 1.68703e-13	AbsError: 2.94099e+02
      Equation: "HoleContinuityEquation"	RelError: 2.11163e-14	AbsError: 2.10858e+04
      Equation: "PotentialEquation"	RelError: 6.62236e-14	AbsError: 5.63225e-16
top	0.2	4.73477378546e-13	6.56420002839e-13	1.12989738139e-12
bot	0.0	-4.79294851211e-13	-6.48122590414e-13	-1.12741744162e-12
Region "MyRegion" on device "MyDevice" has equations 0:1484
Region "air1" on device "MyDevice" has no equations.
Region "air2" on device "MyDevice" has no equations.
Device "MyDevice" has equations 0:1484
number of equations 1485
Iteration: 0
  Device: "MyDevice"	RelError: 5.62852e+00	AbsError: 2.18416e+17
    Region: "MyRegion"	RelError: 5.62852e+00	AbsError: 2.18416e+17
      Equation: "ElectronContinuityEquation"	RelError: 7.94150e-01	AbsError: 1.07251e+17
      Equation: "HoleContinuityEquation"	RelError: 7.91908e-01	AbsError: 1.11165e+17
      Equation: "PotentialEquation"	RelError: 4.04246e+00	AbsError: 4.09542e-02
Iteration: 1
  Device: "MyDevice"	RelError: 1.32135e+02	AbsError: 2.88688e+16
    Region: "MyRegion"	RelError: 1.32135e+02	AbsError: 2.88688e+16
      Equation: "ElectronContinuityEquation"	RelError: 6.89385e-01	AbsError: 1.59315e+16
      Equation: "HoleContinuityEquation"	RelError: 7.75444e-01	AbsError: 1.29373e+16
      Equation: "PotentialEquation"	RelError: 1.30670e+02	AbsError: 3.07633e-02
Iteration: 2
  Device: "MyDevice"	RelError: 2.02334e+00	AbsError: 2.67400e+15
    Region: "MyRegion"	RelError: 2.02334e+00	AbsError: 2.67400e+15
      Equation: "ElectronContinuityEquation"	RelError: 5.13399e-01	AbsError: 9.23969e+14
      Equation: "HoleContinuityEquation"	RelError: 4.95103e-01	AbsError: 1.75003e+15
      Equation: "PotentialEquation"	RelError: 1.01483e+00	AbsError: 2.57942e-02
Iteration: 3
  Device: "MyDevice"	RelError: 4.21154e-01	AbsError: 8.46582e+14
    Region: "MyRegion"	RelError: 4.21154e-01	AbsError: 8.46582e+14
      Equation: "ElectronContinuityEquation"	RelError: 2.87876e-01	AbsError: 3.08670e+13
      Equation: "HoleContinuityEquation"	RelError: 8.14553e-02	AbsError: 8.15715e+14
      Equation: "PotentialEquation"	RelError: 5.18226e-02	AbsError: 9.16533e-03
Iteration: 4
  Device: "MyDevice"	RelError: 9.65387e-02	AbsError: 7.36390e+14
    Region: "MyRegion"	RelError: 9.65387e-02	AbsError: 7.36390e+14
      Equation: "ElectronContinuityEquation"	RelError: 9.05006e-02	AbsError: 7.11668e+13
      Equation: "HoleContinuityEquation"	RelError: 2.67581e-03	AbsError: 6.65223e+14
      Equation: "PotentialEquation"	RelError: 3.36228e-03	AbsError: 4.88485e-05
Iteration: 5
  Device: "MyDevice"	RelError: 9.57153e-05	AbsError: 5.22178e+11
    Region: "MyRegion"	RelError: 9.57153e-05	AbsError: 5.22178e+11
      Equation: "ElectronContinuityEquation"	RelError: 9.22889e-05	AbsError: 1.44026e+10
      Equation: "HoleContinuityEquation"	RelError: 3.08146e-06	AbsError: 5.07775e+11
      Equation: "PotentialEquation"	RelError: 3.44864e-07	AbsError: 1.36736e-08
Iteration: 6
  Device: "MyDevice"	RelError: 1.74449e-10	AbsError: 1.72549e+07
    Region: "MyRegion"	RelError: 1.74449e-10	AbsError: 1.72549e+07
      Equation: "ElectronContinuityEquation"	RelError: 3.92075e-11	AbsError: 1.32698e+06
      Equation: "HoleContinuityEquation"	RelError: 3.91637e-11	AbsError: 1.59279e+07
      Equation: "PotentialEquation"	RelError: 9.60782e-11	AbsError: 1.01412e-12
Iteration: 7
  Device: "MyDevice"	RelError: 2.39098e-13	AbsError: 7.77373e+04
    Region: "MyRegion"	RelError: 2.39098e-13	AbsError: 7.77373e+04
      Equation: "ElectronContinuityEquation"	RelError: 9.06307e-14	AbsError: 2.55752e+03
      Equation: "HoleContinuityEquation"	RelError: 8.55276e-14	AbsError: 7.51798e+04
      Equation: "PotentialEquation"	RelError: 6.29396e-14	AbsError: 2.18060e-15
top	0.3	2.177083703e-11	2.93474553776e-11	5.11182924076e-11
bot	0.0	-2.18394193285e-11	-2.92746276117e-11	-5.11140469402e-11
Region "MyRegion" on device "MyDevice" has equations 0:1484
Region "air1" on device "MyDevice" has no equations.
Region "air2" on device "MyDevice" has no equations.
Device "MyDevice" has equations 0:1484
number of equations 1485
Iteration: 0
  Device: "MyDevice"	RelError: 4.01425e+00	AbsError: 2.63312e+17
    Region: "MyRegion"	RelError: 4.01425e+00	AbsError: 2.63312e+17
      Equation: "ElectronContinuityEquation"	RelError: 7.95198e-01	AbsError: 1.27032e+17
      Equation: "HoleContinuityEquation"	RelError: 7.92060e-01	AbsError: 1.36280e+17
      Equation: "PotentialEquation"	RelError: 2.42699e+00	AbsError: 4.11056e-02
Iteration: 1
  Device: "MyDevice"	RelError: 6.11722e+00	AbsError: 4.87427e+16
    Region: "MyRegion"	RelError: 6.11722e+00	AbsError: 4.87427e+16
      Equation: "ElectronContinuityEquation"	RelError: 6.90951e-01	AbsError: 1.99199e+16
      Equation: "HoleContinuityEquation"	RelError: 7.74497e-01	AbsError: 2.88228e+16
      Equation: "PotentialEquation"	RelError: 4.65177e+00	AbsError: 3.07951e-02
Iteration: 2
  Device: "MyDevice"	RelError: 2.83554e+00	AbsError: 4.27655e+15
    Region: "MyRegion"	RelError: 2.83554e+00	AbsError: 4.27655e+15
      Equation: "ElectronContinuityEquation"	RelError: 5.12826e-01	AbsError: 2.06745e+15
      Equation: "HoleContinuityEquation"	RelError: 4.99918e-01	AbsError: 2.20910e+15
      Equation: "PotentialEquation"	RelError: 1.82279e+00	AbsError: 2.38901e-02
Iteration: 3
  Device: "MyDevice"	RelError: 4.59198e-01	AbsError: 1.03840e+15
    Region: "MyRegion"	RelError: 4.59198e-01	AbsError: 1.03840e+15
      Equation: "ElectronContinuityEquation"	RelError: 2.60924e-01	AbsError: 3.90285e+13
      Equation: "HoleContinuityEquation"	RelError: 7.84133e-02	AbsError: 9.99371e+14
      Equation: "PotentialEquation"	RelError: 1.19861e-01	AbsError: 9.20293e-03
Iteration: 4
  Device: "MyDevice"	RelError: 9.41051e-02	AbsError: 9.83698e+14
    Region: "MyRegion"	RelError: 9.41051e-02	AbsError: 9.83698e+14
      Equation: "ElectronContinuityEquation"	RelError: 8.56928e-02	AbsError: 7.80345e+13
      Equation: "HoleContinuityEquation"	RelError: 3.58310e-03	AbsError: 9.05663e+14
      Equation: "PotentialEquation"	RelError: 4.82923e-03	AbsError: 4.79415e-05
Iteration: 5
  Device: "MyDevice"	RelError: 9.81371e-05	AbsError: 1.44153e+12
    Region: "MyRegion"	RelError: 9.81371e-05	AbsError: 1.44153e+12
      Equation: "ElectronContinuityEquation"	RelError: 9.06469e-05	AbsError: 3.41253e+11
      Equation: "HoleContinuityEquation"	RelError: 4.72390e-06	AbsError: 1.10028e+12
      Equation: "PotentialEquation"	RelError: 2.76636e-06	AbsError: 5.54657e-08
Iteration: 6
  Device: "MyDevice"	RelError: 2.64717e-09	AbsError: 2.03674e+08
    Region: "MyRegion"	RelError: 2.64717e-09	AbsError: 2.03674e+08
      Equation: "ElectronContinuityEquation"	RelError: 8.26758e-10	AbsError: 2.70680e+07
      Equation: "HoleContinuityEquation"	RelError: 8.29550e-10	AbsError: 1.76606e+08
      Equation: "PotentialEquation"	RelError: 9.90864e-10	AbsError: 2.14460e-11
Iteration: 7
  Device: "MyDevice"	RelError: 3.32948e-13	AbsError: 1.01176e+05
    Region: "MyRegion"	RelError: 3.32948e-13	AbsError: 1.01176e+05
      Equation: "ElectronContinuityEquation"	RelError: 1.04476e-13	AbsError: 2.33044e+04
      Equation: "HoleContinuityEquation"	RelError: 1.04664e-13	AbsError: 7.78720e+04
      Equation: "PotentialEquation"	RelError: 1.23808e-13	AbsError: 2.71543e-15
top	0.4	1.0003002857e-09	1.32028890514e-09	2.32058919084e-09
bot	0.0	-1.00085469699e-09	-1.31973035269e-09	-2.32058504968e-09
Region "MyRegion" on device "MyDevice" has equations 0:1484
Region "air1" on device "MyDevice" has no equations.
Region "air2" on device "MyDevice" has no equations.
Device "MyDevice" has equations 0:1484
number of equations 1485
Iteration: 0
  Device: "MyDevice"	RelError: 2.52698e+01	AbsError: 2.76292e+17
    Region: "MyRegion"	RelError: 2.52698e+01	AbsError: 2.76292e+17
      Equation: "ElectronContinuityEquation"	RelError: 7.94338e-01	AbsError: 1.34885e+17
      Equation: "HoleContinuityEquation"	RelError: 7.91994e-01	AbsError: 1.41407e+17
      Equation: "PotentialEquation"	RelError: 2.36835e+01	AbsError: 4.09870e-02
Iteration: 1
  Device: "MyDevice"	RelError: 2.65117e+01	AbsError: 4.54376e+16
    Region: "MyRegion"	RelError: 2.65117e+01	AbsError: 4.54376e+16
      Equation: "ElectronContinuityEquation"	RelError: 6.88733e-01	AbsError: 2.43466e+16
      Equation: "HoleContinuityEquation"	RelError: 7.76786e-01	AbsError: 2.10910e+16
      Equation: "PotentialEquation"	RelError: 2.50462e+01	AbsError: 3.07747e-02
Iteration: 2
  Device: "MyDevice"	RelError: 2.37959e+00	AbsError: 6.03748e+15
    Region: "MyRegion"	RelError: 2.37959e+00	AbsError: 6.03748e+15
      Equation: "ElectronContinuityEquation"	RelError: 5.14366e-01	AbsError: 2.94516e+15
      Equation: "HoleContinuityEquation"	RelError: 4.97260e-01	AbsError: 3.09232e+15
      Equation: "PotentialEquation"	RelError: 1.36796e+00	AbsError: 2.47710e-02
Iteration: 3
  Device: "MyDevice"	RelError: 7.49200e-01	AbsError: 9.17105e+14
    Region: "MyRegion"	RelError: 7.49200e-01	AbsError: 9.17105e+14
      Equation: "ElectronContinuityEquation"	RelError: 2.74168e-01	AbsError: 2.07881e+13
      Equation: "HoleContinuityEquation"	RelError: 7.89223e-02	AbsError: 8.96317e+14
      Equation: "PotentialEquation"	RelError: 3.96109e-01	AbsError: 9.18042e-03
Iteration: 4
  Device: "MyDevice"	RelError: 9.10939e-02	AbsError: 7.83123e+14
    Region: "MyRegion"	RelError: 9.10939e-02	AbsError: 7.83123e+14
      Equation: "ElectronContinuityEquation"	RelError: 8.75240e-02	AbsError: 7.61786e+13
      Equation: "HoleContinuityEquation"	RelError: 2.55005e-03	AbsError: 7.06944e+14
      Equation: "PotentialEquation"	RelError: 1.01984e-03	AbsError: 4.08944e-05
Iteration: 5
  Device: "MyDevice"	RelError: 8.15741e-05	AbsError: 8.76074e+11
    Region: "MyRegion"	RelError: 8.15741e-05	AbsError: 8.76074e+11
      Equation: "ElectronContinuityEquation"	RelError: 7.78829e-05	AbsError: 6.47621e+11
      Equation: "HoleContinuityEquation"	RelError: 3.27918e-06	AbsError: 2.28454e+11
      Equation: "PotentialEquation"	RelError: 4.12040e-07	AbsError: 7.60443e-08
Iteration: 6
  Device: "MyDevice"	RelError: 2.14639e-09	AbsError: 3.53583e+08
    Region: "MyRegion"	RelError: 2.14639e-09	AbsError: 3.53583e+08
      Equation: "ElectronContinuityEquation"	RelError: 9.08462e-10	AbsError: 6.40917e+07
      Equation: "HoleContinuityEquation"	RelError: 9.14088e-10	AbsError: 2.89492e+08
      Equation: "PotentialEquation"	RelError: 3.23838e-10	AbsError: 2.35946e-11
Iteration: 7
  Device: "MyDevice"	RelError: 7.45671e-13	AbsError: 8.21913e+04
    Region: "MyRegion"	RelError: 7.45671e-13	AbsError: 8.21913e+04
      Equation: "ElectronContinuityEquation"	RelError: 3.30327e-13	AbsError: 6.85015e+03
      Equation: "HoleContinuityEquation"	RelError: 3.31067e-13	AbsError: 7.53412e+04
      Equation: "PotentialEquation"	RelError: 8.42765e-14	AbsError: 8.57133e-15
top	0.5	4.59224796297e-08	5.9357436239e-08	1.05279915869e-07
bot	0.0	-4.59269009118e-08	-5.93530149433e-08	-1.05279915855e-07
