
----------------------------------------

 DEVSIM

 Version: Beta 0.01

 Copyright 2009-2017 Devsim LLC

----------------------------------------


Physical group name Base has 0 Tetrahedra.
Physical group name Base has 223 Triangles.
Physical group name Base has 354 Lines.
Physical group name Base has 132 Points.
Physical group name Bulk has 6701 Tetrahedra.
Physical group name Bulk has 14066 Triangles.
Physical group name Bulk has 8781 Lines.
Physical group name Bulk has 1417 Points.
Physical group name Emitter has 0 Tetrahedra.
Physical group name Emitter has 201 Triangles.
Physical group name Emitter has 320 Lines.
Physical group name Emitter has 120 Points.
Device diode3d has 1417 coordinates with max index 1417
Region Bulk has 1417 nodes.
Contact bot in region Bulk with 120 nodes
Contact top in region Bulk with 132 nodes
Region "Bulk" on device "diode3d" has equations 0:1416
Device "diode3d" has equations 0:1416
number of equations 1417
Iteration: 0
  Device: "diode3d"	RelError: 1.00000e+00	AbsError: 8.97349e-02
    Region: "Bulk"	RelError: 1.00000e+00	AbsError: 8.97349e-02
      Equation: "PotentialEquation"	RelError: 1.00000e+00	AbsError: 8.97349e-02
Iteration: 1
  Device: "diode3d"	RelError: 4.91582e-01	AbsError: 8.67635e-02
    Region: "Bulk"	RelError: 4.91582e-01	AbsError: 8.67635e-02
      Equation: "PotentialEquation"	RelError: 4.91582e-01	AbsError: 8.67635e-02
Iteration: 2
  Device: "diode3d"	RelError: 3.21212e-01	AbsError: 8.35216e-02
    Region: "Bulk"	RelError: 3.21212e-01	AbsError: 8.35216e-02
      Equation: "PotentialEquation"	RelError: 3.21212e-01	AbsError: 8.35216e-02
Iteration: 3
  Device: "diode3d"	RelError: 2.35032e-01	AbsError: 7.98898e-02
    Region: "Bulk"	RelError: 2.35032e-01	AbsError: 7.98898e-02
      Equation: "PotentialEquation"	RelError: 2.35032e-01	AbsError: 7.98898e-02
Iteration: 4
  Device: "diode3d"	RelError: 5.16590e-01	AbsError: 7.44408e-02
    Region: "Bulk"	RelError: 5.16590e-01	AbsError: 7.44408e-02
      Equation: "PotentialEquation"	RelError: 5.16590e-01	AbsError: 7.44408e-02
Iteration: 5
  Device: "diode3d"	RelError: 2.34632e+00	AbsError: 5.62017e-02
    Region: "Bulk"	RelError: 2.34632e+00	AbsError: 5.62017e-02
      Equation: "PotentialEquation"	RelError: 2.34632e+00	AbsError: 5.62017e-02
Iteration: 6
  Device: "diode3d"	RelError: 3.59746e+00	AbsError: 3.95692e-02
    Region: "Bulk"	RelError: 3.59746e+00	AbsError: 3.95692e-02
      Equation: "PotentialEquation"	RelError: 3.59746e+00	AbsError: 3.95692e-02
Iteration: 7
  Device: "diode3d"	RelError: 1.72191e-01	AbsError: 2.91367e-02
    Region: "Bulk"	RelError: 1.72191e-01	AbsError: 2.91367e-02
      Equation: "PotentialEquation"	RelError: 1.72191e-01	AbsError: 2.91367e-02
Iteration: 8
  Device: "diode3d"	RelError: 5.18778e-02	AbsError: 2.47384e-02
    Region: "Bulk"	RelError: 5.18778e-02	AbsError: 2.47384e-02
      Equation: "PotentialEquation"	RelError: 5.18778e-02	AbsError: 2.47384e-02
Iteration: 9
  Device: "diode3d"	RelError: 3.11204e-04	AbsError: 4.09701e-05
    Region: "Bulk"	RelError: 3.11204e-04	AbsError: 4.09701e-05
      Equation: "PotentialEquation"	RelError: 3.11204e-04	AbsError: 4.09701e-05
Iteration: 10
  Device: "diode3d"	RelError: 4.19686e-08	AbsError: 1.62468e-08
    Region: "Bulk"	RelError: 4.19686e-08	AbsError: 1.62468e-08
      Equation: "PotentialEquation"	RelError: 4.19686e-08	AbsError: 1.62468e-08
Iteration: 11
  Device: "diode3d"	RelError: 3.60705e-14	AbsError: 2.51282e-15
    Region: "Bulk"	RelError: 3.60705e-14	AbsError: 2.51282e-15
      Equation: "PotentialEquation"	RelError: 3.60705e-14	AbsError: 2.51282e-15
Warning: Replacing equation with equation of the same name.
Region: Bulk, Equation: PotentialEquation, Variable: Potential
Region "Bulk" on device "diode3d" has equations 0:4250
Device "diode3d" has equations 0:4250
number of equations 4251
Iteration: 0
  Device: "diode3d"	RelError: 6.35994e-09	AbsError: 1.02400e+04
    Region: "Bulk"	RelError: 6.35994e-09	AbsError: 1.02400e+04
      Equation: "ElectronContinuityEquation"	RelError: 2.89997e-09	AbsError: 5.12000e+03
      Equation: "HoleContinuityEquation"	RelError: 3.45995e-09	AbsError: 5.12000e+03
      Equation: "PotentialEquation"	RelError: 1.65417e-14	AbsError: 1.47508e-16
Region "Bulk" on device "diode3d" has equations 0:4250
Device "diode3d" has equations 0:4250
number of equations 4251
Iteration: 0
  Device: "diode3d"	RelError: 8.32645e+02	AbsError: 2.07691e+17
    Region: "Bulk"	RelError: 8.32645e+02	AbsError: 2.07691e+17
      Equation: "ElectronContinuityEquation"	RelError: 7.77240e-01	AbsError: 1.03568e+17
      Equation: "HoleContinuityEquation"	RelError: 7.77149e-01	AbsError: 1.04123e+17
      Equation: "PotentialEquation"	RelError: 8.31090e+02	AbsError: 4.46415e-02
Iteration: 1
  Device: "diode3d"	RelError: 4.65172e+02	AbsError: 2.51329e+16
    Region: "Bulk"	RelError: 4.65172e+02	AbsError: 2.51329e+16
      Equation: "ElectronContinuityEquation"	RelError: 6.75083e-01	AbsError: 1.36962e+16
      Equation: "HoleContinuityEquation"	RelError: 7.55066e-01	AbsError: 1.14368e+16
      Equation: "PotentialEquation"	RelError: 4.63742e+02	AbsError: 3.25150e-02
Iteration: 2
  Device: "diode3d"	RelError: 3.19765e+00	AbsError: 6.74846e+15
    Region: "Bulk"	RelError: 3.19765e+00	AbsError: 6.74846e+15
      Equation: "ElectronContinuityEquation"	RelError: 4.93515e-01	AbsError: 9.80502e+14
      Equation: "HoleContinuityEquation"	RelError: 4.80661e-01	AbsError: 5.76795e+15
      Equation: "PotentialEquation"	RelError: 2.22347e+00	AbsError: 2.57921e-02
Iteration: 3
  Device: "diode3d"	RelError: 1.62498e+02	AbsError: 5.24641e+15
    Region: "Bulk"	RelError: 1.62498e+02	AbsError: 5.24641e+15
      Equation: "ElectronContinuityEquation"	RelError: 3.03354e-01	AbsError: 6.82386e+14
      Equation: "HoleContinuityEquation"	RelError: 1.47235e-01	AbsError: 4.56402e+15
      Equation: "PotentialEquation"	RelError: 1.62048e+02	AbsError: 1.14130e-02
Iteration: 4
  Device: "diode3d"	RelError: 1.09222e+00	AbsError: 1.95377e+15
    Region: "Bulk"	RelError: 1.09222e+00	AbsError: 1.95377e+15
      Equation: "ElectronContinuityEquation"	RelError: 8.45705e-02	AbsError: 4.75268e+14
      Equation: "HoleContinuityEquation"	RelError: 1.17121e-02	AbsError: 1.47850e+15
      Equation: "PotentialEquation"	RelError: 9.95941e-01	AbsError: 1.06386e-03
Iteration: 5
  Device: "diode3d"	RelError: 4.00802e-04	AbsError: 1.73097e+13
    Region: "Bulk"	RelError: 4.00802e-04	AbsError: 1.73097e+13
      Equation: "ElectronContinuityEquation"	RelError: 2.15134e-04	AbsError: 3.37234e+12
      Equation: "HoleContinuityEquation"	RelError: 7.74715e-05	AbsError: 1.39374e+13
      Equation: "PotentialEquation"	RelError: 1.08197e-04	AbsError: 1.02838e-05
Iteration: 6
  Device: "diode3d"	RelError: 1.50894e-07	AbsError: 1.67041e+10
    Region: "Bulk"	RelError: 1.50894e-07	AbsError: 1.67041e+10
      Equation: "ElectronContinuityEquation"	RelError: 2.11522e-08	AbsError: 5.08252e+09
      Equation: "HoleContinuityEquation"	RelError: 2.08122e-08	AbsError: 1.16216e+10
      Equation: "PotentialEquation"	RelError: 1.08930e-07	AbsError: 1.10317e-09
Iteration: 7
  Device: "diode3d"	RelError: 2.21951e-09	AbsError: 5.10086e+07
    Region: "Bulk"	RelError: 2.21951e-09	AbsError: 5.10086e+07
      Equation: "ElectronContinuityEquation"	RelError: 1.25138e-09	AbsError: 3.73461e+07
      Equation: "HoleContinuityEquation"	RelError: 9.13242e-10	AbsError: 1.36626e+07
      Equation: "PotentialEquation"	RelError: 5.48877e-11	AbsError: 9.72225e-13
top	0.1	3.28291661988e-19	1.71601970859e-19	4.99893632847e-19
bot	0.0	-3.75248697431e-19	-1.61838770346e-19	-5.37087467777e-19
Region "Bulk" on device "diode3d" has equations 0:4250
Device "diode3d" has equations 0:4250
number of equations 4251
Iteration: 0
  Device: "diode3d"	RelError: 4.26393e+01	AbsError: 2.16777e+17
    Region: "Bulk"	RelError: 4.26393e+01	AbsError: 2.16777e+17
      Equation: "ElectronContinuityEquation"	RelError: 7.90049e-01	AbsError: 1.08832e+17
      Equation: "HoleContinuityEquation"	RelError: 7.90246e-01	AbsError: 1.07945e+17
      Equation: "PotentialEquation"	RelError: 4.10590e+01	AbsError: 4.62200e-02
Iteration: 1
  Device: "diode3d"	RelError: 2.11724e+01	AbsError: 3.00839e+16
    Region: "Bulk"	RelError: 2.11724e+01	AbsError: 3.00839e+16
      Equation: "ElectronContinuityEquation"	RelError: 6.85921e-01	AbsError: 1.71253e+16
      Equation: "HoleContinuityEquation"	RelError: 7.68833e-01	AbsError: 1.29586e+16
      Equation: "PotentialEquation"	RelError: 1.97177e+01	AbsError: 3.19055e-02
Iteration: 2
  Device: "diode3d"	RelError: 6.53472e+00	AbsError: 1.10986e+16
    Region: "Bulk"	RelError: 6.53472e+00	AbsError: 1.10986e+16
      Equation: "ElectronContinuityEquation"	RelError: 5.02482e-01	AbsError: 2.51101e+15
      Equation: "HoleContinuityEquation"	RelError: 4.82402e-01	AbsError: 8.58763e+15
      Equation: "PotentialEquation"	RelError: 5.54984e+00	AbsError: 2.58645e-02
Iteration: 3
  Device: "diode3d"	RelError: 4.87339e-01	AbsError: 5.75966e+15
    Region: "Bulk"	RelError: 4.87339e-01	AbsError: 5.75966e+15
      Equation: "ElectronContinuityEquation"	RelError: 3.03952e-01	AbsError: 1.02711e+15
      Equation: "HoleContinuityEquation"	RelError: 1.45288e-01	AbsError: 4.73255e+15
      Equation: "PotentialEquation"	RelError: 3.80986e-02	AbsError: 1.05474e-02
Iteration: 4
  Device: "diode3d"	RelError: 1.47788e-01	AbsError: 4.54581e+15
    Region: "Bulk"	RelError: 1.47788e-01	AbsError: 4.54581e+15
      Equation: "ElectronContinuityEquation"	RelError: 8.67768e-02	AbsError: 2.56213e+14
      Equation: "HoleContinuityEquation"	RelError: 9.76586e-03	AbsError: 4.28959e+15
      Equation: "PotentialEquation"	RelError: 5.12451e-02	AbsError: 5.30484e-04
Iteration: 5
  Device: "diode3d"	RelError: 4.13741e-04	AbsError: 3.19101e+13
    Region: "Bulk"	RelError: 4.13741e-04	AbsError: 3.19101e+13
      Equation: "ElectronContinuityEquation"	RelError: 2.46393e-04	AbsError: 1.81848e+13
      Equation: "HoleContinuityEquation"	RelError: 1.02953e-04	AbsError: 1.37254e+13
      Equation: "PotentialEquation"	RelError: 6.43947e-05	AbsError: 1.78283e-05
Iteration: 6
  Device: "diode3d"	RelError: 1.19029e-07	AbsError: 4.49006e+10
    Region: "Bulk"	RelError: 1.19029e-07	AbsError: 4.49006e+10
      Equation: "ElectronContinuityEquation"	RelError: 5.28789e-08	AbsError: 2.92269e+10
      Equation: "HoleContinuityEquation"	RelError: 5.23621e-08	AbsError: 1.56737e+10
      Equation: "PotentialEquation"	RelError: 1.37882e-08	AbsError: 6.57502e-09
Iteration: 7
  Device: "diode3d"	RelError: 2.91420e-10	AbsError: 9.17628e+07
    Region: "Bulk"	RelError: 2.91420e-10	AbsError: 9.17628e+07
      Equation: "ElectronContinuityEquation"	RelError: 1.16794e-10	AbsError: 2.83796e+07
      Equation: "HoleContinuityEquation"	RelError: 1.67088e-10	AbsError: 6.33832e+07
      Equation: "PotentialEquation"	RelError: 7.53763e-12	AbsError: 2.70351e-12
top	0.2	1.51352992803e-17	7.54460877545e-18	2.26799080558e-17
bot	0.0	-1.52034307508e-17	-7.46983068639e-18	-2.26732614372e-17
Region "Bulk" on device "diode3d" has equations 0:4250
Device "diode3d" has equations 0:4250
number of equations 4251
Iteration: 0
  Device: "diode3d"	RelError: 2.27205e+01	AbsError: 2.35571e+17
    Region: "Bulk"	RelError: 2.27205e+01	AbsError: 2.35571e+17
      Equation: "ElectronContinuityEquation"	RelError: 7.92514e-01	AbsError: 1.18553e+17
      Equation: "HoleContinuityEquation"	RelError: 7.92167e-01	AbsError: 1.17018e+17
      Equation: "PotentialEquation"	RelError: 2.11358e+01	AbsError: 4.38867e-02
Iteration: 1
  Device: "diode3d"	RelError: 1.25832e+02	AbsError: 3.38011e+16
    Region: "Bulk"	RelError: 1.25832e+02	AbsError: 3.38011e+16
      Equation: "ElectronContinuityEquation"	RelError: 6.87398e-01	AbsError: 1.87080e+16
      Equation: "HoleContinuityEquation"	RelError: 7.72837e-01	AbsError: 1.50931e+16
      Equation: "PotentialEquation"	RelError: 1.24372e+02	AbsError: 3.19403e-02
Iteration: 2
  Device: "diode3d"	RelError: 1.68686e+01	AbsError: 1.15040e+16
    Region: "Bulk"	RelError: 1.68686e+01	AbsError: 1.15040e+16
      Equation: "ElectronContinuityEquation"	RelError: 5.02077e-01	AbsError: 8.72454e+15
      Equation: "HoleContinuityEquation"	RelError: 4.82326e-01	AbsError: 2.77949e+15
      Equation: "PotentialEquation"	RelError: 1.58842e+01	AbsError: 2.58401e-02
Iteration: 3
  Device: "diode3d"	RelError: 5.27300e-01	AbsError: 5.52196e+15
    Region: "Bulk"	RelError: 5.27300e-01	AbsError: 5.52196e+15
      Equation: "ElectronContinuityEquation"	RelError: 3.07133e-01	AbsError: 3.52711e+15
      Equation: "HoleContinuityEquation"	RelError: 1.55645e-01	AbsError: 1.99485e+15
      Equation: "PotentialEquation"	RelError: 6.45211e-02	AbsError: 1.13223e-02
Iteration: 4
  Device: "diode3d"	RelError: 1.87636e-01	AbsError: 2.26635e+15
    Region: "Bulk"	RelError: 1.87636e-01	AbsError: 2.26635e+15
      Equation: "ElectronContinuityEquation"	RelError: 8.44238e-02	AbsError: 9.38255e+14
      Equation: "HoleContinuityEquation"	RelError: 1.12409e-02	AbsError: 1.32809e+15
      Equation: "PotentialEquation"	RelError: 9.19711e-02	AbsError: 1.38372e-03
Iteration: 5
  Device: "diode3d"	RelError: 4.62830e-04	AbsError: 1.06773e+14
    Region: "Bulk"	RelError: 4.62830e-04	AbsError: 1.06773e+14
      Equation: "ElectronContinuityEquation"	RelError: 3.26544e-04	AbsError: 5.64455e+13
      Equation: "HoleContinuityEquation"	RelError: 9.61993e-05	AbsError: 5.03278e+13
      Equation: "PotentialEquation"	RelError: 4.00872e-05	AbsError: 8.66685e-06
Iteration: 6
  Device: "diode3d"	RelError: 6.74401e-07	AbsError: 1.42236e+11
    Region: "Bulk"	RelError: 6.74401e-07	AbsError: 1.42236e+11
      Equation: "ElectronContinuityEquation"	RelError: 3.24119e-07	AbsError: 7.47247e+10
      Equation: "HoleContinuityEquation"	RelError: 3.23651e-07	AbsError: 6.75115e+10
      Equation: "PotentialEquation"	RelError: 2.66306e-08	AbsError: 9.60089e-09
Iteration: 7
  Device: "diode3d"	RelError: 1.78280e-09	AbsError: 8.56095e+08
    Region: "Bulk"	RelError: 1.78280e-09	AbsError: 8.56095e+08
      Equation: "ElectronContinuityEquation"	RelError: 8.48328e-10	AbsError: 8.43696e+08
      Equation: "HoleContinuityEquation"	RelError: 8.67190e-10	AbsError: 1.23997e+07
      Equation: "PotentialEquation"	RelError: 6.72776e-11	AbsError: 2.19616e-11
top	0.3	6.83003935287e-16	3.3797657374e-16	1.02098050903e-15
bot	0.0	-6.83508601641e-16	-3.37470954652e-16	-1.02097955629e-15
Region "Bulk" on device "diode3d" has equations 0:4250
Device "diode3d" has equations 0:4250
number of equations 4251
Iteration: 0
  Device: "diode3d"	RelError: 3.08946e+01	AbsError: 2.69561e+17
    Region: "Bulk"	RelError: 3.08946e+01	AbsError: 2.69561e+17
      Equation: "ElectronContinuityEquation"	RelError: 7.94823e-01	AbsError: 1.31989e+17
      Equation: "HoleContinuityEquation"	RelError: 7.94920e-01	AbsError: 1.37572e+17
      Equation: "PotentialEquation"	RelError: 2.93049e+01	AbsError: 4.63742e-02
Iteration: 1
  Device: "diode3d"	RelError: 1.47882e+02	AbsError: 1.01122e+17
    Region: "Bulk"	RelError: 1.47882e+02	AbsError: 1.01122e+17
      Equation: "ElectronContinuityEquation"	RelError: 6.90530e-01	AbsError: 2.82688e+16
      Equation: "HoleContinuityEquation"	RelError: 7.74919e-01	AbsError: 7.28533e+16
      Equation: "PotentialEquation"	RelError: 1.46417e+02	AbsError: 3.45366e-02
Iteration: 2
  Device: "diode3d"	RelError: 2.04653e+01	AbsError: 3.68978e+16
    Region: "Bulk"	RelError: 2.04653e+01	AbsError: 3.68978e+16
      Equation: "ElectronContinuityEquation"	RelError: 5.02472e-01	AbsError: 1.39321e+16
      Equation: "HoleContinuityEquation"	RelError: 4.97433e-01	AbsError: 2.29657e+16
      Equation: "PotentialEquation"	RelError: 1.94654e+01	AbsError: 2.58896e-02
Iteration: 3
  Device: "diode3d"	RelError: 6.48854e-01	AbsError: 7.30716e+15
    Region: "Bulk"	RelError: 6.48854e-01	AbsError: 7.30716e+15
      Equation: "ElectronContinuityEquation"	RelError: 3.05478e-01	AbsError: 3.78816e+15
      Equation: "HoleContinuityEquation"	RelError: 1.54426e-01	AbsError: 3.51900e+15
      Equation: "PotentialEquation"	RelError: 1.88950e-01	AbsError: 1.45227e-02
Iteration: 4
  Device: "diode3d"	RelError: 1.96489e-01	AbsError: 5.45152e+15
    Region: "Bulk"	RelError: 1.96489e-01	AbsError: 5.45152e+15
      Equation: "ElectronContinuityEquation"	RelError: 9.31785e-02	AbsError: 3.02460e+15
      Equation: "HoleContinuityEquation"	RelError: 1.22120e-02	AbsError: 2.42692e+15
      Equation: "PotentialEquation"	RelError: 9.10982e-02	AbsError: 5.63292e-03
Iteration: 5
  Device: "diode3d"	RelError: 1.23095e-03	AbsError: 1.01101e+14
    Region: "Bulk"	RelError: 1.23095e-03	AbsError: 1.01101e+14
      Equation: "ElectronContinuityEquation"	RelError: 2.54675e-04	AbsError: 6.76468e+13
      Equation: "HoleContinuityEquation"	RelError: 6.54483e-04	AbsError: 3.34546e+13
      Equation: "PotentialEquation"	RelError: 3.21792e-04	AbsError: 1.91501e-05
Iteration: 6
  Device: "diode3d"	RelError: 4.66270e-07	AbsError: 2.79422e+11
    Region: "Bulk"	RelError: 4.66270e-07	AbsError: 2.79422e+11
      Equation: "ElectronContinuityEquation"	RelError: 1.44814e-07	AbsError: 1.43949e+11
      Equation: "HoleContinuityEquation"	RelError: 1.44890e-07	AbsError: 1.35473e+11
      Equation: "PotentialEquation"	RelError: 1.76566e-07	AbsError: 6.73368e-09
Iteration: 7
  Device: "diode3d"	RelError: 7.84672e-10	AbsError: 3.41861e+08
    Region: "Bulk"	RelError: 7.84672e-10	AbsError: 3.41861e+08
      Equation: "ElectronContinuityEquation"	RelError: 2.70405e-10	AbsError: 8.56043e+07
      Equation: "HoleContinuityEquation"	RelError: 2.57360e-10	AbsError: 2.56256e+08
      Equation: "PotentialEquation"	RelError: 2.56906e-10	AbsError: 6.72520e-12
top	0.4	3.07499041974e-14	1.52170621112e-14	4.59669663086e-14
bot	0.0	-3.07536886432e-14	-1.52132831694e-14	-4.59669718126e-14
Region "Bulk" on device "diode3d" has equations 0:4250
Device "diode3d" has equations 0:4250
number of equations 4251
Iteration: 0
  Device: "diode3d"	RelError: 4.93121e+01	AbsError: 3.24148e+17
    Region: "Bulk"	RelError: 4.93121e+01	AbsError: 3.24148e+17
      Equation: "ElectronContinuityEquation"	RelError: 7.97109e-01	AbsError: 1.51658e+17
      Equation: "HoleContinuityEquation"	RelError: 7.96936e-01	AbsError: 1.72490e+17
      Equation: "PotentialEquation"	RelError: 4.77181e+01	AbsError: 4.93503e-02
Iteration: 1
  Device: "diode3d"	RelError: 1.41064e+02	AbsError: 1.97060e+17
    Region: "Bulk"	RelError: 1.41064e+02	AbsError: 1.97060e+17
      Equation: "ElectronContinuityEquation"	RelError: 6.87623e-01	AbsError: 1.29461e+17
      Equation: "HoleContinuityEquation"	RelError: 7.87343e-01	AbsError: 6.75987e+16
      Equation: "PotentialEquation"	RelError: 1.39589e+02	AbsError: 3.47287e-02
Iteration: 2
  Device: "diode3d"	RelError: 3.82810e+00	AbsError: 3.46533e+16
    Region: "Bulk"	RelError: 3.82810e+00	AbsError: 3.46533e+16
      Equation: "ElectronContinuityEquation"	RelError: 5.09328e-01	AbsError: 1.38649e+16
      Equation: "HoleContinuityEquation"	RelError: 5.68767e-01	AbsError: 2.07884e+16
      Equation: "PotentialEquation"	RelError: 2.75001e+00	AbsError: 2.58681e-02
Iteration: 3
  Device: "diode3d"	RelError: 1.09110e+00	AbsError: 8.74935e+15
    Region: "Bulk"	RelError: 1.09110e+00	AbsError: 8.74935e+15
      Equation: "ElectronContinuityEquation"	RelError: 3.10615e-01	AbsError: 6.20749e+15
      Equation: "HoleContinuityEquation"	RelError: 1.47504e-01	AbsError: 2.54186e+15
      Equation: "PotentialEquation"	RelError: 6.32986e-01	AbsError: 1.46804e-02
Iteration: 4
  Device: "diode3d"	RelError: 1.86897e-01	AbsError: 7.42678e+15
    Region: "Bulk"	RelError: 1.86897e-01	AbsError: 7.42678e+15
      Equation: "ElectronContinuityEquation"	RelError: 8.84476e-02	AbsError: 5.06593e+15
      Equation: "HoleContinuityEquation"	RelError: 1.37877e-02	AbsError: 2.36086e+15
      Equation: "PotentialEquation"	RelError: 8.46615e-02	AbsError: 3.78159e-03
Iteration: 5
  Device: "diode3d"	RelError: 1.17436e-03	AbsError: 8.70044e+13
    Region: "Bulk"	RelError: 1.17436e-03	AbsError: 8.70044e+13
      Equation: "ElectronContinuityEquation"	RelError: 6.40287e-04	AbsError: 5.14227e+13
      Equation: "HoleContinuityEquation"	RelError: 3.69086e-04	AbsError: 3.55816e+13
      Equation: "PotentialEquation"	RelError: 1.64988e-04	AbsError: 3.81788e-06
Iteration: 6
  Device: "diode3d"	RelError: 2.10196e-07	AbsError: 9.56105e+10
    Region: "Bulk"	RelError: 2.10196e-07	AbsError: 9.56105e+10
      Equation: "ElectronContinuityEquation"	RelError: 7.73140e-08	AbsError: 7.36738e+10
      Equation: "HoleContinuityEquation"	RelError: 7.69794e-08	AbsError: 2.19367e+10
      Equation: "PotentialEquation"	RelError: 5.59025e-08	AbsError: 1.99706e-09
Iteration: 7
  Device: "diode3d"	RelError: 5.96812e-10	AbsError: 2.13384e+08
    Region: "Bulk"	RelError: 5.96812e-10	AbsError: 2.13384e+08
      Equation: "ElectronContinuityEquation"	RelError: 1.92188e-10	AbsError: 2.25984e+07
      Equation: "HoleContinuityEquation"	RelError: 1.91332e-10	AbsError: 1.90785e+08
      Equation: "PotentialEquation"	RelError: 2.13292e-10	AbsError: 4.95142e-12
top	0.5	1.38026422406e-12	6.83986485104e-13	2.06425070916e-12
bot	0.0	-1.38029349206e-12	-6.83957220121e-13	-2.06425071218e-12
