Searching DEVSIM_MATH_LIBS="libopenblas.so:liblapack.so:libblas.so"
Loading "libopenblas.so": ALL BLAS/LAPACK LOADED
Skipping liblapack.so
Skipping libblas.so
loading UMFPACK 5.1 as direct solver
mid
bot
 (region: MyRegion)
 (contact: top)
 (contact: bot)
creating solution dcop with 2 nodes
number of equations 259
creating solution dcop_prev with 2 nodes
Iteration: 0
  Device: "MyDevice"	RelError: 1.00000e+00	AbsError: 8.88979e-02
    Region: "MyRegion"	RelError: 1.00000e+00	AbsError: 8.88979e-02
      Equation: "PotentialEquation"	RelError: 1.00000e+00	AbsError: 8.88979e-02
  Circuit: 	RelError: 0.00000e+00	AbsError: 0.00000e+00
Iteration: 1
  Device: "MyDevice"	RelError: 4.91289e-01	AbsError: 8.58533e-02
    Region: "MyRegion"	RelError: 4.91289e-01	AbsError: 8.58533e-02
      Equation: "PotentialEquation"	RelError: 4.91289e-01	AbsError: 8.58533e-02
  Circuit: 	RelError: 0.00000e+00	AbsError: 0.00000e+00
Iteration: 2
  Device: "MyDevice"	RelError: 3.20767e-01	AbsError: 8.25260e-02
    Region: "MyRegion"	RelError: 3.20767e-01	AbsError: 8.25260e-02
      Equation: "PotentialEquation"	RelError: 3.20767e-01	AbsError: 8.25260e-02
  Circuit: 	RelError: 0.00000e+00	AbsError: 0.00000e+00
Iteration: 3
  Device: "MyDevice"	RelError: 2.34485e-01	AbsError: 7.88067e-02
    Region: "MyRegion"	RelError: 2.34485e-01	AbsError: 7.88067e-02
      Equation: "PotentialEquation"	RelError: 2.34485e-01	AbsError: 7.88067e-02
  Circuit: 	RelError: 0.00000e+00	AbsError: 0.00000e+00
Iteration: 4
  Device: "MyDevice"	RelError: 1.94033e-01	AbsError: 7.35639e-02
    Region: "MyRegion"	RelError: 1.94033e-01	AbsError: 7.35639e-02
      Equation: "PotentialEquation"	RelError: 1.94033e-01	AbsError: 7.35639e-02
  Circuit: 	RelError: 0.00000e+00	AbsError: 0.00000e+00
Iteration: 5
  Device: "MyDevice"	RelError: 2.20108e+00	AbsError: 5.56834e-02
    Region: "MyRegion"	RelError: 2.20108e+00	AbsError: 5.56834e-02
      Equation: "PotentialEquation"	RelError: 2.20108e+00	AbsError: 5.56834e-02
  Circuit: 	RelError: 0.00000e+00	AbsError: 0.00000e+00
Iteration: 6
  Device: "MyDevice"	RelError: 4.34688e-01	AbsError: 3.95692e-02
    Region: "MyRegion"	RelError: 4.34688e-01	AbsError: 3.95692e-02
      Equation: "PotentialEquation"	RelError: 4.34688e-01	AbsError: 3.95692e-02
  Circuit: 	RelError: 0.00000e+00	AbsError: 0.00000e+00
Iteration: 7
  Device: "MyDevice"	RelError: 6.45050e-02	AbsError: 2.91367e-02
    Region: "MyRegion"	RelError: 6.45050e-02	AbsError: 2.91367e-02
      Equation: "PotentialEquation"	RelError: 6.45050e-02	AbsError: 2.91367e-02
  Circuit: 	RelError: 0.00000e+00	AbsError: 0.00000e+00
Iteration: 8
  Device: "MyDevice"	RelError: 5.18778e-02	AbsError: 2.47384e-02
    Region: "MyRegion"	RelError: 5.18778e-02	AbsError: 2.47384e-02
      Equation: "PotentialEquation"	RelError: 5.18778e-02	AbsError: 2.47384e-02
  Circuit: 	RelError: 0.00000e+00	AbsError: 0.00000e+00
Iteration: 9
  Device: "MyDevice"	RelError: 8.93317e-04	AbsError: 4.25961e-04
    Region: "MyRegion"	RelError: 8.93317e-04	AbsError: 4.25961e-04
      Equation: "PotentialEquation"	RelError: 8.93317e-04	AbsError: 4.25961e-04
  Circuit: 	RelError: 0.00000e+00	AbsError: 0.00000e+00
Iteration: 10
  Device: "MyDevice"	RelError: 2.08087e-06	AbsError: 9.92174e-07
    Region: "MyRegion"	RelError: 2.08087e-06	AbsError: 9.92174e-07
      Equation: "PotentialEquation"	RelError: 2.08087e-06	AbsError: 9.92174e-07
  Circuit: 	RelError: 0.00000e+00	AbsError: 0.00000e+00
Iteration: 11
  Device: "MyDevice"	RelError: 1.63447e-11	AbsError: 7.79300e-12
    Region: "MyRegion"	RelError: 1.63447e-11	AbsError: 7.79300e-12
      Equation: "PotentialEquation"	RelError: 1.63447e-11	AbsError: 7.79300e-12
  Circuit: 	RelError: 0.00000e+00	AbsError: 0.00000e+00
Iteration: 12
  Device: "MyDevice"	RelError: 1.49735e-14	AbsError: 4.57786e-17
    Region: "MyRegion"	RelError: 1.49735e-14	AbsError: 4.57786e-17
      Equation: "PotentialEquation"	RelError: 1.49735e-14	AbsError: 4.57786e-17
  Circuit: 	RelError: 0.00000e+00	AbsError: 0.00000e+00
Warning: Replacing equation with equation of the same name.
Region: MyRegion, Equation: PotentialEquation, Variable: Potential
number of equations 773
Iteration: 0
  Device: "MyDevice"	RelError: 3.20866e-14	AbsError: 1.02400e+04
    Region: "MyRegion"	RelError: 3.20866e-14	AbsError: 1.02400e+04
      Equation: "ElectronContinuityEquation"	RelError: 1.04112e-14	AbsError: 5.12000e+03
      Equation: "HoleContinuityEquation"	RelError: 8.29579e-15	AbsError: 5.12000e+03
      Equation: "PotentialEquation"	RelError: 1.33797e-14	AbsError: 1.26837e-16
  Circuit: 	RelError: 1.04299e-12	AbsError: 1.04299e-22
bot	0.0	6.1428066854218015e-09	5.096707535136466e-25	6.142806685421802e-09
creating solution ssac_real with 2 nodes
creating solution ssac_imag with 2 nodes
Device: MyDevice	Region: MyRegion	Creating: Electrons_Real
Device: MyDevice	Region: MyRegion	Creating: Electrons_Imag
Device: MyDevice	Region: MyRegion	Creating: Holes_Real
Device: MyDevice	Region: MyRegion	Creating: Holes_Imag
Device: MyDevice	Region: MyRegion	Creating: Potential_Real
Device: MyDevice	Region: MyRegion	Creating: Potential_Imag
AC Iteration:
number of equations 773
capacitance 0.0 2.087271416430383e-07
number of equations 773
Iteration: 0
  Device: "MyDevice"	RelError: 1.55882e+01	AbsError: 2.08314e+17
    Region: "MyRegion"	RelError: 1.55882e+01	AbsError: 2.08314e+17
      Equation: "ElectronContinuityEquation"	RelError: 7.73734e-01	AbsError: 1.04105e+17
      Equation: "HoleContinuityEquation"	RelError: 7.73745e-01	AbsError: 1.04210e+17
      Equation: "PotentialEquation"	RelError: 1.40407e+01	AbsError: 4.09542e-02
  Circuit: 	RelError: 1.00000e+00	AbsError: 1.00000e-01
Iteration: 1
  Device: "MyDevice"	RelError: 3.17469e+01	AbsError: 2.42400e+16
    Region: "MyRegion"	RelError: 3.17469e+01	AbsError: 2.42400e+16
      Equation: "ElectronContinuityEquation"	RelError: 6.73265e-01	AbsError: 1.24340e+16
      Equation: "HoleContinuityEquation"	RelError: 7.58000e-01	AbsError: 1.18060e+16
      Equation: "PotentialEquation"	RelError: 3.03156e+01	AbsError: 3.07632e-02
  Circuit: 	RelError: 9.61053e+00	AbsError: 8.84142e-08
Iteration: 2
  Device: "MyDevice"	RelError: 1.19739e+00	AbsError: 1.61677e+15
    Region: "MyRegion"	RelError: 1.19739e+00	AbsError: 1.61677e+15
      Equation: "ElectronContinuityEquation"	RelError: 4.97846e-01	AbsError: 5.28126e+14
      Equation: "HoleContinuityEquation"	RelError: 4.94003e-01	AbsError: 1.08864e+15
      Equation: "PotentialEquation"	RelError: 2.05543e-01	AbsError: 2.57657e-02
  Circuit: 	RelError: 6.87197e+00	AbsError: 1.05324e-08
Iteration: 3
  Device: "MyDevice"	RelError: 3.86537e-01	AbsError: 1.91962e+14
    Region: "MyRegion"	RelError: 3.86537e-01	AbsError: 1.91962e+14
      Equation: "ElectronContinuityEquation"	RelError: 2.85215e-01	AbsError: 2.56968e+12
      Equation: "HoleContinuityEquation"	RelError: 7.70016e-02	AbsError: 1.89393e+14
      Equation: "PotentialEquation"	RelError: 2.43203e-02	AbsError: 9.16533e-03
  Circuit: 	RelError: 6.08054e-01	AbsError: 2.37772e-09
Iteration: 4
  Device: "MyDevice"	RelError: 8.06451e-02	AbsError: 1.67912e+14
    Region: "MyRegion"	RelError: 8.06451e-02	AbsError: 1.67912e+14
      Equation: "ElectronContinuityEquation"	RelError: 7.58952e-02	AbsError: 7.60495e+12
      Equation: "HoleContinuityEquation"	RelError: 4.18430e-04	AbsError: 1.60307e+14
      Equation: "PotentialEquation"	RelError: 4.33152e-03	AbsError: 5.84591e-06
  Circuit: 	RelError: 1.07441e-01	AbsError: 4.70708e-10
Iteration: 5
  Device: "MyDevice"	RelError: 8.02229e-06	AbsError: 5.16364e+09
    Region: "MyRegion"	RelError: 8.02229e-06	AbsError: 5.16364e+09
      Equation: "ElectronContinuityEquation"	RelError: 7.95867e-06	AbsError: 6.39752e+07
      Equation: "HoleContinuityEquation"	RelError: 6.34432e-08	AbsError: 5.09967e+09
      Equation: "PotentialEquation"	RelError: 1.74556e-10	AbsError: 6.39577e-11
  Circuit: 	RelError: 2.06227e-04	AbsError: 9.03312e-13
Iteration: 6
  Device: "MyDevice"	RelError: 4.91891e-14	AbsError: 5.37350e+02
    Region: "MyRegion"	RelError: 4.91891e-14	AbsError: 5.37350e+02
      Equation: "ElectronContinuityEquation"	RelError: 1.00778e-14	AbsError: 1.51213e+02
      Equation: "HoleContinuityEquation"	RelError: 1.43084e-15	AbsError: 3.86137e+02
      Equation: "PotentialEquation"	RelError: 3.76805e-14	AbsError: 9.28564e-17
  Circuit: 	RelError: 6.36814e-09	AbsError: 2.78936e-17
Iteration: 7
  Device: "MyDevice"	RelError: 4.84356e-14	AbsError: 3.56857e+02
    Region: "MyRegion"	RelError: 4.84356e-14	AbsError: 3.56857e+02
      Equation: "ElectronContinuityEquation"	RelError: 1.15948e-15	AbsError: 1.22948e+02
      Equation: "HoleContinuityEquation"	RelError: 2.17914e-15	AbsError: 2.33909e+02
      Equation: "PotentialEquation"	RelError: 4.50970e-14	AbsError: 8.62165e-17
  Circuit: 	RelError: 3.38823e-14	AbsError: 1.48411e-22
bot	0.0	-2.0436664725887448e-08	-1.3887265822398567e-09	-2.1825391308127304e-08
AC Iteration:
number of equations 773
capacitance 0.1 2.213586629583383e-07
number of equations 773
Iteration: 0
  Device: "MyDevice"	RelError: 9.42039e+01	AbsError: 2.20978e+17
    Region: "MyRegion"	RelError: 9.42039e+01	AbsError: 2.20978e+17
      Equation: "ElectronContinuityEquation"	RelError: 7.89745e-01	AbsError: 1.10497e+17
      Equation: "HoleContinuityEquation"	RelError: 7.89744e-01	AbsError: 1.10481e+17
      Equation: "PotentialEquation"	RelError: 9.26244e+01	AbsError: 4.09542e-02
  Circuit: 	RelError: 1.07928e+00	AbsError: 1.00000e-01
Iteration: 1
  Device: "MyDevice"	RelError: 8.55193e+01	AbsError: 2.76262e+16
    Region: "MyRegion"	RelError: 8.55193e+01	AbsError: 2.76262e+16
      Equation: "ElectronContinuityEquation"	RelError: 6.86041e-01	AbsError: 1.42200e+16
      Equation: "HoleContinuityEquation"	RelError: 7.75525e-01	AbsError: 1.34062e+16
      Equation: "PotentialEquation"	RelError: 8.40577e+01	AbsError: 3.07632e-02
  Circuit: 	RelError: 1.62349e+00	AbsError: 1.36770e-07
Iteration: 2
  Device: "MyDevice"	RelError: 1.32079e+01	AbsError: 2.23021e+15
    Region: "MyRegion"	RelError: 1.32079e+01	AbsError: 2.23021e+15
      Equation: "ElectronContinuityEquation"	RelError: 5.06839e-01	AbsError: 9.08268e+14
      Equation: "HoleContinuityEquation"	RelError: 4.95389e-01	AbsError: 1.32194e+15
      Equation: "PotentialEquation"	RelError: 1.22057e+01	AbsError: 2.58091e-02
  Circuit: 	RelError: 3.43657e-01	AbsError: 4.41098e-08
Iteration: 3
  Device: "MyDevice"	RelError: 3.95899e-01	AbsError: 1.78520e+14
    Region: "MyRegion"	RelError: 3.95899e-01	AbsError: 1.78520e+14
      Equation: "ElectronContinuityEquation"	RelError: 2.86175e-01	AbsError: 5.44953e+11
      Equation: "HoleContinuityEquation"	RelError: 7.66194e-02	AbsError: 1.77975e+14
      Equation: "PotentialEquation"	RelError: 3.31046e-02	AbsError: 9.16533e-03
  Circuit: 	RelError: 2.71175e-01	AbsError: 4.77569e-08
Iteration: 4
  Device: "MyDevice"	RelError: 8.29338e-02	AbsError: 1.53500e+14
    Region: "MyRegion"	RelError: 8.29338e-02	AbsError: 1.53500e+14
      Equation: "ElectronContinuityEquation"	RelError: 7.73670e-02	AbsError: 7.50941e+12
      Equation: "HoleContinuityEquation"	RelError: 3.76780e-04	AbsError: 1.45991e+14
      Equation: "PotentialEquation"	RelError: 5.18997e-03	AbsError: 5.38085e-06
  Circuit: 	RelError: 9.00462e-02	AbsError: 1.74274e-08
Iteration: 5
  Device: "MyDevice"	RelError: 7.62497e-06	AbsError: 4.44504e+09
    Region: "MyRegion"	RelError: 7.62497e-06	AbsError: 4.44504e+09
      Equation: "ElectronContinuityEquation"	RelError: 7.57183e-06	AbsError: 6.32485e+07
      Equation: "HoleContinuityEquation"	RelError: 5.21648e-08	AbsError: 4.38179e+09
      Equation: "PotentialEquation"	RelError: 9.80923e-10	AbsError: 5.49864e-11
  Circuit: 	RelError: 4.54541e-06	AbsError: 8.79707e-13
Iteration: 6
  Device: "MyDevice"	RelError: 2.66151e-14	AbsError: 4.33978e+02
    Region: "MyRegion"	RelError: 2.66151e-14	AbsError: 4.33978e+02
      Equation: "ElectronContinuityEquation"	RelError: 6.33482e-15	AbsError: 2.25422e+02
      Equation: "HoleContinuityEquation"	RelError: 1.41825e-15	AbsError: 2.08557e+02
      Equation: "PotentialEquation"	RelError: 1.88620e-14	AbsError: 3.99349e-17
  Circuit: 	RelError: 3.40848e-11	AbsError: 6.59668e-18
bot	0.0	-1.0809503080262615e-07	-6.419886908528685e-08	-1.72293899887913e-07
AC Iteration:
number of equations 773
capacitance 0.2 2.3660132787725488e-07
number of equations 773
Iteration: 0
  Device: "MyDevice"	RelError: 1.76152e+01	AbsError: 2.36198e+17
    Region: "MyRegion"	RelError: 1.76152e+01	AbsError: 2.36198e+17
      Equation: "ElectronContinuityEquation"	RelError: 7.92010e-01	AbsError: 1.18079e+17
      Equation: "HoleContinuityEquation"	RelError: 7.92008e-01	AbsError: 1.18119e+17
      Equation: "PotentialEquation"	RelError: 1.60312e+01	AbsError: 4.09542e-02
  Circuit: 	RelError: 7.78747e-01	AbsError: 1.00001e-01
Iteration: 1
  Device: "MyDevice"	RelError: 5.79987e+01	AbsError: 3.20625e+16
    Region: "MyRegion"	RelError: 5.79987e+01	AbsError: 3.20625e+16
      Equation: "ElectronContinuityEquation"	RelError: 6.87335e-01	AbsError: 1.65548e+16
      Equation: "HoleContinuityEquation"	RelError: 7.76690e-01	AbsError: 1.55077e+16
      Equation: "PotentialEquation"	RelError: 5.65347e+01	AbsError: 3.07632e-02
  Circuit: 	RelError: 7.33454e-01	AbsError: 2.40700e-06
Iteration: 2
  Device: "MyDevice"	RelError: 8.51199e+00	AbsError: 3.22716e+15
    Region: "MyRegion"	RelError: 8.51199e+00	AbsError: 3.22716e+15
      Equation: "ElectronContinuityEquation"	RelError: 5.07284e-01	AbsError: 1.57399e+15
      Equation: "HoleContinuityEquation"	RelError: 4.97207e-01	AbsError: 1.65317e+15
      Equation: "PotentialEquation"	RelError: 7.50750e+00	AbsError: 2.56514e-02
  Circuit: 	RelError: 5.07216e-01	AbsError: 3.37785e-06
Iteration: 3
  Device: "MyDevice"	RelError: 4.11221e-01	AbsError: 1.78024e+14
    Region: "MyRegion"	RelError: 4.11221e-01	AbsError: 1.78024e+14
      Equation: "ElectronContinuityEquation"	RelError: 2.83463e-01	AbsError: 2.85991e+12
      Equation: "HoleContinuityEquation"	RelError: 7.59356e-02	AbsError: 1.75164e+14
      Equation: "PotentialEquation"	RelError: 5.18226e-02	AbsError: 9.16533e-03
  Circuit: 	RelError: 1.94051e-01	AbsError: 1.60345e-06
Iteration: 4
  Device: "MyDevice"	RelError: 7.99077e-02	AbsError: 1.40233e+14
    Region: "MyRegion"	RelError: 7.99077e-02	AbsError: 1.40233e+14
      Equation: "ElectronContinuityEquation"	RelError: 7.70574e-02	AbsError: 7.36027e+12
      Equation: "HoleContinuityEquation"	RelError: 3.43934e-04	AbsError: 1.32872e+14
      Equation: "PotentialEquation"	RelError: 2.50630e-03	AbsError: 4.83333e-06
  Circuit: 	RelError: 5.21232e-02	AbsError: 4.54379e-07
Iteration: 5
  Device: "MyDevice"	RelError: 6.91607e-06	AbsError: 3.66110e+09
    Region: "MyRegion"	RelError: 6.91607e-06	AbsError: 3.66110e+09
      Equation: "ElectronContinuityEquation"	RelError: 6.87235e-06	AbsError: 6.15803e+07
      Equation: "HoleContinuityEquation"	RelError: 4.26238e-08	AbsError: 3.59952e+09
      Equation: "PotentialEquation"	RelError: 1.09690e-09	AbsError: 4.48497e-11
  Circuit: 	RelError: 4.50077e-06	AbsError: 3.92349e-11
Iteration: 6
  Device: "MyDevice"	RelError: 5.08905e-14	AbsError: 5.60485e+02
    Region: "MyRegion"	RelError: 5.08905e-14	AbsError: 5.60485e+02
      Equation: "ElectronContinuityEquation"	RelError: 9.90438e-15	AbsError: 3.13254e+02
      Equation: "HoleContinuityEquation"	RelError: 2.62296e-15	AbsError: 2.47232e+02
      Equation: "PotentialEquation"	RelError: 3.83631e-14	AbsError: 9.38686e-17
  Circuit: 	RelError: 5.41731e-13	AbsError: 4.72247e-18
bot	0.0	-5.805550754451786e-06	-2.904897659949611e-06	-8.710448414401398e-06
AC Iteration:
number of equations 773
capacitance 0.30000000000000004 2.554996759067955e-07
number of equations 773
Iteration: 0
  Device: "MyDevice"	RelError: 4.11263e+01	AbsError: 2.55026e+17
    Region: "MyRegion"	RelError: 4.11263e+01	AbsError: 2.55026e+17
      Equation: "ElectronContinuityEquation"	RelError: 7.92129e-01	AbsError: 1.27554e+17
      Equation: "HoleContinuityEquation"	RelError: 7.92127e-01	AbsError: 1.27473e+17
      Equation: "PotentialEquation"	RelError: 3.95421e+01	AbsError: 4.09542e-02
  Circuit: 	RelError: 7.91738e-01	AbsError: 1.00033e-01
Iteration: 1
  Device: "MyDevice"	RelError: 2.18548e+01	AbsError: 3.81706e+16
    Region: "MyRegion"	RelError: 2.18548e+01	AbsError: 3.81706e+16
      Equation: "ElectronContinuityEquation"	RelError: 6.87228e-01	AbsError: 1.98118e+16
      Equation: "HoleContinuityEquation"	RelError: 7.76841e-01	AbsError: 1.83589e+16
      Equation: "PotentialEquation"	RelError: 2.03907e+01	AbsError: 3.07632e-02
  Circuit: 	RelError: 7.24468e-01	AbsError: 1.10059e-04
Iteration: 2
  Device: "MyDevice"	RelError: 1.27548e+01	AbsError: 4.69999e+15
    Region: "MyRegion"	RelError: 1.27548e+01	AbsError: 4.69999e+15
      Equation: "ElectronContinuityEquation"	RelError: 5.07382e-01	AbsError: 2.55339e+15
      Equation: "HoleContinuityEquation"	RelError: 4.98122e-01	AbsError: 2.14661e+15
      Equation: "PotentialEquation"	RelError: 1.17493e+01	AbsError: 2.58118e-02
  Circuit: 	RelError: 4.97813e-01	AbsError: 1.50593e-04
Iteration: 3
  Device: "MyDevice"	RelError: 4.80474e-01	AbsError: 1.82025e+14
    Region: "MyRegion"	RelError: 4.80474e-01	AbsError: 1.82025e+14
      Equation: "ElectronContinuityEquation"	RelError: 2.85355e-01	AbsError: 8.96770e+12
      Equation: "HoleContinuityEquation"	RelError: 7.58715e-02	AbsError: 1.73058e+14
      Equation: "PotentialEquation"	RelError: 1.19247e-01	AbsError: 9.16533e-03
  Circuit: 	RelError: 1.89437e-01	AbsError: 7.06995e-05
Iteration: 4
  Device: "MyDevice"	RelError: 7.98385e-02	AbsError: 1.22233e+14
    Region: "MyRegion"	RelError: 7.98385e-02	AbsError: 1.22233e+14
      Equation: "ElectronContinuityEquation"	RelError: 7.67140e-02	AbsError: 7.16970e+12
      Equation: "HoleContinuityEquation"	RelError: 2.92638e-04	AbsError: 1.15063e+14
      Equation: "PotentialEquation"	RelError: 2.83191e-03	AbsError: 4.28690e-06
  Circuit: 	RelError: 5.12455e-02	AbsError: 2.01583e-05
Iteration: 5
  Device: "MyDevice"	RelError: 5.91865e-06	AbsError: 2.92969e+09
    Region: "MyRegion"	RelError: 5.91865e-06	AbsError: 2.92969e+09
      Equation: "ElectronContinuityEquation"	RelError: 5.88532e-06	AbsError: 5.95725e+07
      Equation: "HoleContinuityEquation"	RelError: 3.11977e-08	AbsError: 2.87012e+09
      Equation: "PotentialEquation"	RelError: 2.12624e-09	AbsError: 3.60038e-11
  Circuit: 	RelError: 3.91239e-06	AbsError: 1.53900e-09
Iteration: 6
  Device: "MyDevice"	RelError: 2.37111e-14	AbsError: 5.73683e+02
    Region: "MyRegion"	RelError: 2.37111e-14	AbsError: 5.73683e+02
      Equation: "ElectronContinuityEquation"	RelError: 5.51615e-15	AbsError: 2.80711e+02
      Equation: "HoleContinuityEquation"	RelError: 2.34778e-15	AbsError: 2.92972e+02
      Equation: "PotentialEquation"	RelError: 1.58472e-14	AbsError: 5.10408e-17
  Circuit: 	RelError: 9.16646e-15	AbsError: 3.60577e-18
bot	0.0	-0.00026216591186606217	-0.00013116963309847308	-0.0003933355449645353
AC Iteration:
number of equations 773
capacitance 0.4 2.797962487458615e-07
number of equations 773
Iteration: 0
  Device: "MyDevice"	RelError: 4.28085e+01	AbsError: 2.79301e+17
    Region: "MyRegion"	RelError: 4.28085e+01	AbsError: 2.79301e+17
      Equation: "ElectronContinuityEquation"	RelError: 7.92057e-01	AbsError: 1.39697e+17
      Equation: "HoleContinuityEquation"	RelError: 7.92055e-01	AbsError: 1.39604e+17
      Equation: "PotentialEquation"	RelError: 4.12244e+01	AbsError: 4.09542e-02
  Circuit: 	RelError: 7.92035e-01	AbsError: 1.01498e-01
Iteration: 1
  Device: "MyDevice"	RelError: 2.36886e+02	AbsError: 4.70477e+16
    Region: "MyRegion"	RelError: 2.36886e+02	AbsError: 4.70477e+16
      Equation: "ElectronContinuityEquation"	RelError: 6.87127e-01	AbsError: 2.45843e+16
      Equation: "HoleContinuityEquation"	RelError: 7.76600e-01	AbsError: 2.24634e+16
      Equation: "PotentialEquation"	RelError: 2.35422e+02	AbsError: 3.07632e-02
  Circuit: 	RelError: 7.23997e-01	AbsError: 4.96168e-03
Iteration: 2
  Device: "MyDevice"	RelError: 2.37518e+00	AbsError: 7.17468e+15
    Region: "MyRegion"	RelError: 2.37518e+00	AbsError: 7.17468e+15
      Equation: "ElectronContinuityEquation"	RelError: 5.06852e-01	AbsError: 4.23060e+15
      Equation: "HoleContinuityEquation"	RelError: 5.00372e-01	AbsError: 2.94408e+15
      Equation: "PotentialEquation"	RelError: 1.36796e+00	AbsError: 2.58032e-02
  Circuit: 	RelError: 4.97483e-01	AbsError: 6.78452e-03
Iteration: 3
  Device: "MyDevice"	RelError: 7.55961e-01	AbsError: 2.46059e+14
    Region: "MyRegion"	RelError: 7.55961e-01	AbsError: 2.46059e+14
      Equation: "ElectronContinuityEquation"	RelError: 2.85015e-01	AbsError: 2.19063e+13
      Equation: "HoleContinuityEquation"	RelError: 7.48695e-02	AbsError: 2.24153e+14
      Equation: "PotentialEquation"	RelError: 3.96077e-01	AbsError: 9.16533e-03
  Circuit: 	RelError: 1.88939e-01	AbsError: 3.17693e-03
Iteration: 4
  Device: "MyDevice"	RelError: 7.65492e-02	AbsError: 1.03945e+14
    Region: "MyRegion"	RelError: 7.65492e-02	AbsError: 1.03945e+14
      Equation: "ElectronContinuityEquation"	RelError: 7.62085e-02	AbsError: 6.84797e+12
      Equation: "HoleContinuityEquation"	RelError: 2.53121e-04	AbsError: 9.70973e+13
      Equation: "PotentialEquation"	RelError: 8.76027e-05	AbsError: 3.63265e-06
  Circuit: 	RelError: 5.08779e-02	AbsError: 9.01353e-04
Iteration: 5
  Device: "MyDevice"	RelError: 4.91093e-06	AbsError: 2.15430e+09
    Region: "MyRegion"	RelError: 4.91093e-06	AbsError: 2.15430e+09
      Equation: "ElectronContinuityEquation"	RelError: 4.88797e-06	AbsError: 5.57089e+07
      Equation: "HoleContinuityEquation"	RelError: 2.20782e-08	AbsError: 2.09859e+09
      Equation: "PotentialEquation"	RelError: 8.81705e-10	AbsError: 2.63301e-11
  Circuit: 	RelError: 3.25094e-06	AbsError: 5.75935e-08
Iteration: 6
  Device: "MyDevice"	RelError: 5.48191e-15	AbsError: 4.14635e+02
    Region: "MyRegion"	RelError: 5.48191e-15	AbsError: 4.14635e+02
      Equation: "ElectronContinuityEquation"	RelError: 3.17798e-15	AbsError: 2.04674e+02
      Equation: "HoleContinuityEquation"	RelError: 1.59077e-15	AbsError: 2.09961e+02
      Equation: "PotentialEquation"	RelError: 7.13157e-16	AbsError: 3.55613e-17
  Circuit: 	RelError: 2.96494e-15	AbsError: 5.25267e-17
bot	0.0	-0.011807969034765367	-0.00590798459506333	-0.017715953629828696
AC Iteration:
number of equations 773
capacitance 0.5 3.1267968849131696e-07
V1.I	dcop	-0.0177159276828066
V1.I	dcop_prev	-0.0003933657238622303
V1.I	ssac_imag	-1.9646244245821326e-06
V1.I	ssac_real	-0.6742482827885177
top_bias	dcop	0.5
top_bias	dcop_prev	0.4
top_bias	ssac_imag	0.0
top_bias	ssac_real	1.0
