
----------------------------------------

 DEVSIM

 Version: Beta 0.01

 Copyright 2009-2017 Devsim LLC

----------------------------------------


Adding 540 nodes
Adding 1541 edges with 0 duplicates removed
Adding 1002 triangles  with 0 duplicate removed
Contact Anode in region Silicon with 7 nodes
Contact Cathode in region Silicon with 16 nodes
Creating Node Solution Potential
Region "Silicon" on device "pn2d" has equations 0:539
Device "pn2d" has equations 0:539
number of equations 540
Iteration: 0
  Device: "pn2d"	RelError: 1.00000e+00	AbsError: 3.07958e-01
    Region: "Silicon"	RelError: 1.00000e+00	AbsError: 3.07958e-01
      Equation: "PotentialEquation"	RelError: 1.00000e+00	AbsError: 3.07958e-01
Iteration: 1
  Device: "pn2d"	RelError: 9.48950e+02	AbsError: 2.38478e-01
    Region: "Silicon"	RelError: 9.48950e+02	AbsError: 2.38478e-01
      Equation: "PotentialEquation"	RelError: 9.48950e+02	AbsError: 2.38478e-01
Iteration: 2
  Device: "pn2d"	RelError: 7.41923e+01	AbsError: 2.37034e-01
    Region: "Silicon"	RelError: 7.41923e+01	AbsError: 2.37034e-01
      Equation: "PotentialEquation"	RelError: 7.41923e+01	AbsError: 2.37034e-01
Iteration: 3
  Device: "pn2d"	RelError: 4.06386e+00	AbsError: 2.35686e-01
    Region: "Silicon"	RelError: 4.06386e+00	AbsError: 2.35686e-01
      Equation: "PotentialEquation"	RelError: 4.06386e+00	AbsError: 2.35686e-01
Iteration: 4
  Device: "pn2d"	RelError: 1.45865e+02	AbsError: 1.57887e-01
    Region: "Silicon"	RelError: 1.45865e+02	AbsError: 1.57887e-01
      Equation: "PotentialEquation"	RelError: 1.45865e+02	AbsError: 1.57887e-01
Iteration: 5
  Device: "pn2d"	RelError: 1.35418e+02	AbsError: 1.57914e-01
    Region: "Silicon"	RelError: 1.35418e+02	AbsError: 1.57914e-01
      Equation: "PotentialEquation"	RelError: 1.35418e+02	AbsError: 1.57914e-01
Iteration: 6
  Device: "pn2d"	RelError: 1.72594e+02	AbsError: 1.47982e-01
    Region: "Silicon"	RelError: 1.72594e+02	AbsError: 1.47982e-01
      Equation: "PotentialEquation"	RelError: 1.72594e+02	AbsError: 1.47982e-01
Iteration: 7
  Device: "pn2d"	RelError: 3.44881e+01	AbsError: 1.46441e-01
    Region: "Silicon"	RelError: 3.44881e+01	AbsError: 1.46441e-01
      Equation: "PotentialEquation"	RelError: 3.44881e+01	AbsError: 1.46441e-01
Iteration: 8
  Device: "pn2d"	RelError: 2.79287e+00	AbsError: 1.25505e-01
    Region: "Silicon"	RelError: 2.79287e+00	AbsError: 1.25505e-01
      Equation: "PotentialEquation"	RelError: 2.79287e+00	AbsError: 1.25505e-01
Iteration: 9
  Device: "pn2d"	RelError: 4.87845e+00	AbsError: 8.47244e-02
    Region: "Silicon"	RelError: 4.87845e+00	AbsError: 8.47244e-02
      Equation: "PotentialEquation"	RelError: 4.87845e+00	AbsError: 8.47244e-02
Iteration: 10
  Device: "pn2d"	RelError: 3.20250e+00	AbsError: 7.28688e-02
    Region: "Silicon"	RelError: 3.20250e+00	AbsError: 7.28688e-02
      Equation: "PotentialEquation"	RelError: 3.20250e+00	AbsError: 7.28688e-02
Iteration: 11
  Device: "pn2d"	RelError: 1.16918e+00	AbsError: 6.51325e-02
    Region: "Silicon"	RelError: 1.16918e+00	AbsError: 6.51325e-02
      Equation: "PotentialEquation"	RelError: 1.16918e+00	AbsError: 6.51325e-02
Iteration: 12
  Device: "pn2d"	RelError: 1.51313e+02	AbsError: 5.46855e-02
    Region: "Silicon"	RelError: 1.51313e+02	AbsError: 5.46855e-02
      Equation: "PotentialEquation"	RelError: 1.51313e+02	AbsError: 5.46855e-02
Iteration: 13
  Device: "pn2d"	RelError: 5.74154e+00	AbsError: 4.60583e-02
    Region: "Silicon"	RelError: 5.74154e+00	AbsError: 4.60583e-02
      Equation: "PotentialEquation"	RelError: 5.74154e+00	AbsError: 4.60583e-02
Iteration: 14
  Device: "pn2d"	RelError: 4.25804e+00	AbsError: 3.67857e-02
    Region: "Silicon"	RelError: 4.25804e+00	AbsError: 3.67857e-02
      Equation: "PotentialEquation"	RelError: 4.25804e+00	AbsError: 3.67857e-02
Iteration: 15
  Device: "pn2d"	RelError: 5.49279e+00	AbsError: 2.58566e-02
    Region: "Silicon"	RelError: 5.49279e+00	AbsError: 2.58566e-02
      Equation: "PotentialEquation"	RelError: 5.49279e+00	AbsError: 2.58566e-02
Iteration: 16
  Device: "pn2d"	RelError: 6.84161e-02	AbsError: 1.84034e-02
    Region: "Silicon"	RelError: 6.84161e-02	AbsError: 1.84034e-02
      Equation: "PotentialEquation"	RelError: 6.84161e-02	AbsError: 1.84034e-02
Iteration: 17
  Device: "pn2d"	RelError: 2.10333e-04	AbsError: 5.65658e-05
    Region: "Silicon"	RelError: 2.10333e-04	AbsError: 5.65658e-05
      Equation: "PotentialEquation"	RelError: 2.10333e-04	AbsError: 5.65658e-05
Iteration: 18
  Device: "pn2d"	RelError: 3.14468e-09	AbsError: 8.45714e-10
    Region: "Silicon"	RelError: 3.14468e-09	AbsError: 8.45714e-10
      Equation: "PotentialEquation"	RelError: 3.14468e-09	AbsError: 8.45714e-10
Iteration: 19
  Device: "pn2d"	RelError: 1.16929e-14	AbsError: 1.01086e-16
    Region: "Silicon"	RelError: 1.16929e-14	AbsError: 1.01086e-16
      Equation: "PotentialEquation"	RelError: 1.16929e-14	AbsError: 1.01086e-16
Warning: Replacing equation with equation of the same name.
Region: Silicon, Equation: PotentialEquation, Variable: Potential
Region "Silicon" on device "pn2d" has equations 0:1619
Device "pn2d" has equations 0:1619
number of equations 1620
Iteration: 0
  Device: "pn2d"	RelError: 1.92185e-02	AbsError: 4.19840e+04
    Region: "Silicon"	RelError: 1.92185e-02	AbsError: 4.19840e+04
      Equation: "ElectronContinuityEquation"	RelError: 6.96628e-03	AbsError: 5.12000e+03
      Equation: "HoleContinuityEquation"	RelError: 1.22522e-02	AbsError: 3.68640e+04
      Equation: "PotentialEquation"	RelError: 2.10429e-14	AbsError: 2.28644e-16
Iteration: 1
  Device: "pn2d"	RelError: 2.10870e-04	AbsError: 5.31104e+02
    Region: "Silicon"	RelError: 2.10870e-04	AbsError: 5.31104e+02
      Equation: "ElectronContinuityEquation"	RelError: 1.73159e-04	AbsError: 6.71162e+01
      Equation: "HoleContinuityEquation"	RelError: 3.77108e-05	AbsError: 4.63988e+02
      Equation: "PotentialEquation"	RelError: 2.45765e-14	AbsError: 1.83060e-16
Anode	0.0	1.65846034042e-20	-5.86085567911e-15	-5.86083909451e-15
Cathode	0.0	0.0	2.73110322801e-20	2.73110322801e-20
Region "Silicon" on device "pn2d" has equations 0:1619
Device "pn2d" has equations 0:1619
number of equations 1620
Iteration: 0
  Device: "pn2d"	RelError: 2.92250e+00	AbsError: 1.28646e+16
    Region: "Silicon"	RelError: 2.92250e+00	AbsError: 1.28646e+16
      Equation: "ElectronContinuityEquation"	RelError: 4.90169e-01	AbsError: 5.71143e+15
      Equation: "HoleContinuityEquation"	RelError: 4.91312e-01	AbsError: 7.15322e+15
      Equation: "PotentialEquation"	RelError: 1.94102e+00	AbsError: 2.50000e-02
Iteration: 1
  Device: "pn2d"	RelError: 5.02093e-01	AbsError: 1.54729e+14
    Region: "Silicon"	RelError: 5.02093e-01	AbsError: 1.54729e+14
      Equation: "ElectronContinuityEquation"	RelError: 2.51288e-01	AbsError: 8.03012e+13
      Equation: "HoleContinuityEquation"	RelError: 2.50560e-01	AbsError: 7.44273e+13
      Equation: "PotentialEquation"	RelError: 2.45870e-04	AbsError: 9.32651e-05
Iteration: 2
  Device: "pn2d"	RelError: 1.05052e-02	AbsError: 2.64472e+10
    Region: "Silicon"	RelError: 1.05052e-02	AbsError: 2.64472e+10
      Equation: "ElectronContinuityEquation"	RelError: 7.27234e-03	AbsError: 5.32651e+09
      Equation: "HoleContinuityEquation"	RelError: 3.23276e-03	AbsError: 2.11207e+10
      Equation: "PotentialEquation"	RelError: 7.85169e-08	AbsError: 2.17640e-08
Iteration: 3
  Device: "pn2d"	RelError: 5.55629e-05	AbsError: 1.73531e+06
    Region: "Silicon"	RelError: 5.55629e-05	AbsError: 1.73531e+06
      Equation: "ElectronContinuityEquation"	RelError: 1.10747e-06	AbsError: 8.83299e+05
      Equation: "HoleContinuityEquation"	RelError: 5.44554e-05	AbsError: 8.52007e+05
      Equation: "PotentialEquation"	RelError: 4.14129e-11	AbsError: 2.47068e-12
Iteration: 4
  Device: "pn2d"	RelError: 1.96727e-04	AbsError: 5.71374e+02
    Region: "Silicon"	RelError: 1.96727e-04	AbsError: 5.71374e+02
      Equation: "ElectronContinuityEquation"	RelError: 1.35521e-04	AbsError: 6.36918e+01
      Equation: "HoleContinuityEquation"	RelError: 6.12055e-05	AbsError: 5.07682e+02
      Equation: "PotentialEquation"	RelError: 2.01332e-14	AbsError: 1.35411e-16
Anode	0.025	1.50118009956e-16	-2.61429059569e-14	-2.5992787947e-14
Cathode	0.0	-2.30926389122e-14	-1.41898138488e-16	-2.32345370507e-14
Region "Silicon" on device "pn2d" has equations 0:1619
Device "pn2d" has equations 0:1619
number of equations 1620
Iteration: 0
  Device: "pn2d"	RelError: 2.90681e+00	AbsError: 1.30712e+16
    Region: "Silicon"	RelError: 2.90681e+00	AbsError: 1.30712e+16
      Equation: "ElectronContinuityEquation"	RelError: 4.90819e-01	AbsError: 5.86843e+15
      Equation: "HoleContinuityEquation"	RelError: 4.90230e-01	AbsError: 7.20278e+15
      Equation: "PotentialEquation"	RelError: 1.92576e+00	AbsError: 2.50000e-02
Iteration: 1
  Device: "pn2d"	RelError: 5.03415e-01	AbsError: 1.54263e+14
    Region: "Silicon"	RelError: 5.03415e-01	AbsError: 1.54263e+14
      Equation: "ElectronContinuityEquation"	RelError: 2.51570e-01	AbsError: 6.96302e+13
      Equation: "HoleContinuityEquation"	RelError: 2.51187e-01	AbsError: 8.46331e+13
      Equation: "PotentialEquation"	RelError: 6.58204e-04	AbsError: 9.11180e-05
Iteration: 2
  Device: "pn2d"	RelError: 1.78518e-03	AbsError: 4.76958e+10
    Region: "Silicon"	RelError: 1.78518e-03	AbsError: 4.76958e+10
      Equation: "ElectronContinuityEquation"	RelError: 1.39540e-03	AbsError: 7.44075e+09
      Equation: "HoleContinuityEquation"	RelError: 3.89612e-04	AbsError: 4.02551e+10
      Equation: "PotentialEquation"	RelError: 1.63916e-07	AbsError: 4.30120e-08
Iteration: 3
  Device: "pn2d"	RelError: 4.33904e-05	AbsError: 1.97196e+06
    Region: "Silicon"	RelError: 4.33904e-05	AbsError: 1.97196e+06
      Equation: "ElectronContinuityEquation"	RelError: 2.49804e-05	AbsError: 5.86014e+05
      Equation: "HoleContinuityEquation"	RelError: 1.84097e-05	AbsError: 1.38594e+06
      Equation: "PotentialEquation"	RelError: 2.15994e-10	AbsError: 1.38464e-12
Iteration: 4
  Device: "pn2d"	RelError: 2.38534e-03	AbsError: 5.56162e+02
    Region: "Silicon"	RelError: 2.38534e-03	AbsError: 5.56162e+02
      Equation: "ElectronContinuityEquation"	RelError: 2.32635e-03	AbsError: 6.42496e+01
      Equation: "HoleContinuityEquation"	RelError: 5.89891e-05	AbsError: 4.91912e+02
      Equation: "PotentialEquation"	RelError: 2.62153e-14	AbsError: 1.68054e-16
Anode	0.05	5.44366395987e-16	9.51817759159e-14	9.57261423119e-14
Cathode	0.0	-6.2172489379e-14	-5.14513153218e-16	-6.26870025322e-14
Region "Silicon" on device "pn2d" has equations 0:1619
Device "pn2d" has equations 0:1619
number of equations 1620
Iteration: 0
  Device: "pn2d"	RelError: 3.06520e+00	AbsError: 1.32455e+16
    Region: "Silicon"	RelError: 3.06520e+00	AbsError: 1.32455e+16
      Equation: "ElectronContinuityEquation"	RelError: 4.91078e-01	AbsError: 6.00424e+15
      Equation: "HoleContinuityEquation"	RelError: 4.90851e-01	AbsError: 7.24130e+15
      Equation: "PotentialEquation"	RelError: 2.08327e+00	AbsError: 2.50000e-02
Iteration: 1
  Device: "pn2d"	RelError: 5.04076e-01	AbsError: 1.72120e+14
    Region: "Silicon"	RelError: 5.04076e-01	AbsError: 1.72120e+14
      Equation: "ElectronContinuityEquation"	RelError: 2.51756e-01	AbsError: 5.93495e+13
      Equation: "HoleContinuityEquation"	RelError: 2.51442e-01	AbsError: 1.12771e+14
      Equation: "PotentialEquation"	RelError: 8.78065e-04	AbsError: 1.22187e-04
Iteration: 2
  Device: "pn2d"	RelError: 9.77898e-04	AbsError: 8.40717e+10
    Region: "Silicon"	RelError: 9.77898e-04	AbsError: 8.40717e+10
      Equation: "ElectronContinuityEquation"	RelError: 5.29451e-04	AbsError: 1.32900e+10
      Equation: "HoleContinuityEquation"	RelError: 4.48133e-04	AbsError: 7.07818e+10
      Equation: "PotentialEquation"	RelError: 3.12942e-07	AbsError: 7.71355e-08
Iteration: 3
  Device: "pn2d"	RelError: 1.26887e-03	AbsError: 7.54894e+05
    Region: "Silicon"	RelError: 1.26887e-03	AbsError: 7.54894e+05
      Equation: "ElectronContinuityEquation"	RelError: 5.25580e-05	AbsError: 3.69538e+05
      Equation: "HoleContinuityEquation"	RelError: 1.21631e-03	AbsError: 3.85355e+05
      Equation: "PotentialEquation"	RelError: 6.01643e-11	AbsError: 4.48449e-13
Iteration: 4
  Device: "pn2d"	RelError: 1.04583e-05	AbsError: 5.71281e+02
    Region: "Silicon"	RelError: 1.04583e-05	AbsError: 5.71281e+02
      Equation: "ElectronContinuityEquation"	RelError: 7.26507e-07	AbsError: 6.40126e+01
      Equation: "HoleContinuityEquation"	RelError: 9.73180e-06	AbsError: 5.07268e+02
      Equation: "PotentialEquation"	RelError: 1.01160e-14	AbsError: 1.02751e-16
Anode	0.075	1.57978580485e-15	1.04855185923e-13	1.06434971728e-13
Cathode	0.0	-1.30045744664e-13	-1.49319299559e-15	-1.31538937659e-13
Region "Silicon" on device "pn2d" has equations 0:1619
Device "pn2d" has equations 0:1619
number of equations 1620
Iteration: 0
  Device: "pn2d"	RelError: 1.65794e+00	AbsError: 1.33867e+16
    Region: "Silicon"	RelError: 1.65794e+00	AbsError: 1.33867e+16
      Equation: "ElectronContinuityEquation"	RelError: 4.91179e-01	AbsError: 6.11956e+15
      Equation: "HoleContinuityEquation"	RelError: 4.91092e-01	AbsError: 7.26712e+15
      Equation: "PotentialEquation"	RelError: 6.75669e-01	AbsError: 2.50000e-02
Iteration: 1
  Device: "pn2d"	RelError: 5.04140e-01	AbsError: 2.12285e+14
    Region: "Silicon"	RelError: 5.04140e-01	AbsError: 2.12285e+14
      Equation: "ElectronContinuityEquation"	RelError: 2.51885e-01	AbsError: 6.70081e+13
      Equation: "HoleContinuityEquation"	RelError: 2.51569e-01	AbsError: 1.45277e+14
      Equation: "PotentialEquation"	RelError: 6.86040e-04	AbsError: 1.57978e-04
Iteration: 2
  Device: "pn2d"	RelError: 1.02708e-03	AbsError: 1.37473e+11
    Region: "Silicon"	RelError: 1.02708e-03	AbsError: 1.37473e+11
      Equation: "ElectronContinuityEquation"	RelError: 6.31614e-04	AbsError: 2.45060e+10
      Equation: "HoleContinuityEquation"	RelError: 3.94924e-04	AbsError: 1.12967e+11
      Equation: "PotentialEquation"	RelError: 5.37852e-07	AbsError: 1.23854e-07
Iteration: 3
  Device: "pn2d"	RelError: 1.28592e-03	AbsError: 4.60919e+06
    Region: "Silicon"	RelError: 1.28592e-03	AbsError: 4.60919e+06
      Equation: "ElectronContinuityEquation"	RelError: 7.66249e-04	AbsError: 6.50492e+05
      Equation: "HoleContinuityEquation"	RelError: 5.19671e-04	AbsError: 3.95869e+06
      Equation: "PotentialEquation"	RelError: 1.14692e-11	AbsError: 8.91093e-13
Iteration: 4
  Device: "pn2d"	RelError: 1.28474e-03	AbsError: 6.22485e+02
    Region: "Silicon"	RelError: 1.28474e-03	AbsError: 6.22485e+02
      Equation: "ElectronContinuityEquation"	RelError: 7.65301e-04	AbsError: 1.12987e+02
      Equation: "HoleContinuityEquation"	RelError: 5.19440e-04	AbsError: 5.09498e+02
      Equation: "PotentialEquation"	RelError: 1.50734e-14	AbsError: 3.82243e-16
Anode	0.1	4.29941448846e-15	2.33493575571e-13	2.37792990059e-13
Cathode	0.0	-2.48479042804e-13	-4.06349620852e-15	-2.52542539012e-13
Region "Silicon" on device "pn2d" has equations 0:1619
Device "pn2d" has equations 0:1619
number of equations 1620
Iteration: 0
  Device: "pn2d"	RelError: 1.86129e+00	AbsError: 1.34926e+16
    Region: "Silicon"	RelError: 1.86129e+00	AbsError: 1.34926e+16
      Equation: "ElectronContinuityEquation"	RelError: 4.91220e-01	AbsError: 6.21451e+15
      Equation: "HoleContinuityEquation"	RelError: 4.91186e-01	AbsError: 7.27812e+15
      Equation: "PotentialEquation"	RelError: 8.78883e-01	AbsError: 2.50000e-02
Iteration: 1
  Device: "pn2d"	RelError: 5.04564e-01	AbsError: 2.69852e+14
    Region: "Silicon"	RelError: 5.04564e-01	AbsError: 2.69852e+14
      Equation: "ElectronContinuityEquation"	RelError: 2.51966e-01	AbsError: 9.02396e+13
      Equation: "HoleContinuityEquation"	RelError: 2.51683e-01	AbsError: 1.79613e+14
      Equation: "PotentialEquation"	RelError: 9.15396e-04	AbsError: 1.95620e-04
Iteration: 2
  Device: "pn2d"	RelError: 1.17991e-03	AbsError: 2.08493e+11
    Region: "Silicon"	RelError: 1.17991e-03	AbsError: 2.08493e+11
      Equation: "ElectronContinuityEquation"	RelError: 7.46094e-04	AbsError: 4.79330e+10
      Equation: "HoleContinuityEquation"	RelError: 4.32985e-04	AbsError: 1.60560e+11
      Equation: "PotentialEquation"	RelError: 8.26871e-07	AbsError: 1.76703e-07
Iteration: 3
  Device: "pn2d"	RelError: 1.16654e-05	AbsError: 6.97357e+06
    Region: "Silicon"	RelError: 1.16654e-05	AbsError: 6.97357e+06
      Equation: "ElectronContinuityEquation"	RelError: 2.98070e-06	AbsError: 1.77058e+06
      Equation: "HoleContinuityEquation"	RelError: 8.68454e-06	AbsError: 5.20299e+06
      Equation: "PotentialEquation"	RelError: 1.09622e-10	AbsError: 1.75703e-12
Iteration: 4
  Device: "pn2d"	RelError: 2.20397e-04	AbsError: 5.69530e+02
    Region: "Silicon"	RelError: 2.20397e-04	AbsError: 5.69530e+02
      Equation: "ElectronContinuityEquation"	RelError: 2.33058e-07	AbsError: 8.20862e+01
      Equation: "HoleContinuityEquation"	RelError: 2.20164e-04	AbsError: 4.87443e+02
      Equation: "PotentialEquation"	RelError: 1.93329e-14	AbsError: 2.73473e-16
Anode	0.125	1.14424566313e-14	4.17851712059e-13	4.2929416869e-13
Cathode	0.0	-4.24976879911e-13	-1.08141963736e-14	-4.35791076284e-13
Region "Silicon" on device "pn2d" has equations 0:1619
Device "pn2d" has equations 0:1619
number of equations 1620
Iteration: 0
  Device: "pn2d"	RelError: 8.18113e+00	AbsError: 1.35607e+16
    Region: "Silicon"	RelError: 8.18113e+00	AbsError: 1.35607e+16
      Equation: "ElectronContinuityEquation"	RelError: 4.91251e-01	AbsError: 6.28879e+15
      Equation: "HoleContinuityEquation"	RelError: 4.91222e-01	AbsError: 7.27187e+15
      Equation: "PotentialEquation"	RelError: 7.19866e+00	AbsError: 2.50000e-02
Iteration: 1
  Device: "pn2d"	RelError: 5.06691e-01	AbsError: 3.29837e+14
    Region: "Silicon"	RelError: 5.06691e-01	AbsError: 3.29837e+14
      Equation: "ElectronContinuityEquation"	RelError: 2.52041e-01	AbsError: 1.18025e+14
      Equation: "HoleContinuityEquation"	RelError: 2.51709e-01	AbsError: 2.11811e+14
      Equation: "PotentialEquation"	RelError: 2.94113e-03	AbsError: 2.30657e-04
Iteration: 2
  Device: "pn2d"	RelError: 1.40987e-03	AbsError: 2.83535e+11
    Region: "Silicon"	RelError: 1.40987e-03	AbsError: 2.83535e+11
      Equation: "ElectronContinuityEquation"	RelError: 8.58865e-04	AbsError: 8.39544e+10
      Equation: "HoleContinuityEquation"	RelError: 5.17564e-04	AbsError: 1.99581e+11
      Equation: "PotentialEquation"	RelError: 3.34430e-05	AbsError: 2.21812e-07
Iteration: 3
  Device: "pn2d"	RelError: 9.86467e-05	AbsError: 2.79569e+07
    Region: "Silicon"	RelError: 9.86467e-05	AbsError: 2.79569e+07
      Equation: "ElectronContinuityEquation"	RelError: 6.10757e-06	AbsError: 1.32311e+07
      Equation: "HoleContinuityEquation"	RelError: 9.25378e-05	AbsError: 1.47258e+07
      Equation: "PotentialEquation"	RelError: 1.35405e-09	AbsError: 1.04026e-11
Iteration: 4
  Device: "pn2d"	RelError: 1.31879e-04	AbsError: 6.33283e+02
    Region: "Silicon"	RelError: 1.31879e-04	AbsError: 6.33283e+02
      Equation: "ElectronContinuityEquation"	RelError: 1.26227e-04	AbsError: 1.21682e+02
      Equation: "HoleContinuityEquation"	RelError: 5.65183e-06	AbsError: 5.11600e+02
      Equation: "PotentialEquation"	RelError: 1.01840e-13	AbsError: 2.35327e-16
Anode	0.15	3.02037767322e-14	7.27272637435e-13	7.57476414167e-13
Cathode	0.0	-7.28527597432e-13	-2.85437451766e-14	-7.57071342608e-13
Region "Silicon" on device "pn2d" has equations 0:1619
Device "pn2d" has equations 0:1619
number of equations 1620
Iteration: 0
  Device: "pn2d"	RelError: 2.14453e+00	AbsError: 1.35882e+16
    Region: "Silicon"	RelError: 2.14453e+00	AbsError: 1.35882e+16
      Equation: "ElectronContinuityEquation"	RelError: 4.91256e-01	AbsError: 6.34198e+15
      Equation: "HoleContinuityEquation"	RelError: 4.91244e-01	AbsError: 7.24621e+15
      Equation: "PotentialEquation"	RelError: 1.16203e+00	AbsError: 2.50000e-02
Iteration: 1
  Device: "pn2d"	RelError: 5.05309e-01	AbsError: 3.86290e+14
    Region: "Silicon"	RelError: 5.05309e-01	AbsError: 3.86290e+14
      Equation: "ElectronContinuityEquation"	RelError: 2.52108e-01	AbsError: 1.48853e+14
      Equation: "HoleContinuityEquation"	RelError: 2.51760e-01	AbsError: 2.37437e+14
      Equation: "PotentialEquation"	RelError: 1.44040e-03	AbsError: 2.58084e-04
Iteration: 2
  Device: "pn2d"	RelError: 1.56844e-03	AbsError: 3.47362e+11
    Region: "Silicon"	RelError: 1.56844e-03	AbsError: 3.47362e+11
      Equation: "ElectronContinuityEquation"	RelError: 9.53036e-04	AbsError: 1.31345e+11
      Equation: "HoleContinuityEquation"	RelError: 6.08806e-04	AbsError: 2.16017e+11
      Equation: "PotentialEquation"	RelError: 6.59807e-06	AbsError: 2.36992e-07
Iteration: 3
  Device: "pn2d"	RelError: 2.04750e-06	AbsError: 8.69071e+06
    Region: "Silicon"	RelError: 2.04750e-06	AbsError: 8.69071e+06
      Equation: "ElectronContinuityEquation"	RelError: 8.77039e-07	AbsError: 4.39923e+06
      Equation: "HoleContinuityEquation"	RelError: 1.17021e-06	AbsError: 4.29148e+06
      Equation: "PotentialEquation"	RelError: 2.46901e-10	AbsError: 2.63526e-12
Iteration: 4
  Device: "pn2d"	RelError: 1.07078e-06	AbsError: 5.25894e+02
    Region: "Silicon"	RelError: 1.07078e-06	AbsError: 5.25894e+02
      Equation: "ElectronContinuityEquation"	RelError: 1.42013e-08	AbsError: 6.39287e+01
      Equation: "HoleContinuityEquation"	RelError: 1.05658e-06	AbsError: 4.61965e+02
      Equation: "PotentialEquation"	RelError: 1.63760e-14	AbsError: 1.74787e-16
Anode	0.175	7.94800461733e-14	1.23063084656e-12	1.31011089274e-12
Cathode	0.0	-1.22141548456e-12	-7.51079701974e-14	-1.29652345476e-12
Region "Silicon" on device "pn2d" has equations 0:1619
Device "pn2d" has equations 0:1619
number of equations 1620
Iteration: 0
  Device: "pn2d"	RelError: 1.51988e+00	AbsError: 1.35741e+16
    Region: "Silicon"	RelError: 1.51988e+00	AbsError: 1.35741e+16
      Equation: "ElectronContinuityEquation"	RelError: 4.91262e-01	AbsError: 6.37407e+15
      Equation: "HoleContinuityEquation"	RelError: 4.91256e-01	AbsError: 7.20004e+15
      Equation: "PotentialEquation"	RelError: 5.37364e-01	AbsError: 2.50000e-02
Iteration: 1
  Device: "pn2d"	RelError: 5.05649e-01	AbsError: 4.32900e+14
    Region: "Silicon"	RelError: 5.05649e-01	AbsError: 4.32900e+14
      Equation: "ElectronContinuityEquation"	RelError: 2.52162e-01	AbsError: 1.79806e+14
      Equation: "HoleContinuityEquation"	RelError: 2.51787e-01	AbsError: 2.53094e+14
      Equation: "PotentialEquation"	RelError: 1.70079e-03	AbsError: 2.74041e-04
Iteration: 2
  Device: "pn2d"	RelError: 1.71169e-03	AbsError: 3.80692e+11
    Region: "Silicon"	RelError: 1.71169e-03	AbsError: 3.80692e+11
      Equation: "ElectronContinuityEquation"	RelError: 1.00931e-03	AbsError: 1.79951e+11
      Equation: "HoleContinuityEquation"	RelError: 7.00879e-04	AbsError: 2.00741e+11
      Equation: "PotentialEquation"	RelError: 1.49922e-06	AbsError: 2.21812e-07
Iteration: 3
  Device: "pn2d"	RelError: 2.03490e-06	AbsError: 3.35546e+07
    Region: "Silicon"	RelError: 2.03490e-06	AbsError: 3.35546e+07
      Equation: "ElectronContinuityEquation"	RelError: 1.26658e-06	AbsError: 1.71990e+07
      Equation: "HoleContinuityEquation"	RelError: 7.68277e-07	AbsError: 1.63556e+07
      Equation: "PotentialEquation"	RelError: 3.73855e-11	AbsError: 5.36698e-12
Iteration: 4
  Device: "pn2d"	RelError: 1.71717e-05	AbsError: 5.71520e+02
    Region: "Silicon"	RelError: 1.71717e-05	AbsError: 5.71520e+02
      Equation: "ElectronContinuityEquation"	RelError: 7.21691e-07	AbsError: 6.49847e+01
      Equation: "HoleContinuityEquation"	RelError: 1.64500e-05	AbsError: 5.06536e+02
      Equation: "PotentialEquation"	RelError: 3.68396e-15	AbsError: 2.02479e-16
Anode	0.2	2.0890379762e-13	2.09717880637e-12	2.30608260399e-12
Cathode	0.0	-2.08566598152e-12	-1.9740186336e-13	-2.28306784488e-12
Region "Silicon" on device "pn2d" has equations 0:1619
Device "pn2d" has equations 0:1619
number of equations 1620
Iteration: 0
  Device: "pn2d"	RelError: 1.33187e+00	AbsError: 1.35201e+16
    Region: "Silicon"	RelError: 1.33187e+00	AbsError: 1.35201e+16
      Equation: "ElectronContinuityEquation"	RelError: 4.91266e-01	AbsError: 6.38595e+15
      Equation: "HoleContinuityEquation"	RelError: 4.91260e-01	AbsError: 7.13411e+15
      Equation: "PotentialEquation"	RelError: 3.49348e-01	AbsError: 2.50000e-02
Iteration: 1
  Device: "pn2d"	RelError: 5.06068e-01	AbsError: 4.64629e+14
    Region: "Silicon"	RelError: 5.06068e-01	AbsError: 4.64629e+14
      Equation: "ElectronContinuityEquation"	RelError: 2.52195e-01	AbsError: 2.06967e+14
      Equation: "HoleContinuityEquation"	RelError: 2.51819e-01	AbsError: 2.57663e+14
      Equation: "PotentialEquation"	RelError: 2.05404e-03	AbsError: 2.77124e-04
Iteration: 2
  Device: "pn2d"	RelError: 1.81624e-03	AbsError: 4.27250e+11
    Region: "Silicon"	RelError: 1.81624e-03	AbsError: 4.27250e+11
      Equation: "ElectronContinuityEquation"	RelError: 1.01849e-03	AbsError: 2.16342e+11
      Equation: "HoleContinuityEquation"	RelError: 7.93904e-04	AbsError: 2.10908e+11
      Equation: "PotentialEquation"	RelError: 3.85021e-06	AbsError: 2.50562e-07
Iteration: 3
  Device: "pn2d"	RelError: 8.23070e-06	AbsError: 1.91948e+07
    Region: "Silicon"	RelError: 8.23070e-06	AbsError: 1.91948e+07
      Equation: "ElectronContinuityEquation"	RelError: 7.79942e-07	AbsError: 3.00129e+06
      Equation: "HoleContinuityEquation"	RelError: 7.45071e-06	AbsError: 1.61935e+07
      Equation: "PotentialEquation"	RelError: 5.41864e-11	AbsError: 8.76609e-12
Iteration: 4
  Device: "pn2d"	RelError: 8.10653e-06	AbsError: 5.37296e+02
    Region: "Silicon"	RelError: 8.10653e-06	AbsError: 5.37296e+02
      Equation: "ElectronContinuityEquation"	RelError: 1.21792e-06	AbsError: 8.68830e+01
      Equation: "HoleContinuityEquation"	RelError: 6.88861e-06	AbsError: 4.50413e+02
      Equation: "PotentialEquation"	RelError: 7.48961e-15	AbsError: 2.65431e-16
Anode	0.225	5.48833581934e-13	3.59421516005e-12	4.14304874198e-12
Cathode	0.0	-3.6338784394e-12	-5.18585929496e-13	-4.15246436889e-12
Region "Silicon" on device "pn2d" has equations 0:1619
Device "pn2d" has equations 0:1619
number of equations 1620
Iteration: 0
  Device: "pn2d"	RelError: 1.24124e+00	AbsError: 1.34314e+16
    Region: "Silicon"	RelError: 1.24124e+00	AbsError: 1.34314e+16
      Equation: "ElectronContinuityEquation"	RelError: 4.91268e-01	AbsError: 6.37988e+15
      Equation: "HoleContinuityEquation"	RelError: 4.91262e-01	AbsError: 7.05154e+15
      Equation: "PotentialEquation"	RelError: 2.58712e-01	AbsError: 2.50000e-02
Iteration: 1
  Device: "pn2d"	RelError: 5.06636e-01	AbsError: 4.82601e+14
    Region: "Silicon"	RelError: 5.06636e-01	AbsError: 4.82601e+14
      Equation: "ElectronContinuityEquation"	RelError: 2.52202e-01	AbsError: 2.26510e+14
      Equation: "HoleContinuityEquation"	RelError: 2.51846e-01	AbsError: 2.56091e+14
      Equation: "PotentialEquation"	RelError: 2.58795e-03	AbsError: 2.81191e-04
Iteration: 2
  Device: "pn2d"	RelError: 1.99198e-03	AbsError: 4.70408e+11
    Region: "Silicon"	RelError: 1.99198e-03	AbsError: 4.70408e+11
      Equation: "ElectronContinuityEquation"	RelError: 1.12818e-03	AbsError: 2.46447e+11
      Equation: "HoleContinuityEquation"	RelError: 8.61549e-04	AbsError: 2.23960e+11
      Equation: "PotentialEquation"	RelError: 2.25517e-06	AbsError: 2.34216e-07
Iteration: 3
  Device: "pn2d"	RelError: 7.02726e-06	AbsError: 1.35841e+08
    Region: "Silicon"	RelError: 7.02726e-06	AbsError: 1.35841e+08
      Equation: "ElectronContinuityEquation"	RelError: 5.75228e-06	AbsError: 1.03508e+07
      Equation: "HoleContinuityEquation"	RelError: 1.27452e-06	AbsError: 1.25490e+08
      Equation: "PotentialEquation"	RelError: 4.66687e-10	AbsError: 8.20221e-11
Iteration: 4
  Device: "pn2d"	RelError: 3.83978e-06	AbsError: 1.41915e+03
    Region: "Silicon"	RelError: 3.83978e-06	AbsError: 1.41915e+03
      Equation: "ElectronContinuityEquation"	RelError: 3.39196e-06	AbsError: 8.02486e+02
      Equation: "HoleContinuityEquation"	RelError: 4.47824e-07	AbsError: 6.16668e+02
      Equation: "PotentialEquation"	RelError: 2.87817e-14	AbsError: 2.63693e-15
Iteration: 5
  Device: "pn2d"	RelError: 6.24356e-06	AbsError: 6.28197e+02
    Region: "Silicon"	RelError: 6.24356e-06	AbsError: 6.28197e+02
      Equation: "ElectronContinuityEquation"	RelError: 3.40477e-06	AbsError: 1.17184e+02
      Equation: "HoleContinuityEquation"	RelError: 2.83879e-06	AbsError: 5.11013e+02
      Equation: "PotentialEquation"	RelError: 6.82632e-15	AbsError: 4.66962e-16
Anode	0.25	1.44165219144e-12	6.37969433888e-12	7.82134653033e-12
Cathode	0.0	-6.4693768848e-12	-1.36211665049e-12	-7.83149353529e-12
Region "Silicon" on device "pn2d" has equations 0:1619
Device "pn2d" has equations 0:1619
number of equations 1620
Iteration: 0
  Device: "pn2d"	RelError: 1.18790e+00	AbsError: 1.33169e+16
    Region: "Silicon"	RelError: 1.18790e+00	AbsError: 1.33169e+16
      Equation: "ElectronContinuityEquation"	RelError: 4.91268e-01	AbsError: 6.35941e+15
      Equation: "HoleContinuityEquation"	RelError: 4.91262e-01	AbsError: 6.95748e+15
      Equation: "PotentialEquation"	RelError: 2.05375e-01	AbsError: 2.50000e-02
Iteration: 1
  Device: "pn2d"	RelError: 5.07249e-01	AbsError: 5.16975e+14
    Region: "Silicon"	RelError: 5.07249e-01	AbsError: 5.16975e+14
      Equation: "ElectronContinuityEquation"	RelError: 2.52180e-01	AbsError: 2.35916e+14
      Equation: "HoleContinuityEquation"	RelError: 2.51868e-01	AbsError: 2.81059e+14
      Equation: "PotentialEquation"	RelError: 3.20185e-03	AbsError: 2.89299e-04
Iteration: 2
  Device: "pn2d"	RelError: 2.08910e-03	AbsError: 4.26145e+11
    Region: "Silicon"	RelError: 2.08910e-03	AbsError: 4.26145e+11
      Equation: "ElectronContinuityEquation"	RelError: 1.18514e-03	AbsError: 1.94836e+11
      Equation: "HoleContinuityEquation"	RelError: 9.01387e-04	AbsError: 2.31309e+11
      Equation: "PotentialEquation"	RelError: 2.57285e-06	AbsError: 2.73364e-07
Iteration: 3
  Device: "pn2d"	RelError: 2.21034e-06	AbsError: 9.46046e+07
    Region: "Silicon"	RelError: 2.21034e-06	AbsError: 9.46046e+07
      Equation: "ElectronContinuityEquation"	RelError: 1.23747e-06	AbsError: 6.04583e+07
      Equation: "HoleContinuityEquation"	RelError: 9.70874e-07	AbsError: 3.41463e+07
      Equation: "PotentialEquation"	RelError: 2.00357e-09	AbsError: 2.07842e-10
Iteration: 4
  Device: "pn2d"	RelError: 1.37270e-06	AbsError: 1.07831e+04
    Region: "Silicon"	RelError: 1.37270e-06	AbsError: 1.07831e+04
      Equation: "ElectronContinuityEquation"	RelError: 1.89992e-07	AbsError: 5.26867e+03
      Equation: "HoleContinuityEquation"	RelError: 1.18271e-06	AbsError: 5.51440e+03
      Equation: "PotentialEquation"	RelError: 2.20715e-13	AbsError: 2.28961e-14
Iteration: 5
  Device: "pn2d"	RelError: 1.60222e-06	AbsError: 5.75587e+02
    Region: "Silicon"	RelError: 1.60222e-06	AbsError: 5.75587e+02
      Equation: "ElectronContinuityEquation"	RelError: 1.37541e-06	AbsError: 6.48704e+01
      Equation: "HoleContinuityEquation"	RelError: 2.26811e-07	AbsError: 5.10717e+02
      Equation: "PotentialEquation"	RelError: 1.64645e-15	AbsError: 1.53896e-16
Anode	0.275	3.78661560671e-12	1.17805534257e-11	1.55671690324e-11
Cathode	0.0	-1.19734882419e-11	-3.57748105724e-12	-1.55509692991e-11
Region "Silicon" on device "pn2d" has equations 0:1619
Device "pn2d" has equations 0:1619
number of equations 1620
Iteration: 0
  Device: "pn2d"	RelError: 1.24811e+00	AbsError: 1.31870e+16
    Region: "Silicon"	RelError: 1.24811e+00	AbsError: 1.31870e+16
      Equation: "ElectronContinuityEquation"	RelError: 4.91268e-01	AbsError: 6.32894e+15
      Equation: "HoleContinuityEquation"	RelError: 4.91262e-01	AbsError: 6.85804e+15
      Equation: "PotentialEquation"	RelError: 2.65584e-01	AbsError: 2.50000e-02
Iteration: 1
  Device: "pn2d"	RelError: 5.07997e-01	AbsError: 5.33374e+14
    Region: "Silicon"	RelError: 5.07997e-01	AbsError: 5.33374e+14
      Equation: "ElectronContinuityEquation"	RelError: 2.52138e-01	AbsError: 2.34962e+14
      Equation: "HoleContinuityEquation"	RelError: 2.51881e-01	AbsError: 2.98412e+14
      Equation: "PotentialEquation"	RelError: 3.97735e-03	AbsError: 2.84302e-04
Iteration: 2
  Device: "pn2d"	RelError: 2.09487e-03	AbsError: 4.35764e+11
    Region: "Silicon"	RelError: 2.09487e-03	AbsError: 4.35764e+11
      Equation: "ElectronContinuityEquation"	RelError: 1.18563e-03	AbsError: 2.07760e+11
      Equation: "HoleContinuityEquation"	RelError: 9.06709e-04	AbsError: 2.28004e+11
      Equation: "PotentialEquation"	RelError: 2.52645e-06	AbsError: 1.77968e-07
Iteration: 3
  Device: "pn2d"	RelError: 3.18869e-07	AbsError: 6.32707e+07
    Region: "Silicon"	RelError: 3.18869e-07	AbsError: 6.32707e+07
      Equation: "ElectronContinuityEquation"	RelError: 1.39950e-07	AbsError: 2.76607e+07
      Equation: "HoleContinuityEquation"	RelError: 1.78202e-07	AbsError: 3.56100e+07
      Equation: "PotentialEquation"	RelError: 7.16397e-10	AbsError: 8.29708e-11
Iteration: 4
  Device: "pn2d"	RelError: 6.40646e-09	AbsError: 1.26611e+03
    Region: "Silicon"	RelError: 6.40646e-09	AbsError: 1.26611e+03
      Equation: "ElectronContinuityEquation"	RelError: 3.04302e-09	AbsError: 3.80682e+02
      Equation: "HoleContinuityEquation"	RelError: 3.36341e-09	AbsError: 8.85429e+02
      Equation: "PotentialEquation"	RelError: 3.09136e-14	AbsError: 3.58032e-15
Iteration: 5
  Device: "pn2d"	RelError: 5.30273e-08	AbsError: 5.67893e+02
    Region: "Silicon"	RelError: 5.30273e-08	AbsError: 5.67893e+02
      Equation: "ElectronContinuityEquation"	RelError: 4.96773e-08	AbsError: 6.35468e+01
      Equation: "HoleContinuityEquation"	RelError: 3.35007e-09	AbsError: 5.04346e+02
      Equation: "PotentialEquation"	RelError: 1.55260e-15	AbsError: 1.79818e-16
Anode	0.3	9.94558118234e-12	2.26882592481e-11	3.26338404304e-11
Cathode	0.0	-2.32575495975e-11	-9.39565338563e-12	-3.26532029831e-11
Region "Silicon" on device "pn2d" has equations 0:1619
Device "pn2d" has equations 0:1619
number of equations 1620
Iteration: 0
  Device: "pn2d"	RelError: 1.36066e+00	AbsError: 1.30493e+16
    Region: "Silicon"	RelError: 1.36066e+00	AbsError: 1.30493e+16
      Equation: "ElectronContinuityEquation"	RelError: 4.91268e-01	AbsError: 6.29008e+15
      Equation: "HoleContinuityEquation"	RelError: 4.91261e-01	AbsError: 6.75921e+15
      Equation: "PotentialEquation"	RelError: 3.78130e-01	AbsError: 2.50000e-02
Iteration: 1
  Device: "pn2d"	RelError: 5.09192e-01	AbsError: 5.79917e+14
    Region: "Silicon"	RelError: 5.09192e-01	AbsError: 5.79917e+14
      Equation: "ElectronContinuityEquation"	RelError: 2.52142e-01	AbsError: 2.73137e+14
      Equation: "HoleContinuityEquation"	RelError: 2.51799e-01	AbsError: 3.06780e+14
      Equation: "PotentialEquation"	RelError: 5.25167e-03	AbsError: 4.05375e-04
Iteration: 2
  Device: "pn2d"	RelError: 2.34031e-03	AbsError: 5.32730e+11
    Region: "Silicon"	RelError: 2.34031e-03	AbsError: 5.32730e+11
      Equation: "ElectronContinuityEquation"	RelError: 1.14013e-03	AbsError: 3.12085e+11
      Equation: "HoleContinuityEquation"	RelError: 1.19796e-03	AbsError: 2.20645e+11
      Equation: "PotentialEquation"	RelError: 2.21941e-06	AbsError: 3.02668e-07
Iteration: 3
  Device: "pn2d"	RelError: 3.53348e-07	AbsError: 1.29479e+08
    Region: "Silicon"	RelError: 3.53348e-07	AbsError: 1.29479e+08
      Equation: "ElectronContinuityEquation"	RelError: 2.13190e-07	AbsError: 1.14667e+08
      Equation: "HoleContinuityEquation"	RelError: 1.39451e-07	AbsError: 1.48125e+07
      Equation: "PotentialEquation"	RelError: 7.07076e-10	AbsError: 8.23291e-11
Iteration: 4
  Device: "pn2d"	RelError: 2.82370e-07	AbsError: 4.33188e+04
    Region: "Silicon"	RelError: 2.82370e-07	AbsError: 4.33188e+04
      Equation: "ElectronContinuityEquation"	RelError: 2.27132e-07	AbsError: 2.20947e+04
      Equation: "HoleContinuityEquation"	RelError: 5.52364e-08	AbsError: 2.12241e+04
      Equation: "PotentialEquation"	RelError: 1.03953e-12	AbsError: 8.81829e-14
Iteration: 5
  Device: "pn2d"	RelError: 2.84264e-07	AbsError: 5.87509e+02
    Region: "Silicon"	RelError: 2.84264e-07	AbsError: 5.87509e+02
      Equation: "ElectronContinuityEquation"	RelError: 2.28963e-07	AbsError: 8.01934e+01
      Equation: "HoleContinuityEquation"	RelError: 5.53006e-08	AbsError: 5.07315e+02
      Equation: "PotentialEquation"	RelError: 1.85253e-15	AbsError: 2.36872e-16
Anode	0.325	2.61218402241e-11	4.62997874344e-11	7.24216276585e-11
Cathode	0.0	-4.77376054409e-11	-2.46757139685e-11	-7.24133194094e-11
Region "Silicon" on device "pn2d" has equations 0:1619
Device "pn2d" has equations 0:1619
number of equations 1620
Iteration: 0
  Device: "pn2d"	RelError: 1.62331e+00	AbsError: 1.29245e+16
    Region: "Silicon"	RelError: 1.62331e+00	AbsError: 1.29245e+16
      Equation: "ElectronContinuityEquation"	RelError: 4.91268e-01	AbsError: 6.25978e+15
      Equation: "HoleContinuityEquation"	RelError: 4.91260e-01	AbsError: 6.66474e+15
      Equation: "PotentialEquation"	RelError: 6.40777e-01	AbsError: 2.50000e-02
Iteration: 1
  Device: "pn2d"	RelError: 5.13109e-01	AbsError: 6.24679e+14
    Region: "Silicon"	RelError: 5.13109e-01	AbsError: 6.24679e+14
      Equation: "ElectronContinuityEquation"	RelError: 2.52014e-01	AbsError: 3.17801e+14
      Equation: "HoleContinuityEquation"	RelError: 2.52867e-01	AbsError: 3.06877e+14
      Equation: "PotentialEquation"	RelError: 8.22742e-03	AbsError: 7.83592e-04
Iteration: 2
  Device: "pn2d"	RelError: 4.50450e-03	AbsError: 5.70513e+11
    Region: "Silicon"	RelError: 4.50450e-03	AbsError: 5.70513e+11
      Equation: "ElectronContinuityEquation"	RelError: 2.31304e-03	AbsError: 3.83530e+11
      Equation: "HoleContinuityEquation"	RelError: 2.18876e-03	AbsError: 1.86982e+11
      Equation: "PotentialEquation"	RelError: 2.69865e-06	AbsError: 3.98844e-07
Iteration: 3
  Device: "pn2d"	RelError: 9.98955e-08	AbsError: 1.02852e+08
    Region: "Silicon"	RelError: 9.98955e-08	AbsError: 1.02852e+08
      Equation: "ElectronContinuityEquation"	RelError: 6.48577e-08	AbsError: 4.52668e+07
      Equation: "HoleContinuityEquation"	RelError: 3.41847e-08	AbsError: 5.75850e+07
      Equation: "PotentialEquation"	RelError: 8.53135e-10	AbsError: 2.95601e-11
Iteration: 4
  Device: "pn2d"	RelError: 8.68395e-08	AbsError: 3.18036e+03
    Region: "Silicon"	RelError: 8.68395e-08	AbsError: 3.18036e+03
      Equation: "ElectronContinuityEquation"	RelError: 6.10408e-10	AbsError: 1.47384e+03
      Equation: "HoleContinuityEquation"	RelError: 8.62290e-08	AbsError: 1.70652e+03
      Equation: "PotentialEquation"	RelError: 7.12841e-14	AbsError: 6.92746e-15
Iteration: 5
  Device: "pn2d"	RelError: 1.31752e-08	AbsError: 5.74692e+02
    Region: "Silicon"	RelError: 1.31752e-08	AbsError: 5.74692e+02
      Equation: "ElectronContinuityEquation"	RelError: 9.89705e-10	AbsError: 6.66000e+01
      Equation: "HoleContinuityEquation"	RelError: 1.21855e-08	AbsError: 5.08092e+02
      Equation: "PotentialEquation"	RelError: 2.15728e-15	AbsError: 1.80836e-16
Anode	0.35	6.86079364829e-11	9.99434257165e-11	1.68551362199e-10
Cathode	0.0	-1.03756327297e-10	-6.48049242159e-11	-1.68561251513e-10
Region "Silicon" on device "pn2d" has equations 0:1619
Device "pn2d" has equations 0:1619
number of equations 1620
Iteration: 0
  Device: "pn2d"	RelError: 2.94385e+00	AbsError: 1.27972e+16
    Region: "Silicon"	RelError: 2.94385e+00	AbsError: 1.27972e+16
      Equation: "ElectronContinuityEquation"	RelError: 4.91268e-01	AbsError: 6.21823e+15
      Equation: "HoleContinuityEquation"	RelError: 4.91260e-01	AbsError: 6.57893e+15
      Equation: "PotentialEquation"	RelError: 1.96132e+00	AbsError: 2.50000e-02
Iteration: 1
  Device: "pn2d"	RelError: 5.27846e-01	AbsError: 6.46120e+14
    Region: "Silicon"	RelError: 5.27846e-01	AbsError: 6.46120e+14
      Equation: "ElectronContinuityEquation"	RelError: 2.52553e-01	AbsError: 3.46506e+14
      Equation: "HoleContinuityEquation"	RelError: 2.52106e-01	AbsError: 2.99614e+14
      Equation: "PotentialEquation"	RelError: 2.31872e-02	AbsError: 6.49078e-04
Iteration: 2
  Device: "pn2d"	RelError: 3.73156e-03	AbsError: 5.72164e+11
    Region: "Silicon"	RelError: 3.73156e-03	AbsError: 5.72164e+11
      Equation: "ElectronContinuityEquation"	RelError: 1.73972e-03	AbsError: 3.93385e+11
      Equation: "HoleContinuityEquation"	RelError: 1.98878e-03	AbsError: 1.78779e+11
      Equation: "PotentialEquation"	RelError: 3.06587e-06	AbsError: 4.06749e-07
Iteration: 3
  Device: "pn2d"	RelError: 5.74960e-08	AbsError: 1.34601e+08
    Region: "Silicon"	RelError: 5.74960e-08	AbsError: 1.34601e+08
      Equation: "ElectronContinuityEquation"	RelError: 3.91464e-08	AbsError: 9.28787e+07
      Equation: "HoleContinuityEquation"	RelError: 1.79885e-08	AbsError: 4.17221e+07
      Equation: "PotentialEquation"	RelError: 3.61175e-10	AbsError: 5.48570e-11
Iteration: 4
  Device: "pn2d"	RelError: 8.41277e-09	AbsError: 7.22019e+03
    Region: "Silicon"	RelError: 8.41277e-09	AbsError: 7.22019e+03
      Equation: "ElectronContinuityEquation"	RelError: 5.46664e-09	AbsError: 5.74904e+03
      Equation: "HoleContinuityEquation"	RelError: 2.94607e-09	AbsError: 1.47116e+03
      Equation: "PotentialEquation"	RelError: 5.54946e-14	AbsError: 6.08031e-15
Iteration: 5
  Device: "pn2d"	RelError: 5.00324e-08	AbsError: 6.16426e+02
    Region: "Silicon"	RelError: 5.00324e-08	AbsError: 6.16426e+02
      Equation: "ElectronContinuityEquation"	RelError: 3.74307e-08	AbsError: 1.05855e+02
      Equation: "HoleContinuityEquation"	RelError: 1.26017e-08	AbsError: 5.10571e+02
      Equation: "PotentialEquation"	RelError: 4.60720e-15	AbsError: 1.59603e-16
Anode	0.375	1.8019497293e-10	2.27311938718e-10	4.07506911649e-10
Cathode	0.0	-2.37324083332e-10	-1.70193411347e-10	-4.07517494679e-10
Region "Silicon" on device "pn2d" has equations 0:1619
Device "pn2d" has equations 0:1619
number of equations 1620
Iteration: 0
  Device: "pn2d"	RelError: 4.04577e+01	AbsError: 1.30203e+16
    Region: "Silicon"	RelError: 4.04577e+01	AbsError: 1.30203e+16
      Equation: "ElectronContinuityEquation"	RelError: 4.91268e-01	AbsError: 6.32753e+15
      Equation: "HoleContinuityEquation"	RelError: 4.91418e-01	AbsError: 6.69277e+15
      Equation: "PotentialEquation"	RelError: 3.94750e+01	AbsError: 2.50000e-02
Iteration: 1
  Device: "pn2d"	RelError: 7.46624e-01	AbsError: 8.32177e+14
    Region: "Silicon"	RelError: 7.46624e-01	AbsError: 8.32177e+14
      Equation: "ElectronContinuityEquation"	RelError: 2.52014e-01	AbsError: 4.79820e+14
      Equation: "HoleContinuityEquation"	RelError: 2.54117e-01	AbsError: 3.52356e+14
      Equation: "PotentialEquation"	RelError: 2.40494e-01	AbsError: 1.46886e-03
Iteration: 2
  Device: "pn2d"	RelError: 8.45520e-03	AbsError: 2.98703e+12
    Region: "Silicon"	RelError: 8.45520e-03	AbsError: 2.98703e+12
      Equation: "ElectronContinuityEquation"	RelError: 3.86543e-03	AbsError: 2.36902e+12
      Equation: "HoleContinuityEquation"	RelError: 4.50308e-03	AbsError: 6.18007e+11
      Equation: "PotentialEquation"	RelError: 8.66985e-05	AbsError: 2.79155e-06
Iteration: 3
  Device: "pn2d"	RelError: 1.00955e-07	AbsError: 4.22734e+09
    Region: "Silicon"	RelError: 1.00955e-07	AbsError: 4.22734e+09
      Equation: "ElectronContinuityEquation"	RelError: 4.23009e-08	AbsError: 3.17811e+09
      Equation: "HoleContinuityEquation"	RelError: 4.53443e-08	AbsError: 1.04923e+09
      Equation: "PotentialEquation"	RelError: 1.33101e-08	AbsError: 2.70768e-10
Iteration: 4
  Device: "pn2d"	RelError: 7.45703e-09	AbsError: 1.61053e+06
    Region: "Silicon"	RelError: 7.45703e-09	AbsError: 1.61053e+06
      Equation: "ElectronContinuityEquation"	RelError: 1.69242e-09	AbsError: 1.02488e+05
      Equation: "HoleContinuityEquation"	RelError: 5.76413e-09	AbsError: 1.50804e+06
      Equation: "PotentialEquation"	RelError: 4.74692e-13	AbsError: 3.71096e-14
Iteration: 5
  Device: "pn2d"	RelError: 7.00345e-09	AbsError: 5.70888e+02
    Region: "Silicon"	RelError: 7.00345e-09	AbsError: 5.70888e+02
      Equation: "ElectronContinuityEquation"	RelError: 1.11460e-09	AbsError: 7.71513e+01
      Equation: "HoleContinuityEquation"	RelError: 5.88884e-09	AbsError: 4.93736e+02
      Equation: "PotentialEquation"	RelError: 1.97005e-14	AbsError: 2.67521e-16
Anode	0.4	4.73269822207e-10	5.39872512347e-10	1.01314233455e-09
Cathode	0.0	-5.66182775038e-10	-4.46965797998e-10	-1.01314857304e-09
Region "Silicon" on device "pn2d" has equations 0:1619
Device "pn2d" has equations 0:1619
number of equations 1620
Iteration: 0
  Device: "pn2d"	RelError: 1.07328e+01	AbsError: 1.32479e+16
    Region: "Silicon"	RelError: 1.07328e+01	AbsError: 1.32479e+16
      Equation: "ElectronContinuityEquation"	RelError: 4.91334e-01	AbsError: 6.28665e+15
      Equation: "HoleContinuityEquation"	RelError: 4.91332e-01	AbsError: 6.96125e+15
      Equation: "PotentialEquation"	RelError: 9.75018e+00	AbsError: 2.50064e-02
Iteration: 1
  Device: "pn2d"	RelError: 5.11555e-01	AbsError: 7.80829e+14
    Region: "Silicon"	RelError: 5.11555e-01	AbsError: 7.80829e+14
      Equation: "ElectronContinuityEquation"	RelError: 2.52422e-01	AbsError: 4.15743e+14
      Equation: "HoleContinuityEquation"	RelError: 2.52392e-01	AbsError: 3.65086e+14
      Equation: "PotentialEquation"	RelError: 6.74127e-03	AbsError: 7.13542e-04
Iteration: 2
  Device: "pn2d"	RelError: 4.03683e-03	AbsError: 5.10798e+11
    Region: "Silicon"	RelError: 4.03683e-03	AbsError: 5.10798e+11
      Equation: "ElectronContinuityEquation"	RelError: 1.86419e-03	AbsError: 3.67479e+11
      Equation: "HoleContinuityEquation"	RelError: 2.16387e-03	AbsError: 1.43319e+11
      Equation: "PotentialEquation"	RelError: 8.77169e-06	AbsError: 4.02162e-07
Iteration: 3
  Device: "pn2d"	RelError: 3.95203e-09	AbsError: 1.72201e+08
    Region: "Silicon"	RelError: 3.95203e-09	AbsError: 1.72201e+08
      Equation: "ElectronContinuityEquation"	RelError: 1.36708e-09	AbsError: 3.60057e+07
      Equation: "HoleContinuityEquation"	RelError: 1.84813e-09	AbsError: 1.36195e+08
      Equation: "PotentialEquation"	RelError: 7.36817e-10	AbsError: 3.54113e-11
Iteration: 4
  Device: "pn2d"	RelError: 3.15112e-09	AbsError: 1.08536e+04
    Region: "Silicon"	RelError: 3.15112e-09	AbsError: 1.08536e+04
      Equation: "ElectronContinuityEquation"	RelError: 4.81871e-10	AbsError: 3.52893e+03
      Equation: "HoleContinuityEquation"	RelError: 2.66924e-09	AbsError: 7.32462e+03
      Equation: "PotentialEquation"	RelError: 6.55899e-15	AbsError: 1.33445e-15
Iteration: 5
  Device: "pn2d"	RelError: 7.60907e-09	AbsError: 5.31656e+02
    Region: "Silicon"	RelError: 7.60907e-09	AbsError: 5.31656e+02
      Equation: "ElectronContinuityEquation"	RelError: 1.17410e-09	AbsError: 7.49188e+01
      Equation: "HoleContinuityEquation"	RelError: 6.43497e-09	AbsError: 4.56737e+02
      Equation: "PotentialEquation"	RelError: 1.43980e-15	AbsError: 2.07396e-16
Anode	0.425	1.24300424135e-09	1.32512232721e-09	2.56812656856e-09
Cathode	0.0	-1.3943044308e-09	-1.17382349088e-09	-2.56812792169e-09
Region "Silicon" on device "pn2d" has equations 0:1619
Device "pn2d" has equations 0:1619
number of equations 1620
Iteration: 0
  Device: "pn2d"	RelError: 3.72037e+01	AbsError: 1.35176e+16
    Region: "Silicon"	RelError: 3.72037e+01	AbsError: 1.35176e+16
      Equation: "ElectronContinuityEquation"	RelError: 4.91322e-01	AbsError: 6.13806e+15
      Equation: "HoleContinuityEquation"	RelError: 4.91449e-01	AbsError: 7.37957e+15
      Equation: "PotentialEquation"	RelError: 3.62210e+01	AbsError: 2.50062e-02
Iteration: 1
  Device: "pn2d"	RelError: 5.18681e-01	AbsError: 1.70458e+15
    Region: "Silicon"	RelError: 5.18681e-01	AbsError: 1.70458e+15
      Equation: "ElectronContinuityEquation"	RelError: 2.54414e-01	AbsError: 9.88178e+14
      Equation: "HoleContinuityEquation"	RelError: 2.52798e-01	AbsError: 7.16404e+14
      Equation: "PotentialEquation"	RelError: 1.14696e-02	AbsError: 2.52056e-03
Iteration: 2
  Device: "pn2d"	RelError: 1.42854e-02	AbsError: 8.05113e+11
    Region: "Silicon"	RelError: 1.42854e-02	AbsError: 8.05113e+11
      Equation: "ElectronContinuityEquation"	RelError: 5.73105e-03	AbsError: 4.83613e+11
      Equation: "HoleContinuityEquation"	RelError: 8.54039e-03	AbsError: 3.21500e+11
      Equation: "PotentialEquation"	RelError: 1.39247e-05	AbsError: 5.05553e-07
Iteration: 3
  Device: "pn2d"	RelError: 2.09998e-08	AbsError: 1.34976e+08
    Region: "Silicon"	RelError: 2.09998e-08	AbsError: 1.34976e+08
      Equation: "ElectronContinuityEquation"	RelError: 1.40167e-08	AbsError: 9.46860e+07
      Equation: "HoleContinuityEquation"	RelError: 6.59396e-09	AbsError: 4.02898e+07
      Equation: "PotentialEquation"	RelError: 3.89192e-10	AbsError: 5.73447e-11
Iteration: 4
  Device: "pn2d"	RelError: 1.95271e-09	AbsError: 2.48356e+04
    Region: "Silicon"	RelError: 1.95271e-09	AbsError: 2.48356e+04
      Equation: "ElectronContinuityEquation"	RelError: 1.23809e-09	AbsError: 1.94902e+04
      Equation: "HoleContinuityEquation"	RelError: 7.14592e-10	AbsError: 5.34542e+03
      Equation: "PotentialEquation"	RelError: 2.59539e-14	AbsError: 1.10972e-15
Iteration: 5
  Device: "pn2d"	RelError: 1.18519e-09	AbsError: 5.60026e+02
    Region: "Silicon"	RelError: 1.18519e-09	AbsError: 5.60026e+02
      Equation: "ElectronContinuityEquation"	RelError: 5.35893e-10	AbsError: 6.48236e+01
      Equation: "HoleContinuityEquation"	RelError: 6.49280e-10	AbsError: 4.95202e+02
      Equation: "PotentialEquation"	RelError: 1.95543e-14	AbsError: 1.46028e-16
Anode	0.45	3.26462834464e-09	3.32951764745e-09	6.59414599209e-09
Cathode	0.0	-3.51146517797e-09	-3.08267909046e-09	-6.59414426843e-09
Region "Silicon" on device "pn2d" has equations 0:1619
Device "pn2d" has equations 0:1619
number of equations 1620
Iteration: 0
  Device: "pn2d"	RelError: 1.36612e+01	AbsError: 1.34341e+16
    Region: "Silicon"	RelError: 1.36612e+01	AbsError: 1.34341e+16
      Equation: "ElectronContinuityEquation"	RelError: 4.91374e-01	AbsError: 5.83863e+15
      Equation: "HoleContinuityEquation"	RelError: 4.91346e-01	AbsError: 7.59550e+15
      Equation: "PotentialEquation"	RelError: 1.26785e+01	AbsError: 2.50124e-02
Iteration: 1
  Device: "pn2d"	RelError: 5.14696e-01	AbsError: 3.75562e+15
    Region: "Silicon"	RelError: 5.14696e-01	AbsError: 3.75562e+15
      Equation: "ElectronContinuityEquation"	RelError: 2.52451e-01	AbsError: 2.23815e+15
      Equation: "HoleContinuityEquation"	RelError: 2.52659e-01	AbsError: 1.51747e+15
      Equation: "PotentialEquation"	RelError: 9.58608e-03	AbsError: 5.94037e-04
Iteration: 2
  Device: "pn2d"	RelError: 3.76473e-03	AbsError: 6.85697e+11
    Region: "Silicon"	RelError: 3.76473e-03	AbsError: 6.85697e+11
      Equation: "ElectronContinuityEquation"	RelError: 1.93141e-03	AbsError: 4.72048e+11
      Equation: "HoleContinuityEquation"	RelError: 1.83128e-03	AbsError: 2.13649e+11
      Equation: "PotentialEquation"	RelError: 2.03391e-06	AbsError: 4.86637e-07
Iteration: 3
  Device: "pn2d"	RelError: 4.89653e-09	AbsError: 2.26128e+08
    Region: "Silicon"	RelError: 4.89653e-09	AbsError: 2.26128e+08
      Equation: "ElectronContinuityEquation"	RelError: 1.41844e-09	AbsError: 3.38641e+07
      Equation: "HoleContinuityEquation"	RelError: 2.24058e-09	AbsError: 1.92264e+08
      Equation: "PotentialEquation"	RelError: 1.23750e-09	AbsError: 1.02574e-11
Iteration: 4
  Device: "pn2d"	RelError: 1.13982e-09	AbsError: 6.89704e+03
    Region: "Silicon"	RelError: 1.13982e-09	AbsError: 6.89704e+03
      Equation: "ElectronContinuityEquation"	RelError: 6.10085e-11	AbsError: 2.34458e+03
      Equation: "HoleContinuityEquation"	RelError: 1.07876e-09	AbsError: 4.55246e+03
      Equation: "PotentialEquation"	RelError: 5.45829e-14	AbsError: 3.26844e-16
Iteration: 5
  Device: "pn2d"	RelError: 3.12396e-10	AbsError: 5.74022e+02
    Region: "Silicon"	RelError: 3.12396e-10	AbsError: 5.74022e+02
      Equation: "ElectronContinuityEquation"	RelError: 2.91561e-11	AbsError: 6.37533e+01
      Equation: "HoleContinuityEquation"	RelError: 2.83237e-10	AbsError: 5.10268e+02
      Equation: "PotentialEquation"	RelError: 2.98896e-15	AbsError: 1.32587e-16
Anode	0.475	8.57416437437e-09	8.49954595088e-09	1.70737103252e-08
Cathode	0.0	-8.97807005397e-09	-8.09563374836e-09	-1.70737038023e-08
Region "Silicon" on device "pn2d" has equations 0:1619
Device "pn2d" has equations 0:1619
number of equations 1620
Iteration: 0
  Device: "pn2d"	RelError: 5.04224e+01	AbsError: 1.45147e+16
    Region: "Silicon"	RelError: 5.04224e+01	AbsError: 1.45147e+16
      Equation: "ElectronContinuityEquation"	RelError: 4.91310e-01	AbsError: 6.65358e+15
      Equation: "HoleContinuityEquation"	RelError: 4.91334e-01	AbsError: 7.86115e+15
      Equation: "PotentialEquation"	RelError: 4.94398e+01	AbsError: 2.50062e-02
Iteration: 1
  Device: "pn2d"	RelError: 5.11476e-01	AbsError: 2.68326e+15
    Region: "Silicon"	RelError: 5.11476e-01	AbsError: 2.68326e+15
      Equation: "ElectronContinuityEquation"	RelError: 2.52028e-01	AbsError: 1.01429e+15
      Equation: "HoleContinuityEquation"	RelError: 2.52959e-01	AbsError: 1.66897e+15
      Equation: "PotentialEquation"	RelError: 6.48945e-03	AbsError: 1.35835e-03
Iteration: 2
  Device: "pn2d"	RelError: 7.40050e-03	AbsError: 8.41238e+11
    Region: "Silicon"	RelError: 7.40050e-03	AbsError: 8.41238e+11
      Equation: "ElectronContinuityEquation"	RelError: 4.22177e-03	AbsError: 4.23638e+11
      Equation: "HoleContinuityEquation"	RelError: 3.17276e-03	AbsError: 4.17600e+11
      Equation: "PotentialEquation"	RelError: 5.96419e-06	AbsError: 5.68866e-07
Iteration: 3
  Device: "pn2d"	RelError: 2.58770e-08	AbsError: 2.90746e+08
    Region: "Silicon"	RelError: 2.58770e-08	AbsError: 2.90746e+08
      Equation: "ElectronContinuityEquation"	RelError: 8.38714e-09	AbsError: 8.15170e+07
      Equation: "HoleContinuityEquation"	RelError: 1.70148e-08	AbsError: 2.09229e+08
      Equation: "PotentialEquation"	RelError: 4.74983e-10	AbsError: 7.95961e-11
Iteration: 4
  Device: "pn2d"	RelError: 7.63673e-10	AbsError: 1.14041e+04
    Region: "Silicon"	RelError: 7.63673e-10	AbsError: 1.14041e+04
      Equation: "ElectronContinuityEquation"	RelError: 2.20350e-10	AbsError: 3.70353e+03
      Equation: "HoleContinuityEquation"	RelError: 5.43313e-10	AbsError: 7.70054e+03
      Equation: "PotentialEquation"	RelError: 1.02886e-14	AbsError: 4.27511e-16
Iteration: 5
  Device: "pn2d"	RelError: 6.39123e-10	AbsError: 5.48744e+02
    Region: "Silicon"	RelError: 6.39123e-10	AbsError: 5.48744e+02
      Equation: "ElectronContinuityEquation"	RelError: 1.98006e-10	AbsError: 6.98148e+01
      Equation: "HoleContinuityEquation"	RelError: 4.41113e-10	AbsError: 4.78929e+02
      Equation: "PotentialEquation"	RelError: 4.68595e-15	AbsError: 1.04258e-16
Anode	0.5	2.25188535918e-08	2.19243507277e-08	4.44432043195e-08
Cathode	0.0	-2.31828591075e-08	-2.1260345426e-08	-4.44432045335e-08
